#
# There is insufficient memory for the Java Runtime Environment to continue.
# Native memory allocation (mmap) failed to map 331350016 bytes for G1 virtual space
# Possible reasons:
#   The system is out of physical RAM or swap space
#   The process is running with CompressedOops enabled, and the Java Heap may be blocking the growth of the native heap
# Possible solutions:
#   Reduce memory load on the system
#   Increase physical memory or swap space
#   Check if swap backing store is full
#   Decrease Java heap size (-Xmx/-Xms)
#   Decrease number of Java threads
#   Decrease Java thread stack sizes (-Xss)
#   Set larger code cache with -XX:ReservedCodeCacheSize=
#   JVM is running with Zero Based Compressed Oops mode in which the Java heap is
#     placed in the first 32GB address space. The Java Heap base address is the
#     maximum limit for the native heap growth. Please use -XX:HeapBaseMinAddress
#     to set the Java Heap base and to place the Java Heap above 32GB virtual address.
# This output file may be truncated or incomplete.
#
#  Out of Memory Error (os_windows.cpp:3548), pid=19928, tid=19988
#
# JRE version: Java(TM) SE Runtime Environment (17.0.12+8) (build 17.0.12+8-LTS-286)
# Java VM: Java HotSpot(TM) 64-Bit Server VM (17.0.12+8-LTS-286, mixed mode, sharing, tiered, compressed oops, compressed class ptrs, g1 gc, windows-amd64)
# No core dump will be written. Minidumps are not enabled by default on client versions of Windows
#

---------------  S U M M A R Y ------------

Command Line: -agentlib:jdwp=transport=dt_socket,server=n,suspend=y,address=localhost:53633 -XX:+ShowCodeDetailsInExceptionMessages -Dspring.jmx.enabled=true -Dmanagement.endpoints.jmx.exposure.include=* -Dspring.application.admin.enabled=true -Dspring.boot.project.name=thuexe -Djava.rmi.server.hostname=localhost -Dcom.sun.management.jmxremote.port=45556 -Dcom.sun.management.jmxremote.authenticate=false -Dcom.sun.management.jmxremote.ssl=false com.hcmute.thuexe.ThueXeApplication

Host: Intel(R) Core(TM) i5-1035G1 CPU @ 1.00GHz, 8 cores, 11G,  Windows 11 , 64 bit Build 22621 (10.0.22621.5124)
Time: Thu May  8 14:30:54 2025 SE Asia Standard Time elapsed time: 36.993147 seconds (0d 0h 0m 36s)

---------------  T H R E A D  ---------------

Current thread (0x000002589832a890):  VMThread "VM Thread" [stack: 0x000000b223f00000,0x000000b224000000] [id=19988]

Stack: [0x000000b223f00000,0x000000b224000000]
Native frames: (J=compiled Java code, j=interpreted, Vv=VM code, C=native code)
V  [jvm.dll+0x67a04a]
V  [jvm.dll+0x7da4ed]
V  [jvm.dll+0x7dbe33]
V  [jvm.dll+0x7dc4a3]
V  [jvm.dll+0x24508f]
V  [jvm.dll+0x677089]
V  [jvm.dll+0x66bd32]
V  [jvm.dll+0x301fa6]
V  [jvm.dll+0x309546]
V  [jvm.dll+0x359d2e]
V  [jvm.dll+0x359f5f]
V  [jvm.dll+0x2d9078]
V  [jvm.dll+0x2d74ad]
V  [jvm.dll+0x2d6afc]
V  [jvm.dll+0x31a65b]
V  [jvm.dll+0x7e0d9b]
V  [jvm.dll+0x7e1ad4]
V  [jvm.dll+0x7e1fed]
V  [jvm.dll+0x7e23c4]
V  [jvm.dll+0x7e2490]
V  [jvm.dll+0x78abea]
V  [jvm.dll+0x678f35]
C  [ucrtbase.dll+0x29333]
C  [KERNEL32.DLL+0x1259d]
C  [ntdll.dll+0x5af38]

VM_Operation (0x000000b225cf6d40): G1CollectForAllocation, mode: safepoint, requested by thread 0x00000258deb178a0


---------------  P R O C E S S  ---------------

Threads class SMR info:
_java_thread_list=0x00000258e00f5090, length=29, elements={
0x00000258f7c9ffb0, 0x0000025898330340, 0x0000025898330f00, 0x0000025898342070,
0x0000025898344b40, 0x0000025898349520, 0x0000025898349ee0, 0x000002589834f190,
0x0000025898357c50, 0x000002589835e3a0, 0x0000025898319e40, 0x00000258986a9be0,
0x0000025898603ca0, 0x0000025898604190, 0x0000025898607610, 0x00000258de3b68c0,
0x00000258de387f60, 0x00000258de330930, 0x00000258de5882f0, 0x00000258deb178a0,
0x00000258decdd3e0, 0x00000258dece0680, 0x00000258decdd8f0, 0x00000258decdde00,
0x00000258df6dc630, 0x00000258df6e1730, 0x00000258df6df3c0, 0x00000258df6df8d0,
0x00000258df6e1c40
}

Java Threads: ( => current thread )
  0x00000258f7c9ffb0 JavaThread "main" [_thread_blocked, id=13036, stack(0x000000b223900000,0x000000b223a00000)]
  0x0000025898330340 JavaThread "Reference Handler" daemon [_thread_blocked, id=11880, stack(0x000000b224000000,0x000000b224100000)]
  0x0000025898330f00 JavaThread "Finalizer" daemon [_thread_blocked, id=17520, stack(0x000000b224100000,0x000000b224200000)]
  0x0000025898342070 JavaThread "Signal Dispatcher" daemon [_thread_blocked, id=15568, stack(0x000000b224200000,0x000000b224300000)]
  0x0000025898344b40 JavaThread "Attach Listener" daemon [_thread_blocked, id=4328, stack(0x000000b224300000,0x000000b224400000)]
  0x0000025898349520 JavaThread "Service Thread" daemon [_thread_blocked, id=2340, stack(0x000000b224400000,0x000000b224500000)]
  0x0000025898349ee0 JavaThread "Monitor Deflation Thread" daemon [_thread_blocked, id=18980, stack(0x000000b224500000,0x000000b224600000)]
  0x000002589834f190 JavaThread "C2 CompilerThread0" daemon [_thread_blocked, id=16408, stack(0x000000b224600000,0x000000b224700000)]
  0x0000025898357c50 JavaThread "C1 CompilerThread0" daemon [_thread_blocked, id=9516, stack(0x000000b224700000,0x000000b224800000)]
  0x000002589835e3a0 JavaThread "Sweeper thread" daemon [_thread_blocked, id=2472, stack(0x000000b224800000,0x000000b224900000)]
  0x0000025898319e40 JavaThread "Common-Cleaner" daemon [_thread_blocked, id=17776, stack(0x000000b224900000,0x000000b224a00000)]
  0x00000258986a9be0 JavaThread "JDWP Transport Listener: dt_socket" daemon [_thread_blocked, id=9724, stack(0x000000b224a00000,0x000000b224b00000)]
  0x0000025898603ca0 JavaThread "JDWP Event Helper Thread" daemon [_thread_blocked, id=18044, stack(0x000000b224b00000,0x000000b224c00000)]
  0x0000025898604190 JavaThread "JDWP Command Reader" daemon [_thread_in_native, id=1696, stack(0x000000b224c00000,0x000000b224d00000)]
  0x0000025898607610 JavaThread "Notification Thread" daemon [_thread_blocked, id=11700, stack(0x000000b224d00000,0x000000b224e00000)]
  0x00000258de3b68c0 JavaThread "RMI TCP Accept-0" daemon [_thread_in_native, id=18844, stack(0x000000b224f00000,0x000000b225000000)]
  0x00000258de387f60 JavaThread "RMI TCP Accept-45556" daemon [_thread_in_native, id=7600, stack(0x000000b225000000,0x000000b225100000)]
  0x00000258de330930 JavaThread "RMI TCP Accept-0" daemon [_thread_in_native, id=17860, stack(0x000000b225100000,0x000000b225200000)]
  0x00000258de5882f0 JavaThread "Thread-0" [_thread_blocked, id=6344, stack(0x000000b225b00000,0x000000b225c00000)]
  0x00000258deb178a0 JavaThread "restartedMain" [_thread_blocked, id=7064, stack(0x000000b225c00000,0x000000b225d00000)]
  0x00000258decdd3e0 JavaThread "RMI TCP Connection(idle)" daemon [_thread_blocked, id=8420, stack(0x000000b225d00000,0x000000b225e00000)]
  0x00000258dece0680 JavaThread "RMI Scheduler(0)" daemon [_thread_blocked, id=18236, stack(0x000000b225e00000,0x000000b225f00000)]
  0x00000258decdd8f0 JavaThread "RMI TCP Connection(2)-127.0.0.1" daemon [_thread_in_native, id=1760, stack(0x000000b225f00000,0x000000b226000000)]
  0x00000258decdde00 JavaThread "JMX server connection timeout 30" daemon [_thread_blocked, id=18264, stack(0x000000b226000000,0x000000b226100000)]
  0x00000258df6dc630 JavaThread "mysql-cj-abandoned-connection-cleanup" daemon [_thread_blocked, id=14224, stack(0x000000b224e00000,0x000000b224f00000)]
  0x00000258df6e1730 JavaThread "HikariPool-1 housekeeper" daemon [_thread_blocked, id=16820, stack(0x000000b226300000,0x000000b226400000)]
  0x00000258df6df3c0 JavaThread "Catalina-utility-1" [_thread_blocked, id=20724, stack(0x000000b226600000,0x000000b226700000)]
  0x00000258df6df8d0 JavaThread "Catalina-utility-2" [_thread_blocked, id=19612, stack(0x000000b226700000,0x000000b226800000)]
  0x00000258df6e1c40 JavaThread "container-0" [_thread_blocked, id=11616, stack(0x000000b226800000,0x000000b226900000)]

Other Threads:
=>0x000002589832a890 VMThread "VM Thread" [stack: 0x000000b223f00000,0x000000b224000000] [id=19988]
  0x00000258f7d14430 WatcherThread [stack: 0x000000b225200000,0x000000b225300000] [id=2036]
  0x00000258f7cffb90 GCTaskThread "GC Thread#0" [stack: 0x000000b223a00000,0x000000b223b00000] [id=9028]
  0x00000258dec83d60 GCTaskThread "GC Thread#1" [stack: 0x000000b225300000,0x000000b225400000] [id=1628]
  0x00000258dec845b0 GCTaskThread "GC Thread#2" [stack: 0x000000b225400000,0x000000b225500000] [id=5984]
  0x00000258dec84870 GCTaskThread "GC Thread#3" [stack: 0x000000b225500000,0x000000b225600000] [id=19412]
  0x00000258de965200 GCTaskThread "GC Thread#4" [stack: 0x000000b225600000,0x000000b225700000] [id=12252]
  0x00000258de6ab3d0 GCTaskThread "GC Thread#5" [stack: 0x000000b225700000,0x000000b225800000] [id=10404]
  0x00000258de86d460 GCTaskThread "GC Thread#6" [stack: 0x000000b225800000,0x000000b225900000] [id=19204]
  0x00000258de84ec70 GCTaskThread "GC Thread#7" [stack: 0x000000b225900000,0x000000b225a00000] [id=21312]
  0x00000258f7d0c730 ConcurrentGCThread "G1 Main Marker" [stack: 0x000000b223b00000,0x000000b223c00000] [id=2148]
  0x00000258f7d0d8e0 ConcurrentGCThread "G1 Conc#0" [stack: 0x000000b223c00000,0x000000b223d00000] [id=18468]
  0x00000258df438800 ConcurrentGCThread "G1 Conc#1" [stack: 0x000000b226200000,0x000000b226300000] [id=19872]
  0x00000258f7d43010 ConcurrentGCThread "G1 Refine#0" [stack: 0x000000b223d00000,0x000000b223e00000] [id=4272]
  0x00000258de39bb80 ConcurrentGCThread "G1 Refine#1" [stack: 0x000000b225a00000,0x000000b225b00000] [id=15940]
  0x00000258dfafb5e0 ConcurrentGCThread "G1 Refine#2" [stack: 0x000000b226900000,0x000000b226a00000] [id=20660]
  0x00000258dfafb2f0 ConcurrentGCThread "G1 Refine#3" [stack: 0x000000b226a00000,0x000000b226b00000] [id=19012]
  0x00000258dfafb8d0 ConcurrentGCThread "G1 Refine#4" [stack: 0x000000b226b00000,0x000000b226c00000] [id=21100]
  0x00000258f7d43a40 ConcurrentGCThread "G1 Service" [stack: 0x000000b223e00000,0x000000b223f00000] [id=19360]

Threads with active compile tasks:
C2 CompilerThread0    37065 7669       4       org.antlr.v4.runtime.atn.PredictionContext::getCachedContext (261 bytes)

VM state: at safepoint (normal execution)

VM Mutex/Monitor currently owned by a thread:  ([mutex/lock_event])
[0x00000258f7c98d00] Threads_lock - owner thread: 0x000002589832a890
[0x00000258f7c97dd0] Heap_lock - owner thread: 0x00000258deb178a0

Heap address: 0x0000000743a00000, size: 3014 MB, Compressed Oops mode: Zero based, Oop shift amount: 3

CDS archive(s) mapped at: [0x0000025899000000-0x0000025899bd0000-0x0000025899bd0000), size 12386304, SharedBaseAddress: 0x0000025899000000, ArchiveRelocationMode: 1.
Compressed class space mapped at: 0x000002589a000000-0x00000258da000000, reserved size: 1073741824
Narrow klass base: 0x0000025899000000, Narrow klass shift: 0, Narrow klass range: 0x100000000

GC Precious Log:
 CPUs: 8 total, 8 available
 Memory: 12055M
 Large Page Support: Disabled
 NUMA Support: Disabled
 Compressed Oops: Enabled (Zero based)
 Heap Region Size: 2M
 Heap Min Capacity: 8M
 Heap Initial Capacity: 190M
 Heap Max Capacity: 3014M
 Pre-touch: Disabled
 Parallel Workers: 8
 Concurrent Workers: 2
 Concurrent Refinement Workers: 8
 Periodic GC: Disabled

Heap:
 garbage-first heap   total 253952K, used 154495K [0x0000000743a00000, 0x0000000800000000)
  region size 2048K, 2 young (4096K), 2 survivors (4096K)
 Metaspace       used 74799K, committed 75456K, reserved 1114112K
  class space    used 10387K, committed 10688K, reserved 1048576K

Heap Regions: E=young(eden), S=young(survivor), O=old, HS=humongous(starts), HC=humongous(continues), CS=collection set, F=free, OA=open archive, CA=closed archive, TAMS=top-at-mark-start (previous, next)
|   0|0x0000000743a00000, 0x0000000743c00000, 0x0000000743c00000|100%| O|  |TAMS 0x0000000743c00000, 0x0000000743c00000| Untracked 
|   1|0x0000000743c00000, 0x0000000743e00000, 0x0000000743e00000|100%| O|  |TAMS 0x0000000743e00000, 0x0000000743e00000| Untracked 
|   2|0x0000000743e00000, 0x0000000744000000, 0x0000000744000000|100%| O|  |TAMS 0x0000000744000000, 0x0000000744000000| Untracked 
|   3|0x0000000744000000, 0x0000000744200000, 0x0000000744200000|100%| O|  |TAMS 0x0000000744200000, 0x0000000744200000| Untracked 
|   4|0x0000000744200000, 0x0000000744400000, 0x0000000744400000|100%| O|  |TAMS 0x0000000744400000, 0x0000000744400000| Untracked 
|   5|0x0000000744400000, 0x0000000744600000, 0x0000000744600000|100%| O|  |TAMS 0x0000000744600000, 0x0000000744600000| Untracked 
|   6|0x0000000744600000, 0x0000000744800000, 0x0000000744800000|100%| O|  |TAMS 0x0000000744800000, 0x0000000744800000| Untracked 
|   7|0x0000000744800000, 0x0000000744a00000, 0x0000000744a00000|100%| O|  |TAMS 0x0000000744a00000, 0x0000000744a00000| Untracked 
|   8|0x0000000744a00000, 0x0000000744c00000, 0x0000000744c00000|100%| O|  |TAMS 0x0000000744a00000, 0x0000000744c00000| Untracked 
|   9|0x0000000744c00000, 0x0000000744e00000, 0x0000000744e00000|100%| O|  |TAMS 0x0000000744e00000, 0x0000000744e00000| Untracked 
|  10|0x0000000744e00000, 0x0000000745000000, 0x0000000745000000|100%| O|  |TAMS 0x0000000745000000, 0x0000000745000000| Untracked 
|  11|0x0000000745000000, 0x0000000745200000, 0x0000000745200000|100%| O|  |TAMS 0x0000000745200000, 0x0000000745200000| Untracked 
|  12|0x0000000745200000, 0x0000000745400000, 0x0000000745400000|100%| O|  |TAMS 0x0000000745400000, 0x0000000745400000| Untracked 
|  13|0x0000000745400000, 0x0000000745600000, 0x0000000745600000|100%| O|  |TAMS 0x0000000745600000, 0x0000000745600000| Untracked 
|  14|0x0000000745600000, 0x0000000745800000, 0x0000000745800000|100%| O|  |TAMS 0x0000000745800000, 0x0000000745800000| Untracked 
|  15|0x0000000745800000, 0x0000000745a00000, 0x0000000745a00000|100%| O|  |TAMS 0x0000000745a00000, 0x0000000745a00000| Untracked 
|  16|0x0000000745a00000, 0x0000000745c00000, 0x0000000745c00000|100%| O|  |TAMS 0x0000000745c00000, 0x0000000745c00000| Untracked 
|  17|0x0000000745c00000, 0x0000000745e00000, 0x0000000745e00000|100%| O|  |TAMS 0x0000000745e00000, 0x0000000745e00000| Untracked 
|  18|0x0000000745e00000, 0x0000000746000000, 0x0000000746000000|100%| O|  |TAMS 0x0000000746000000, 0x0000000746000000| Untracked 
|  19|0x0000000746000000, 0x0000000746200000, 0x0000000746200000|100%| O|  |TAMS 0x0000000746200000, 0x0000000746200000| Untracked 
|  20|0x0000000746200000, 0x0000000746400000, 0x0000000746400000|100%| O|  |TAMS 0x0000000746400000, 0x0000000746400000| Untracked 
|  21|0x0000000746400000, 0x0000000746600000, 0x0000000746600000|100%| O|  |TAMS 0x0000000746600000, 0x0000000746600000| Untracked 
|  22|0x0000000746600000, 0x0000000746800000, 0x0000000746800000|100%| O|  |TAMS 0x0000000746800000, 0x0000000746800000| Untracked 
|  23|0x0000000746800000, 0x0000000746a00000, 0x0000000746a00000|100%| O|  |TAMS 0x0000000746a00000, 0x0000000746a00000| Untracked 
|  24|0x0000000746a00000, 0x0000000746c00000, 0x0000000746c00000|100%| O|  |TAMS 0x0000000746c00000, 0x0000000746c00000| Untracked 
|  25|0x0000000746c00000, 0x0000000746e00000, 0x0000000746e00000|100%| O|  |TAMS 0x0000000746e00000, 0x0000000746e00000| Untracked 
|  26|0x0000000746e00000, 0x0000000747000000, 0x0000000747000000|100%| O|  |TAMS 0x0000000747000000, 0x0000000747000000| Untracked 
|  27|0x0000000747000000, 0x0000000747200000, 0x0000000747200000|100%|HS|  |TAMS 0x0000000747000000, 0x0000000747200000| Complete 
|  28|0x0000000747200000, 0x0000000747400000, 0x0000000747400000|100%| O|  |TAMS 0x0000000747400000, 0x0000000747400000| Untracked 
|  29|0x0000000747400000, 0x0000000747600000, 0x0000000747600000|100%| O|  |TAMS 0x0000000747600000, 0x0000000747600000| Untracked 
|  30|0x0000000747600000, 0x0000000747800000, 0x0000000747800000|100%| O|  |TAMS 0x0000000747800000, 0x0000000747800000| Untracked 
|  31|0x0000000747800000, 0x0000000747a00000, 0x0000000747a00000|100%| O|  |TAMS 0x0000000747a00000, 0x0000000747a00000| Untracked 
|  32|0x0000000747a00000, 0x0000000747c00000, 0x0000000747c00000|100%| O|  |TAMS 0x0000000747c00000, 0x0000000747c00000| Untracked 
|  33|0x0000000747c00000, 0x0000000747e00000, 0x0000000747e00000|100%| O|  |TAMS 0x0000000747e00000, 0x0000000747e00000| Untracked 
|  34|0x0000000747e00000, 0x0000000748000000, 0x0000000748000000|100%| O|  |TAMS 0x0000000748000000, 0x0000000748000000| Untracked 
|  35|0x0000000748000000, 0x0000000748200000, 0x0000000748200000|100%| O|  |TAMS 0x00000007481b9a00, 0x0000000748200000| Untracked 
|  36|0x0000000748200000, 0x0000000748400000, 0x0000000748400000|100%| O|  |TAMS 0x0000000748200000, 0x0000000748400000| Untracked 
|  37|0x0000000748400000, 0x0000000748600000, 0x0000000748600000|100%| O|  |TAMS 0x0000000748400000, 0x0000000748600000| Untracked 
|  38|0x0000000748600000, 0x0000000748800000, 0x0000000748800000|100%| O|  |TAMS 0x0000000748600000, 0x0000000748800000| Untracked 
|  39|0x0000000748800000, 0x0000000748a00000, 0x0000000748a00000|100%| O|  |TAMS 0x0000000748800000, 0x0000000748a00000| Untracked 
|  40|0x0000000748a00000, 0x0000000748c00000, 0x0000000748c00000|100%| O|  |TAMS 0x0000000748a00000, 0x0000000748c00000| Untracked 
|  41|0x0000000748c00000, 0x0000000748e00000, 0x0000000748e00000|100%| O|  |TAMS 0x0000000748c00000, 0x0000000748e00000| Untracked 
|  42|0x0000000748e00000, 0x0000000749000000, 0x0000000749000000|100%| O|  |TAMS 0x0000000748e00000, 0x0000000749000000| Untracked 
|  43|0x0000000749000000, 0x0000000749200000, 0x0000000749200000|100%| O|  |TAMS 0x0000000749000000, 0x0000000749200000| Untracked 
|  44|0x0000000749200000, 0x0000000749400000, 0x0000000749400000|100%| O|  |TAMS 0x0000000749200000, 0x0000000749400000| Untracked 
|  45|0x0000000749400000, 0x0000000749600000, 0x0000000749600000|100%| O|  |TAMS 0x0000000749400000, 0x0000000749600000| Untracked 
|  46|0x0000000749600000, 0x0000000749800000, 0x0000000749800000|100%| O|  |TAMS 0x0000000749600000, 0x0000000749800000| Untracked 
|  47|0x0000000749800000, 0x0000000749a00000, 0x0000000749a00000|100%| O|  |TAMS 0x0000000749800000, 0x0000000749a00000| Untracked 
|  48|0x0000000749a00000, 0x0000000749c00000, 0x0000000749c00000|100%| O|  |TAMS 0x0000000749a00000, 0x0000000749c00000| Untracked 
|  49|0x0000000749c00000, 0x0000000749e00000, 0x0000000749e00000|100%| O|  |TAMS 0x0000000749c00000, 0x0000000749e00000| Untracked 
|  50|0x0000000749e00000, 0x000000074a000000, 0x000000074a000000|100%| O|  |TAMS 0x0000000749e00000, 0x000000074a000000| Untracked 
|  51|0x000000074a000000, 0x000000074a200000, 0x000000074a200000|100%| O|  |TAMS 0x000000074a000000, 0x000000074a200000| Untracked 
|  52|0x000000074a200000, 0x000000074a400000, 0x000000074a400000|100%| O|  |TAMS 0x000000074a200000, 0x000000074a400000| Untracked 
|  53|0x000000074a400000, 0x000000074a600000, 0x000000074a600000|100%|HS|  |TAMS 0x000000074a400000, 0x000000074a600000| Complete 
|  54|0x000000074a600000, 0x000000074a800000, 0x000000074a800000|100%|HC|  |TAMS 0x000000074a600000, 0x000000074a800000| Complete 
|  55|0x000000074a800000, 0x000000074aa00000, 0x000000074aa00000|100%| O|  |TAMS 0x000000074a800000, 0x000000074aa00000| Untracked 
|  56|0x000000074aa00000, 0x000000074ac00000, 0x000000074ac00000|100%| O|  |TAMS 0x000000074aa00000, 0x000000074ac00000| Untracked 
|  57|0x000000074ac00000, 0x000000074ae00000, 0x000000074ae00000|100%| O|  |TAMS 0x000000074ac00000, 0x000000074ae00000| Untracked 
|  58|0x000000074ae00000, 0x000000074b000000, 0x000000074b000000|100%| O|  |TAMS 0x000000074ae00000, 0x000000074b000000| Untracked 
|  59|0x000000074b000000, 0x000000074b200000, 0x000000074b200000|100%| O|  |TAMS 0x000000074b000000, 0x000000074b200000| Untracked 
|  60|0x000000074b200000, 0x000000074b400000, 0x000000074b400000|100%| O|  |TAMS 0x000000074b200000, 0x000000074b400000| Untracked 
|  61|0x000000074b400000, 0x000000074b600000, 0x000000074b600000|100%| O|  |TAMS 0x000000074b400000, 0x000000074b600000| Untracked 
|  62|0x000000074b600000, 0x000000074b800000, 0x000000074b800000|100%| O|  |TAMS 0x000000074b600000, 0x000000074b800000| Untracked 
|  63|0x000000074b800000, 0x000000074ba00000, 0x000000074ba00000|100%| O|  |TAMS 0x000000074b800000, 0x000000074ba00000| Untracked 
|  64|0x000000074ba00000, 0x000000074bc00000, 0x000000074bc00000|100%| O|  |TAMS 0x000000074ba00000, 0x000000074bc00000| Untracked 
|  65|0x000000074bc00000, 0x000000074be00000, 0x000000074be00000|100%| O|  |TAMS 0x000000074bc00000, 0x000000074be00000| Untracked 
|  66|0x000000074be00000, 0x000000074c000000, 0x000000074c000000|100%| O|  |TAMS 0x000000074be00000, 0x000000074be00000| Untracked 
|  67|0x000000074c000000, 0x000000074c200000, 0x000000074c200000|100%| O|  |TAMS 0x000000074c000000, 0x000000074c000000| Untracked 
|  68|0x000000074c200000, 0x000000074c400000, 0x000000074c400000|100%| O|  |TAMS 0x000000074c200000, 0x000000074c200000| Untracked 
|  69|0x000000074c400000, 0x000000074c600000, 0x000000074c600000|100%| O|  |TAMS 0x000000074c400000, 0x000000074c400000| Untracked 
|  70|0x000000074c600000, 0x000000074c800000, 0x000000074c800000|100%| O|  |TAMS 0x000000074c600000, 0x000000074c600000| Untracked 
|  71|0x000000074c800000, 0x000000074c89e200, 0x000000074ca00000| 30%| O|  |TAMS 0x000000074c800000, 0x000000074c800000| Untracked 
|  72|0x000000074ca00000, 0x000000074ca00000, 0x000000074cc00000|  0%| F|  |TAMS 0x000000074ca00000, 0x000000074ca00000| Untracked 
|  73|0x000000074cc00000, 0x000000074ce00000, 0x000000074ce00000|100%| O|  |TAMS 0x000000074cc00000, 0x000000074ce00000| Untracked 
|  74|0x000000074ce00000, 0x000000074d000000, 0x000000074d000000|100%| O|  |TAMS 0x000000074ce00000, 0x000000074d000000| Untracked 
|  75|0x000000074d000000, 0x000000074d200000, 0x000000074d200000|100%| O|  |TAMS 0x000000074d000000, 0x000000074d0f1800| Untracked 
|  76|0x000000074d200000, 0x000000074d200000, 0x000000074d400000|  0%| F|  |TAMS 0x000000074d200000, 0x000000074d200000| Untracked 
|  77|0x000000074d400000, 0x000000074d400000, 0x000000074d600000|  0%| F|  |TAMS 0x000000074d400000, 0x000000074d400000| Untracked 
|  78|0x000000074d600000, 0x000000074d600000, 0x000000074d800000|  0%| F|  |TAMS 0x000000074d600000, 0x000000074d600000| Untracked 
|  79|0x000000074d800000, 0x000000074d800000, 0x000000074da00000|  0%| F|  |TAMS 0x000000074d800000, 0x000000074d800000| Untracked 
|  80|0x000000074da00000, 0x000000074da00000, 0x000000074dc00000|  0%| F|  |TAMS 0x000000074da00000, 0x000000074da00000| Untracked 
|  81|0x000000074dc00000, 0x000000074dc00000, 0x000000074de00000|  0%| F|  |TAMS 0x000000074dc00000, 0x000000074dc00000| Untracked 
|  82|0x000000074de00000, 0x000000074de00000, 0x000000074e000000|  0%| F|  |TAMS 0x000000074de00000, 0x000000074de00000| Untracked 
|  83|0x000000074e000000, 0x000000074e000000, 0x000000074e200000|  0%| F|  |TAMS 0x000000074e000000, 0x000000074e000000| Untracked 
|  84|0x000000074e200000, 0x000000074e200000, 0x000000074e400000|  0%| F|  |TAMS 0x000000074e200000, 0x000000074e200000| Untracked 
|  85|0x000000074e400000, 0x000000074e400000, 0x000000074e600000|  0%| F|  |TAMS 0x000000074e400000, 0x000000074e400000| Untracked 
|  86|0x000000074e600000, 0x000000074e600000, 0x000000074e800000|  0%| F|  |TAMS 0x000000074e600000, 0x000000074e600000| Untracked 
|  87|0x000000074e800000, 0x000000074e800000, 0x000000074ea00000|  0%| F|  |TAMS 0x000000074e800000, 0x000000074e800000| Untracked 
|  88|0x000000074ea00000, 0x000000074ea00000, 0x000000074ec00000|  0%| F|  |TAMS 0x000000074ea00000, 0x000000074ea00000| Untracked 
|  89|0x000000074ec00000, 0x000000074ec00000, 0x000000074ee00000|  0%| F|  |TAMS 0x000000074ec00000, 0x000000074ec00000| Untracked 
|  90|0x000000074ee00000, 0x000000074ee00000, 0x000000074f000000|  0%| F|  |TAMS 0x000000074ee00000, 0x000000074ee00000| Untracked 
|  91|0x000000074f000000, 0x000000074f000000, 0x000000074f200000|  0%| F|  |TAMS 0x000000074f000000, 0x000000074f000000| Untracked 
|  92|0x000000074f200000, 0x000000074f200000, 0x000000074f400000|  0%| F|  |TAMS 0x000000074f200000, 0x000000074f200000| Untracked 
|  93|0x000000074f400000, 0x000000074f400000, 0x000000074f600000|  0%| F|  |TAMS 0x000000074f400000, 0x000000074f400000| Untracked 
|  94|0x000000074f600000, 0x000000074f600000, 0x000000074f800000|  0%| F|  |TAMS 0x000000074f600000, 0x000000074f600000| Untracked 
|  95|0x000000074f800000, 0x000000074f800000, 0x000000074fa00000|  0%| F|  |TAMS 0x000000074f800000, 0x000000074f800000| Untracked 
|  96|0x000000074fa00000, 0x000000074fa00000, 0x000000074fc00000|  0%| F|  |TAMS 0x000000074fa00000, 0x000000074fa00000| Untracked 
|  97|0x000000074fc00000, 0x000000074fc00000, 0x000000074fe00000|  0%| F|  |TAMS 0x000000074fc00000, 0x000000074fc00000| Untracked 
|  98|0x000000074fe00000, 0x000000074fe00000, 0x0000000750000000|  0%| F|  |TAMS 0x000000074fe00000, 0x000000074fe00000| Untracked 
|  99|0x0000000750000000, 0x0000000750000000, 0x0000000750200000|  0%| F|  |TAMS 0x0000000750000000, 0x0000000750000000| Untracked 
| 100|0x0000000750200000, 0x0000000750200000, 0x0000000750400000|  0%| F|  |TAMS 0x0000000750200000, 0x0000000750200000| Untracked 
| 101|0x0000000750400000, 0x0000000750400000, 0x0000000750600000|  0%| F|  |TAMS 0x0000000750400000, 0x0000000750400000| Untracked 
| 102|0x0000000750600000, 0x0000000750600000, 0x0000000750800000|  0%| F|  |TAMS 0x0000000750600000, 0x0000000750600000| Untracked 
| 103|0x0000000750800000, 0x0000000750841dc0, 0x0000000750a00000| 12%| S|CS|TAMS 0x0000000750800000, 0x0000000750800000| Complete 
| 104|0x0000000750a00000, 0x0000000750c00000, 0x0000000750c00000|100%| S|CS|TAMS 0x0000000750a00000, 0x0000000750a00000| Complete 
| 105|0x0000000750c00000, 0x0000000750c00000, 0x0000000750e00000|  0%| F|  |TAMS 0x0000000750c00000, 0x0000000750c00000| Untracked 
| 106|0x0000000750e00000, 0x0000000750e00000, 0x0000000751000000|  0%| F|  |TAMS 0x0000000750e00000, 0x0000000750e00000| Untracked 
| 107|0x0000000751000000, 0x0000000751000000, 0x0000000751200000|  0%| F|  |TAMS 0x0000000751000000, 0x0000000751000000| Untracked 
| 108|0x0000000751200000, 0x0000000751200000, 0x0000000751400000|  0%| F|  |TAMS 0x0000000751200000, 0x0000000751200000| Untracked 
| 109|0x0000000751400000, 0x0000000751400000, 0x0000000751600000|  0%| F|  |TAMS 0x0000000751400000, 0x0000000751400000| Untracked 
| 110|0x0000000751600000, 0x0000000751600000, 0x0000000751800000|  0%| F|  |TAMS 0x0000000751600000, 0x0000000751600000| Untracked 
| 111|0x0000000751800000, 0x0000000751800000, 0x0000000751a00000|  0%| F|  |TAMS 0x0000000751800000, 0x0000000751800000| Untracked 
| 112|0x0000000751a00000, 0x0000000751a00000, 0x0000000751c00000|  0%| F|  |TAMS 0x0000000751a00000, 0x0000000751a00000| Untracked 
| 113|0x0000000751c00000, 0x0000000751c00000, 0x0000000751e00000|  0%| F|  |TAMS 0x0000000751c00000, 0x0000000751c00000| Untracked 
| 114|0x0000000751e00000, 0x0000000751e00000, 0x0000000752000000|  0%| F|  |TAMS 0x0000000751e00000, 0x0000000751e00000| Untracked 
| 115|0x0000000752000000, 0x0000000752000000, 0x0000000752200000|  0%| F|  |TAMS 0x0000000752000000, 0x0000000752000000| Untracked 
| 116|0x0000000752200000, 0x0000000752200000, 0x0000000752400000|  0%| F|  |TAMS 0x0000000752200000, 0x0000000752200000| Untracked 
| 117|0x0000000752400000, 0x0000000752400000, 0x0000000752600000|  0%| F|  |TAMS 0x0000000752400000, 0x0000000752400000| Untracked 
| 118|0x0000000752600000, 0x0000000752600000, 0x0000000752800000|  0%| F|  |TAMS 0x0000000752600000, 0x0000000752600000| Untracked 
| 119|0x0000000752800000, 0x0000000752800000, 0x0000000752a00000|  0%| F|  |TAMS 0x0000000752800000, 0x0000000752800000| Untracked 
| 120|0x0000000752a00000, 0x0000000752a00000, 0x0000000752c00000|  0%| F|  |TAMS 0x0000000752a00000, 0x0000000752a00000| Untracked 
| 121|0x0000000752c00000, 0x0000000752c00000, 0x0000000752e00000|  0%| F|  |TAMS 0x0000000752c00000, 0x0000000752c00000| Untracked 
| 122|0x0000000752e00000, 0x0000000752e00000, 0x0000000753000000|  0%| F|  |TAMS 0x0000000752e00000, 0x0000000752e00000| Untracked 
| 123|0x0000000753000000, 0x0000000753000000, 0x0000000753200000|  0%| F|  |TAMS 0x0000000753000000, 0x0000000753000000| Untracked 

Card table byte_map: [0x000002588f000000,0x000002588f5f0000] _byte_map_base: 0x000002588b5e3000

Marking Bits (Prev, Next): (CMBitMap*) 0x00000258f7d001f0, (CMBitMap*) 0x00000258f7d001b0
 Prev Bits: [0x0000025892b00000, 0x0000025895a18000)
 Next Bits: [0x000002588fbe0000, 0x0000025892af8000)

Polling page: 0x00000258f5c10000

Metaspace:

Usage:
  Non-class:     62.90 MB used.
      Class:     10.14 MB used.
       Both:     73.05 MB used.

Virtual space:
  Non-class space:       64.00 MB reserved,      63.25 MB ( 99%) committed,  1 nodes.
      Class space:        1.00 GB reserved,      10.44 MB (  1%) committed,  1 nodes.
             Both:        1.06 GB reserved,      73.69 MB (  7%) committed. 

Chunk freelists:
   Non-Class:  32.00 KB
       Class:  5.44 MB
        Both:  5.47 MB

MaxMetaspaceSize: unlimited
CompressedClassSpaceSize: 1.00 GB
Initial GC threshold: 21.00 MB
Current GC threshold: 119.69 MB
CDS: on
MetaspaceReclaimPolicy: balanced
 - commit_granule_bytes: 65536.
 - commit_granule_words: 8192.
 - virtual_space_node_default_size: 8388608.
 - enlarge_chunks_in_place: 1.
 - new_chunks_are_fully_committed: 0.
 - uncommit_free_chunks: 1.
 - use_allocation_guard: 0.
 - handle_deallocations: 1.


Internal statistics:

num_allocs_failed_limit: 8.
num_arena_births: 908.
num_arena_deaths: 0.
num_vsnodes_births: 2.
num_vsnodes_deaths: 0.
num_space_committed: 1179.
num_space_uncommitted: 0.
num_chunks_returned_to_freelist: 8.
num_chunks_taken_from_freelist: 3696.
num_chunk_merges: 8.
num_chunk_splits: 2641.
num_chunks_enlarged: 2054.
num_inconsistent_stats: 0.

CodeHeap 'non-profiled nmethods': size=120000Kb used=4672Kb max_used=4672Kb free=115327Kb
 bounds [0x0000025887ad0000, 0x0000025887f70000, 0x000002588f000000]
CodeHeap 'profiled nmethods': size=120000Kb used=14197Kb max_used=14197Kb free=105802Kb
 bounds [0x0000025880000000, 0x0000025880de0000, 0x0000025887530000]
CodeHeap 'non-nmethods': size=5760Kb used=1431Kb max_used=1513Kb free=4328Kb
 bounds [0x0000025887530000, 0x00000258877a0000, 0x0000025887ad0000]
 total_blobs=7586 nmethods=6893 adapters=604
 compilation: enabled
              stopped_count=0, restarted_count=0
 full_count=0

Compilation events (20 events):
Event: 36.477 Thread 0x000002589834f190 nmethod 7651 0x0000025887f50410 code [0x0000025887f509e0, 0x0000025887f59060]
Event: 36.477 Thread 0x000002589834f190 7653       4       java.util.IdentityHashMap::get (60 bytes)
Event: 36.480 Thread 0x000002589834f190 nmethod 7653 0x0000025887f5d490 code [0x0000025887f5d620, 0x0000025887f5d848]
Event: 36.481 Thread 0x000002589834f190 7662       4       org.antlr.v4.runtime.misc.FlexibleHashMap::get (85 bytes)
Event: 36.521 Thread 0x000002589834f190 nmethod 7662 0x0000025887f5da90 code [0x0000025887f5dc40, 0x0000025887f5e358]
Event: 36.521 Thread 0x000002589834f190 7439       4       org.antlr.v4.runtime.atn.ParserATNSimulator::canDropLoopEntryEdgeInLeftRecursiveRule (328 bytes)
Event: 36.540 Thread 0x0000025898357c50 7665       3       org.antlr.v4.runtime.atn.PredictionMode::hasConflictingAltSet (41 bytes)
Event: 36.541 Thread 0x0000025898357c50 nmethod 7665 0x0000025880ddb310 code [0x0000025880ddb500, 0x0000025880ddba98]
Event: 36.546 Thread 0x000002589834f190 nmethod 7439 0x0000025887f5ec10 code [0x0000025887f5ee20, 0x0000025887f5f9d8]
Event: 36.547 Thread 0x000002589834f190 7669       4       org.antlr.v4.runtime.atn.PredictionContext::getCachedContext (261 bytes)
Event: 36.608 Thread 0x0000025898357c50 7670       3       java.lang.StrictMath::floorOrCeil (128 bytes)
Event: 36.609 Thread 0x0000025898357c50 nmethod 7670 0x0000025880ddbc90 code [0x0000025880ddbe80, 0x0000025880ddc338]
Event: 36.936 Thread 0x0000025898357c50 7671       2       org.antlr.v4.runtime.BailErrorStrategy::sync (1 bytes)
Event: 36.936 Thread 0x0000025898357c50 nmethod 7671 0x0000025880ddc410 code [0x0000025880ddc5a0, 0x0000025880ddc698]
Event: 36.945 Thread 0x0000025898357c50 7672       2       org.antlr.v4.runtime.misc.FlexibleHashMap::<init> (60 bytes)
Event: 36.945 Thread 0x0000025898357c50 nmethod 7672 0x0000025880ddc710 code [0x0000025880ddc8e0, 0x0000025880ddcbe8]
Event: 36.959 Thread 0x0000025898357c50 7673       3       org.antlr.v4.runtime.atn.ATNConfigSet$AbstractConfigHashSet::createBuckets (6 bytes)
Event: 36.959 Thread 0x0000025898357c50 nmethod 7673 0x0000025880ddcd10 code [0x0000025880ddcea0, 0x0000025880ddd0b8]
Event: 36.962 Thread 0x0000025898357c50 7674       3       org.antlr.v4.runtime.atn.ParserATNSimulator::closure (44 bytes)
Event: 36.963 Thread 0x0000025898357c50 nmethod 7674 0x0000025880ddd190 code [0x0000025880ddd340, 0x0000025880ddd568]

GC Heap History (20 events):
Event: 34.281 GC heap after
{Heap after GC invocations=37 (full 0):
 garbage-first heap   total 104448K, used 60107K [0x0000000743a00000, 0x0000000800000000)
  region size 2048K, 2 young (4096K), 2 survivors (4096K)
 Metaspace       used 72969K, committed 73600K, reserved 1114112K
  class space    used 10009K, committed 10304K, reserved 1048576K
}
Event: 34.521 GC heap before
{Heap before GC invocations=37 (full 0):
 garbage-first heap   total 104448K, used 76491K [0x0000000743a00000, 0x0000000800000000)
  region size 2048K, 10 young (20480K), 2 survivors (4096K)
 Metaspace       used 72970K, committed 73600K, reserved 1114112K
  class space    used 10009K, committed 10304K, reserved 1048576K
}
Event: 34.529 GC heap after
{Heap after GC invocations=38 (full 0):
 garbage-first heap   total 104448K, used 66057K [0x0000000743a00000, 0x0000000800000000)
  region size 2048K, 2 young (4096K), 2 survivors (4096K)
 Metaspace       used 72970K, committed 73600K, reserved 1114112K
  class space    used 10009K, committed 10304K, reserved 1048576K
}
Event: 34.743 GC heap before
{Heap before GC invocations=39 (full 0):
 garbage-first heap   total 122880K, used 78345K [0x0000000743a00000, 0x0000000800000000)
  region size 2048K, 8 young (16384K), 2 survivors (4096K)
 Metaspace       used 72970K, committed 73600K, reserved 1114112K
  class space    used 10009K, committed 10304K, reserved 1048576K
}
Event: 34.751 GC heap after
{Heap after GC invocations=40 (full 0):
 garbage-first heap   total 122880K, used 71475K [0x0000000743a00000, 0x0000000800000000)
  region size 2048K, 1 young (2048K), 1 survivors (2048K)
 Metaspace       used 72970K, committed 73600K, reserved 1114112K
  class space    used 10009K, committed 10304K, reserved 1048576K
}
Event: 34.806 GC heap before
{Heap before GC invocations=40 (full 0):
 garbage-first heap   total 122880K, used 75571K [0x0000000743a00000, 0x0000000800000000)
  region size 2048K, 3 young (6144K), 1 survivors (2048K)
 Metaspace       used 72970K, committed 73600K, reserved 1114112K
  class space    used 10009K, committed 10304K, reserved 1048576K
}
Event: 34.812 GC heap after
{Heap after GC invocations=41 (full 0):
 garbage-first heap   total 122880K, used 72866K [0x0000000743a00000, 0x0000000800000000)
  region size 2048K, 1 young (2048K), 1 survivors (2048K)
 Metaspace       used 72970K, committed 73600K, reserved 1114112K
  class space    used 10009K, committed 10304K, reserved 1048576K
}
Event: 35.001 GC heap before
{Heap before GC invocations=41 (full 0):
 garbage-first heap   total 122880K, used 91298K [0x0000000743a00000, 0x0000000800000000)
  region size 2048K, 10 young (20480K), 1 survivors (2048K)
 Metaspace       used 72976K, committed 73600K, reserved 1114112K
  class space    used 10009K, committed 10304K, reserved 1048576K
}
Event: 35.005 GC heap after
{Heap after GC invocations=42 (full 0):
 garbage-first heap   total 122880K, used 72894K [0x0000000743a00000, 0x0000000800000000)
  region size 2048K, 1 young (2048K), 1 survivors (2048K)
 Metaspace       used 72976K, committed 73600K, reserved 1114112K
  class space    used 10009K, committed 10304K, reserved 1048576K
}
Event: 35.182 GC heap before
{Heap before GC invocations=42 (full 0):
 garbage-first heap   total 151552K, used 93374K [0x0000000743a00000, 0x0000000800000000)
  region size 2048K, 11 young (22528K), 1 survivors (2048K)
 Metaspace       used 72994K, committed 73664K, reserved 1114112K
  class space    used 10009K, committed 10304K, reserved 1048576K
}
Event: 35.190 GC heap after
{Heap after GC invocations=43 (full 0):
 garbage-first heap   total 253952K, used 75175K [0x0000000743a00000, 0x0000000800000000)
  region size 2048K, 2 young (4096K), 2 survivors (4096K)
 Metaspace       used 72994K, committed 73664K, reserved 1114112K
  class space    used 10009K, committed 10304K, reserved 1048576K
}
Event: 36.079 GC heap before
{Heap before GC invocations=44 (full 0):
 garbage-first heap   total 253952K, used 161191K [0x0000000743a00000, 0x0000000800000000)
  region size 2048K, 44 young (90112K), 2 survivors (4096K)
 Metaspace       used 74785K, committed 75456K, reserved 1114112K
  class space    used 10387K, committed 10688K, reserved 1048576K
}
Event: 36.088 GC heap after
{Heap after GC invocations=45 (full 0):
 garbage-first heap   total 253952K, used 82402K [0x0000000743a00000, 0x0000000800000000)
  region size 2048K, 6 young (12288K), 6 survivors (12288K)
 Metaspace       used 74785K, committed 75456K, reserved 1114112K
  class space    used 10387K, committed 10688K, reserved 1048576K
}
Event: 36.098 GC heap before
{Heap before GC invocations=45 (full 0):
 garbage-first heap   total 253952K, used 84450K [0x0000000743a00000, 0x0000000800000000)
  region size 2048K, 7 young (14336K), 6 survivors (12288K)
 Metaspace       used 74785K, committed 75456K, reserved 1114112K
  class space    used 10387K, committed 10688K, reserved 1048576K
}
Event: 36.108 GC heap after
{Heap after GC invocations=46 (full 0):
 garbage-first heap   total 253952K, used 83334K [0x0000000743a00000, 0x0000000800000000)
  region size 2048K, 1 young (2048K), 1 survivors (2048K)
 Metaspace       used 74785K, committed 75456K, reserved 1114112K
  class space    used 10387K, committed 10688K, reserved 1048576K
}
Event: 36.489 GC heap before
{Heap before GC invocations=46 (full 0):
 garbage-first heap   total 253952K, used 187782K [0x0000000743a00000, 0x0000000800000000)
  region size 2048K, 51 young (104448K), 1 survivors (2048K)
 Metaspace       used 74795K, committed 75456K, reserved 1114112K
  class space    used 10387K, committed 10688K, reserved 1048576K
}
Event: 36.513 GC heap after
{Heap after GC invocations=47 (full 0):
 garbage-first heap   total 253952K, used 121714K [0x0000000743a00000, 0x0000000800000000)
  region size 2048K, 7 young (14336K), 7 survivors (14336K)
 Metaspace       used 74795K, committed 75456K, reserved 1114112K
  class space    used 10387K, committed 10688K, reserved 1048576K
}
Event: 36.798 GC heap before
{Heap before GC invocations=47 (full 0):
 garbage-first heap   total 253952K, used 185202K [0x0000000743a00000, 0x0000000800000000)
  region size 2048K, 36 young (73728K), 7 survivors (14336K)
 Metaspace       used 74795K, committed 75456K, reserved 1114112K
  class space    used 10387K, committed 10688K, reserved 1048576K
}
Event: 36.830 GC heap after
{Heap after GC invocations=48 (full 0):
 garbage-first heap   total 253952K, used 150470K [0x0000000743a00000, 0x0000000800000000)
  region size 2048K, 5 young (10240K), 5 survivors (10240K)
 Metaspace       used 74795K, committed 75456K, reserved 1114112K
  class space    used 10387K, committed 10688K, reserved 1048576K
}
Event: 36.967 GC heap before
{Heap before GC invocations=48 (full 0):
 garbage-first heap   total 253952K, used 189382K [0x0000000743a00000, 0x0000000800000000)
  region size 2048K, 24 young (49152K), 5 survivors (10240K)
 Metaspace       used 74799K, committed 75456K, reserved 1114112K
  class space    used 10387K, committed 10688K, reserved 1048576K
}

Deoptimization events (20 events):
Event: 36.540 Thread 0x00000258deb178a0 Uncommon trap: trap_request=0xffffffbe fr.pc=0x0000025887f56bb8 relative=0x00000000000061d8
Event: 36.540 Thread 0x00000258deb178a0 Uncommon trap: reason=profile_predicate action=maybe_recompile pc=0x0000025887f56bb8 method=org.antlr.v4.runtime.atn.PredictionContext.getCachedContext(Lorg/antlr/v4/runtime/atn/PredictionContext;Lorg/antlr/v4/runtime/atn/PredictionContextCache;Ljava/util
Event: 36.540 Thread 0x00000258deb178a0 DEOPT PACKING pc=0x0000025887f56bb8 sp=0x000000b225cf9f10
Event: 36.540 Thread 0x00000258deb178a0 DEOPT UNPACKING pc=0x0000025887585ba3 sp=0x000000b225cf9ed0 mode 2
Event: 36.540 Thread 0x00000258deb178a0 Uncommon trap: trap_request=0xffffffbe fr.pc=0x0000025887f56bb8 relative=0x00000000000061d8
Event: 36.540 Thread 0x00000258deb178a0 Uncommon trap: reason=profile_predicate action=maybe_recompile pc=0x0000025887f56bb8 method=org.antlr.v4.runtime.atn.PredictionContext.getCachedContext(Lorg/antlr/v4/runtime/atn/PredictionContext;Lorg/antlr/v4/runtime/atn/PredictionContextCache;Ljava/util
Event: 36.540 Thread 0x00000258deb178a0 DEOPT PACKING pc=0x0000025887f56bb8 sp=0x000000b225cf9db0
Event: 36.540 Thread 0x00000258deb178a0 DEOPT UNPACKING pc=0x0000025887585ba3 sp=0x000000b225cf9d88 mode 2
Event: 36.541 Thread 0x00000258deb178a0 Uncommon trap: trap_request=0xffffffbe fr.pc=0x0000025887f56bb8 relative=0x00000000000061d8
Event: 36.541 Thread 0x00000258deb178a0 Uncommon trap: reason=profile_predicate action=maybe_recompile pc=0x0000025887f56bb8 method=org.antlr.v4.runtime.atn.PredictionContext.getCachedContext(Lorg/antlr/v4/runtime/atn/PredictionContext;Lorg/antlr/v4/runtime/atn/PredictionContextCache;Ljava/util
Event: 36.541 Thread 0x00000258deb178a0 DEOPT PACKING pc=0x0000025887f56bb8 sp=0x000000b225cfa1b0
Event: 36.541 Thread 0x00000258deb178a0 DEOPT UNPACKING pc=0x0000025887585ba3 sp=0x000000b225cfa170 mode 2
Event: 36.554 Thread 0x00000258deb178a0 Uncommon trap: trap_request=0xffffffbe fr.pc=0x0000025887f5f720 relative=0x0000000000000900
Event: 36.554 Thread 0x00000258deb178a0 Uncommon trap: reason=profile_predicate action=maybe_recompile pc=0x0000025887f5f720 method=org.antlr.v4.runtime.atn.ParserATNSimulator.canDropLoopEntryEdgeInLeftRecursiveRule(Lorg/antlr/v4/runtime/atn/ATNConfig;)Z @ 165 c2
Event: 36.554 Thread 0x00000258deb178a0 DEOPT PACKING pc=0x0000025887f5f720 sp=0x000000b225cf8010
Event: 36.554 Thread 0x00000258deb178a0 DEOPT UNPACKING pc=0x0000025887585ba3 sp=0x000000b225cf7f80 mode 2
Event: 36.890 Thread 0x00000258deb178a0 Uncommon trap: trap_request=0xffffffbe fr.pc=0x0000025887f5f720 relative=0x0000000000000900
Event: 36.890 Thread 0x00000258deb178a0 Uncommon trap: reason=profile_predicate action=maybe_recompile pc=0x0000025887f5f720 method=org.antlr.v4.runtime.atn.ParserATNSimulator.canDropLoopEntryEdgeInLeftRecursiveRule(Lorg/antlr/v4/runtime/atn/ATNConfig;)Z @ 165 c2
Event: 36.890 Thread 0x00000258deb178a0 DEOPT PACKING pc=0x0000025887f5f720 sp=0x000000b225cf7830
Event: 36.890 Thread 0x00000258deb178a0 DEOPT UNPACKING pc=0x0000025887585ba3 sp=0x000000b225cf77a0 mode 2

Classes unloaded (0 events):
No events

Classes redefined (0 events):
No events

Internal exceptions (20 events):
Event: 35.100 Thread 0x00000258decdd8f0 Exception <a 'java/lang/ClassNotFoundException'{0x000000074a5d9778}: org/springframework/context/support/LiveBeansView> (0x000000074a5d9778) 
thrown [s\open\src\hotspot\share\classfile\systemDictionary.cpp, line 256]
Event: 35.100 Thread 0x00000258decdd8f0 Exception <a 'java/lang/ClassNotFoundException'{0x000000074a5d9b28}: org/springframework/context/support/LiveBeansView> (0x000000074a5d9b28) 
thrown [s\open\src\hotspot\share\classfile\systemDictionary.cpp, line 256]
Event: 35.100 Thread 0x00000258decdd8f0 Exception <a 'java/lang/ClassNotFoundException'{0x000000074a5d9ed0}: org/springframework/context/support/LiveBeansView> (0x000000074a5d9ed0) 
thrown [s\open\src\hotspot\share\classfile\systemDictionary.cpp, line 256]
Event: 35.100 Thread 0x00000258decdd8f0 Exception <a 'java/lang/ClassNotFoundException'{0x000000074a5da290}: org/springframework/context/support/LiveBeansView> (0x000000074a5da290) 
thrown [s\open\src\hotspot\share\classfile\systemDictionary.cpp, line 256]
Event: 35.100 Thread 0x00000258decdd8f0 Exception <a 'java/lang/ClassNotFoundException'{0x000000074a5da8c0}: org/springframework/context/support/LiveBeansView> (0x000000074a5da8c0) 
thrown [s\open\src\hotspot\share\classfile\systemDictionary.cpp, line 256]
Event: 35.100 Thread 0x00000258decdd8f0 Exception <a 'java/lang/ClassNotFoundException'{0x000000074a5dac80}: org/springframework/context/support/LiveBeansView> (0x000000074a5dac80) 
thrown [s\open\src\hotspot\share\classfile\systemDictionary.cpp, line 256]
Event: 35.100 Thread 0x00000258decdd8f0 Exception <a 'java/lang/ClassNotFoundException'{0x000000074a5db038}: org/springframework/context/support/LiveBeansView> (0x000000074a5db038) 
thrown [s\open\src\hotspot\share\classfile\systemDictionary.cpp, line 256]
Event: 35.100 Thread 0x00000258decdd8f0 Exception <a 'java/lang/ClassNotFoundException'{0x000000074a5db3e8}: org/springframework/context/support/LiveBeansView> (0x000000074a5db3e8) 
thrown [s\open\src\hotspot\share\classfile\systemDictionary.cpp, line 256]
Event: 35.100 Thread 0x00000258decdd8f0 Exception <a 'java/lang/ClassNotFoundException'{0x000000074a5db7b0}: org/springframework/context/support/LiveBeansView> (0x000000074a5db7b0) 
thrown [s\open\src\hotspot\share\classfile\systemDictionary.cpp, line 256]
Event: 35.101 Thread 0x00000258decdd8f0 Exception <a 'java/lang/ClassNotFoundException'{0x000000074a5dbb70}: org/springframework/context/support/LiveBeansView> (0x000000074a5dbb70) 
thrown [s\open\src\hotspot\share\classfile\systemDictionary.cpp, line 256]
Event: 35.101 Thread 0x00000258decdd8f0 Exception <a 'java/lang/ClassNotFoundException'{0x000000074a5dbf30}: org/springframework/context/support/LiveBeansView> (0x000000074a5dbf30) 
thrown [s\open\src\hotspot\share\classfile\systemDictionary.cpp, line 256]
Event: 35.101 Thread 0x00000258decdd8f0 Exception <a 'java/lang/ClassNotFoundException'{0x000000074a200200}: org/springframework/context/support/LiveBeansView> (0x000000074a200200) 
thrown [s\open\src\hotspot\share\classfile\systemDictionary.cpp, line 256]
Event: 35.101 Thread 0x00000258decdd8f0 Exception <a 'java/lang/ClassNotFoundException'{0x000000074a200800}: org/springframework/context/support/LiveBeansView> (0x000000074a200800) 
thrown [s\open\src\hotspot\share\classfile\systemDictionary.cpp, line 256]
Event: 35.101 Thread 0x00000258decdd8f0 Exception <a 'java/lang/ClassNotFoundException'{0x000000074a200bb8}: org/springframework/context/support/LiveBeansView> (0x000000074a200bb8) 
thrown [s\open\src\hotspot\share\classfile\systemDictionary.cpp, line 256]
Event: 35.101 Thread 0x00000258decdd8f0 Exception <a 'java/lang/ClassNotFoundException'{0x000000074a200f60}: org/springframework/context/support/LiveBeansView> (0x000000074a200f60) 
thrown [s\open\src\hotspot\share\classfile\systemDictionary.cpp, line 256]
Event: 35.105 Thread 0x00000258decdd8f0 Exception <a 'java/lang/ClassNotFoundException'{0x000000074a2b4b00}: org/springframework/context/support/LiveBeansView> (0x000000074a2b4b00) 
thrown [s\open\src\hotspot\share\classfile\systemDictionary.cpp, line 256]
Event: 35.106 Thread 0x00000258decdd8f0 Exception <a 'java/lang/ClassNotFoundException'{0x000000074a2b4ec8}: org/springframework/context/support/LiveBeansView> (0x000000074a2b4ec8) 
thrown [s\open\src\hotspot\share\classfile\systemDictionary.cpp, line 256]
Event: 35.106 Thread 0x00000258decdd8f0 Exception <a 'java/lang/ClassNotFoundException'{0x000000074a2b5278}: org/springframework/context/support/LiveBeansView> (0x000000074a2b5278) 
thrown [s\open\src\hotspot\share\classfile\systemDictionary.cpp, line 256]
Event: 35.106 Thread 0x00000258decdd8f0 Exception <a 'java/lang/ClassNotFoundException'{0x000000074a2b5628}: org/springframework/context/support/LiveBeansView> (0x000000074a2b5628) 
thrown [s\open\src\hotspot\share\classfile\systemDictionary.cpp, line 256]
Event: 35.108 Thread 0x00000258decdd8f0 Exception <a 'java/lang/reflect/InvocationTargetException'{0x000000074a31f0d0}> (0x000000074a31f0d0) 
thrown [s\open\src\hotspot\share\runtime\reflection.cpp, line 1121]

VM Operations (20 events):
Event: 34.751 Executing VM operation: G1CollectForAllocation done
Event: 34.806 Executing VM operation: G1CollectForAllocation
Event: 34.812 Executing VM operation: G1CollectForAllocation done
Event: 35.001 Executing VM operation: G1CollectForAllocation
Event: 35.005 Executing VM operation: G1CollectForAllocation done
Event: 35.131 Executing VM operation: G1Concurrent
Event: 35.139 Executing VM operation: G1Concurrent done
Event: 35.182 Executing VM operation: G1CollectForAllocation
Event: 35.190 Executing VM operation: G1CollectForAllocation done
Event: 35.195 Executing VM operation: G1Concurrent
Event: 35.195 Executing VM operation: G1Concurrent done
Event: 36.078 Executing VM operation: G1CollectForAllocation
Event: 36.088 Executing VM operation: G1CollectForAllocation done
Event: 36.098 Executing VM operation: G1CollectForAllocation
Event: 36.108 Executing VM operation: G1CollectForAllocation done
Event: 36.489 Executing VM operation: G1CollectForAllocation
Event: 36.513 Executing VM operation: G1CollectForAllocation done
Event: 36.798 Executing VM operation: G1CollectForAllocation
Event: 36.830 Executing VM operation: G1CollectForAllocation done
Event: 36.967 Executing VM operation: G1CollectForAllocation

Events (20 events):
Event: 31.099 loading class java/util/regex/Pattern$LookBehindEndNode done
Event: 31.100 loading class java/util/regex/Pattern$NotBehind
Event: 31.100 loading class java/util/regex/Pattern$NotBehind done
Event: 31.100 loading class java/util/regex/Pattern$Behind
Event: 31.101 loading class java/util/regex/Pattern$Behind done
Event: 31.457 loading class java/util/stream/SortedOps$SizedRefSortingSink
Event: 31.457 loading class java/util/stream/SortedOps$SizedRefSortingSink done
Event: 31.485 loading class javax/net/ssl/SSLException
Event: 31.485 loading class javax/net/ssl/SSLException done
Event: 31.513 loading class java/nio/channels/CompletionHandler
Event: 31.513 loading class java/nio/channels/CompletionHandler done
Event: 31.573 Thread 0x00000258df6df3c0 Thread added: 0x00000258df6df3c0
Event: 31.580 Thread 0x00000258df6df8d0 Thread added: 0x00000258df6df8d0
Event: 31.626 Thread 0x00000258df6e1c40 Thread added: 0x00000258df6e1c40
Event: 31.884 loading class java/util/EmptyStackException
Event: 31.884 loading class java/util/EmptyStackException done
Event: 32.488 loading class java/io/InvalidClassException
Event: 32.488 loading class java/io/InvalidClassException done
Event: 32.537 loading class java/util/ArrayList$ListItr
Event: 32.538 loading class java/util/ArrayList$ListItr done


Dynamic libraries:
0x00007ff75a030000 - 0x00007ff75a040000 	C:\Program Files\Java\jdk-17.0.12\bin\java.exe
0x00007ffaad5b0000 - 0x00007ffaad7c7000 	C:\WINDOWS\SYSTEM32\ntdll.dll
0x00007ffaab9f0000 - 0x00007ffaabab4000 	C:\WINDOWS\System32\KERNEL32.DLL
0x00007ffaaaa70000 - 0x00007ffaaae43000 	C:\WINDOWS\System32\KERNELBASE.dll
0x00007ffaaa770000 - 0x00007ffaaa881000 	C:\WINDOWS\System32\ucrtbase.dll
0x00007ffa71450000 - 0x00007ffa71469000 	C:\Program Files\Java\jdk-17.0.12\bin\jli.dll
0x00007ffaab250000 - 0x00007ffaab301000 	C:\WINDOWS\System32\ADVAPI32.dll
0x00007ffaac790000 - 0x00007ffaac837000 	C:\WINDOWS\System32\msvcrt.dll
0x00007ffaac650000 - 0x00007ffaac6f8000 	C:\WINDOWS\System32\sechost.dll
0x00007ffaaa740000 - 0x00007ffaaa768000 	C:\WINDOWS\System32\bcrypt.dll
0x00007ffaad450000 - 0x00007ffaad564000 	C:\WINDOWS\System32\RPCRT4.dll
0x00007ffaab7b0000 - 0x00007ffaab961000 	C:\WINDOWS\System32\USER32.dll
0x00007ffaab040000 - 0x00007ffaab066000 	C:\WINDOWS\System32\win32u.dll
0x00007ffaabac0000 - 0x00007ffaabae9000 	C:\WINDOWS\System32\GDI32.dll
0x00007ffaab130000 - 0x00007ffaab24b000 	C:\WINDOWS\System32\gdi32full.dll
0x00007ffaaa9d0000 - 0x00007ffaaaa6a000 	C:\WINDOWS\System32\msvcp_win.dll
0x00007ffaa6210000 - 0x00007ffaa621a000 	C:\WINDOWS\SYSTEM32\VERSION.dll
0x00007ffa909a0000 - 0x00007ffa90c38000 	C:\WINDOWS\WinSxS\amd64_microsoft.windows.common-controls_6595b64144ccf1df_6.0.22621.5124_none_270e8f4f7386d69d\COMCTL32.dll
0x00007ffa71430000 - 0x00007ffa7144b000 	C:\Program Files\Java\jdk-17.0.12\bin\VCRUNTIME140.dll
0x00007ffaac890000 - 0x00007ffaac8c1000 	C:\WINDOWS\System32\IMM32.DLL
0x00007ffa970e0000 - 0x00007ffa970ec000 	C:\Program Files\Java\jdk-17.0.12\bin\vcruntime140_1.dll
0x00007ffa6d1c0000 - 0x00007ffa6d24e000 	C:\Program Files\Java\jdk-17.0.12\bin\msvcp140.dll
0x00007ff9ea290000 - 0x00007ff9eae70000 	C:\Program Files\Java\jdk-17.0.12\bin\server\jvm.dll
0x00007ffaabaf0000 - 0x00007ffaabaf8000 	C:\WINDOWS\System32\PSAPI.DLL
0x00007ffaa6390000 - 0x00007ffaa63c4000 	C:\WINDOWS\SYSTEM32\WINMM.dll
0x00007ffa97300000 - 0x00007ffa97309000 	C:\WINDOWS\SYSTEM32\WSOCK32.dll
0x00007ffaab730000 - 0x00007ffaab7a1000 	C:\WINDOWS\System32\WS2_32.dll
0x00007ffaa96b0000 - 0x00007ffaa96c8000 	C:\WINDOWS\SYSTEM32\kernel.appcore.dll
0x00007ffa93730000 - 0x00007ffa9373a000 	C:\Program Files\Java\jdk-17.0.12\bin\jimage.dll
0x00007ffaa7ff0000 - 0x00007ffaa8222000 	C:\WINDOWS\SYSTEM32\DBGHELP.DLL
0x00007ffaabb80000 - 0x00007ffaabf12000 	C:\WINDOWS\System32\combase.dll
0x00007ffaad370000 - 0x00007ffaad447000 	C:\WINDOWS\System32\OLEAUT32.dll
0x00007ffa8e6e0000 - 0x00007ffa8e712000 	C:\WINDOWS\SYSTEM32\dbgcore.DLL
0x00007ffaaafc0000 - 0x00007ffaab03b000 	C:\WINDOWS\System32\bcryptPrimitives.dll
0x00007ffa6d180000 - 0x00007ffa6d1bb000 	C:\Program Files\Java\jdk-17.0.12\bin\jdwp.dll
0x00007ffa6d150000 - 0x00007ffa6d175000 	C:\Program Files\Java\jdk-17.0.12\bin\java.dll
0x00007ffa64770000 - 0x00007ffa64847000 	C:\Program Files\Java\jdk-17.0.12\bin\jsvml.dll
0x00007ffaacad0000 - 0x00007ffaad366000 	C:\WINDOWS\System32\SHELL32.dll
0x00007ffaaa890000 - 0x00007ffaaa9cf000 	C:\WINDOWS\System32\wintypes.dll
0x00007ffaa8590000 - 0x00007ffaa8eaa000 	C:\WINDOWS\SYSTEM32\windows.storage.dll
0x00007ffaab4c0000 - 0x00007ffaab5ca000 	C:\WINDOWS\System32\SHCORE.dll
0x00007ffaac040000 - 0x00007ffaac0a3000 	C:\WINDOWS\System32\shlwapi.dll
0x00007ffaaa5f0000 - 0x00007ffaaa61b000 	C:\WINDOWS\SYSTEM32\profapi.dll
0x00007ffa90130000 - 0x00007ffa9013c000 	C:\Program Files\Java\jdk-17.0.12\bin\dt_socket.dll
0x00007ffaa9110000 - 0x00007ffaa913d000 	C:\WINDOWS\SYSTEM32\IPHLPAPI.DLL
0x00007ffaa9ba0000 - 0x00007ffaa9c0a000 	C:\WINDOWS\system32\mswsock.dll
0x00007ffaa9180000 - 0x00007ffaa9282000 	C:\WINDOWS\SYSTEM32\DNSAPI.dll
0x00007ffaac030000 - 0x00007ffaac039000 	C:\WINDOWS\System32\NSI.dll
0x00007ffa95e10000 - 0x00007ffa95e1a000 	C:\Windows\System32\rasadhlp.dll
0x00007ffaa39b0000 - 0x00007ffaa3a33000 	C:\WINDOWS\System32\fwpuclnt.dll
0x00007ffa6d130000 - 0x00007ffa6d149000 	C:\Program Files\Java\jdk-17.0.12\bin\net.dll
0x00007ffaa5cc0000 - 0x00007ffaa5dec000 	C:\WINDOWS\SYSTEM32\WINHTTP.dll
0x00007ffa6d110000 - 0x00007ffa6d126000 	C:\Program Files\Java\jdk-17.0.12\bin\nio.dll
0x00007ffa6d0f0000 - 0x00007ffa6d108000 	C:\Program Files\Java\jdk-17.0.12\bin\zip.dll
0x00007ffa84af0000 - 0x00007ffa84afa000 	C:\Program Files\Java\jdk-17.0.12\bin\management.dll
0x00007ffa80b30000 - 0x00007ffa80b3b000 	C:\Program Files\Java\jdk-17.0.12\bin\management_ext.dll
0x00007ffa8e0f0000 - 0x00007ffa8e107000 	C:\WINDOWS\system32\napinsp.dll
0x00007ffa8e0d0000 - 0x00007ffa8e0eb000 	C:\WINDOWS\system32\pnrpnsp.dll
0x00007ffa8e0b0000 - 0x00007ffa8e0c1000 	C:\WINDOWS\System32\winrnr.dll
0x00007ffa8d600000 - 0x00007ffa8d615000 	C:\WINDOWS\system32\wshbth.dll
0x00007ffa8d5b0000 - 0x00007ffa8d5d7000 	C:\WINDOWS\system32\nlansp_c.dll
0x00007ffaa9e20000 - 0x00007ffaa9e3b000 	C:\WINDOWS\SYSTEM32\CRYPTSP.dll
0x00007ffaa9610000 - 0x00007ffaa9647000 	C:\WINDOWS\system32\rsaenh.dll
0x00007ffaa9cc0000 - 0x00007ffaa9ce8000 	C:\WINDOWS\SYSTEM32\USERENV.dll
0x00007ffaa9e40000 - 0x00007ffaa9e4c000 	C:\WINDOWS\SYSTEM32\CRYPTBASE.dll
0x00007ffaa6220000 - 0x00007ffaa6239000 	C:\WINDOWS\SYSTEM32\dhcpcsvc6.DLL
0x00007ffaa6100000 - 0x00007ffaa611f000 	C:\WINDOWS\SYSTEM32\dhcpcsvc.DLL
0x00007ffa79af0000 - 0x00007ffa79afe000 	C:\Program Files\Java\jdk-17.0.12\bin\sunmscapi.dll
0x00007ffaaae50000 - 0x00007ffaaafb7000 	C:\WINDOWS\System32\CRYPT32.dll
0x00007ffaaa050000 - 0x00007ffaaa07d000 	C:\WINDOWS\SYSTEM32\ncrypt.dll
0x00007ffaaa010000 - 0x00007ffaaa047000 	C:\WINDOWS\SYSTEM32\NTASN1.dll
0x00007ffa7f300000 - 0x00007ffa7f310000 	C:\Program Files\Java\jdk-17.0.12\bin\verify.dll

dbghelp: loaded successfully - version: 4.0.5 - missing functions: none
symbol engine: initialized successfully - sym options: 0x614 - pdb path: .;C:\Program Files\Java\jdk-17.0.12\bin;C:\WINDOWS\SYSTEM32;C:\WINDOWS\WinSxS\amd64_microsoft.windows.common-controls_6595b64144ccf1df_6.0.22621.5124_none_270e8f4f7386d69d;C:\Program Files\Java\jdk-17.0.12\bin\server

VM Arguments:
jvm_args: -agentlib:jdwp=transport=dt_socket,server=n,suspend=y,address=localhost:53633 -XX:+ShowCodeDetailsInExceptionMessages -Dspring.jmx.enabled=true -Dmanagement.endpoints.jmx.exposure.include=* -Dspring.application.admin.enabled=true -Dspring.boot.project.name=thuexe -Djava.rmi.server.hostname=localhost -Dcom.sun.management.jmxremote.port=45556 -Dcom.sun.management.jmxremote.authenticate=false -Dcom.sun.management.jmxremote.ssl=false 
java_command: com.hcmute.thuexe.ThueXeApplication
java_class_path (initial): F:\22110372_DoPhuLuan\nam3\hkII\LapTrinhDiDong\ThueXeAPI\thuexe\target\classes;C:\Users\ADMIN\.m2\repository\org\springframework\boot\spring-boot-starter-actuator\3.4.4\spring-boot-starter-actuator-3.4.4.jar;C:\Users\ADMIN\.m2\repository\org\springframework\boot\spring-boot-starter\3.4.4\spring-boot-starter-3.4.4.jar;C:\Users\ADMIN\.m2\repository\org\springframework\boot\spring-boot-starter-logging\3.4.4\spring-boot-starter-logging-3.4.4.jar;C:\Users\ADMIN\.m2\repository\ch\qos\logback\logback-classic\1.5.18\logback-classic-1.5.18.jar;C:\Users\ADMIN\.m2\repository\ch\qos\logback\logback-core\1.5.18\logback-core-1.5.18.jar;C:\Users\ADMIN\.m2\repository\org\apache\logging\log4j\log4j-to-slf4j\2.24.3\log4j-to-slf4j-2.24.3.jar;C:\Users\ADMIN\.m2\repository\org\apache\logging\log4j\log4j-api\2.24.3\log4j-api-2.24.3.jar;C:\Users\ADMIN\.m2\repository\org\slf4j\jul-to-slf4j\2.0.17\jul-to-slf4j-2.0.17.jar;C:\Users\ADMIN\.m2\repository\jakarta\annotation\jakarta.annotation-api\2.1.1\jakarta.annotation-api-2.1.1.jar;C:\Users\ADMIN\.m2\repository\org\yaml\snakeyaml\2.3\snakeyaml-2.3.jar;C:\Users\ADMIN\.m2\repository\org\springframework\boot\spring-boot-actuator-autoconfigure\3.4.4\spring-boot-actuator-autoconfigure-3.4.4.jar;C:\Users\ADMIN\.m2\repository\org\springframework\boot\spring-boot-actuator\3.4.4\spring-boot-actuator-3.4.4.jar;C:\Users\ADMIN\.m2\repository\com\fasterxml\jackson\datatype\jackson-datatype-jsr310\2.18.3\jackson-datatype-jsr310-2.18.3.jar;C:\Users\ADMIN\.m2\repository\io\micrometer\micrometer-observation\1.14.5\micrometer-observation-1.14.5.jar;C:\Users\ADMIN\.m2\repository\io\micrometer\micrometer-commons\1.14.5\micrometer-commons-1.14.5.jar;C:\Users\ADMIN\.m2\repository\io\micrometer\micrometer-jakarta9\1.14.5\micrometer-jakarta9-1.14.5.jar;C:\Users\ADMIN\.m2\repository\io\micrometer\micrometer-core\1.14.5\micrometer-core-1.14.5.jar;C:\Users\ADMIN\.m2\repository\org\hdrhistogram\HdrHistogram\2.2.2\HdrHistogram-2.2.2.jar;C:\Us
Launcher Type: SUN_STANDARD

[Global flags]
     intx CICompilerCount                          = 4                                         {product} {ergonomic}
     uint ConcGCThreads                            = 2                                         {product} {ergonomic}
     uint G1ConcRefinementThreads                  = 8                                         {product} {ergonomic}
   size_t G1HeapRegionSize                         = 2097152                                   {product} {ergonomic}
    uintx GCDrainStackTargetSize                   = 64                                        {product} {ergonomic}
   size_t InitialHeapSize                          = 199229440                                 {product} {ergonomic}
     bool ManagementServer                         = true                                      {product} {command line}
   size_t MarkStackSize                            = 4194304                                   {product} {ergonomic}
   size_t MaxHeapSize                              = 3160408064                                {product} {ergonomic}
   size_t MaxNewSize                               = 1895825408                                {product} {ergonomic}
   size_t MinHeapDeltaBytes                        = 2097152                                   {product} {ergonomic}
   size_t MinHeapSize                              = 8388608                                   {product} {ergonomic}
    uintx NonNMethodCodeHeapSize                   = 5839372                                {pd product} {ergonomic}
    uintx NonProfiledCodeHeapSize                  = 122909434                              {pd product} {ergonomic}
    uintx ProfiledCodeHeapSize                     = 122909434                              {pd product} {ergonomic}
    uintx ReservedCodeCacheSize                    = 251658240                              {pd product} {ergonomic}
     bool SegmentedCodeCache                       = true                                      {product} {ergonomic}
     bool ShowCodeDetailsInExceptionMessages       = true                                   {manageable} {command line}
   size_t SoftMaxHeapSize                          = 3160408064                             {manageable} {ergonomic}
     bool UseCompressedClassPointers               = true                           {product lp64_product} {ergonomic}
     bool UseCompressedOops                        = true                           {product lp64_product} {ergonomic}
     bool UseG1GC                                  = true                                      {product} {ergonomic}
     bool UseLargePagesIndividualAllocation        = false                                  {pd product} {ergonomic}

Logging:
Log output configuration:
 #0: stdout all=warning uptime,level,tags
 #1: stderr all=off uptime,level,tags

Environment Variables:
JAVA_HOME=C:\Program Files\Java\jdk-23.0.2
PATH=C:\Program Files\Java\jdk-23.0.2\bin;C:\Program Files\Java\jdk-17.0.12\bin;C:\Program Files\Common Files\Oracle\Java\javapath;C:\Program Files (x86)\Common Files\Oracle\Java\javapath;C:\WINDOWS\system32;C:\WINDOWS;C:\WINDOWS\System32\Wbem;C:\WINDOWS\System32\WindowsPowerShell\v1.0\;C:\WINDOWS\System32\OpenSSH\;C:\Program Files\Microsoft SQL Server\150\Tools\Binn\;C:\Program Files\Microsoft SQL Server\Client SDK\ODBC\170\Tools\Binn\;C:\Program Files\dotnet\;C:\Program Files (x86)\Microsoft SQL Server\150\Tools\Binn\;C:\Program Files\Microsoft SQL Server\150\DTS\Binn\;C:\Program Files (x86)\Microsoft SQL Server\160\DTS\Binn\;C:\Program Files\Git\cmd;C:\Program Files\TortoiseGit\bin;C:\maven\apache-maven-3.9.9\bin;C:\Users\ADMIN\AppData\Local\Programs\Python\Python310\Scripts;C:\Users\ADMIN\AppData\Local\Programs\Python\Python310\;C:\Users\ADMIN\AppData\Local\Programs\Python\Python310\Scripts\;C:\Users\ADMIN\AppData\Local\Programs\Python\Python310\;C:\Program Files\Java\jdk-23.0.2\bin;C:\Program Files\Java\jdk-17.0.12\bin;C:\Program Files\Common Files\Oracle\Java\javapath;C:\Program Files (x86)\Common Files\Oracle\Java\javapath;C:\WINDOWS\system32;C:\WINDOWS;C:\WINDOWS\System32\Wbem;C:\WINDOWS\System32\WindowsPowerShell\v1.0\;C:\WINDOWS\System32\OpenSSH\;C:\Program Files\Microsoft SQL Server\150\Tools\Binn\;C:\Program Files\Microsoft SQL Server\Client SDK\ODBC\170\Tools\Binn\;C:\Program Files\dotnet\;C:\Program Files (x86)\Microsoft SQL Server\150\Tools\Binn\;C:\Program Files\Microsoft SQL Server\150\DTS\Binn\;C:\Program Files (x86)\Microsoft SQL Server\160\DTS\Binn\;C:\Program Files\Git\cmd;C:\Program Files\TortoiseGit\bin;C:\maven\apache-maven-3.9.9\bin;C:\Users\ADMIN\AppData\Local\Programs\Python\Python310\Scripts;C:\Users\ADMIN\AppData\Local\Programs\Python\Python310\;;C:\Program Files\Graphviz\bin;C:\Users\ADMIN\AppData\Local\Programs\Microsoft VS Code\bin;C:\Program Files\Mozilla Firefox;C:\Users\ADMIN\AppData\Roaming\Python\Python313\Scripts;
USERNAME=ADMIN
LANG=en_US.UTF-8
OS=Windows_NT
PROCESSOR_IDENTIFIER=Intel64 Family 6 Model 126 Stepping 5, GenuineIntel



---------------  S Y S T E M  ---------------

OS:
 Windows 11 , 64 bit Build 22621 (10.0.22621.5124)
OS uptime: 0 days 1:13 hours
Hyper-V role detected

CPU: total 8 (initial active 8) (4 cores per cpu, 2 threads per core) family 6 model 126 stepping 5 microcode 0xbc, cx8, cmov, fxsr, ht, mmx, 3dnowpref, sse, sse2, sse3, ssse3, sse4.1, sse4.2, popcnt, lzcnt, tsc, tscinvbit, avx, avx2, aes, erms, clmul, bmi1, bmi2, adx, avx512f, avx512dq, avx512cd, avx512bw, avx512vl, sha, fma, vzeroupper, avx512_vpopcntdq, avx512_vpclmulqdq, avx512_vaes, avx512_vnni, clflush, clflushopt, avx512_vbmi2, avx512_vbmi, hv

Memory: 4k page, system-wide physical 12055M (268M free)
TotalPageFile size 19997M (AvailPageFile size 218M)
current process WorkingSet (physical memory assigned to process): 452M, peak: 456M
current process commit charge ("private bytes"): 493M, peak: 810M

vm_info: Java HotSpot(TM) 64-Bit Server VM (17.0.12+8-LTS-286) for windows-amd64 JRE (17.0.12+8-LTS-286), built on Jun  5 2024 06:46:59 by "mach5one" with MS VC++ 17.6 (VS2022)

END.
