#
# There is insufficient memory for the Java Runtime Environment to continue.
# Native memory allocation (malloc) failed to allocate 1074656 bytes for Chunk::new
# Possible reasons:
#   The system is out of physical RAM or swap space
#   The process is running with CompressedOops enabled, and the Java Heap may be blocking the growth of the native heap
# Possible solutions:
#   Reduce memory load on the system
#   Increase physical memory or swap space
#   Check if swap backing store is full
#   Decrease Java heap size (-Xmx/-Xms)
#   Decrease number of Java threads
#   Decrease Java thread stack sizes (-Xss)
#   Set larger code cache with -XX:ReservedCodeCacheSize=
#   JVM is running with Zero Based Compressed Oops mode in which the Java heap is
#     placed in the first 32GB address space. The Java Heap base address is the
#     maximum limit for the native heap growth. Please use -XX:HeapBaseMinAddress
#     to set the Java Heap base and to place the Java Heap above 32GB virtual address.
# This output file may be truncated or incomplete.
#
#  Out of Memory Error (arena.cpp:189), pid=16412, tid=8672
#
# JRE version: Java(TM) SE Runtime Environment (17.0.12+8) (build 17.0.12+8-LTS-286)
# Java VM: Java HotSpot(TM) 64-Bit Server VM (17.0.12+8-LTS-286, mixed mode, sharing, tiered, compressed oops, compressed class ptrs, g1 gc, windows-amd64)
# No core dump will be written. Minidumps are not enabled by default on client versions of Windows
#

---------------  S U M M A R Y ------------

Command Line: -agentlib:jdwp=transport=dt_socket,server=n,suspend=y,address=localhost:55335 -XX:+ShowCodeDetailsInExceptionMessages -Dspring.jmx.enabled=true -Dmanagement.endpoints.jmx.exposure.include=* -Dspring.application.admin.enabled=true -Dspring.boot.project.name=thuexe -Djava.rmi.server.hostname=localhost -Dcom.sun.management.jmxremote.port=45556 -Dcom.sun.management.jmxremote.authenticate=false -Dcom.sun.management.jmxremote.ssl=false com.hcmute.thuexe.ThueXeApplication

Host: Intel(R) Core(TM) i5-1035G1 CPU @ 1.00GHz, 8 cores, 11G,  Windows 11 , 64 bit Build 22621 (10.0.22621.5124)
Time: Sat May 10 16:20:52 2025 SE Asia Standard Time elapsed time: 34.904460 seconds (0d 0h 0m 34s)

---------------  T H R E A D  ---------------

Current thread (0x00000270f4f07310):  JavaThread "C2 CompilerThread1" daemon [_thread_in_native, id=8672, stack(0x000000ff54100000,0x000000ff54200000)]


Current CompileTask:
C2:  34904 7747       4       org.antlr.v4.runtime.atn.PredictionContext::getCachedContext (261 bytes)

Stack: [0x000000ff54100000,0x000000ff54200000]
Native frames: (J=compiled Java code, j=interpreted, Vv=VM code, C=native code)
V  [jvm.dll+0x67a04a]
V  [jvm.dll+0x7da4ed]
V  [jvm.dll+0x7dbe33]
V  [jvm.dll+0x7dc4a3]
V  [jvm.dll+0x24508f]
V  [jvm.dll+0xab773]
V  [jvm.dll+0xabd3c]
V  [jvm.dll+0x2aa52f]
V  [jvm.dll+0x581eb9]
V  [jvm.dll+0x21f422]
V  [jvm.dll+0x21f81f]
V  [jvm.dll+0x218aa0]
V  [jvm.dll+0x215b65]
V  [jvm.dll+0x1a2960]
V  [jvm.dll+0x22610b]
V  [jvm.dll+0x2242ab]
V  [jvm.dll+0x79075c]
V  [jvm.dll+0x78abea]
V  [jvm.dll+0x678f35]
C  [ucrtbase.dll+0x29333]
C  [KERNEL32.DLL+0x1259d]
C  [ntdll.dll+0x5af38]


---------------  P R O C E S S  ---------------

Threads class SMR info:
_java_thread_list=0x00000270f8df8d80, length=30, elements={
0x00000270cc06c4d0, 0x00000270ee61d5b0, 0x00000270ee61e580, 0x00000270ee634610,
0x00000270ee6370e0, 0x00000270ee639ab0, 0x00000270ee63a470, 0x00000270ee63b620,
0x00000270ee63f5d0, 0x00000270ee6493f0, 0x00000270ee86a1a0, 0x00000270ee9d7820,
0x00000270ee9d9cf0, 0x00000270ee9dcbf0, 0x00000270ee868340, 0x00000270ee86a6b0,
0x00000270ee869270, 0x00000270ee868d60, 0x00000270ee869780, 0x00000270ee86abc0,
0x00000270ee86baf0, 0x00000270f488b1e0, 0x00000270f488b6f0, 0x00000270f488a7c0,
0x00000270f4887520, 0x00000270f488a2b0, 0x00000270f4f07310, 0x00000270f488df70,
0x00000270f488c620, 0x00000270f488acd0
}

Java Threads: ( => current thread )
  0x00000270cc06c4d0 JavaThread "main" [_thread_blocked, id=13696, stack(0x000000ff52700000,0x000000ff52800000)]
  0x00000270ee61d5b0 JavaThread "Reference Handler" daemon [_thread_blocked, id=7760, stack(0x000000ff52e00000,0x000000ff52f00000)]
  0x00000270ee61e580 JavaThread "Finalizer" daemon [_thread_blocked, id=12912, stack(0x000000ff52f00000,0x000000ff53000000)]
  0x00000270ee634610 JavaThread "Signal Dispatcher" daemon [_thread_blocked, id=8360, stack(0x000000ff53000000,0x000000ff53100000)]
  0x00000270ee6370e0 JavaThread "Attach Listener" daemon [_thread_blocked, id=15532, stack(0x000000ff53100000,0x000000ff53200000)]
  0x00000270ee639ab0 JavaThread "Service Thread" daemon [_thread_blocked, id=16908, stack(0x000000ff53200000,0x000000ff53300000)]
  0x00000270ee63a470 JavaThread "Monitor Deflation Thread" daemon [_thread_blocked, id=11124, stack(0x000000ff53300000,0x000000ff53400000)]
  0x00000270ee63b620 JavaThread "C2 CompilerThread0" daemon [_thread_in_native, id=8212, stack(0x000000ff53400000,0x000000ff53500000)]
  0x00000270ee63f5d0 JavaThread "C1 CompilerThread0" daemon [_thread_blocked, id=4200, stack(0x000000ff53500000,0x000000ff53600000)]
  0x00000270ee6493f0 JavaThread "Sweeper thread" daemon [_thread_blocked, id=10892, stack(0x000000ff53600000,0x000000ff53700000)]
  0x00000270ee86a1a0 JavaThread "Common-Cleaner" daemon [_thread_blocked, id=16252, stack(0x000000ff53700000,0x000000ff53800000)]
  0x00000270ee9d7820 JavaThread "JDWP Transport Listener: dt_socket" daemon [_thread_blocked, id=8352, stack(0x000000ff53900000,0x000000ff53a00000)]
  0x00000270ee9d9cf0 JavaThread "JDWP Event Helper Thread" daemon [_thread_blocked, id=10720, stack(0x000000ff53a00000,0x000000ff53b00000)]
  0x00000270ee9dcbf0 JavaThread "JDWP Command Reader" daemon [_thread_in_native, id=16560, stack(0x000000ff53b00000,0x000000ff53c00000)]
  0x00000270ee868340 JavaThread "Notification Thread" daemon [_thread_blocked, id=4180, stack(0x000000ff53c00000,0x000000ff53d00000)]
  0x00000270ee86a6b0 JavaThread "RMI TCP Accept-0" daemon [_thread_in_native, id=8924, stack(0x000000ff53800000,0x000000ff53900000)]
  0x00000270ee869270 JavaThread "RMI TCP Accept-45556" daemon [_thread_in_native, id=3100, stack(0x000000ff53d00000,0x000000ff53e00000)]
  0x00000270ee868d60 JavaThread "RMI TCP Accept-0" daemon [_thread_in_native, id=10452, stack(0x000000ff53e00000,0x000000ff53f00000)]
  0x00000270ee869780 JavaThread "Thread-0" [_thread_blocked, id=16540, stack(0x000000ff54a00000,0x000000ff54b00000)]
  0x00000270ee86abc0 JavaThread "restartedMain" [_thread_in_Java, id=10980, stack(0x000000ff54b00000,0x000000ff54c00000)]
  0x00000270ee86baf0 JavaThread "RMI TCP Connection(idle)" daemon [_thread_blocked, id=9520, stack(0x000000ff54c00000,0x000000ff54d00000)]
  0x00000270f488b1e0 JavaThread "RMI Scheduler(0)" daemon [_thread_blocked, id=3616, stack(0x000000ff54d00000,0x000000ff54e00000)]
  0x00000270f488b6f0 JavaThread "RMI TCP Connection(2)-127.0.0.1" daemon [_thread_in_native, id=9984, stack(0x000000ff54e00000,0x000000ff54f00000)]
  0x00000270f488a7c0 JavaThread "JMX server connection timeout 30" daemon [_thread_blocked, id=5128, stack(0x000000ff54f00000,0x000000ff55000000)]
  0x00000270f4887520 JavaThread "mysql-cj-abandoned-connection-cleanup" daemon [_thread_blocked, id=1640, stack(0x000000ff55000000,0x000000ff55100000)]
  0x00000270f488a2b0 JavaThread "HikariPool-1 housekeeper" daemon [_thread_blocked, id=2436, stack(0x000000ff55200000,0x000000ff55300000)]
=>0x00000270f4f07310 JavaThread "C2 CompilerThread1" daemon [_thread_in_native, id=8672, stack(0x000000ff54100000,0x000000ff54200000)]
  0x00000270f488df70 JavaThread "Catalina-utility-1" [_thread_blocked, id=16776, stack(0x000000ff55300000,0x000000ff55400000)]
  0x00000270f488c620 JavaThread "Catalina-utility-2" [_thread_blocked, id=10076, stack(0x000000ff55600000,0x000000ff55700000)]
  0x00000270f488acd0 JavaThread "container-0" [_thread_blocked, id=2432, stack(0x000000ff55700000,0x000000ff55800000)]

Other Threads:
  0x00000270ee617ac0 VMThread "VM Thread" [stack: 0x000000ff52d00000,0x000000ff52e00000] [id=6080]
  0x00000270f3301ba0 WatcherThread [stack: 0x000000ff53f00000,0x000000ff54000000] [id=9092]
  0x00000270cc0cd690 GCTaskThread "GC Thread#0" [stack: 0x000000ff52800000,0x000000ff52900000] [id=16124]
  0x00000270f3ec7ab0 GCTaskThread "GC Thread#1" [stack: 0x000000ff54200000,0x000000ff54300000] [id=14476]
  0x00000270f3ec7d70 GCTaskThread "GC Thread#2" [stack: 0x000000ff54300000,0x000000ff54400000] [id=4108]
  0x00000270f3c79e00 GCTaskThread "GC Thread#3" [stack: 0x000000ff54400000,0x000000ff54500000] [id=14804]
  0x00000270f3c7acf0 GCTaskThread "GC Thread#4" [stack: 0x000000ff54500000,0x000000ff54600000] [id=13248]
  0x00000270f3d58240 GCTaskThread "GC Thread#5" [stack: 0x000000ff54600000,0x000000ff54700000] [id=15248]
  0x00000270f3cda160 GCTaskThread "GC Thread#6" [stack: 0x000000ff54700000,0x000000ff54800000] [id=3688]
  0x00000270f47ce9a0 GCTaskThread "GC Thread#7" [stack: 0x000000ff54800000,0x000000ff54900000] [id=9036]
  0x00000270cc0da230 ConcurrentGCThread "G1 Main Marker" [stack: 0x000000ff52900000,0x000000ff52a00000] [id=8372]
  0x00000270cc0dac40 ConcurrentGCThread "G1 Conc#0" [stack: 0x000000ff52a00000,0x000000ff52b00000] [id=2708]
  0x00000270f4b10cb0 ConcurrentGCThread "G1 Conc#1" [stack: 0x000000ff55100000,0x000000ff55200000] [id=9992]
  0x00000270ee4e30d0 ConcurrentGCThread "G1 Refine#0" [stack: 0x000000ff52b00000,0x000000ff52c00000] [id=11608]
  0x00000270f3ca7e40 ConcurrentGCThread "G1 Refine#1" [stack: 0x000000ff54900000,0x000000ff54a00000] [id=1428]
  0x00000270cc111f50 ConcurrentGCThread "G1 Service" [stack: 0x000000ff52c00000,0x000000ff52d00000] [id=3504]

Threads with active compile tasks:
C2 CompilerThread0    34971 7767       4       org.antlr.v4.runtime.atn.PredictionContext::mergeArrays (809 bytes)
C2 CompilerThread1    34971 7747       4       org.antlr.v4.runtime.atn.PredictionContext::getCachedContext (261 bytes)

VM state: not at safepoint (normal execution)

VM Mutex/Monitor currently owned by a thread: None

Heap address: 0x0000000743a00000, size: 3014 MB, Compressed Oops mode: Zero based, Oop shift amount: 3

CDS archive(s) mapped at: [0x0000027080000000-0x0000027080bd0000-0x0000027080bd0000), size 12386304, SharedBaseAddress: 0x0000027080000000, ArchiveRelocationMode: 1.
Compressed class space mapped at: 0x0000027081000000-0x00000270c1000000, reserved size: 1073741824
Narrow klass base: 0x0000027080000000, Narrow klass shift: 0, Narrow klass range: 0x100000000

GC Precious Log:
 CPUs: 8 total, 8 available
 Memory: 12055M
 Large Page Support: Disabled
 NUMA Support: Disabled
 Compressed Oops: Enabled (Zero based)
 Heap Region Size: 2M
 Heap Min Capacity: 8M
 Heap Initial Capacity: 190M
 Heap Max Capacity: 3014M
 Pre-touch: Disabled
 Parallel Workers: 8
 Concurrent Workers: 2
 Concurrent Refinement Workers: 8
 Periodic GC: Disabled

Heap:
 garbage-first heap   total 233472K, used 107437K [0x0000000743a00000, 0x0000000800000000)
  region size 2048K, 19 young (38912K), 2 survivors (4096K)
 Metaspace       used 73083K, committed 73664K, reserved 1114112K
  class space    used 10010K, committed 10304K, reserved 1048576K

Heap Regions: E=young(eden), S=young(survivor), O=old, HS=humongous(starts), HC=humongous(continues), CS=collection set, F=free, OA=open archive, CA=closed archive, TAMS=top-at-mark-start (previous, next)
|   0|0x0000000743a00000, 0x0000000743c00000, 0x0000000743c00000|100%| O|  |TAMS 0x0000000743c00000, 0x0000000743a00000| Untracked 
|   1|0x0000000743c00000, 0x0000000743e00000, 0x0000000743e00000|100%| O|  |TAMS 0x0000000743e00000, 0x0000000743c00000| Untracked 
|   2|0x0000000743e00000, 0x0000000744000000, 0x0000000744000000|100%| O|  |TAMS 0x0000000744000000, 0x0000000743e00000| Untracked 
|   3|0x0000000744000000, 0x00000007441f9e00, 0x0000000744200000| 98%| O|  |TAMS 0x00000007441f9e00, 0x0000000744000000| Untracked 
|   4|0x0000000744200000, 0x0000000744400000, 0x0000000744400000|100%| O|  |TAMS 0x0000000744400000, 0x0000000744200000| Untracked 
|   5|0x0000000744400000, 0x0000000744600000, 0x0000000744600000|100%| O|  |TAMS 0x0000000744600000, 0x0000000744400000| Untracked 
|   6|0x0000000744600000, 0x0000000744800000, 0x0000000744800000|100%| O|  |TAMS 0x0000000744800000, 0x0000000744600000| Untracked 
|   7|0x0000000744800000, 0x0000000744a00000, 0x0000000744a00000|100%| O|  |TAMS 0x0000000744a00000, 0x0000000744800000| Untracked 
|   8|0x0000000744a00000, 0x0000000744c00000, 0x0000000744c00000|100%| O|  |TAMS 0x0000000744c00000, 0x0000000744a00000| Untracked 
|   9|0x0000000744c00000, 0x0000000744e00000, 0x0000000744e00000|100%| O|  |TAMS 0x0000000744e00000, 0x0000000744c00000| Untracked 
|  10|0x0000000744e00000, 0x0000000745000000, 0x0000000745000000|100%| O|  |TAMS 0x0000000745000000, 0x0000000744e00000| Untracked 
|  11|0x0000000745000000, 0x0000000745200000, 0x0000000745200000|100%| O|  |TAMS 0x0000000745200000, 0x0000000745000000| Untracked 
|  12|0x0000000745200000, 0x0000000745400000, 0x0000000745400000|100%| O|  |TAMS 0x0000000745400000, 0x0000000745200000| Untracked 
|  13|0x0000000745400000, 0x0000000745600000, 0x0000000745600000|100%| O|  |TAMS 0x0000000745600000, 0x0000000745400000| Untracked 
|  14|0x0000000745600000, 0x0000000745800000, 0x0000000745800000|100%| O|  |TAMS 0x0000000745800000, 0x0000000745600000| Untracked 
|  15|0x0000000745800000, 0x0000000745a00000, 0x0000000745a00000|100%| O|  |TAMS 0x0000000745a00000, 0x0000000745800000| Untracked 
|  16|0x0000000745a00000, 0x0000000745c00000, 0x0000000745c00000|100%| O|  |TAMS 0x0000000745c00000, 0x0000000745a00000| Untracked 
|  17|0x0000000745c00000, 0x0000000745e00000, 0x0000000745e00000|100%| O|  |TAMS 0x0000000745e00000, 0x0000000745c00000| Untracked 
|  18|0x0000000745e00000, 0x0000000746000000, 0x0000000746000000|100%| O|  |TAMS 0x0000000746000000, 0x0000000745e00000| Untracked 
|  19|0x0000000746000000, 0x0000000746200000, 0x0000000746200000|100%| O|  |TAMS 0x0000000746200000, 0x0000000746000000| Untracked 
|  20|0x0000000746200000, 0x0000000746400000, 0x0000000746400000|100%| O|  |TAMS 0x0000000746400000, 0x0000000746200000| Untracked 
|  21|0x0000000746400000, 0x0000000746600000, 0x0000000746600000|100%| O|  |TAMS 0x0000000746600000, 0x0000000746400000| Untracked 
|  22|0x0000000746600000, 0x0000000746800000, 0x0000000746800000|100%| O|  |TAMS 0x0000000746800000, 0x0000000746600000| Untracked 
|  23|0x0000000746800000, 0x0000000746a00000, 0x0000000746a00000|100%| O|  |TAMS 0x0000000746a00000, 0x0000000746800000| Untracked 
|  24|0x0000000746a00000, 0x0000000746c00000, 0x0000000746c00000|100%| O|  |TAMS 0x0000000746c00000, 0x0000000746a00000| Untracked 
|  25|0x0000000746c00000, 0x0000000746e00000, 0x0000000746e00000|100%| O|  |TAMS 0x0000000746e00000, 0x0000000746c00000| Complete 
|  26|0x0000000746e00000, 0x0000000747000000, 0x0000000747000000|100%| O|  |TAMS 0x0000000747000000, 0x0000000746e00000| Untracked 
|  27|0x0000000747000000, 0x0000000747200000, 0x0000000747200000|100%| O|  |TAMS 0x0000000747200000, 0x0000000747000000| Untracked 
|  28|0x0000000747200000, 0x0000000747400000, 0x0000000747400000|100%| O|  |TAMS 0x0000000747400000, 0x0000000747200000| Untracked 
|  29|0x0000000747400000, 0x0000000747600000, 0x0000000747600000|100%| O|  |TAMS 0x0000000747600000, 0x0000000747400000| Untracked 
|  30|0x0000000747600000, 0x0000000747800000, 0x0000000747800000|100%| O|  |TAMS 0x0000000747800000, 0x0000000747600000| Untracked 
|  31|0x0000000747800000, 0x0000000747a00000, 0x0000000747a00000|100%| O|  |TAMS 0x0000000747a00000, 0x0000000747800000| Untracked 
|  32|0x0000000747a00000, 0x0000000747c00000, 0x0000000747c00000|100%| O|  |TAMS 0x0000000747a1ae00, 0x0000000747a00000| Untracked 
|  33|0x0000000747c00000, 0x0000000747e00000, 0x0000000747e00000|100%| O|  |TAMS 0x0000000747c00000, 0x0000000747c00000| Untracked 
|  34|0x0000000747e00000, 0x0000000747ef1800, 0x0000000748000000| 47%| O|  |TAMS 0x0000000747e00000, 0x0000000747e00000| Untracked 
|  35|0x0000000748000000, 0x0000000748000000, 0x0000000748200000|  0%| F|  |TAMS 0x0000000748000000, 0x0000000748000000| Untracked 
|  36|0x0000000748200000, 0x0000000748200000, 0x0000000748400000|  0%| F|  |TAMS 0x0000000748200000, 0x0000000748200000| Untracked 
|  37|0x0000000748400000, 0x0000000748400000, 0x0000000748600000|  0%| F|  |TAMS 0x0000000748400000, 0x0000000748400000| Untracked 
|  38|0x0000000748600000, 0x0000000748600000, 0x0000000748800000|  0%| F|  |TAMS 0x0000000748600000, 0x0000000748600000| Untracked 
|  39|0x0000000748800000, 0x0000000748800000, 0x0000000748a00000|  0%| F|  |TAMS 0x0000000748800000, 0x0000000748800000| Untracked 
|  40|0x0000000748a00000, 0x0000000748a00000, 0x0000000748c00000|  0%| F|  |TAMS 0x0000000748a00000, 0x0000000748a00000| Untracked 
|  41|0x0000000748c00000, 0x0000000748c00000, 0x0000000748e00000|  0%| F|  |TAMS 0x0000000748c00000, 0x0000000748c00000| Untracked 
|  42|0x0000000748e00000, 0x0000000748e00000, 0x0000000749000000|  0%| F|  |TAMS 0x0000000748e00000, 0x0000000748e00000| Untracked 
|  43|0x0000000749000000, 0x0000000749000000, 0x0000000749200000|  0%| F|  |TAMS 0x0000000749000000, 0x0000000749000000| Untracked 
|  44|0x0000000749200000, 0x0000000749200000, 0x0000000749400000|  0%| F|  |TAMS 0x0000000749200000, 0x0000000749200000| Untracked 
|  45|0x0000000749400000, 0x0000000749400000, 0x0000000749600000|  0%| F|  |TAMS 0x0000000749400000, 0x0000000749400000| Untracked 
|  46|0x0000000749600000, 0x0000000749600000, 0x0000000749800000|  0%| F|  |TAMS 0x0000000749600000, 0x0000000749600000| Untracked 
|  47|0x0000000749800000, 0x0000000749a00000, 0x0000000749a00000|100%| S|CS|TAMS 0x0000000749800000, 0x0000000749800000| Complete 
|  48|0x0000000749a00000, 0x0000000749c00000, 0x0000000749c00000|100%| S|CS|TAMS 0x0000000749a00000, 0x0000000749a00000| Complete 
|  49|0x0000000749c00000, 0x0000000749c00000, 0x0000000749e00000|  0%| F|  |TAMS 0x0000000749c00000, 0x0000000749c00000| Untracked 
|  50|0x0000000749e00000, 0x0000000749e00000, 0x000000074a000000|  0%| F|  |TAMS 0x0000000749e00000, 0x0000000749e00000| Untracked 
|  51|0x000000074a000000, 0x000000074a000000, 0x000000074a200000|  0%| F|  |TAMS 0x000000074a000000, 0x000000074a000000| Untracked 
|  52|0x000000074a200000, 0x000000074a200000, 0x000000074a400000|  0%| F|  |TAMS 0x000000074a200000, 0x000000074a200000| Untracked 
|  53|0x000000074a400000, 0x000000074a400000, 0x000000074a600000|  0%| F|  |TAMS 0x000000074a400000, 0x000000074a400000| Untracked 
|  54|0x000000074a600000, 0x000000074a600000, 0x000000074a800000|  0%| F|  |TAMS 0x000000074a600000, 0x000000074a600000| Untracked 
|  55|0x000000074a800000, 0x000000074a800000, 0x000000074aa00000|  0%| F|  |TAMS 0x000000074a800000, 0x000000074a800000| Untracked 
|  56|0x000000074aa00000, 0x000000074aa00000, 0x000000074ac00000|  0%| F|  |TAMS 0x000000074aa00000, 0x000000074aa00000| Untracked 
|  57|0x000000074ac00000, 0x000000074ac00000, 0x000000074ae00000|  0%| F|  |TAMS 0x000000074ac00000, 0x000000074ac00000| Untracked 
|  58|0x000000074ae00000, 0x000000074ae00000, 0x000000074b000000|  0%| F|  |TAMS 0x000000074ae00000, 0x000000074ae00000| Untracked 
|  59|0x000000074b000000, 0x000000074b000000, 0x000000074b200000|  0%| F|  |TAMS 0x000000074b000000, 0x000000074b000000| Untracked 
|  60|0x000000074b200000, 0x000000074b200000, 0x000000074b400000|  0%| F|  |TAMS 0x000000074b200000, 0x000000074b200000| Untracked 
|  61|0x000000074b400000, 0x000000074b400000, 0x000000074b600000|  0%| F|  |TAMS 0x000000074b400000, 0x000000074b400000| Untracked 
|  62|0x000000074b600000, 0x000000074b600000, 0x000000074b800000|  0%| F|  |TAMS 0x000000074b600000, 0x000000074b600000| Untracked 
|  63|0x000000074b800000, 0x000000074b800000, 0x000000074ba00000|  0%| F|  |TAMS 0x000000074b800000, 0x000000074b800000| Untracked 
|  64|0x000000074ba00000, 0x000000074ba00000, 0x000000074bc00000|  0%| F|  |TAMS 0x000000074ba00000, 0x000000074ba00000| Untracked 
|  65|0x000000074bc00000, 0x000000074bc00000, 0x000000074be00000|  0%| F|  |TAMS 0x000000074bc00000, 0x000000074bc00000| Untracked 
|  66|0x000000074be00000, 0x000000074be00000, 0x000000074c000000|  0%| F|  |TAMS 0x000000074be00000, 0x000000074be00000| Untracked 
|  67|0x000000074c000000, 0x000000074c000000, 0x000000074c200000|  0%| F|  |TAMS 0x000000074c000000, 0x000000074c000000| Untracked 
|  68|0x000000074c200000, 0x000000074c200000, 0x000000074c400000|  0%| F|  |TAMS 0x000000074c200000, 0x000000074c200000| Untracked 
|  69|0x000000074c400000, 0x000000074c400000, 0x000000074c600000|  0%| F|  |TAMS 0x000000074c400000, 0x000000074c400000| Untracked 
|  70|0x000000074c600000, 0x000000074c600000, 0x000000074c800000|  0%| F|  |TAMS 0x000000074c600000, 0x000000074c600000| Untracked 
|  71|0x000000074c800000, 0x000000074c800000, 0x000000074ca00000|  0%| F|  |TAMS 0x000000074c800000, 0x000000074c800000| Untracked 
|  72|0x000000074ca00000, 0x000000074ca00000, 0x000000074cc00000|  0%| F|  |TAMS 0x000000074ca00000, 0x000000074ca00000| Untracked 
|  73|0x000000074cc00000, 0x000000074cc00000, 0x000000074ce00000|  0%| F|  |TAMS 0x000000074cc00000, 0x000000074cc00000| Untracked 
|  74|0x000000074ce00000, 0x000000074ce00000, 0x000000074d000000|  0%| F|  |TAMS 0x000000074ce00000, 0x000000074ce00000| Untracked 
|  75|0x000000074d000000, 0x000000074d000000, 0x000000074d200000|  0%| F|  |TAMS 0x000000074d000000, 0x000000074d000000| Untracked 
|  76|0x000000074d200000, 0x000000074d200000, 0x000000074d400000|  0%| F|  |TAMS 0x000000074d200000, 0x000000074d200000| Untracked 
|  77|0x000000074d400000, 0x000000074d400000, 0x000000074d600000|  0%| F|  |TAMS 0x000000074d400000, 0x000000074d400000| Untracked 
|  78|0x000000074d600000, 0x000000074d600000, 0x000000074d800000|  0%| F|  |TAMS 0x000000074d600000, 0x000000074d600000| Untracked 
|  79|0x000000074d800000, 0x000000074d800000, 0x000000074da00000|  0%| F|  |TAMS 0x000000074d800000, 0x000000074d800000| Untracked 
|  80|0x000000074da00000, 0x000000074da00000, 0x000000074dc00000|  0%| F|  |TAMS 0x000000074da00000, 0x000000074da00000| Untracked 
|  81|0x000000074dc00000, 0x000000074dc00000, 0x000000074de00000|  0%| F|  |TAMS 0x000000074dc00000, 0x000000074dc00000| Untracked 
|  82|0x000000074de00000, 0x000000074de00000, 0x000000074e000000|  0%| F|  |TAMS 0x000000074de00000, 0x000000074de00000| Untracked 
|  83|0x000000074e000000, 0x000000074e000000, 0x000000074e200000|  0%| F|  |TAMS 0x000000074e000000, 0x000000074e000000| Untracked 
|  84|0x000000074e200000, 0x000000074e200000, 0x000000074e400000|  0%| F|  |TAMS 0x000000074e200000, 0x000000074e200000| Untracked 
|  85|0x000000074e400000, 0x000000074e400000, 0x000000074e600000|  0%| F|  |TAMS 0x000000074e400000, 0x000000074e400000| Untracked 
|  86|0x000000074e600000, 0x000000074e600000, 0x000000074e800000|  0%| F|  |TAMS 0x000000074e600000, 0x000000074e600000| Untracked 
|  87|0x000000074e800000, 0x000000074e800000, 0x000000074ea00000|  0%| F|  |TAMS 0x000000074e800000, 0x000000074e800000| Untracked 
|  88|0x000000074ea00000, 0x000000074ea00000, 0x000000074ec00000|  0%| F|  |TAMS 0x000000074ea00000, 0x000000074ea00000| Untracked 
|  89|0x000000074ec00000, 0x000000074ec00000, 0x000000074ee00000|  0%| F|  |TAMS 0x000000074ec00000, 0x000000074ec00000| Untracked 
|  90|0x000000074ee00000, 0x000000074ee00000, 0x000000074f000000|  0%| F|  |TAMS 0x000000074ee00000, 0x000000074ee00000| Untracked 
|  91|0x000000074f000000, 0x000000074f000000, 0x000000074f200000|  0%| F|  |TAMS 0x000000074f000000, 0x000000074f000000| Untracked 
|  92|0x000000074f200000, 0x000000074f200000, 0x000000074f400000|  0%| F|  |TAMS 0x000000074f200000, 0x000000074f200000| Untracked 
|  93|0x000000074f400000, 0x000000074f400000, 0x000000074f600000|  0%| F|  |TAMS 0x000000074f400000, 0x000000074f400000| Untracked 
|  94|0x000000074f600000, 0x000000074f600000, 0x000000074f800000|  0%| F|  |TAMS 0x000000074f600000, 0x000000074f600000| Untracked 
|  95|0x000000074f800000, 0x000000074f800000, 0x000000074fa00000|  0%| F|  |TAMS 0x000000074f800000, 0x000000074f800000| Untracked 
|  96|0x000000074fa00000, 0x000000074fa00000, 0x000000074fc00000|  0%| F|  |TAMS 0x000000074fa00000, 0x000000074fa00000| Untracked 
|  97|0x000000074fc00000, 0x000000074fc27398, 0x000000074fe00000|  7%| E|  |TAMS 0x000000074fc00000, 0x000000074fc00000| Complete 
|  98|0x000000074fe00000, 0x0000000750000000, 0x0000000750000000|100%| E|CS|TAMS 0x000000074fe00000, 0x000000074fe00000| Complete 
|  99|0x0000000750000000, 0x0000000750200000, 0x0000000750200000|100%| E|CS|TAMS 0x0000000750000000, 0x0000000750000000| Complete 
| 100|0x0000000750200000, 0x0000000750400000, 0x0000000750400000|100%| E|CS|TAMS 0x0000000750200000, 0x0000000750200000| Complete 
| 101|0x0000000750400000, 0x0000000750600000, 0x0000000750600000|100%| E|CS|TAMS 0x0000000750400000, 0x0000000750400000| Complete 
| 102|0x0000000750600000, 0x0000000750800000, 0x0000000750800000|100%| E|CS|TAMS 0x0000000750600000, 0x0000000750600000| Complete 
| 103|0x0000000750800000, 0x0000000750a00000, 0x0000000750a00000|100%| E|CS|TAMS 0x0000000750800000, 0x0000000750800000| Complete 
| 104|0x0000000750a00000, 0x0000000750c00000, 0x0000000750c00000|100%| E|CS|TAMS 0x0000000750a00000, 0x0000000750a00000| Complete 
| 105|0x0000000750c00000, 0x0000000750e00000, 0x0000000750e00000|100%| E|CS|TAMS 0x0000000750c00000, 0x0000000750c00000| Complete 
| 106|0x0000000750e00000, 0x0000000751000000, 0x0000000751000000|100%| E|CS|TAMS 0x0000000750e00000, 0x0000000750e00000| Complete 
| 107|0x0000000751000000, 0x0000000751200000, 0x0000000751200000|100%| E|CS|TAMS 0x0000000751000000, 0x0000000751000000| Complete 
| 108|0x0000000751200000, 0x0000000751400000, 0x0000000751400000|100%| E|CS|TAMS 0x0000000751200000, 0x0000000751200000| Complete 
| 109|0x0000000751400000, 0x0000000751600000, 0x0000000751600000|100%| E|CS|TAMS 0x0000000751400000, 0x0000000751400000| Complete 
| 110|0x0000000751600000, 0x0000000751800000, 0x0000000751800000|100%| E|CS|TAMS 0x0000000751600000, 0x0000000751600000| Complete 
| 111|0x0000000751800000, 0x0000000751a00000, 0x0000000751a00000|100%| E|CS|TAMS 0x0000000751800000, 0x0000000751800000| Complete 
| 112|0x0000000751a00000, 0x0000000751c00000, 0x0000000751c00000|100%| E|CS|TAMS 0x0000000751a00000, 0x0000000751a00000| Complete 
| 113|0x0000000751c00000, 0x0000000751e00000, 0x0000000751e00000|100%| E|CS|TAMS 0x0000000751c00000, 0x0000000751c00000| Complete 

Card table byte_map: [0x00000270e5170000,0x00000270e5760000] _byte_map_base: 0x00000270e1753000

Marking Bits (Prev, Next): (CMBitMap*) 0x00000270cc0cdcb0, (CMBitMap*) 0x00000270cc0cdcf0
 Prev Bits: [0x00000270e5d50000, 0x00000270e8c68000)
 Next Bits: [0x00000270e8c70000, 0x00000270ebb88000)

Polling page: 0x00000270cc120000

Metaspace:

Usage:
  Non-class:     61.65 MB used.
      Class:      9.79 MB used.
       Both:     71.43 MB used.

Virtual space:
  Non-class space:       64.00 MB reserved,      61.94 MB ( 97%) committed,  1 nodes.
      Class space:        1.00 GB reserved,      10.06 MB ( <1%) committed,  1 nodes.
             Both:        1.06 GB reserved,      72.00 MB (  7%) committed. 

Chunk freelists:
   Non-Class:  2.02 MB
       Class:  5.81 MB
        Both:  7.83 MB

MaxMetaspaceSize: unlimited
CompressedClassSpaceSize: 1.00 GB
Initial GC threshold: 21.00 MB
Current GC threshold: 119.69 MB
CDS: on
MetaspaceReclaimPolicy: balanced
 - commit_granule_bytes: 65536.
 - commit_granule_words: 8192.
 - virtual_space_node_default_size: 8388608.
 - enlarge_chunks_in_place: 1.
 - new_chunks_are_fully_committed: 0.
 - uncommit_free_chunks: 1.
 - use_allocation_guard: 0.
 - handle_deallocations: 1.


Internal statistics:

num_allocs_failed_limit: 8.
num_arena_births: 908.
num_arena_deaths: 0.
num_vsnodes_births: 2.
num_vsnodes_deaths: 0.
num_space_committed: 1152.
num_space_uncommitted: 0.
num_chunks_returned_to_freelist: 8.
num_chunks_taken_from_freelist: 3641.
num_chunk_merges: 8.
num_chunk_splits: 2586.
num_chunks_enlarged: 1999.
num_inconsistent_stats: 0.

CodeHeap 'non-profiled nmethods': size=120000Kb used=5546Kb max_used=6230Kb free=114454Kb
 bounds [0x00000270dcbf0000, 0x00000270dd210000, 0x00000270e4120000]
CodeHeap 'profiled nmethods': size=120000Kb used=13041Kb max_used=14112Kb free=106958Kb
 bounds [0x00000270d5120000, 0x00000270d5f00000, 0x00000270dc650000]
CodeHeap 'non-nmethods': size=5760Kb used=1430Kb max_used=1494Kb free=4329Kb
 bounds [0x00000270dc650000, 0x00000270dc8c0000, 0x00000270dcbf0000]
 total_blobs=7232 nmethods=6539 adapters=604
 compilation: enabled
              stopped_count=0, restarted_count=0
 full_count=0

Compilation events (20 events):
Event: 34.740 Thread 0x00000270ee63b620 nmethod 7746 0x00000270dd0a4910 code [0x00000270dd0a4aa0, 0x00000270dd0a5128]
Event: 34.740 Thread 0x00000270ee63b620 7693       4       org.antlr.v4.runtime.misc.DoubleKeyMap::put (71 bytes)
Event: 34.753 Thread 0x00000270ee63f5d0 7755       3       org.antlr.v4.runtime.atn.PredictionContext::mergeSingletons (392 bytes)
Event: 34.755 Thread 0x00000270ee63f5d0 nmethod 7755 0x00000270d51a7c10 code [0x00000270d51a7fc0, 0x00000270d51aa218]
Event: 34.755 Thread 0x00000270ee63f5d0 7756       2       java.util.BitSet::or (105 bytes)
Event: 34.755 Thread 0x00000270ee63f5d0 nmethod 7756 0x00000270d5ccd210 code [0x00000270d5ccd3e0, 0x00000270d5ccd748]
Event: 34.755 Thread 0x00000270ee63f5d0 7758       2       org.antlr.v4.runtime.BufferedTokenStream::lazyInit (13 bytes)
Event: 34.755 Thread 0x00000270ee63f5d0 nmethod 7758 0x00000270d5b80c10 code [0x00000270d5b80dc0, 0x00000270d5b80f38]
Event: 34.770 Thread 0x00000270ee63f5d0 7760       2       org.antlr.v4.runtime.atn.ParserATNSimulator::computeReachSet (575 bytes)
Event: 34.773 Thread 0x00000270ee63f5d0 nmethod 7760 0x00000270d545cb90 code [0x00000270d545d000, 0x00000270d545e818]
Event: 34.773 Thread 0x00000270ee63f5d0 7761       2       org.antlr.v4.runtime.CommonTokenStream::LT (75 bytes)
Event: 34.774 Thread 0x00000270ee63f5d0 nmethod 7761 0x00000270d547ba10 code [0x00000270d547bc00, 0x00000270d547bfb8]
Event: 34.779 Thread 0x00000270ee63f5d0 7762       2       org.antlr.v4.runtime.atn.ATNConfigSet::optimizeConfigs (71 bytes)
Event: 34.780 Thread 0x00000270ee63f5d0 nmethod 7762 0x00000270d552f090 code [0x00000270d552f280, 0x00000270d552f748]
Event: 34.823 Thread 0x00000270ee63f5d0 7764       2       org.antlr.v4.runtime.BufferedTokenStream::sync (55 bytes)
Event: 34.823 Thread 0x00000270ee63f5d0 nmethod 7764 0x00000270d58cc610 code [0x00000270d58cc7c0, 0x00000270d58cc978]
Event: 34.851 Thread 0x00000270ee63f5d0 7765       2       java.util.ArrayList::checkForComodification (17 bytes)
Event: 34.851 Thread 0x00000270ee63f5d0 nmethod 7765 0x00000270d58cc010 code [0x00000270d58cc1c0, 0x00000270d58cc3a8]
Event: 34.852 Thread 0x00000270ee63f5d0 7766 %     3       org.antlr.v4.runtime.atn.ParserATNSimulator::computeReachSet @ 68 (575 bytes)
Event: 34.857 Thread 0x00000270ee63f5d0 nmethod 7766% 0x00000270d5c39810 code [0x00000270d5c39e60, 0x00000270d5c3dfa8]

GC Heap History (20 events):
Event: 32.397 GC heap before
{Heap before GC invocations=26 (full 0):
 garbage-first heap   total 61440K, used 47636K [0x0000000743a00000, 0x0000000800000000)
  region size 2048K, 10 young (20480K), 2 survivors (4096K)
 Metaspace       used 70183K, committed 70784K, reserved 1114112K
  class space    used 9472K, committed 9792K, reserved 1048576K
}
Event: 32.405 GC heap after
{Heap after GC invocations=27 (full 0):
 garbage-first heap   total 61440K, used 34275K [0x0000000743a00000, 0x0000000800000000)
  region size 2048K, 2 young (4096K), 2 survivors (4096K)
 Metaspace       used 70183K, committed 70784K, reserved 1114112K
  class space    used 9472K, committed 9792K, reserved 1048576K
}
Event: 33.157 GC heap before
{Heap before GC invocations=28 (full 0):
 garbage-first heap   total 65536K, used 46563K [0x0000000743a00000, 0x0000000800000000)
  region size 2048K, 8 young (16384K), 2 survivors (4096K)
 Metaspace       used 71460K, committed 72128K, reserved 1114112K
  class space    used 9665K, committed 9984K, reserved 1048576K
}
Event: 33.162 GC heap after
{Heap after GC invocations=29 (full 0):
 garbage-first heap   total 65536K, used 35168K [0x0000000743a00000, 0x0000000800000000)
  region size 2048K, 1 young (2048K), 1 survivors (2048K)
 Metaspace       used 71460K, committed 72128K, reserved 1114112K
  class space    used 9665K, committed 9984K, reserved 1048576K
}
Event: 33.609 GC heap before
{Heap before GC invocations=29 (full 0):
 garbage-first heap   total 65536K, used 51552K [0x0000000743a00000, 0x0000000800000000)
  region size 2048K, 9 young (18432K), 1 survivors (2048K)
 Metaspace       used 72949K, committed 73536K, reserved 1114112K
  class space    used 10008K, committed 10304K, reserved 1048576K
}
Event: 33.613 GC heap after
{Heap after GC invocations=30 (full 0):
 garbage-first heap   total 65536K, used 36052K [0x0000000743a00000, 0x0000000800000000)
  region size 2048K, 2 young (4096K), 2 survivors (4096K)
 Metaspace       used 72949K, committed 73536K, reserved 1114112K
  class space    used 10008K, committed 10304K, reserved 1048576K
}
Event: 33.810 GC heap before
{Heap before GC invocations=31 (full 0):
 garbage-first heap   total 75776K, used 50388K [0x0000000743a00000, 0x0000000800000000)
  region size 2048K, 9 young (18432K), 2 survivors (4096K)
 Metaspace       used 72958K, committed 73536K, reserved 1114112K
  class space    used 10008K, committed 10304K, reserved 1048576K
}
Event: 33.817 GC heap after
{Heap after GC invocations=32 (full 0):
 garbage-first heap   total 75776K, used 40804K [0x0000000743a00000, 0x0000000800000000)
  region size 2048K, 2 young (4096K), 2 survivors (4096K)
 Metaspace       used 72958K, committed 73536K, reserved 1114112K
  class space    used 10008K, committed 10304K, reserved 1048576K
}
Event: 33.985 GC heap before
{Heap before GC invocations=32 (full 0):
 garbage-first heap   total 75776K, used 59236K [0x0000000743a00000, 0x0000000800000000)
  region size 2048K, 11 young (22528K), 2 survivors (4096K)
 Metaspace       used 72968K, committed 73600K, reserved 1114112K
  class space    used 10008K, committed 10304K, reserved 1048576K
}
Event: 33.995 GC heap after
{Heap after GC invocations=33 (full 0):
 garbage-first heap   total 75776K, used 47472K [0x0000000743a00000, 0x0000000800000000)
  region size 2048K, 2 young (4096K), 2 survivors (4096K)
 Metaspace       used 72968K, committed 73600K, reserved 1114112K
  class space    used 10008K, committed 10304K, reserved 1048576K
}
Event: 34.121 GC heap before
{Heap before GC invocations=34 (full 0):
 garbage-first heap   total 92160K, used 57712K [0x0000000743a00000, 0x0000000800000000)
  region size 2048K, 7 young (14336K), 2 survivors (4096K)
 Metaspace       used 72969K, committed 73600K, reserved 1114112K
  class space    used 10009K, committed 10304K, reserved 1048576K
}
Event: 34.127 GC heap after
{Heap after GC invocations=35 (full 0):
 garbage-first heap   total 92160K, used 51690K [0x0000000743a00000, 0x0000000800000000)
  region size 2048K, 1 young (2048K), 1 survivors (2048K)
 Metaspace       used 72969K, committed 73600K, reserved 1114112K
  class space    used 10009K, committed 10304K, reserved 1048576K
}
Event: 34.261 GC heap before
{Heap before GC invocations=35 (full 0):
 garbage-first heap   total 92160K, used 63978K [0x0000000743a00000, 0x0000000800000000)
  region size 2048K, 8 young (16384K), 1 survivors (2048K)
 Metaspace       used 72970K, committed 73600K, reserved 1114112K
  class space    used 10009K, committed 10304K, reserved 1048576K
}
Event: 34.270 GC heap after
{Heap after GC invocations=36 (full 0):
 garbage-first heap   total 92160K, used 56350K [0x0000000743a00000, 0x0000000800000000)
  region size 2048K, 1 young (2048K), 1 survivors (2048K)
 Metaspace       used 72970K, committed 73600K, reserved 1114112K
  class space    used 10009K, committed 10304K, reserved 1048576K
}
Event: 34.373 GC heap before
{Heap before GC invocations=36 (full 0):
 garbage-first heap   total 116736K, used 68638K [0x0000000743a00000, 0x0000000800000000)
  region size 2048K, 7 young (14336K), 1 survivors (2048K)
 Metaspace       used 72971K, committed 73600K, reserved 1114112K
  class space    used 10009K, committed 10304K, reserved 1048576K
}
Event: 34.379 GC heap after
{Heap after GC invocations=37 (full 0):
 garbage-first heap   total 116736K, used 61280K [0x0000000743a00000, 0x0000000800000000)
  region size 2048K, 1 young (2048K), 1 survivors (2048K)
 Metaspace       used 72971K, committed 73600K, reserved 1114112K
  class space    used 10009K, committed 10304K, reserved 1048576K
}
Event: 34.548 GC heap before
{Heap before GC invocations=38 (full 0):
 garbage-first heap   total 116736K, used 83808K [0x0000000743a00000, 0x0000000800000000)
  region size 2048K, 12 young (24576K), 1 survivors (2048K)
 Metaspace       used 72972K, committed 73600K, reserved 1114112K
  class space    used 10009K, committed 10304K, reserved 1048576K
}
Event: 34.556 GC heap after
{Heap after GC invocations=39 (full 0):
 garbage-first heap   total 116736K, used 69715K [0x0000000743a00000, 0x0000000800000000)
  region size 2048K, 2 young (4096K), 2 survivors (4096K)
 Metaspace       used 72972K, committed 73600K, reserved 1114112K
  class space    used 10009K, committed 10304K, reserved 1048576K
}
Event: 34.686 GC heap before
{Heap before GC invocations=39 (full 0):
 garbage-first heap   total 116736K, used 86099K [0x0000000743a00000, 0x0000000800000000)
  region size 2048K, 10 young (20480K), 2 survivors (4096K)
 Metaspace       used 72973K, committed 73600K, reserved 1114112K
  class space    used 10009K, committed 10304K, reserved 1048576K
}
Event: 34.696 GC heap after
{Heap after GC invocations=40 (full 0):
 garbage-first heap   total 233472K, used 74669K [0x0000000743a00000, 0x0000000800000000)
  region size 2048K, 2 young (4096K), 2 survivors (4096K)
 Metaspace       used 72973K, committed 73600K, reserved 1114112K
  class space    used 10009K, committed 10304K, reserved 1048576K
}

Deoptimization events (20 events):
Event: 34.748 Thread 0x00000270ee86abc0 Uncommon trap: trap_request=0xffffffde fr.pc=0x00000270dccba608 relative=0x0000000000000ea8
Event: 34.748 Thread 0x00000270ee86abc0 Uncommon trap: reason=class_check action=maybe_recompile pc=0x00000270dccba608 method=org.antlr.v4.runtime.atn.PredictionContext.merge(Lorg/antlr/v4/runtime/atn/PredictionContext;Lorg/antlr/v4/runtime/atn/PredictionContext;ZLorg/antlr/v4/runtime/misc/Doub
Event: 34.748 Thread 0x00000270ee86abc0 DEOPT PACKING pc=0x00000270dccba608 sp=0x000000ff54bf9550
Event: 34.748 Thread 0x00000270ee86abc0 DEOPT UNPACKING pc=0x00000270dc6a5ba3 sp=0x000000ff54bf9570 mode 2
Event: 34.859 Thread 0x00000270ee86abc0 Uncommon trap: trap_request=0xffffffc6 fr.pc=0x00000270dcdf0d70 relative=0x0000000000003710
Event: 34.859 Thread 0x00000270ee86abc0 Uncommon trap: reason=bimorphic_or_optimized_type_check action=maybe_recompile pc=0x00000270dcdf0d70 method=org.antlr.v4.runtime.atn.PredictionContext.mergeArrays(Lorg/antlr/v4/runtime/atn/ArrayPredictionContext;Lorg/antlr/v4/runtime/atn/ArrayPredictionCo
Event: 34.859 Thread 0x00000270ee86abc0 DEOPT PACKING pc=0x00000270dcdf0d70 sp=0x000000ff54bf9d30
Event: 34.859 Thread 0x00000270ee86abc0 DEOPT UNPACKING pc=0x00000270dc6a5ba3 sp=0x000000ff54bf9d00 mode 2
Event: 34.863 Thread 0x00000270ee86abc0 Uncommon trap: trap_request=0xffffffc6 fr.pc=0x00000270dcdf0d70 relative=0x0000000000003710
Event: 34.863 Thread 0x00000270ee86abc0 Uncommon trap: reason=bimorphic_or_optimized_type_check action=maybe_recompile pc=0x00000270dcdf0d70 method=org.antlr.v4.runtime.atn.PredictionContext.mergeArrays(Lorg/antlr/v4/runtime/atn/ArrayPredictionContext;Lorg/antlr/v4/runtime/atn/ArrayPredictionCo
Event: 34.863 Thread 0x00000270ee86abc0 DEOPT PACKING pc=0x00000270dcdf0d70 sp=0x000000ff54bf9d30
Event: 34.863 Thread 0x00000270ee86abc0 DEOPT UNPACKING pc=0x00000270dc6a5ba3 sp=0x000000ff54bf9d00 mode 2
Event: 34.870 Thread 0x00000270ee86abc0 Uncommon trap: trap_request=0xffffffc6 fr.pc=0x00000270dcdf0d70 relative=0x0000000000003710
Event: 34.870 Thread 0x00000270ee86abc0 Uncommon trap: reason=bimorphic_or_optimized_type_check action=maybe_recompile pc=0x00000270dcdf0d70 method=org.antlr.v4.runtime.atn.PredictionContext.mergeArrays(Lorg/antlr/v4/runtime/atn/ArrayPredictionContext;Lorg/antlr/v4/runtime/atn/ArrayPredictionCo
Event: 34.870 Thread 0x00000270ee86abc0 DEOPT PACKING pc=0x00000270dcdf0d70 sp=0x000000ff54bf9d30
Event: 34.870 Thread 0x00000270ee86abc0 DEOPT UNPACKING pc=0x00000270dc6a5ba3 sp=0x000000ff54bf9d00 mode 2
Event: 34.873 Thread 0x00000270ee86abc0 Uncommon trap: trap_request=0xffffffc6 fr.pc=0x00000270dcdf0d70 relative=0x0000000000003710
Event: 34.873 Thread 0x00000270ee86abc0 Uncommon trap: reason=bimorphic_or_optimized_type_check action=maybe_recompile pc=0x00000270dcdf0d70 method=org.antlr.v4.runtime.atn.PredictionContext.mergeArrays(Lorg/antlr/v4/runtime/atn/ArrayPredictionContext;Lorg/antlr/v4/runtime/atn/ArrayPredictionCo
Event: 34.873 Thread 0x00000270ee86abc0 DEOPT PACKING pc=0x00000270dcdf0d70 sp=0x000000ff54bf9d30
Event: 34.873 Thread 0x00000270ee86abc0 DEOPT UNPACKING pc=0x00000270dc6a5ba3 sp=0x000000ff54bf9d00 mode 2

Classes unloaded (0 events):
No events

Classes redefined (0 events):
No events

Internal exceptions (20 events):
Event: 32.197 Thread 0x00000270f488b6f0 Exception <a 'java/lang/ClassNotFoundException'{0x000000074628b770}: org/springframework/context/support/LiveBeansView> (0x000000074628b770) 
thrown [s\open\src\hotspot\share\classfile\systemDictionary.cpp, line 256]
Event: 32.198 Thread 0x00000270f488b6f0 Exception <a 'java/lang/ClassNotFoundException'{0x000000074628bb30}: org/springframework/context/support/LiveBeansView> (0x000000074628bb30) 
thrown [s\open\src\hotspot\share\classfile\systemDictionary.cpp, line 256]
Event: 32.199 Thread 0x00000270f488b6f0 Exception <a 'java/lang/ClassNotFoundException'{0x000000074628bef0}: org/springframework/context/support/LiveBeansView> (0x000000074628bef0) 
thrown [s\open\src\hotspot\share\classfile\systemDictionary.cpp, line 256]
Event: 32.199 Thread 0x00000270f488b6f0 Exception <a 'java/lang/ClassNotFoundException'{0x000000074628c2b0}: org/springframework/context/support/LiveBeansView> (0x000000074628c2b0) 
thrown [s\open\src\hotspot\share\classfile\systemDictionary.cpp, line 256]
Event: 32.200 Thread 0x00000270f488b6f0 Exception <a 'java/lang/ClassNotFoundException'{0x000000074628c650}: org/springframework/context/support/LiveBeansView> (0x000000074628c650) 
thrown [s\open\src\hotspot\share\classfile\systemDictionary.cpp, line 256]
Event: 32.201 Thread 0x00000270f488b6f0 Exception <a 'java/lang/ClassNotFoundException'{0x000000074628ca08}: org/springframework/context/support/LiveBeansView> (0x000000074628ca08) 
thrown [s\open\src\hotspot\share\classfile\systemDictionary.cpp, line 256]
Event: 32.201 Thread 0x00000270f488b6f0 Exception <a 'java/lang/ClassNotFoundException'{0x000000074628cdb0}: org/springframework/context/support/LiveBeansView> (0x000000074628cdb0) 
thrown [s\open\src\hotspot\share\classfile\systemDictionary.cpp, line 256]
Event: 32.208 Thread 0x00000270f488b6f0 Exception <a 'java/lang/ClassNotFoundException'{0x00000007462d9398}: org/springframework/context/support/LiveBeansView> (0x00000007462d9398) 
thrown [s\open\src\hotspot\share\classfile\systemDictionary.cpp, line 256]
Event: 32.208 Thread 0x00000270f488b6f0 Exception <a 'java/lang/ClassNotFoundException'{0x00000007462d9760}: org/springframework/context/support/LiveBeansView> (0x00000007462d9760) 
thrown [s\open\src\hotspot\share\classfile\systemDictionary.cpp, line 256]
Event: 32.208 Thread 0x00000270f488b6f0 Exception <a 'java/lang/ClassNotFoundException'{0x00000007462d9b10}: org/springframework/context/support/LiveBeansView> (0x00000007462d9b10) 
thrown [s\open\src\hotspot\share\classfile\systemDictionary.cpp, line 256]
Event: 32.208 Thread 0x00000270f488b6f0 Exception <a 'java/lang/ClassNotFoundException'{0x00000007462d9ec0}: org/springframework/context/support/LiveBeansView> (0x00000007462d9ec0) 
thrown [s\open\src\hotspot\share\classfile\systemDictionary.cpp, line 256]
Event: 32.213 Thread 0x00000270f488b6f0 Exception <a 'java/lang/reflect/InvocationTargetException'{0x00000007462de330}> (0x00000007462de330) 
thrown [s\open\src\hotspot\share\runtime\reflection.cpp, line 1121]
Event: 32.437 Thread 0x00000270ee86abc0 Exception <a 'java/lang/NoSuchMethodError'{0x000000074f640eb8}: 'java.lang.Object java.lang.invoke.DirectMethodHandle$Holder.invokeStatic(java.lang.Object, int, java.lang.Object)'> (0x000000074f640eb8) 
thrown [s\open\src\hotspot\share\interpreter\linkResolver.cpp, line 759]
Event: 32.457 Thread 0x00000270ee86abc0 Exception <a 'java/lang/reflect/InvocationTargetException'{0x000000074f67c0a8}> (0x000000074f67c0a8) 
thrown [s\open\src\hotspot\share\runtime\reflection.cpp, line 1121]
Event: 32.469 Thread 0x00000270ee86abc0 Exception <a 'java/lang/reflect/InvocationTargetException'{0x000000074f686450}> (0x000000074f686450) 
thrown [s\open\src\hotspot\share\runtime\reflection.cpp, line 1121]
Event: 32.479 Thread 0x00000270ee86abc0 Exception <a 'java/lang/reflect/InvocationTargetException'{0x000000074f6a54a0}> (0x000000074f6a54a0) 
thrown [s\open\src\hotspot\share\runtime\reflection.cpp, line 1121]
Event: 32.739 Thread 0x00000270ee86abc0 Exception <a 'java/lang/NoSuchMethodError'{0x000000074be08570}: 'long java.lang.invoke.DirectMethodHandle$Holder.invokeVirtual(java.lang.Object, java.lang.Object)'> (0x000000074be08570) 
thrown [s\open\src\hotspot\share\interpreter\linkResolver.cpp, line 759]
Event: 32.745 Thread 0x00000270ee86abc0 Exception <a 'java/io/FileNotFoundException'{0x000000074be35c00}> (0x000000074be35c00) 
thrown [s\open\src\hotspot\share\prims\jni.cpp, line 516]
Event: 32.890 Thread 0x00000270ee86abc0 Exception <a 'java/lang/reflect/InvocationTargetException'{0x0000000747121540}> (0x0000000747121540) 
thrown [s\open\src\hotspot\share\runtime\reflection.cpp, line 1121]
Event: 32.938 Thread 0x00000270ee86abc0 Exception <a 'java/lang/reflect/InvocationTargetException'{0x00000007471670e8}> (0x00000007471670e8) 
thrown [s\open\src\hotspot\share\runtime\reflection.cpp, line 1121]

VM Operations (20 events):
Event: 34.100 Executing VM operation: G1Concurrent
Event: 34.100 Executing VM operation: G1Concurrent done
Event: 34.121 Executing VM operation: G1CollectForAllocation
Event: 34.127 Executing VM operation: G1CollectForAllocation done
Event: 34.261 Executing VM operation: G1CollectForAllocation
Event: 34.270 Executing VM operation: G1CollectForAllocation done
Event: 34.355 Executing VM operation: G1Concurrent
Event: 34.359 Executing VM operation: G1Concurrent done
Event: 34.373 Executing VM operation: G1CollectForAllocation
Event: 34.379 Executing VM operation: G1CollectForAllocation done
Event: 34.406 Executing VM operation: G1Concurrent
Event: 34.406 Executing VM operation: G1Concurrent done
Event: 34.547 Executing VM operation: G1CollectForAllocation
Event: 34.557 Executing VM operation: G1CollectForAllocation done
Event: 34.686 Executing VM operation: G1CollectForAllocation
Event: 34.696 Executing VM operation: G1CollectForAllocation done
Event: 34.826 Executing VM operation: G1Concurrent
Event: 34.834 Executing VM operation: G1Concurrent done
Event: 34.885 Executing VM operation: G1Concurrent
Event: 34.886 Executing VM operation: G1Concurrent done

Events (20 events):
Event: 32.893 Thread 0x00000270ee6493f0 flushing nmethod 0x00000270d5cd5590
Event: 32.893 Thread 0x00000270ee6493f0 flushing nmethod 0x00000270d5ce5090
Event: 32.893 Thread 0x00000270ee6493f0 flushing nmethod 0x00000270d5cf7610
Event: 32.893 Thread 0x00000270ee6493f0 flushing nmethod 0x00000270d5cfda90
Event: 32.893 Thread 0x00000270ee6493f0 flushing nmethod 0x00000270d5cfea90
Event: 32.893 Thread 0x00000270ee6493f0 flushing nmethod 0x00000270d5d32490
Event: 32.894 Thread 0x00000270ee6493f0 flushing nmethod 0x00000270d5d6d010
Event: 32.894 Thread 0x00000270ee6493f0 flushing nmethod 0x00000270d5dd4790
Event: 32.894 Thread 0x00000270ee6493f0 flushing nmethod 0x00000270d5de6190
Event: 32.894 Thread 0x00000270ee6493f0 flushing nmethod 0x00000270d5de6690
Event: 32.894 Thread 0x00000270ee6493f0 flushing nmethod 0x00000270d5de7290
Event: 32.894 Thread 0x00000270ee6493f0 flushing nmethod 0x00000270d5df6090
Event: 32.894 Thread 0x00000270ee6493f0 flushing nmethod 0x00000270d5df6d10
Event: 32.894 Thread 0x00000270ee6493f0 flushing nmethod 0x00000270d5df7090
Event: 33.029 loading class java/util/EmptyStackException
Event: 33.029 loading class java/util/EmptyStackException done
Event: 33.409 loading class java/io/InvalidClassException
Event: 33.410 loading class java/io/InvalidClassException done
Event: 33.434 loading class java/util/ArrayList$ListItr
Event: 33.435 loading class java/util/ArrayList$ListItr done


Dynamic libraries:
0x00007ff767190000 - 0x00007ff7671a0000 	C:\Program Files\Java\jdk-17.0.12\bin\java.exe
0x00007fff541f0000 - 0x00007fff54407000 	C:\WINDOWS\SYSTEM32\ntdll.dll
0x00007fff52b90000 - 0x00007fff52c54000 	C:\WINDOWS\System32\KERNEL32.DLL
0x00007fff51300000 - 0x00007fff516d3000 	C:\WINDOWS\System32\KERNELBASE.dll
0x00007fff51cf0000 - 0x00007fff51e01000 	C:\WINDOWS\System32\ucrtbase.dll
0x00007fff17a00000 - 0x00007fff17a1b000 	C:\Program Files\Java\jdk-17.0.12\bin\VCRUNTIME140.dll
0x00007fff13e90000 - 0x00007fff13ea9000 	C:\Program Files\Java\jdk-17.0.12\bin\jli.dll
0x00007fff52490000 - 0x00007fff52541000 	C:\WINDOWS\System32\ADVAPI32.dll
0x00007fff53150000 - 0x00007fff531f7000 	C:\WINDOWS\System32\msvcrt.dll
0x00007fff52d10000 - 0x00007fff52db8000 	C:\WINDOWS\System32\sechost.dll
0x00007fff51970000 - 0x00007fff51998000 	C:\WINDOWS\System32\bcrypt.dll
0x00007fff52dd0000 - 0x00007fff52ee4000 	C:\WINDOWS\System32\RPCRT4.dll
0x00007fff52f90000 - 0x00007fff53141000 	C:\WINDOWS\System32\USER32.dll
0x00007fff38030000 - 0x00007fff382c8000 	C:\WINDOWS\WinSxS\amd64_microsoft.windows.common-controls_6595b64144ccf1df_6.0.22621.5124_none_270e8f4f7386d69d\COMCTL32.dll
0x00007fff518c0000 - 0x00007fff518e6000 	C:\WINDOWS\System32\win32u.dll
0x00007fff52930000 - 0x00007fff52959000 	C:\WINDOWS\System32\GDI32.dll
0x00007fff519a0000 - 0x00007fff51abb000 	C:\WINDOWS\System32\gdi32full.dll
0x00007fff516e0000 - 0x00007fff5177a000 	C:\WINDOWS\System32\msvcp_win.dll
0x00007fff4cdd0000 - 0x00007fff4cdda000 	C:\WINDOWS\SYSTEM32\VERSION.dll
0x00007fff52c60000 - 0x00007fff52c91000 	C:\WINDOWS\System32\IMM32.DLL
0x00007fff188d0000 - 0x00007fff188dc000 	C:\Program Files\Java\jdk-17.0.12\bin\vcruntime140_1.dll
0x00007fff13970000 - 0x00007fff139fe000 	C:\Program Files\Java\jdk-17.0.12\bin\msvcp140.dll
0x00007ffebf230000 - 0x00007ffebfe10000 	C:\Program Files\Java\jdk-17.0.12\bin\server\jvm.dll
0x00007fff52600000 - 0x00007fff52608000 	C:\WINDOWS\System32\PSAPI.DLL
0x00007fff4cfd0000 - 0x00007fff4d004000 	C:\WINDOWS\SYSTEM32\WINMM.dll
0x00007fff17800000 - 0x00007fff17809000 	C:\WINDOWS\SYSTEM32\WSOCK32.dll
0x00007fff52410000 - 0x00007fff52481000 	C:\WINDOWS\System32\WS2_32.dll
0x00007fff502f0000 - 0x00007fff50308000 	C:\WINDOWS\SYSTEM32\kernel.appcore.dll
0x00007fff14ed0000 - 0x00007fff14eda000 	C:\Program Files\Java\jdk-17.0.12\bin\jimage.dll
0x00007fff4ec30000 - 0x00007fff4ee62000 	C:\WINDOWS\SYSTEM32\DBGHELP.DLL
0x00007fff533c0000 - 0x00007fff53752000 	C:\WINDOWS\System32\combase.dll
0x00007fff52330000 - 0x00007fff52407000 	C:\WINDOWS\System32\OLEAUT32.dll
0x00007fff36770000 - 0x00007fff367a2000 	C:\WINDOWS\SYSTEM32\dbgcore.DLL
0x00007fff518f0000 - 0x00007fff5196b000 	C:\WINDOWS\System32\bcryptPrimitives.dll
0x00007fff12680000 - 0x00007fff126bb000 	C:\Program Files\Java\jdk-17.0.12\bin\jdwp.dll
0x00007fff12650000 - 0x00007fff12675000 	C:\Program Files\Java\jdk-17.0.12\bin\java.dll
0x00007fff06450000 - 0x00007fff06527000 	C:\Program Files\Java\jdk-17.0.12\bin\jsvml.dll
0x00007fff53760000 - 0x00007fff53ff6000 	C:\WINDOWS\System32\SHELL32.dll
0x00007fff51780000 - 0x00007fff518bf000 	C:\WINDOWS\System32\wintypes.dll
0x00007fff4f1d0000 - 0x00007fff4faea000 	C:\WINDOWS\SYSTEM32\windows.storage.dll
0x00007fff52820000 - 0x00007fff5292a000 	C:\WINDOWS\System32\SHCORE.dll
0x00007fff52ca0000 - 0x00007fff52d03000 	C:\WINDOWS\System32\shlwapi.dll
0x00007fff51230000 - 0x00007fff5125b000 	C:\WINDOWS\SYSTEM32\profapi.dll
0x00007fff14660000 - 0x00007fff1466c000 	C:\Program Files\Java\jdk-17.0.12\bin\dt_socket.dll
0x00007fff4fd50000 - 0x00007fff4fd7d000 	C:\WINDOWS\SYSTEM32\IPHLPAPI.DLL
0x00007fff50850000 - 0x00007fff508ba000 	C:\WINDOWS\system32\mswsock.dll
0x00007fff4fdc0000 - 0x00007fff4fec2000 	C:\WINDOWS\SYSTEM32\DNSAPI.dll
0x00007fff52700000 - 0x00007fff52709000 	C:\WINDOWS\System32\NSI.dll
0x00007fff3f0c0000 - 0x00007fff3f0ca000 	C:\Windows\System32\rasadhlp.dll
0x00007fff4a2b0000 - 0x00007fff4a333000 	C:\WINDOWS\System32\fwpuclnt.dll
0x00007fff12630000 - 0x00007fff12649000 	C:\Program Files\Java\jdk-17.0.12\bin\net.dll
0x00007fff4cb30000 - 0x00007fff4cc5c000 	C:\WINDOWS\SYSTEM32\WINHTTP.dll
0x00007fff10710000 - 0x00007fff10726000 	C:\Program Files\Java\jdk-17.0.12\bin\nio.dll
0x00007fff106f0000 - 0x00007fff10708000 	C:\Program Files\Java\jdk-17.0.12\bin\zip.dll
0x00007fff14630000 - 0x00007fff1463a000 	C:\Program Files\Java\jdk-17.0.12\bin\management.dll
0x00007fff14370000 - 0x00007fff1437b000 	C:\Program Files\Java\jdk-17.0.12\bin\management_ext.dll
0x00007fff2e2b0000 - 0x00007fff2e2c7000 	C:\WINDOWS\system32\napinsp.dll
0x00007fff2e290000 - 0x00007fff2e2ab000 	C:\WINDOWS\system32\pnrpnsp.dll
0x00007fff2e260000 - 0x00007fff2e271000 	C:\WINDOWS\System32\winrnr.dll
0x00007fff2e240000 - 0x00007fff2e255000 	C:\WINDOWS\system32\wshbth.dll
0x00007fff2e210000 - 0x00007fff2e237000 	C:\WINDOWS\system32\nlansp_c.dll
0x00007fff50a80000 - 0x00007fff50a9b000 	C:\WINDOWS\SYSTEM32\CRYPTSP.dll
0x00007fff50250000 - 0x00007fff50287000 	C:\WINDOWS\system32\rsaenh.dll
0x00007fff50900000 - 0x00007fff50928000 	C:\WINDOWS\SYSTEM32\USERENV.dll
0x00007fff50aa0000 - 0x00007fff50aac000 	C:\WINDOWS\SYSTEM32\CRYPTBASE.dll
0x00007fff4cde0000 - 0x00007fff4cdf9000 	C:\WINDOWS\SYSTEM32\dhcpcsvc6.DLL
0x00007fff4cb10000 - 0x00007fff4cb2f000 	C:\WINDOWS\SYSTEM32\dhcpcsvc.DLL
0x00007fff13e80000 - 0x00007fff13e8e000 	C:\Program Files\Java\jdk-17.0.12\bin\sunmscapi.dll
0x00007fff51b80000 - 0x00007fff51ce7000 	C:\WINDOWS\System32\CRYPT32.dll
0x00007fff50c90000 - 0x00007fff50cbd000 	C:\WINDOWS\SYSTEM32\ncrypt.dll
0x00007fff50c50000 - 0x00007fff50c87000 	C:\WINDOWS\SYSTEM32\NTASN1.dll
0x00007fff106b0000 - 0x00007fff106c0000 	C:\Program Files\Java\jdk-17.0.12\bin\verify.dll

dbghelp: loaded successfully - version: 4.0.5 - missing functions: none
symbol engine: initialized successfully - sym options: 0x614 - pdb path: .;C:\Program Files\Java\jdk-17.0.12\bin;C:\WINDOWS\SYSTEM32;C:\WINDOWS\WinSxS\amd64_microsoft.windows.common-controls_6595b64144ccf1df_6.0.22621.5124_none_270e8f4f7386d69d;C:\Program Files\Java\jdk-17.0.12\bin\server

VM Arguments:
jvm_args: -agentlib:jdwp=transport=dt_socket,server=n,suspend=y,address=localhost:55335 -XX:+ShowCodeDetailsInExceptionMessages -Dspring.jmx.enabled=true -Dmanagement.endpoints.jmx.exposure.include=* -Dspring.application.admin.enabled=true -Dspring.boot.project.name=thuexe -Djava.rmi.server.hostname=localhost -Dcom.sun.management.jmxremote.port=45556 -Dcom.sun.management.jmxremote.authenticate=false -Dcom.sun.management.jmxremote.ssl=false 
java_command: com.hcmute.thuexe.ThueXeApplication
java_class_path (initial): F:\22110372_DoPhuLuan\nam3\hkII\LapTrinhDiDong\ThueXeAPI\thuexe\target\classes;C:\Users\ADMIN\.m2\repository\org\springframework\boot\spring-boot-starter-actuator\3.4.4\spring-boot-starter-actuator-3.4.4.jar;C:\Users\ADMIN\.m2\repository\org\springframework\boot\spring-boot-starter\3.4.4\spring-boot-starter-3.4.4.jar;C:\Users\ADMIN\.m2\repository\org\springframework\boot\spring-boot-starter-logging\3.4.4\spring-boot-starter-logging-3.4.4.jar;C:\Users\ADMIN\.m2\repository\ch\qos\logback\logback-classic\1.5.18\logback-classic-1.5.18.jar;C:\Users\ADMIN\.m2\repository\ch\qos\logback\logback-core\1.5.18\logback-core-1.5.18.jar;C:\Users\ADMIN\.m2\repository\org\apache\logging\log4j\log4j-to-slf4j\2.24.3\log4j-to-slf4j-2.24.3.jar;C:\Users\ADMIN\.m2\repository\org\apache\logging\log4j\log4j-api\2.24.3\log4j-api-2.24.3.jar;C:\Users\ADMIN\.m2\repository\org\slf4j\jul-to-slf4j\2.0.17\jul-to-slf4j-2.0.17.jar;C:\Users\ADMIN\.m2\repository\jakarta\annotation\jakarta.annotation-api\2.1.1\jakarta.annotation-api-2.1.1.jar;C:\Users\ADMIN\.m2\repository\org\yaml\snakeyaml\2.3\snakeyaml-2.3.jar;C:\Users\ADMIN\.m2\repository\org\springframework\boot\spring-boot-actuator-autoconfigure\3.4.4\spring-boot-actuator-autoconfigure-3.4.4.jar;C:\Users\ADMIN\.m2\repository\org\springframework\boot\spring-boot-actuator\3.4.4\spring-boot-actuator-3.4.4.jar;C:\Users\ADMIN\.m2\repository\com\fasterxml\jackson\datatype\jackson-datatype-jsr310\2.18.3\jackson-datatype-jsr310-2.18.3.jar;C:\Users\ADMIN\.m2\repository\io\micrometer\micrometer-observation\1.14.5\micrometer-observation-1.14.5.jar;C:\Users\ADMIN\.m2\repository\io\micrometer\micrometer-commons\1.14.5\micrometer-commons-1.14.5.jar;C:\Users\ADMIN\.m2\repository\io\micrometer\micrometer-jakarta9\1.14.5\micrometer-jakarta9-1.14.5.jar;C:\Users\ADMIN\.m2\repository\io\micrometer\micrometer-core\1.14.5\micrometer-core-1.14.5.jar;C:\Users\ADMIN\.m2\repository\org\hdrhistogram\HdrHistogram\2.2.2\HdrHistogram-2.2.2.jar;C:\Us
Launcher Type: SUN_STANDARD

[Global flags]
     intx CICompilerCount                          = 4                                         {product} {ergonomic}
     uint ConcGCThreads                            = 2                                         {product} {ergonomic}
     uint G1ConcRefinementThreads                  = 8                                         {product} {ergonomic}
   size_t G1HeapRegionSize                         = 2097152                                   {product} {ergonomic}
    uintx GCDrainStackTargetSize                   = 64                                        {product} {ergonomic}
   size_t InitialHeapSize                          = 199229440                                 {product} {ergonomic}
     bool ManagementServer                         = true                                      {product} {command line}
   size_t MarkStackSize                            = 4194304                                   {product} {ergonomic}
   size_t MaxHeapSize                              = 3160408064                                {product} {ergonomic}
   size_t MaxNewSize                               = 1895825408                                {product} {ergonomic}
   size_t MinHeapDeltaBytes                        = 2097152                                   {product} {ergonomic}
   size_t MinHeapSize                              = 8388608                                   {product} {ergonomic}
    uintx NonNMethodCodeHeapSize                   = 5839372                                {pd product} {ergonomic}
    uintx NonProfiledCodeHeapSize                  = 122909434                              {pd product} {ergonomic}
    uintx ProfiledCodeHeapSize                     = 122909434                              {pd product} {ergonomic}
    uintx ReservedCodeCacheSize                    = 251658240                              {pd product} {ergonomic}
     bool SegmentedCodeCache                       = true                                      {product} {ergonomic}
     bool ShowCodeDetailsInExceptionMessages       = true                                   {manageable} {command line}
   size_t SoftMaxHeapSize                          = 3160408064                             {manageable} {ergonomic}
     bool UseCompressedClassPointers               = true                           {product lp64_product} {ergonomic}
     bool UseCompressedOops                        = true                           {product lp64_product} {ergonomic}
     bool UseG1GC                                  = true                                      {product} {ergonomic}
     bool UseLargePagesIndividualAllocation        = false                                  {pd product} {ergonomic}

Logging:
Log output configuration:
 #0: stdout all=warning uptime,level,tags
 #1: stderr all=off uptime,level,tags

Environment Variables:
JAVA_HOME=C:\Program Files\Java\jdk-23.0.2
PATH=C:\Program Files\Java\jdk-23.0.2\bin;C:\Program Files\Java\jdk-17.0.12\bin;C:\Program Files\Common Files\Oracle\Java\javapath;C:\Program Files (x86)\Common Files\Oracle\Java\javapath;C:\WINDOWS\system32;C:\WINDOWS;C:\WINDOWS\System32\Wbem;C:\WINDOWS\System32\WindowsPowerShell\v1.0\;C:\WINDOWS\System32\OpenSSH\;C:\Program Files\Microsoft SQL Server\150\Tools\Binn\;C:\Program Files\Microsoft SQL Server\Client SDK\ODBC\170\Tools\Binn\;C:\Program Files\dotnet\;C:\Program Files (x86)\Microsoft SQL Server\150\Tools\Binn\;C:\Program Files\Microsoft SQL Server\150\DTS\Binn\;C:\Program Files (x86)\Microsoft SQL Server\160\DTS\Binn\;C:\Program Files\Git\cmd;C:\Program Files\TortoiseGit\bin;C:\maven\apache-maven-3.9.9\bin;C:\Users\ADMIN\AppData\Local\Programs\Python\Python310\Scripts;C:\Users\ADMIN\AppData\Local\Programs\Python\Python310\;C:\Users\ADMIN\AppData\Local\Programs\Python\Python310\Scripts\;C:\Users\ADMIN\AppData\Local\Programs\Python\Python310\;C:\Program Files\Java\jdk-23.0.2\bin;C:\Program Files\Java\jdk-17.0.12\bin;C:\Program Files\Common Files\Oracle\Java\javapath;C:\Program Files (x86)\Common Files\Oracle\Java\javapath;C:\WINDOWS\system32;C:\WINDOWS;C:\WINDOWS\System32\Wbem;C:\WINDOWS\System32\WindowsPowerShell\v1.0\;C:\WINDOWS\System32\OpenSSH\;C:\Program Files\Microsoft SQL Server\150\Tools\Binn\;C:\Program Files\Microsoft SQL Server\Client SDK\ODBC\170\Tools\Binn\;C:\Program Files\dotnet\;C:\Program Files (x86)\Microsoft SQL Server\150\Tools\Binn\;C:\Program Files\Microsoft SQL Server\150\DTS\Binn\;C:\Program Files (x86)\Microsoft SQL Server\160\DTS\Binn\;C:\Program Files\Git\cmd;C:\Program Files\TortoiseGit\bin;C:\maven\apache-maven-3.9.9\bin;C:\Users\ADMIN\AppData\Local\Programs\Python\Python310\Scripts;C:\Users\ADMIN\AppData\Local\Programs\Python\Python310\;;C:\Program Files\Graphviz\bin;C:\Users\ADMIN\AppData\Local\Programs\Microsoft VS Code\bin;C:\Program Files\Mozilla Firefox;C:\Users\ADMIN\AppData\Roaming\Python\Python313\Scripts;
USERNAME=ADMIN
LANG=en_US.UTF-8
OS=Windows_NT
PROCESSOR_IDENTIFIER=Intel64 Family 6 Model 126 Stepping 5, GenuineIntel



---------------  S Y S T E M  ---------------

OS:
 Windows 11 , 64 bit Build 22621 (10.0.22621.5124)
OS uptime: 0 days 4:09 hours
Hyper-V role detected

CPU: total 8 (initial active 8) (4 cores per cpu, 2 threads per core) family 6 model 126 stepping 5 microcode 0xbc, cx8, cmov, fxsr, ht, mmx, 3dnowpref, sse, sse2, sse3, ssse3, sse4.1, sse4.2, popcnt, lzcnt, tsc, tscinvbit, avx, avx2, aes, erms, clmul, bmi1, bmi2, adx, avx512f, avx512dq, avx512cd, avx512bw, avx512vl, sha, fma, vzeroupper, avx512_vpopcntdq, avx512_vpclmulqdq, avx512_vaes, avx512_vnni, clflush, clflushopt, avx512_vbmi2, avx512_vbmi, hv

Memory: 4k page, system-wide physical 12055M (522M free)
TotalPageFile size 20057M (AvailPageFile size 9M)
current process WorkingSet (physical memory assigned to process): 381M, peak: 381M
current process commit charge ("private bytes"): 509M, peak: 510M

vm_info: Java HotSpot(TM) 64-Bit Server VM (17.0.12+8-LTS-286) for windows-amd64 JRE (17.0.12+8-LTS-286), built on Jun  5 2024 06:46:59 by "mach5one" with MS VC++ 17.6 (VS2022)

END.
