#
# There is insufficient memory for the Java Runtime Environment to continue.
# Native memory allocation (malloc) failed to allocate 32744 bytes for ChunkPool::allocate
# Possible reasons:
#   The system is out of physical RAM or swap space
#   The process is running with CompressedOops enabled, and the Java Heap may be blocking the growth of the native heap
# Possible solutions:
#   Reduce memory load on the system
#   Increase physical memory or swap space
#   Check if swap backing store is full
#   Decrease Java heap size (-Xmx/-Xms)
#   Decrease number of Java threads
#   Decrease Java thread stack sizes (-Xss)
#   Set larger code cache with -XX:ReservedCodeCacheSize=
#   JVM is running with Zero Based Compressed Oops mode in which the Java heap is
#     placed in the first 32GB address space. The Java Heap base address is the
#     maximum limit for the native heap growth. Please use -XX:HeapBaseMinAddress
#     to set the Java Heap base and to place the Java Heap above 32GB virtual address.
# This output file may be truncated or incomplete.
#
#  Out of Memory Error (arena.cpp:78), pid=11860, tid=19644
#
# JRE version: Java(TM) SE Runtime Environment (17.0.12+8) (build 17.0.12+8-LTS-286)
# Java VM: Java HotSpot(TM) 64-Bit Server VM (17.0.12+8-LTS-286, mixed mode, sharing, tiered, compressed oops, compressed class ptrs, g1 gc, windows-amd64)
# No core dump will be written. Minidumps are not enabled by default on client versions of Windows
#

---------------  S U M M A R Y ------------

Command Line: -agentlib:jdwp=transport=dt_socket,server=n,suspend=y,address=localhost:53761 -XX:+ShowCodeDetailsInExceptionMessages -Dspring.jmx.enabled=true -Dmanagement.endpoints.jmx.exposure.include=* -Dspring.application.admin.enabled=true -Dspring.boot.project.name=thuexe -Djava.rmi.server.hostname=localhost -Dcom.sun.management.jmxremote.port=45556 -Dcom.sun.management.jmxremote.authenticate=false -Dcom.sun.management.jmxremote.ssl=false com.hcmute.thuexe.ThueXeApplication

Host: Intel(R) Core(TM) i5-1035G1 CPU @ 1.00GHz, 8 cores, 11G,  Windows 11 , 64 bit Build 22621 (10.0.22621.5124)
Time: Thu May  8 14:34:07 2025 SE Asia Standard Time elapsed time: 111.229198 seconds (0d 0h 1m 51s)

---------------  T H R E A D  ---------------

Current thread (0x000002a9ef6e73b0):  JavaThread "C2 CompilerThread0" daemon [_thread_in_native, id=19644, stack(0x000000f71f800000,0x000000f71f900000)]


Current CompileTask:
C2: 111229 9667       4       jdk.internal.org.objectweb.asm.Frame::execute (2305 bytes)

Stack: [0x000000f71f800000,0x000000f71f900000]
Native frames: (J=compiled Java code, j=interpreted, Vv=VM code, C=native code)
V  [jvm.dll+0x67a04a]
V  [jvm.dll+0x7da4ed]
V  [jvm.dll+0x7dbe33]
V  [jvm.dll+0x7dc4a3]
V  [jvm.dll+0x24508f]
V  [jvm.dll+0xab9a4]
V  [jvm.dll+0xabd3c]
V  [jvm.dll+0x11e255]
V  [jvm.dll+0x6a388e]
V  [jvm.dll+0x1ba717]
V  [jvm.dll+0x216997]
V  [jvm.dll+0x215c6f]
V  [jvm.dll+0x1a2960]
V  [jvm.dll+0x22610b]
V  [jvm.dll+0x2242ab]
V  [jvm.dll+0x79075c]
V  [jvm.dll+0x78abea]
V  [jvm.dll+0x678f35]
C  [ucrtbase.dll+0x29333]
C  [KERNEL32.DLL+0x1259d]
C  [ntdll.dll+0x5af38]


---------------  P R O C E S S  ---------------

Threads class SMR info:
_java_thread_list=0x000002a9f6ec8af0, length=44, elements={
0x000002a9ef6c99c0, 0x000002a9ef6ca580, 0x000002a9ef6e0200, 0x000002a9ef6e2ae0,
0x000002a9ef6e34a0, 0x000002a9ef6e5e70, 0x000002a9ef6e73b0, 0x000002a9ef6e8270,
0x000002a9ef6edaf0, 0x000002a9ef910850, 0x000002a9ef9cb3f0, 0x000002a9efa187d0,
0x000002a9efa1a2d0, 0x000002a9ef9ebdd0, 0x000002a9f430b3a0, 0x000002a9f43c49d0,
0x000002a9f4306720, 0x000002a9f4a06170, 0x000002a9f4a09410, 0x000002a9f4a07fd0,
0x000002a9f66e4850, 0x000002a9f66e3920, 0x000002a9f66e3e30, 0x000002a9f66e2f00,
0x000002a9f66e0b90, 0x000002a9f66e5780, 0x000002a9f66e5c90, 0x000002a9f66e61a0,
0x000002a9f66e70d0, 0x000002a9f66e15b0, 0x000002a9f66e66b0, 0x000002a9f66e6bc0,
0x000002a9f66e24e0, 0x000002a9f66e75e0, 0x000002a9f66e1ac0, 0x000002a9f66e7af0,
0x000002a9f66e0680, 0x000002a9f66e8000, 0x000002a9f66e29f0, 0x000002a9fa013010,
0x000002a9fa00fd70, 0x000002a9fa0125f0, 0x000002a9fa013f40, 0x000002a9fa010280
}

Java Threads: ( => current thread )
  0x000002a9ef6c99c0 JavaThread "Reference Handler" daemon [_thread_blocked, id=11908, stack(0x000000f71f200000,0x000000f71f300000)]
  0x000002a9ef6ca580 JavaThread "Finalizer" daemon [_thread_blocked, id=21484, stack(0x000000f71f300000,0x000000f71f400000)]
  0x000002a9ef6e0200 JavaThread "Signal Dispatcher" daemon [_thread_blocked, id=20924, stack(0x000000f71f400000,0x000000f71f500000)]
  0x000002a9ef6e2ae0 JavaThread "Attach Listener" daemon [_thread_blocked, id=3820, stack(0x000000f71f500000,0x000000f71f600000)]
  0x000002a9ef6e34a0 JavaThread "Service Thread" daemon [_thread_blocked, id=12404, stack(0x000000f71f600000,0x000000f71f700000)]
  0x000002a9ef6e5e70 JavaThread "Monitor Deflation Thread" daemon [_thread_blocked, id=17716, stack(0x000000f71f700000,0x000000f71f800000)]
=>0x000002a9ef6e73b0 JavaThread "C2 CompilerThread0" daemon [_thread_in_native, id=19644, stack(0x000000f71f800000,0x000000f71f900000)]
  0x000002a9ef6e8270 JavaThread "C1 CompilerThread0" daemon [_thread_blocked, id=20672, stack(0x000000f71f900000,0x000000f71fa00000)]
  0x000002a9ef6edaf0 JavaThread "Sweeper thread" daemon [_thread_blocked, id=19624, stack(0x000000f71fa00000,0x000000f71fb00000)]
  0x000002a9ef910850 JavaThread "Common-Cleaner" daemon [_thread_blocked, id=11928, stack(0x000000f71fb00000,0x000000f71fc00000)]
  0x000002a9ef9cb3f0 JavaThread "JDWP Transport Listener: dt_socket" daemon [_thread_blocked, id=18260, stack(0x000000f71fc00000,0x000000f71fd00000)]
  0x000002a9efa187d0 JavaThread "JDWP Event Helper Thread" daemon [_thread_blocked, id=4196, stack(0x000000f71fd00000,0x000000f71fe00000)]
  0x000002a9efa1a2d0 JavaThread "JDWP Command Reader" daemon [_thread_in_native, id=1836, stack(0x000000f71fe00000,0x000000f71ff00000)]
  0x000002a9ef9ebdd0 JavaThread "Notification Thread" daemon [_thread_blocked, id=19956, stack(0x000000f71ff00000,0x000000f720000000)]
  0x000002a9f430b3a0 JavaThread "RMI TCP Accept-0" daemon [_thread_in_native, id=1156, stack(0x000000f720000000,0x000000f720100000)]
  0x000002a9f43c49d0 JavaThread "RMI TCP Accept-45556" daemon [_thread_in_native, id=20496, stack(0x000000f720100000,0x000000f720200000)]
  0x000002a9f4306720 JavaThread "RMI TCP Accept-0" daemon [_thread_in_native, id=11708, stack(0x000000f720200000,0x000000f720300000)]
  0x000002a9f4a06170 JavaThread "RMI Scheduler(0)" daemon [_thread_blocked, id=17960, stack(0x000000f720f00000,0x000000f721000000)]
  0x000002a9f4a09410 JavaThread "JMX server connection timeout 28" daemon [_thread_blocked, id=20824, stack(0x000000f721100000,0x000000f721200000)]
  0x000002a9f4a07fd0 JavaThread "mysql-cj-abandoned-connection-cleanup" daemon [_thread_blocked, id=15416, stack(0x000000f721300000,0x000000f721400000)]
  0x000002a9f66e4850 JavaThread "HikariPool-1 housekeeper" daemon [_thread_blocked, id=21304, stack(0x000000f721600000,0x000000f721700000)]
  0x000002a9f66e3920 JavaThread "Catalina-utility-1" [_thread_blocked, id=4652, stack(0x000000f721800000,0x000000f721900000)]
  0x000002a9f66e3e30 JavaThread "Catalina-utility-2" [_thread_blocked, id=5364, stack(0x000000f721900000,0x000000f721a00000)]
  0x000002a9f66e2f00 JavaThread "container-0" [_thread_blocked, id=5740, stack(0x000000f721a00000,0x000000f721b00000)]
  0x000002a9f66e0b90 JavaThread "File Watcher" daemon [_thread_blocked, id=4128, stack(0x000000f721e00000,0x000000f721f00000)]
  0x000002a9f66e5780 JavaThread "Live Reload Server" daemon [_thread_in_native, id=6896, stack(0x000000f722000000,0x000000f722100000)]
  0x000002a9f66e5c90 JavaThread "MessageBroker-1" [_thread_blocked, id=16820, stack(0x000000f721f00000,0x000000f722000000)]
  0x000002a9f66e61a0 JavaThread "http-nio-9099-exec-1" daemon [_thread_blocked, id=11100, stack(0x000000f722100000,0x000000f722200000)]
  0x000002a9f66e70d0 JavaThread "http-nio-9099-exec-2" daemon [_thread_blocked, id=8856, stack(0x000000f722200000,0x000000f722300000)]
  0x000002a9f66e15b0 JavaThread "http-nio-9099-exec-3" daemon [_thread_blocked, id=2068, stack(0x000000f722300000,0x000000f722400000)]
  0x000002a9f66e66b0 JavaThread "http-nio-9099-exec-4" daemon [_thread_blocked, id=6328, stack(0x000000f722400000,0x000000f722500000)]
  0x000002a9f66e6bc0 JavaThread "http-nio-9099-exec-5" daemon [_thread_blocked, id=2280, stack(0x000000f722500000,0x000000f722600000)]
  0x000002a9f66e24e0 JavaThread "http-nio-9099-exec-6" daemon [_thread_blocked, id=11276, stack(0x000000f722600000,0x000000f722700000)]
  0x000002a9f66e75e0 JavaThread "http-nio-9099-exec-7" daemon [_thread_blocked, id=1544, stack(0x000000f722700000,0x000000f722800000)]
  0x000002a9f66e1ac0 JavaThread "http-nio-9099-exec-8" daemon [_thread_blocked, id=6284, stack(0x000000f722800000,0x000000f722900000)]
  0x000002a9f66e7af0 JavaThread "http-nio-9099-exec-9" daemon [_thread_blocked, id=18968, stack(0x000000f722900000,0x000000f722a00000)]
  0x000002a9f66e0680 JavaThread "http-nio-9099-exec-10" daemon [_thread_blocked, id=7548, stack(0x000000f722a00000,0x000000f722b00000)]
  0x000002a9f66e8000 JavaThread "http-nio-9099-Poller" daemon [_thread_in_native, id=11676, stack(0x000000f722b00000,0x000000f722c00000)]
  0x000002a9f66e29f0 JavaThread "http-nio-9099-Acceptor" daemon [_thread_in_native, id=15740, stack(0x000000f722c00000,0x000000f722d00000)]
  0x000002a9fa013010 JavaThread "MessageBroker-2" [_thread_blocked, id=17232, stack(0x000000f722d00000,0x000000f722e00000)]
  0x000002a9fa00fd70 JavaThread "DestroyJavaVM" [_thread_blocked, id=17608, stack(0x000000f71eb00000,0x000000f71ec00000)]
  0x000002a9fa0125f0 JavaThread "MessageBroker-3" [_thread_blocked, id=13472, stack(0x000000f720c00000,0x000000f720d00000)]
  0x000002a9fa013f40 JavaThread "RMI TCP Connection(3)-127.0.0.1" daemon [_thread_in_native, id=18760, stack(0x000000f720d00000,0x000000f720e00000)]
  0x000002a9fa010280 JavaThread "MessageBroker-4" [_thread_blocked, id=18176, stack(0x000000f71e900000,0x000000f71ea00000)]

Other Threads:
  0x000002a9ef6c3770 VMThread "VM Thread" [stack: 0x000000f71f100000,0x000000f71f200000] [id=4508]
  0x000002a9cf0ca340 WatcherThread [stack: 0x000000f720300000,0x000000f720400000] [id=18252]
  0x000002a9cf129690 GCTaskThread "GC Thread#0" [stack: 0x000000f71ec00000,0x000000f71ed00000] [id=14684]
  0x000002a9f4604ad0 GCTaskThread "GC Thread#1" [stack: 0x000000f720400000,0x000000f720500000] [id=17932]
  0x000002a9f4604d90 GCTaskThread "GC Thread#2" [stack: 0x000000f720500000,0x000000f720600000] [id=18624]
  0x000002a9f4816890 GCTaskThread "GC Thread#3" [stack: 0x000000f720600000,0x000000f720700000] [id=11288]
  0x000002a9f48762c0 GCTaskThread "GC Thread#4" [stack: 0x000000f720700000,0x000000f720800000] [id=8672]
  0x000002a9f4876580 GCTaskThread "GC Thread#5" [stack: 0x000000f720800000,0x000000f720900000] [id=20204]
  0x000002a9f4876840 GCTaskThread "GC Thread#6" [stack: 0x000000f720900000,0x000000f720a00000] [id=4364]
  0x000002a9f4876b00 GCTaskThread "GC Thread#7" [stack: 0x000000f720a00000,0x000000f720b00000] [id=2124]
  0x000002a9cf136230 ConcurrentGCThread "G1 Main Marker" [stack: 0x000000f71ed00000,0x000000f71ee00000] [id=8668]
  0x000002a9cf136c40 ConcurrentGCThread "G1 Conc#0" [stack: 0x000000f71ee00000,0x000000f71ef00000] [id=15208]
  0x000002a9f688c550 ConcurrentGCThread "G1 Conc#1" [stack: 0x000000f721400000,0x000000f721500000] [id=5932]
  0x000002a9ef593010 ConcurrentGCThread "G1 Refine#0" [stack: 0x000000f71ef00000,0x000000f71f000000] [id=6860]
  0x000002a9f4816f70 ConcurrentGCThread "G1 Refine#1" [stack: 0x000000f720b00000,0x000000f720c00000] [id=19952]
  0x000002a9f73675c0 ConcurrentGCThread "G1 Refine#2" [stack: 0x000000f721b00000,0x000000f721c00000] [id=3448]
  0x000002a9f7369610 ConcurrentGCThread "G1 Refine#3" [stack: 0x000000f721700000,0x000000f721800000] [id=12092]
  0x000002a9f7369ee0 ConcurrentGCThread "G1 Refine#4" [stack: 0x000000f721c00000,0x000000f721d00000] [id=9084]
  0x000002a9ef593950 ConcurrentGCThread "G1 Service" [stack: 0x000000f71f000000,0x000000f71f100000] [id=17968]

Threads with active compile tasks:
C2 CompilerThread0   111275 9667       4       jdk.internal.org.objectweb.asm.Frame::execute (2305 bytes)

VM state: not at safepoint (normal execution)

VM Mutex/Monitor currently owned by a thread: None

Heap address: 0x0000000743a00000, size: 3014 MB, Compressed Oops mode: Zero based, Oop shift amount: 3

CDS archive(s) mapped at: [0x000002a980000000-0x000002a980bd0000-0x000002a980bd0000), size 12386304, SharedBaseAddress: 0x000002a980000000, ArchiveRelocationMode: 1.
Compressed class space mapped at: 0x000002a981000000-0x000002a9c1000000, reserved size: 1073741824
Narrow klass base: 0x000002a980000000, Narrow klass shift: 0, Narrow klass range: 0x100000000

GC Precious Log:
 CPUs: 8 total, 8 available
 Memory: 12055M
 Large Page Support: Disabled
 NUMA Support: Disabled
 Compressed Oops: Enabled (Zero based)
 Heap Region Size: 2M
 Heap Min Capacity: 8M
 Heap Initial Capacity: 190M
 Heap Max Capacity: 3014M
 Pre-touch: Disabled
 Parallel Workers: 8
 Concurrent Workers: 2
 Concurrent Refinement Workers: 8
 Periodic GC: Disabled

Heap:
 garbage-first heap   total 473088K, used 273852K [0x0000000743a00000, 0x0000000800000000)
  region size 2048K, 64 young (131072K), 4 survivors (8192K)
 Metaspace       used 91803K, committed 92608K, reserved 1179648K
  class space    used 12736K, committed 13120K, reserved 1048576K

Heap Regions: E=young(eden), S=young(survivor), O=old, HS=humongous(starts), HC=humongous(continues), CS=collection set, F=free, OA=open archive, CA=closed archive, TAMS=top-at-mark-start (previous, next)
|   0|0x0000000743a00000, 0x0000000743c00000, 0x0000000743c00000|100%| O|  |TAMS 0x0000000743c00000, 0x0000000743a00000| Untracked 
|   1|0x0000000743c00000, 0x0000000743e00000, 0x0000000743e00000|100%| O|  |TAMS 0x0000000743e00000, 0x0000000743c00000| Untracked 
|   2|0x0000000743e00000, 0x0000000744000000, 0x0000000744000000|100%| O|  |TAMS 0x0000000744000000, 0x0000000743e00000| Untracked 
|   3|0x0000000744000000, 0x0000000744200000, 0x0000000744200000|100%| O|  |TAMS 0x0000000744200000, 0x0000000744000000| Untracked 
|   4|0x0000000744200000, 0x0000000744400000, 0x0000000744400000|100%| O|  |TAMS 0x0000000744400000, 0x0000000744200000| Untracked 
|   5|0x0000000744400000, 0x0000000744600000, 0x0000000744600000|100%| O|  |TAMS 0x0000000744600000, 0x0000000744400000| Untracked 
|   6|0x0000000744600000, 0x0000000744800000, 0x0000000744800000|100%| O|  |TAMS 0x0000000744800000, 0x0000000744600000| Untracked 
|   7|0x0000000744800000, 0x0000000744a00000, 0x0000000744a00000|100%| O|  |TAMS 0x0000000744a00000, 0x0000000744800000| Untracked 
|   8|0x0000000744a00000, 0x0000000744c00000, 0x0000000744c00000|100%| O|  |TAMS 0x0000000744c00000, 0x0000000744a00000| Untracked 
|   9|0x0000000744c00000, 0x0000000744e00000, 0x0000000744e00000|100%| O|  |TAMS 0x0000000744e00000, 0x0000000744c00000| Untracked 
|  10|0x0000000744e00000, 0x0000000745000000, 0x0000000745000000|100%| O|  |TAMS 0x0000000745000000, 0x0000000744e00000| Untracked 
|  11|0x0000000745000000, 0x0000000745200000, 0x0000000745200000|100%| O|  |TAMS 0x0000000745200000, 0x0000000745000000| Untracked 
|  12|0x0000000745200000, 0x0000000745400000, 0x0000000745400000|100%| O|  |TAMS 0x0000000745400000, 0x0000000745200000| Untracked 
|  13|0x0000000745400000, 0x0000000745600000, 0x0000000745600000|100%| O|  |TAMS 0x0000000745600000, 0x0000000745400000| Untracked 
|  14|0x0000000745600000, 0x0000000745800000, 0x0000000745800000|100%| O|  |TAMS 0x0000000745800000, 0x0000000745600000| Untracked 
|  15|0x0000000745800000, 0x0000000745a00000, 0x0000000745a00000|100%| O|  |TAMS 0x0000000745a00000, 0x0000000745800000| Untracked 
|  16|0x0000000745a00000, 0x0000000745c00000, 0x0000000745c00000|100%| O|  |TAMS 0x0000000745c00000, 0x0000000745a00000| Untracked 
|  17|0x0000000745c00000, 0x0000000745e00000, 0x0000000745e00000|100%| O|  |TAMS 0x0000000745e00000, 0x0000000745c00000| Untracked 
|  18|0x0000000745e00000, 0x0000000746000000, 0x0000000746000000|100%| O|  |TAMS 0x0000000746000000, 0x0000000745e00000| Untracked 
|  19|0x0000000746000000, 0x0000000746200000, 0x0000000746200000|100%|HS|  |TAMS 0x0000000746000000, 0x0000000746000000| Complete 
|  20|0x0000000746200000, 0x0000000746400000, 0x0000000746400000|100%| O|  |TAMS 0x0000000746200000, 0x0000000746200000| Untracked 
|  21|0x0000000746400000, 0x0000000746600000, 0x0000000746600000|100%| O|  |TAMS 0x0000000746400000, 0x0000000746400000| Untracked 
|  22|0x0000000746600000, 0x0000000746800000, 0x0000000746800000|100%| O|  |TAMS 0x0000000746600000, 0x0000000746600000| Untracked 
|  23|0x0000000746800000, 0x0000000746a00000, 0x0000000746a00000|100%| O|  |TAMS 0x0000000746800000, 0x0000000746800000| Untracked 
|  24|0x0000000746a00000, 0x0000000746c00000, 0x0000000746c00000|100%| O|  |TAMS 0x0000000746a00000, 0x0000000746a00000| Untracked 
|  25|0x0000000746c00000, 0x0000000746e00000, 0x0000000746e00000|100%|HS|  |TAMS 0x0000000746c00000, 0x0000000746c00000| Complete 
|  26|0x0000000746e00000, 0x0000000747000000, 0x0000000747000000|100%|HC|  |TAMS 0x0000000746e00000, 0x0000000746e00000| Complete 
|  27|0x0000000747000000, 0x0000000747200000, 0x0000000747200000|100%| O|  |TAMS 0x0000000747000000, 0x0000000747000000| Untracked 
|  28|0x0000000747200000, 0x0000000747400000, 0x0000000747400000|100%| O|  |TAMS 0x0000000747200000, 0x0000000747200000| Untracked 
|  29|0x0000000747400000, 0x0000000747600000, 0x0000000747600000|100%| O|  |TAMS 0x0000000747400000, 0x0000000747400000| Untracked 
|  30|0x0000000747600000, 0x0000000747800000, 0x0000000747800000|100%| O|  |TAMS 0x0000000747600000, 0x0000000747600000| Untracked 
|  31|0x0000000747800000, 0x0000000747a00000, 0x0000000747a00000|100%| O|  |TAMS 0x0000000747800000, 0x0000000747800000| Untracked 
|  32|0x0000000747a00000, 0x0000000747c00000, 0x0000000747c00000|100%| O|  |TAMS 0x0000000747a00000, 0x0000000747a00000| Untracked 
|  33|0x0000000747c00000, 0x0000000747e00000, 0x0000000747e00000|100%| O|  |TAMS 0x0000000747e00000, 0x0000000747c00000| Untracked 
|  34|0x0000000747e00000, 0x0000000748000000, 0x0000000748000000|100%| O|  |TAMS 0x0000000748000000, 0x0000000747e00000| Untracked 
|  35|0x0000000748000000, 0x0000000748200000, 0x0000000748200000|100%| O|  |TAMS 0x0000000748000000, 0x0000000748000000| Untracked 
|  36|0x0000000748200000, 0x0000000748400000, 0x0000000748400000|100%| O|  |TAMS 0x0000000748400000, 0x0000000748200000| Untracked 
|  37|0x0000000748400000, 0x0000000748600000, 0x0000000748600000|100%| O|  |TAMS 0x0000000748600000, 0x0000000748400000| Untracked 
|  38|0x0000000748600000, 0x0000000748800000, 0x0000000748800000|100%| O|  |TAMS 0x000000074865ce00, 0x0000000748600000| Untracked 
|  39|0x0000000748800000, 0x0000000748a00000, 0x0000000748a00000|100%| O|  |TAMS 0x0000000748800000, 0x0000000748800000| Untracked 
|  40|0x0000000748a00000, 0x0000000748c00000, 0x0000000748c00000|100%| O|  |TAMS 0x0000000748a00000, 0x0000000748a00000| Untracked 
|  41|0x0000000748c00000, 0x0000000748e00000, 0x0000000748e00000|100%| O|  |TAMS 0x0000000748c00000, 0x0000000748c00000| Untracked 
|  42|0x0000000748e00000, 0x0000000749000000, 0x0000000749000000|100%| O|  |TAMS 0x0000000748e00000, 0x0000000748e00000| Untracked 
|  43|0x0000000749000000, 0x0000000749200000, 0x0000000749200000|100%| O|  |TAMS 0x0000000749000000, 0x0000000749000000| Untracked 
|  44|0x0000000749200000, 0x0000000749400000, 0x0000000749400000|100%| O|  |TAMS 0x0000000749200000, 0x0000000749200000| Untracked 
|  45|0x0000000749400000, 0x0000000749600000, 0x0000000749600000|100%| O|  |TAMS 0x0000000749400000, 0x0000000749400000| Untracked 
|  46|0x0000000749600000, 0x0000000749800000, 0x0000000749800000|100%| O|  |TAMS 0x0000000749600000, 0x0000000749600000| Untracked 
|  47|0x0000000749800000, 0x0000000749a00000, 0x0000000749a00000|100%| O|  |TAMS 0x0000000749800000, 0x0000000749800000| Untracked 
|  48|0x0000000749a00000, 0x0000000749c00000, 0x0000000749c00000|100%| O|  |TAMS 0x0000000749a00000, 0x0000000749a00000| Untracked 
|  49|0x0000000749c00000, 0x0000000749e00000, 0x0000000749e00000|100%| O|  |TAMS 0x0000000749c00000, 0x0000000749c00000| Untracked 
|  50|0x0000000749e00000, 0x000000074a000000, 0x000000074a000000|100%| O|  |TAMS 0x0000000749e00000, 0x0000000749e00000| Untracked 
|  51|0x000000074a000000, 0x000000074a200000, 0x000000074a200000|100%| O|  |TAMS 0x000000074a000000, 0x000000074a000000| Untracked 
|  52|0x000000074a200000, 0x000000074a400000, 0x000000074a400000|100%| O|  |TAMS 0x000000074a200000, 0x000000074a200000| Untracked 
|  53|0x000000074a400000, 0x000000074a600000, 0x000000074a600000|100%| O|  |TAMS 0x000000074a400000, 0x000000074a400000| Untracked 
|  54|0x000000074a600000, 0x000000074a800000, 0x000000074a800000|100%| O|  |TAMS 0x000000074a600000, 0x000000074a600000| Untracked 
|  55|0x000000074a800000, 0x000000074aa00000, 0x000000074aa00000|100%| O|  |TAMS 0x000000074a800000, 0x000000074a800000| Untracked 
|  56|0x000000074aa00000, 0x000000074ac00000, 0x000000074ac00000|100%| O|  |TAMS 0x000000074aa00000, 0x000000074aa00000| Untracked 
|  57|0x000000074ac00000, 0x000000074ae00000, 0x000000074ae00000|100%| O|  |TAMS 0x000000074ac00000, 0x000000074ac00000| Untracked 
|  58|0x000000074ae00000, 0x000000074b000000, 0x000000074b000000|100%| O|  |TAMS 0x000000074ae00000, 0x000000074ae00000| Untracked 
|  59|0x000000074b000000, 0x000000074b200000, 0x000000074b200000|100%| O|  |TAMS 0x000000074b000000, 0x000000074b000000| Untracked 
|  60|0x000000074b200000, 0x000000074b400000, 0x000000074b400000|100%| O|  |TAMS 0x000000074b200000, 0x000000074b200000| Untracked 
|  61|0x000000074b400000, 0x000000074b600000, 0x000000074b600000|100%| O|  |TAMS 0x000000074b400000, 0x000000074b400000| Untracked 
|  62|0x000000074b600000, 0x000000074b800000, 0x000000074b800000|100%| O|  |TAMS 0x000000074b600000, 0x000000074b600000| Untracked 
|  63|0x000000074b800000, 0x000000074ba00000, 0x000000074ba00000|100%| O|  |TAMS 0x000000074b800000, 0x000000074b800000| Untracked 
|  64|0x000000074ba00000, 0x000000074bc00000, 0x000000074bc00000|100%| O|  |TAMS 0x000000074ba00000, 0x000000074ba00000| Untracked 
|  65|0x000000074bc00000, 0x000000074be00000, 0x000000074be00000|100%| O|  |TAMS 0x000000074bc00000, 0x000000074bc00000| Untracked 
|  66|0x000000074be00000, 0x000000074c000000, 0x000000074c000000|100%| O|  |TAMS 0x000000074be00000, 0x000000074be00000| Untracked 
|  67|0x000000074c000000, 0x000000074c200000, 0x000000074c200000|100%| O|  |TAMS 0x000000074c000000, 0x000000074c000000| Untracked 
|  68|0x000000074c200000, 0x000000074c400000, 0x000000074c400000|100%| O|  |TAMS 0x000000074c200000, 0x000000074c200000| Untracked 
|  69|0x000000074c400000, 0x000000074c600000, 0x000000074c600000|100%| O|  |TAMS 0x000000074c400000, 0x000000074c400000| Untracked 
|  70|0x000000074c600000, 0x000000074c800000, 0x000000074c800000|100%| O|  |TAMS 0x000000074c600000, 0x000000074c600000| Untracked 
|  71|0x000000074c800000, 0x000000074c9cbe00, 0x000000074ca00000| 89%| O|  |TAMS 0x000000074c800000, 0x000000074c800000| Untracked 
|  72|0x000000074ca00000, 0x000000074ca00000, 0x000000074cc00000|  0%| F|  |TAMS 0x000000074ca00000, 0x000000074ca00000| Untracked 
|  73|0x000000074cc00000, 0x000000074cc00000, 0x000000074ce00000|  0%| F|  |TAMS 0x000000074cc00000, 0x000000074cc00000| Untracked 
|  74|0x000000074ce00000, 0x000000074ce00000, 0x000000074d000000|  0%| F|  |TAMS 0x000000074ce00000, 0x000000074ce00000| Untracked 
|  75|0x000000074d000000, 0x000000074d000000, 0x000000074d200000|  0%| F|  |TAMS 0x000000074d000000, 0x000000074d000000| Untracked 
|  76|0x000000074d200000, 0x000000074d200000, 0x000000074d400000|  0%| F|  |TAMS 0x000000074d200000, 0x000000074d200000| Untracked 
|  77|0x000000074d400000, 0x000000074d400000, 0x000000074d600000|  0%| F|  |TAMS 0x000000074d400000, 0x000000074d400000| Untracked 
|  78|0x000000074d600000, 0x000000074d600000, 0x000000074d800000|  0%| F|  |TAMS 0x000000074d600000, 0x000000074d600000| Untracked 
|  79|0x000000074d800000, 0x000000074d800000, 0x000000074da00000|  0%| F|  |TAMS 0x000000074d800000, 0x000000074d800000| Untracked 
|  80|0x000000074da00000, 0x000000074da00000, 0x000000074dc00000|  0%| F|  |TAMS 0x000000074da00000, 0x000000074da00000| Untracked 
|  81|0x000000074dc00000, 0x000000074dc00000, 0x000000074de00000|  0%| F|  |TAMS 0x000000074dc00000, 0x000000074dc00000| Untracked 
|  82|0x000000074de00000, 0x000000074de00000, 0x000000074e000000|  0%| F|  |TAMS 0x000000074de00000, 0x000000074de00000| Untracked 
|  83|0x000000074e000000, 0x000000074e000000, 0x000000074e200000|  0%| F|  |TAMS 0x000000074e000000, 0x000000074e000000| Untracked 
|  84|0x000000074e200000, 0x000000074e200000, 0x000000074e400000|  0%| F|  |TAMS 0x000000074e200000, 0x000000074e200000| Untracked 
|  85|0x000000074e400000, 0x000000074e400000, 0x000000074e600000|  0%| F|  |TAMS 0x000000074e400000, 0x000000074e400000| Untracked 
|  86|0x000000074e600000, 0x000000074e600000, 0x000000074e800000|  0%| F|  |TAMS 0x000000074e600000, 0x000000074e600000| Untracked 
|  87|0x000000074e800000, 0x000000074e800000, 0x000000074ea00000|  0%| F|  |TAMS 0x000000074e800000, 0x000000074e800000| Untracked 
|  88|0x000000074ea00000, 0x000000074ea00000, 0x000000074ec00000|  0%| F|  |TAMS 0x000000074ea00000, 0x000000074ea00000| Untracked 
|  89|0x000000074ec00000, 0x000000074ec00000, 0x000000074ee00000|  0%| F|  |TAMS 0x000000074ec00000, 0x000000074ec00000| Untracked 
|  90|0x000000074ee00000, 0x000000074ee00000, 0x000000074f000000|  0%| F|  |TAMS 0x000000074ee00000, 0x000000074ee00000| Untracked 
|  91|0x000000074f000000, 0x000000074f000000, 0x000000074f200000|  0%| F|  |TAMS 0x000000074f000000, 0x000000074f000000| Untracked 
|  92|0x000000074f200000, 0x000000074f200000, 0x000000074f400000|  0%| F|  |TAMS 0x000000074f200000, 0x000000074f200000| Untracked 
|  93|0x000000074f400000, 0x000000074f400000, 0x000000074f600000|  0%| F|  |TAMS 0x000000074f400000, 0x000000074f400000| Untracked 
|  94|0x000000074f600000, 0x000000074f600000, 0x000000074f800000|  0%| F|  |TAMS 0x000000074f600000, 0x000000074f600000| Untracked 
|  95|0x000000074f800000, 0x000000074f800000, 0x000000074fa00000|  0%| F|  |TAMS 0x000000074f800000, 0x000000074f800000| Untracked 
|  96|0x000000074fa00000, 0x000000074fa00000, 0x000000074fc00000|  0%| F|  |TAMS 0x000000074fa00000, 0x000000074fa00000| Untracked 
|  97|0x000000074fc00000, 0x000000074fc00000, 0x000000074fe00000|  0%| F|  |TAMS 0x000000074fc00000, 0x000000074fc00000| Untracked 
|  98|0x000000074fe00000, 0x000000074fe00000, 0x0000000750000000|  0%| F|  |TAMS 0x000000074fe00000, 0x000000074fe00000| Untracked 
|  99|0x0000000750000000, 0x0000000750000000, 0x0000000750200000|  0%| F|  |TAMS 0x0000000750000000, 0x0000000750000000| Untracked 
| 100|0x0000000750200000, 0x0000000750200000, 0x0000000750400000|  0%| F|  |TAMS 0x0000000750200000, 0x0000000750200000| Untracked 
| 101|0x0000000750400000, 0x0000000750400000, 0x0000000750600000|  0%| F|  |TAMS 0x0000000750400000, 0x0000000750400000| Untracked 
| 102|0x0000000750600000, 0x0000000750600000, 0x0000000750800000|  0%| F|  |TAMS 0x0000000750600000, 0x0000000750600000| Untracked 
| 103|0x0000000750800000, 0x0000000750800000, 0x0000000750a00000|  0%| F|  |TAMS 0x0000000750800000, 0x0000000750800000| Untracked 
| 104|0x0000000750a00000, 0x0000000750a00000, 0x0000000750c00000|  0%| F|  |TAMS 0x0000000750a00000, 0x0000000750a00000| Untracked 
| 105|0x0000000750c00000, 0x0000000750c00000, 0x0000000750e00000|  0%| F|  |TAMS 0x0000000750c00000, 0x0000000750c00000| Untracked 
| 106|0x0000000750e00000, 0x0000000750e00000, 0x0000000751000000|  0%| F|  |TAMS 0x0000000750e00000, 0x0000000750e00000| Untracked 
| 107|0x0000000751000000, 0x0000000751000000, 0x0000000751200000|  0%| F|  |TAMS 0x0000000751000000, 0x0000000751000000| Untracked 
| 108|0x0000000751200000, 0x0000000751200000, 0x0000000751400000|  0%| F|  |TAMS 0x0000000751200000, 0x0000000751200000| Untracked 
| 109|0x0000000751400000, 0x0000000751400000, 0x0000000751600000|  0%| F|  |TAMS 0x0000000751400000, 0x0000000751400000| Untracked 
| 110|0x0000000751600000, 0x0000000751600000, 0x0000000751800000|  0%| F|  |TAMS 0x0000000751600000, 0x0000000751600000| Untracked 
| 111|0x0000000751800000, 0x0000000751800000, 0x0000000751a00000|  0%| F|  |TAMS 0x0000000751800000, 0x0000000751800000| Untracked 
| 112|0x0000000751a00000, 0x0000000751a00000, 0x0000000751c00000|  0%| F|  |TAMS 0x0000000751a00000, 0x0000000751a00000| Untracked 
| 113|0x0000000751c00000, 0x0000000751c00000, 0x0000000751e00000|  0%| F|  |TAMS 0x0000000751c00000, 0x0000000751c00000| Untracked 
| 114|0x0000000751e00000, 0x0000000751e00000, 0x0000000752000000|  0%| F|  |TAMS 0x0000000751e00000, 0x0000000751e00000| Untracked 
| 115|0x0000000752000000, 0x0000000752000000, 0x0000000752200000|  0%| F|  |TAMS 0x0000000752000000, 0x0000000752000000| Untracked 
| 116|0x0000000752200000, 0x0000000752200000, 0x0000000752400000|  0%| F|  |TAMS 0x0000000752200000, 0x0000000752200000| Untracked 
| 117|0x0000000752400000, 0x0000000752400000, 0x0000000752600000|  0%| F|  |TAMS 0x0000000752400000, 0x0000000752400000| Untracked 
| 118|0x0000000752600000, 0x0000000752600000, 0x0000000752800000|  0%| F|  |TAMS 0x0000000752600000, 0x0000000752600000| Untracked 
| 119|0x0000000752800000, 0x0000000752800000, 0x0000000752a00000|  0%| F|  |TAMS 0x0000000752800000, 0x0000000752800000| Untracked 
| 120|0x0000000752a00000, 0x0000000752a00000, 0x0000000752c00000|  0%| F|  |TAMS 0x0000000752a00000, 0x0000000752a00000| Untracked 
| 121|0x0000000752c00000, 0x0000000752c00000, 0x0000000752e00000|  0%| F|  |TAMS 0x0000000752c00000, 0x0000000752c00000| Untracked 
| 122|0x0000000752e00000, 0x0000000752e00000, 0x0000000753000000|  0%| F|  |TAMS 0x0000000752e00000, 0x0000000752e00000| Untracked 
| 123|0x0000000753000000, 0x0000000753000000, 0x0000000753200000|  0%| F|  |TAMS 0x0000000753000000, 0x0000000753000000| Untracked 
| 124|0x0000000753200000, 0x0000000753200000, 0x0000000753400000|  0%| F|  |TAMS 0x0000000753200000, 0x0000000753200000| Untracked 
| 125|0x0000000753400000, 0x0000000753400000, 0x0000000753600000|  0%| F|  |TAMS 0x0000000753400000, 0x0000000753400000| Untracked 
| 126|0x0000000753600000, 0x0000000753600000, 0x0000000753800000|  0%| F|  |TAMS 0x0000000753600000, 0x0000000753600000| Untracked 
| 127|0x0000000753800000, 0x0000000753800000, 0x0000000753a00000|  0%| F|  |TAMS 0x0000000753800000, 0x0000000753800000| Untracked 
| 128|0x0000000753a00000, 0x0000000753a00000, 0x0000000753c00000|  0%| F|  |TAMS 0x0000000753a00000, 0x0000000753a00000| Untracked 
| 129|0x0000000753c00000, 0x0000000753c00000, 0x0000000753e00000|  0%| F|  |TAMS 0x0000000753c00000, 0x0000000753c00000| Untracked 
| 130|0x0000000753e00000, 0x0000000753e00000, 0x0000000754000000|  0%| F|  |TAMS 0x0000000753e00000, 0x0000000753e00000| Untracked 
| 131|0x0000000754000000, 0x0000000754000000, 0x0000000754200000|  0%| F|  |TAMS 0x0000000754000000, 0x0000000754000000| Untracked 
| 132|0x0000000754200000, 0x0000000754200000, 0x0000000754400000|  0%| F|  |TAMS 0x0000000754200000, 0x0000000754200000| Untracked 
| 133|0x0000000754400000, 0x0000000754400000, 0x0000000754600000|  0%| F|  |TAMS 0x0000000754400000, 0x0000000754400000| Untracked 
| 134|0x0000000754600000, 0x0000000754600000, 0x0000000754800000|  0%| F|  |TAMS 0x0000000754600000, 0x0000000754600000| Untracked 
| 135|0x0000000754800000, 0x0000000754800000, 0x0000000754a00000|  0%| F|  |TAMS 0x0000000754800000, 0x0000000754800000| Untracked 
| 136|0x0000000754a00000, 0x0000000754a00000, 0x0000000754c00000|  0%| F|  |TAMS 0x0000000754a00000, 0x0000000754a00000| Untracked 
| 137|0x0000000754c00000, 0x0000000754c00000, 0x0000000754e00000|  0%| F|  |TAMS 0x0000000754c00000, 0x0000000754c00000| Untracked 
| 138|0x0000000754e00000, 0x0000000754e00000, 0x0000000755000000|  0%| F|  |TAMS 0x0000000754e00000, 0x0000000754e00000| Untracked 
| 139|0x0000000755000000, 0x0000000755000000, 0x0000000755200000|  0%| F|  |TAMS 0x0000000755000000, 0x0000000755000000| Untracked 
| 140|0x0000000755200000, 0x0000000755200000, 0x0000000755400000|  0%| F|  |TAMS 0x0000000755200000, 0x0000000755200000| Untracked 
| 141|0x0000000755400000, 0x0000000755400000, 0x0000000755600000|  0%| F|  |TAMS 0x0000000755400000, 0x0000000755400000| Untracked 
| 142|0x0000000755600000, 0x0000000755600000, 0x0000000755800000|  0%| F|  |TAMS 0x0000000755600000, 0x0000000755600000| Untracked 
| 143|0x0000000755800000, 0x0000000755800000, 0x0000000755a00000|  0%| F|  |TAMS 0x0000000755800000, 0x0000000755800000| Untracked 
| 144|0x0000000755a00000, 0x0000000755a00000, 0x0000000755c00000|  0%| F|  |TAMS 0x0000000755a00000, 0x0000000755a00000| Untracked 
| 145|0x0000000755c00000, 0x0000000755c00000, 0x0000000755e00000|  0%| F|  |TAMS 0x0000000755c00000, 0x0000000755c00000| Untracked 
| 146|0x0000000755e00000, 0x0000000755e00000, 0x0000000756000000|  0%| F|  |TAMS 0x0000000755e00000, 0x0000000755e00000| Untracked 
| 147|0x0000000756000000, 0x0000000756000000, 0x0000000756200000|  0%| F|  |TAMS 0x0000000756000000, 0x0000000756000000| Untracked 
| 148|0x0000000756200000, 0x0000000756200000, 0x0000000756400000|  0%| F|  |TAMS 0x0000000756200000, 0x0000000756200000| Untracked 
| 149|0x0000000756400000, 0x0000000756400000, 0x0000000756600000|  0%| F|  |TAMS 0x0000000756400000, 0x0000000756400000| Untracked 
| 150|0x0000000756600000, 0x0000000756600000, 0x0000000756800000|  0%| F|  |TAMS 0x0000000756600000, 0x0000000756600000| Untracked 
| 151|0x0000000756800000, 0x00000007569a3450, 0x0000000756a00000| 81%| S|CS|TAMS 0x0000000756800000, 0x0000000756800000| Complete 
| 152|0x0000000756a00000, 0x0000000756c00000, 0x0000000756c00000|100%| S|CS|TAMS 0x0000000756a00000, 0x0000000756a00000| Complete 
| 153|0x0000000756c00000, 0x0000000756e00000, 0x0000000756e00000|100%| S|CS|TAMS 0x0000000756c00000, 0x0000000756c00000| Complete 
| 154|0x0000000756e00000, 0x0000000757000000, 0x0000000757000000|100%| S|CS|TAMS 0x0000000756e00000, 0x0000000756e00000| Complete 
| 155|0x0000000757000000, 0x0000000757000000, 0x0000000757200000|  0%| F|  |TAMS 0x0000000757000000, 0x0000000757000000| Untracked 
| 156|0x0000000757200000, 0x0000000757200000, 0x0000000757400000|  0%| F|  |TAMS 0x0000000757200000, 0x0000000757200000| Untracked 
| 157|0x0000000757400000, 0x0000000757400000, 0x0000000757600000|  0%| F|  |TAMS 0x0000000757400000, 0x0000000757400000| Untracked 
| 158|0x0000000757600000, 0x0000000757600000, 0x0000000757800000|  0%| F|  |TAMS 0x0000000757600000, 0x0000000757600000| Untracked 
| 159|0x0000000757800000, 0x0000000757800000, 0x0000000757a00000|  0%| F|  |TAMS 0x0000000757800000, 0x0000000757800000| Untracked 
| 160|0x0000000757a00000, 0x0000000757a00000, 0x0000000757c00000|  0%| F|  |TAMS 0x0000000757a00000, 0x0000000757a00000| Untracked 
| 161|0x0000000757c00000, 0x0000000757c00000, 0x0000000757e00000|  0%| F|  |TAMS 0x0000000757c00000, 0x0000000757c00000| Untracked 
| 162|0x0000000757e00000, 0x0000000757e00000, 0x0000000758000000|  0%| F|  |TAMS 0x0000000757e00000, 0x0000000757e00000| Untracked 
| 163|0x0000000758000000, 0x0000000758000000, 0x0000000758200000|  0%| F|  |TAMS 0x0000000758000000, 0x0000000758000000| Untracked 
| 164|0x0000000758200000, 0x0000000758200000, 0x0000000758400000|  0%| F|  |TAMS 0x0000000758200000, 0x0000000758200000| Untracked 
| 165|0x0000000758400000, 0x0000000758400000, 0x0000000758600000|  0%| F|  |TAMS 0x0000000758400000, 0x0000000758400000| Untracked 
| 166|0x0000000758600000, 0x0000000758600000, 0x0000000758800000|  0%| F|  |TAMS 0x0000000758600000, 0x0000000758600000| Untracked 
| 167|0x0000000758800000, 0x0000000758800000, 0x0000000758a00000|  0%| F|  |TAMS 0x0000000758800000, 0x0000000758800000| Untracked 
| 168|0x0000000758a00000, 0x0000000758a00000, 0x0000000758c00000|  0%| F|  |TAMS 0x0000000758a00000, 0x0000000758a00000| Untracked 
| 169|0x0000000758c00000, 0x0000000758c00000, 0x0000000758e00000|  0%| F|  |TAMS 0x0000000758c00000, 0x0000000758c00000| Untracked 
| 170|0x0000000758e00000, 0x0000000758e00000, 0x0000000759000000|  0%| F|  |TAMS 0x0000000758e00000, 0x0000000758e00000| Untracked 
| 171|0x0000000759000000, 0x0000000759100800, 0x0000000759200000| 50%| E|  |TAMS 0x0000000759000000, 0x0000000759000000| Complete 
| 172|0x0000000759200000, 0x0000000759400000, 0x0000000759400000|100%| E|CS|TAMS 0x0000000759200000, 0x0000000759200000| Complete 
| 173|0x0000000759400000, 0x0000000759600000, 0x0000000759600000|100%| E|CS|TAMS 0x0000000759400000, 0x0000000759400000| Complete 
| 174|0x0000000759600000, 0x0000000759800000, 0x0000000759800000|100%| E|CS|TAMS 0x0000000759600000, 0x0000000759600000| Complete 
| 175|0x0000000759800000, 0x0000000759a00000, 0x0000000759a00000|100%| E|CS|TAMS 0x0000000759800000, 0x0000000759800000| Complete 
| 176|0x0000000759a00000, 0x0000000759c00000, 0x0000000759c00000|100%| E|CS|TAMS 0x0000000759a00000, 0x0000000759a00000| Complete 
| 177|0x0000000759c00000, 0x0000000759e00000, 0x0000000759e00000|100%| E|CS|TAMS 0x0000000759c00000, 0x0000000759c00000| Complete 
| 178|0x0000000759e00000, 0x000000075a000000, 0x000000075a000000|100%| E|CS|TAMS 0x0000000759e00000, 0x0000000759e00000| Complete 
| 179|0x000000075a000000, 0x000000075a200000, 0x000000075a200000|100%| E|CS|TAMS 0x000000075a000000, 0x000000075a000000| Complete 
| 180|0x000000075a200000, 0x000000075a400000, 0x000000075a400000|100%| E|CS|TAMS 0x000000075a200000, 0x000000075a200000| Complete 
| 181|0x000000075a400000, 0x000000075a600000, 0x000000075a600000|100%| E|CS|TAMS 0x000000075a400000, 0x000000075a400000| Complete 
| 182|0x000000075a600000, 0x000000075a800000, 0x000000075a800000|100%| E|CS|TAMS 0x000000075a600000, 0x000000075a600000| Complete 
| 183|0x000000075a800000, 0x000000075aa00000, 0x000000075aa00000|100%| E|CS|TAMS 0x000000075a800000, 0x000000075a800000| Complete 
| 184|0x000000075aa00000, 0x000000075ac00000, 0x000000075ac00000|100%| E|CS|TAMS 0x000000075aa00000, 0x000000075aa00000| Complete 
| 185|0x000000075ac00000, 0x000000075ae00000, 0x000000075ae00000|100%| E|CS|TAMS 0x000000075ac00000, 0x000000075ac00000| Complete 
| 186|0x000000075ae00000, 0x000000075b000000, 0x000000075b000000|100%| E|CS|TAMS 0x000000075ae00000, 0x000000075ae00000| Complete 
| 187|0x000000075b000000, 0x000000075b200000, 0x000000075b200000|100%| E|CS|TAMS 0x000000075b000000, 0x000000075b000000| Complete 
| 188|0x000000075b200000, 0x000000075b400000, 0x000000075b400000|100%| E|CS|TAMS 0x000000075b200000, 0x000000075b200000| Complete 
| 189|0x000000075b400000, 0x000000075b600000, 0x000000075b600000|100%| E|CS|TAMS 0x000000075b400000, 0x000000075b400000| Complete 
| 190|0x000000075b600000, 0x000000075b800000, 0x000000075b800000|100%| E|CS|TAMS 0x000000075b600000, 0x000000075b600000| Complete 
| 191|0x000000075b800000, 0x000000075ba00000, 0x000000075ba00000|100%| E|CS|TAMS 0x000000075b800000, 0x000000075b800000| Complete 
| 192|0x000000075ba00000, 0x000000075bc00000, 0x000000075bc00000|100%| E|CS|TAMS 0x000000075ba00000, 0x000000075ba00000| Complete 
| 193|0x000000075bc00000, 0x000000075be00000, 0x000000075be00000|100%| E|CS|TAMS 0x000000075bc00000, 0x000000075bc00000| Complete 
| 194|0x000000075be00000, 0x000000075c000000, 0x000000075c000000|100%| E|CS|TAMS 0x000000075be00000, 0x000000075be00000| Complete 
| 195|0x000000075c000000, 0x000000075c200000, 0x000000075c200000|100%| E|  |TAMS 0x000000075c000000, 0x000000075c000000| Complete 
| 196|0x000000075c200000, 0x000000075c400000, 0x000000075c400000|100%| E|CS|TAMS 0x000000075c200000, 0x000000075c200000| Complete 
| 197|0x000000075c400000, 0x000000075c600000, 0x000000075c600000|100%| E|CS|TAMS 0x000000075c400000, 0x000000075c400000| Complete 
| 198|0x000000075c600000, 0x000000075c800000, 0x000000075c800000|100%| E|CS|TAMS 0x000000075c600000, 0x000000075c600000| Complete 
| 199|0x000000075c800000, 0x000000075ca00000, 0x000000075ca00000|100%| E|CS|TAMS 0x000000075c800000, 0x000000075c800000| Complete 
| 200|0x000000075ca00000, 0x000000075cc00000, 0x000000075cc00000|100%| E|CS|TAMS 0x000000075ca00000, 0x000000075ca00000| Complete 
| 201|0x000000075cc00000, 0x000000075ce00000, 0x000000075ce00000|100%| E|CS|TAMS 0x000000075cc00000, 0x000000075cc00000| Complete 
| 202|0x000000075ce00000, 0x000000075d000000, 0x000000075d000000|100%| E|CS|TAMS 0x000000075ce00000, 0x000000075ce00000| Complete 
| 203|0x000000075d000000, 0x000000075d200000, 0x000000075d200000|100%| E|CS|TAMS 0x000000075d000000, 0x000000075d000000| Complete 
| 204|0x000000075d200000, 0x000000075d400000, 0x000000075d400000|100%| E|CS|TAMS 0x000000075d200000, 0x000000075d200000| Complete 
| 205|0x000000075d400000, 0x000000075d600000, 0x000000075d600000|100%| E|CS|TAMS 0x000000075d400000, 0x000000075d400000| Complete 
| 206|0x000000075d600000, 0x000000075d800000, 0x000000075d800000|100%| E|CS|TAMS 0x000000075d600000, 0x000000075d600000| Complete 
| 207|0x000000075d800000, 0x000000075da00000, 0x000000075da00000|100%| E|CS|TAMS 0x000000075d800000, 0x000000075d800000| Complete 
| 208|0x000000075da00000, 0x000000075dc00000, 0x000000075dc00000|100%| E|CS|TAMS 0x000000075da00000, 0x000000075da00000| Complete 
| 209|0x000000075dc00000, 0x000000075de00000, 0x000000075de00000|100%| E|CS|TAMS 0x000000075dc00000, 0x000000075dc00000| Complete 
| 210|0x000000075de00000, 0x000000075e000000, 0x000000075e000000|100%| E|CS|TAMS 0x000000075de00000, 0x000000075de00000| Complete 
| 211|0x000000075e000000, 0x000000075e200000, 0x000000075e200000|100%| E|CS|TAMS 0x000000075e000000, 0x000000075e000000| Complete 
| 212|0x000000075e200000, 0x000000075e400000, 0x000000075e400000|100%| E|CS|TAMS 0x000000075e200000, 0x000000075e200000| Complete 
| 213|0x000000075e400000, 0x000000075e600000, 0x000000075e600000|100%| E|CS|TAMS 0x000000075e400000, 0x000000075e400000| Complete 
| 214|0x000000075e600000, 0x000000075e800000, 0x000000075e800000|100%| E|CS|TAMS 0x000000075e600000, 0x000000075e600000| Complete 
| 215|0x000000075e800000, 0x000000075ea00000, 0x000000075ea00000|100%| E|CS|TAMS 0x000000075e800000, 0x000000075e800000| Complete 
| 216|0x000000075ea00000, 0x000000075ec00000, 0x000000075ec00000|100%| E|CS|TAMS 0x000000075ea00000, 0x000000075ea00000| Complete 
| 217|0x000000075ec00000, 0x000000075ee00000, 0x000000075ee00000|100%| E|CS|TAMS 0x000000075ec00000, 0x000000075ec00000| Complete 
| 218|0x000000075ee00000, 0x000000075f000000, 0x000000075f000000|100%| E|CS|TAMS 0x000000075ee00000, 0x000000075ee00000| Complete 
| 219|0x000000075f000000, 0x000000075f200000, 0x000000075f200000|100%| E|CS|TAMS 0x000000075f000000, 0x000000075f000000| Complete 
| 220|0x000000075f200000, 0x000000075f400000, 0x000000075f400000|100%| E|CS|TAMS 0x000000075f200000, 0x000000075f200000| Complete 
| 221|0x000000075f400000, 0x000000075f600000, 0x000000075f600000|100%| E|CS|TAMS 0x000000075f400000, 0x000000075f400000| Complete 
| 222|0x000000075f600000, 0x000000075f800000, 0x000000075f800000|100%| E|CS|TAMS 0x000000075f600000, 0x000000075f600000| Complete 
| 223|0x000000075f800000, 0x000000075fa00000, 0x000000075fa00000|100%| E|CS|TAMS 0x000000075f800000, 0x000000075f800000| Complete 
| 224|0x000000075fa00000, 0x000000075fc00000, 0x000000075fc00000|100%| E|CS|TAMS 0x000000075fa00000, 0x000000075fa00000| Complete 
| 225|0x000000075fc00000, 0x000000075fe00000, 0x000000075fe00000|100%| E|CS|TAMS 0x000000075fc00000, 0x000000075fc00000| Complete 
| 226|0x000000075fe00000, 0x0000000760000000, 0x0000000760000000|100%| E|CS|TAMS 0x000000075fe00000, 0x000000075fe00000| Complete 
| 227|0x0000000760000000, 0x0000000760200000, 0x0000000760200000|100%| E|CS|TAMS 0x0000000760000000, 0x0000000760000000| Complete 
| 228|0x0000000760200000, 0x0000000760400000, 0x0000000760400000|100%| E|CS|TAMS 0x0000000760200000, 0x0000000760200000| Complete 
| 229|0x0000000760400000, 0x0000000760600000, 0x0000000760600000|100%| E|CS|TAMS 0x0000000760400000, 0x0000000760400000| Complete 
| 230|0x0000000760600000, 0x0000000760800000, 0x0000000760800000|100%| E|CS|TAMS 0x0000000760600000, 0x0000000760600000| Complete 

Card table byte_map: [0x000002a9e6290000,0x000002a9e6880000] _byte_map_base: 0x000002a9e2873000

Marking Bits (Prev, Next): (CMBitMap*) 0x000002a9cf129cb0, (CMBitMap*) 0x000002a9cf129cf0
 Prev Bits: [0x000002a9e6e70000, 0x000002a9e9d88000)
 Next Bits: [0x000002a9e9d90000, 0x000002a9ecca8000)

Polling page: 0x000002a9cd0c0000

Metaspace:

Usage:
  Non-class:     77.21 MB used.
      Class:     12.44 MB used.
       Both:     89.65 MB used.

Virtual space:
  Non-class space:      128.00 MB reserved,      77.62 MB ( 61%) committed,  2 nodes.
      Class space:        1.00 GB reserved,      12.81 MB (  1%) committed,  1 nodes.
             Both:        1.12 GB reserved,      90.44 MB (  8%) committed. 

Chunk freelists:
   Non-Class:  1.98 MB
       Class:  3.13 MB
        Both:  5.12 MB

MaxMetaspaceSize: unlimited
CompressedClassSpaceSize: 1.00 GB
Initial GC threshold: 21.00 MB
Current GC threshold: 122.62 MB
CDS: on
MetaspaceReclaimPolicy: balanced
 - commit_granule_bytes: 65536.
 - commit_granule_words: 8192.
 - virtual_space_node_default_size: 8388608.
 - enlarge_chunks_in_place: 1.
 - new_chunks_are_fully_committed: 0.
 - uncommit_free_chunks: 1.
 - use_allocation_guard: 0.
 - handle_deallocations: 1.


Internal statistics:

num_allocs_failed_limit: 10.
num_arena_births: 1240.
num_arena_deaths: 0.
num_vsnodes_births: 3.
num_vsnodes_deaths: 0.
num_space_committed: 1447.
num_space_uncommitted: 0.
num_chunks_returned_to_freelist: 10.
num_chunks_taken_from_freelist: 4714.
num_chunk_merges: 10.
num_chunk_splits: 3347.
num_chunks_enlarged: 2531.
num_inconsistent_stats: 0.

CodeHeap 'non-profiled nmethods': size=120000Kb used=6303Kb max_used=6303Kb free=113696Kb
 bounds [0x000002a9de440000, 0x000002a9dea70000, 0x000002a9e5970000]
CodeHeap 'profiled nmethods': size=120000Kb used=16227Kb max_used=16227Kb free=103773Kb
 bounds [0x000002a9d6970000, 0x000002a9d7950000, 0x000002a9ddea0000]
CodeHeap 'non-nmethods': size=5760Kb used=1467Kb max_used=1527Kb free=4292Kb
 bounds [0x000002a9ddea0000, 0x000002a9de110000, 0x000002a9de440000]
 total_blobs=9126 nmethods=8393 adapters=644
 compilation: enabled
              stopped_count=0, restarted_count=0
 full_count=0

Compilation events (20 events):
Event: 110.834 Thread 0x000002a9ef6e8270 9740       1       jakarta.servlet.ServletResponseWrapper::getResponse (5 bytes)
Event: 110.834 Thread 0x000002a9ef6e8270 nmethod 9740 0x000002a9dea62110 code [0x000002a9dea622a0, 0x000002a9dea62378]
Event: 110.834 Thread 0x000002a9ef6e8270 9743       2       java.util.Calendar::internalGet (7 bytes)
Event: 110.835 Thread 0x000002a9ef6e8270 nmethod 9743 0x000002a9d7947b10 code [0x000002a9d7947ca0, 0x000002a9d7947dd8]
Event: 110.835 Thread 0x000002a9ef6e8270 9741       2       com.fasterxml.jackson.databind.util.internal.PrivateMaxEntriesMap$AddTask::run (65 bytes)
Event: 110.835 Thread 0x000002a9ef6e8270 nmethod 9741 0x000002a9d7947e90 code [0x000002a9d7948060, 0x000002a9d79482f8]
Event: 110.835 Thread 0x000002a9ef6e8270 9744       1       org.apache.tomcat.util.buf.MessageBytes::getByteChunk (5 bytes)
Event: 110.836 Thread 0x000002a9ef6e8270 nmethod 9744 0x000002a9dea62410 code [0x000002a9dea625a0, 0x000002a9dea62678]
Event: 110.836 Thread 0x000002a9ef6e8270 9745       1       org.apache.tomcat.util.buf.ByteChunk::getBuffer (5 bytes)
Event: 110.836 Thread 0x000002a9ef6e8270 nmethod 9745 0x000002a9dea62710 code [0x000002a9dea628a0, 0x000002a9dea62978]
Event: 110.836 Thread 0x000002a9ef6e8270 9746       1       org.apache.tomcat.util.http.MimeHeaderField::getValue (5 bytes)
Event: 110.836 Thread 0x000002a9ef6e8270 nmethod 9746 0x000002a9dea62a10 code [0x000002a9dea62ba0, 0x000002a9dea62c78]
Event: 110.836 Thread 0x000002a9ef6e8270 9742       2       com.fasterxml.jackson.databind.util.internal.LinkedDeque::add (6 bytes)
Event: 110.837 Thread 0x000002a9ef6e8270 nmethod 9742 0x000002a9d7948510 code [0x000002a9d79486c0, 0x000002a9d7948838]
Event: 110.837 Thread 0x000002a9ef6e8270 9738       1       com.fasterxml.jackson.databind.AnnotationIntrospector::findRenameByField (2 bytes)
Event: 110.837 Thread 0x000002a9ef6e8270 nmethod 9738 0x000002a9dea62d10 code [0x000002a9dea62ea0, 0x000002a9dea62f78]
Event: 110.837 Thread 0x000002a9ef6e8270 9747       2       io.micrometer.core.instrument.Tags::empty (4 bytes)
Event: 110.837 Thread 0x000002a9ef6e8270 nmethod 9747 0x000002a9d7948910 code [0x000002a9d7948aa0, 0x000002a9d7948b98]
Event: 110.841 Thread 0x000002a9ef6e73b0 nmethod 9661 0x000002a9dea63010 code [0x000002a9dea632c0, 0x000002a9dea66710]
Event: 110.842 Thread 0x000002a9ef6e73b0 9667       4       jdk.internal.org.objectweb.asm.Frame::execute (2305 bytes)

GC Heap History (20 events):
Event: 23.969 GC heap before
{Heap before GC invocations=35 (full 0):
 garbage-first heap   total 129024K, used 90347K [0x0000000743a00000, 0x0000000800000000)
  region size 2048K, 14 young (28672K), 3 survivors (6144K)
 Metaspace       used 72904K, committed 73536K, reserved 1114112K
  class space    used 10000K, committed 10304K, reserved 1048576K
}
Event: 23.981 GC heap after
{Heap after GC invocations=36 (full 0):
 garbage-first heap   total 129024K, used 74923K [0x0000000743a00000, 0x0000000800000000)
  region size 2048K, 2 young (4096K), 2 survivors (4096K)
 Metaspace       used 72904K, committed 73536K, reserved 1114112K
  class space    used 10000K, committed 10304K, reserved 1048576K
}
Event: 24.088 GC heap before
{Heap before GC invocations=36 (full 0):
 garbage-first heap   total 161792K, used 95403K [0x0000000743a00000, 0x0000000800000000)
  region size 2048K, 12 young (24576K), 2 survivors (4096K)
 Metaspace       used 72921K, committed 73536K, reserved 1114112K
  class space    used 10000K, committed 10304K, reserved 1048576K
}
Event: 24.095 GC heap after
{Heap after GC invocations=37 (full 0):
 garbage-first heap   total 161792K, used 76834K [0x0000000743a00000, 0x0000000800000000)
  region size 2048K, 1 young (2048K), 1 survivors (2048K)
 Metaspace       used 72921K, committed 73536K, reserved 1114112K
  class space    used 10000K, committed 10304K, reserved 1048576K
}
Event: 24.440 GC heap before
{Heap before GC invocations=38 (full 0):
 garbage-first heap   total 161792K, used 113698K [0x0000000743a00000, 0x0000000800000000)
  region size 2048K, 19 young (38912K), 1 survivors (2048K)
 Metaspace       used 74696K, committed 75328K, reserved 1114112K
  class space    used 10378K, committed 10688K, reserved 1048576K
}
Event: 24.452 GC heap after
{Heap after GC invocations=39 (full 0):
 garbage-first heap   total 161792K, used 84339K [0x0000000743a00000, 0x0000000800000000)
  region size 2048K, 3 young (6144K), 3 survivors (6144K)
 Metaspace       used 74696K, committed 75328K, reserved 1114112K
  class space    used 10378K, committed 10688K, reserved 1048576K
}
Event: 24.531 GC heap before
{Heap before GC invocations=39 (full 0):
 garbage-first heap   total 161792K, used 117107K [0x0000000743a00000, 0x0000000800000000)
  region size 2048K, 19 young (38912K), 3 survivors (6144K)
 Metaspace       used 74712K, committed 75328K, reserved 1114112K
  class space    used 10378K, committed 10688K, reserved 1048576K
}
Event: 24.540 GC heap after
{Heap after GC invocations=40 (full 0):
 garbage-first heap   total 161792K, used 90803K [0x0000000743a00000, 0x0000000800000000)
  region size 2048K, 3 young (6144K), 3 survivors (6144K)
 Metaspace       used 74712K, committed 75328K, reserved 1114112K
  class space    used 10378K, committed 10688K, reserved 1048576K
}
Event: 24.646 GC heap before
{Heap before GC invocations=41 (full 0):
 garbage-first heap   total 188416K, used 119475K [0x0000000743a00000, 0x0000000800000000)
  region size 2048K, 18 young (36864K), 3 survivors (6144K)
 Metaspace       used 74712K, committed 75328K, reserved 1114112K
  class space    used 10378K, committed 10688K, reserved 1048576K
}
Event: 24.661 GC heap after
{Heap after GC invocations=42 (full 0):
 garbage-first heap   total 188416K, used 103451K [0x0000000743a00000, 0x0000000800000000)
  region size 2048K, 3 young (6144K), 3 survivors (6144K)
 Metaspace       used 74712K, committed 75328K, reserved 1114112K
  class space    used 10378K, committed 10688K, reserved 1048576K
}
Event: 24.670 GC heap before
{Heap before GC invocations=42 (full 0):
 garbage-first heap   total 188416K, used 105499K [0x0000000743a00000, 0x0000000800000000)
  region size 2048K, 4 young (8192K), 3 survivors (6144K)
 Metaspace       used 74712K, committed 75328K, reserved 1114112K
  class space    used 10378K, committed 10688K, reserved 1048576K
}
Event: 24.679 GC heap after
{Heap after GC invocations=43 (full 0):
 garbage-first heap   total 473088K, used 85977K [0x0000000743a00000, 0x0000000800000000)
  region size 2048K, 1 young (2048K), 1 survivors (2048K)
 Metaspace       used 74712K, committed 75328K, reserved 1114112K
  class space    used 10378K, committed 10688K, reserved 1048576K
}
Event: 24.776 GC heap before
{Heap before GC invocations=43 (full 0):
 garbage-first heap   total 473088K, used 106457K [0x0000000743a00000, 0x0000000800000000)
  region size 2048K, 11 young (22528K), 1 survivors (2048K)
 Metaspace       used 74712K, committed 75328K, reserved 1114112K
  class space    used 10378K, committed 10688K, reserved 1048576K
}
Event: 24.787 GC heap after
{Heap after GC invocations=44 (full 0):
 garbage-first heap   total 473088K, used 84660K [0x0000000743a00000, 0x0000000800000000)
  region size 2048K, 2 young (4096K), 2 survivors (4096K)
 Metaspace       used 74712K, committed 75328K, reserved 1114112K
  class space    used 10378K, committed 10688K, reserved 1048576K
}
Event: 26.051 GC heap before
{Heap before GC invocations=44 (full 0):
 garbage-first heap   total 473088K, used 291508K [0x0000000743a00000, 0x0000000800000000)
  region size 2048K, 100 young (204800K), 2 survivors (4096K)
 Metaspace       used 74731K, committed 75328K, reserved 1114112K
  class space    used 10378K, committed 10688K, reserved 1048576K
}
Event: 26.100 GC heap after
{Heap after GC invocations=45 (full 0):
 garbage-first heap   total 473088K, used 145056K [0x0000000743a00000, 0x0000000800000000)
  region size 2048K, 13 young (26624K), 13 survivors (26624K)
 Metaspace       used 74731K, committed 75328K, reserved 1114112K
  class space    used 10378K, committed 10688K, reserved 1048576K
}
Event: 27.446 GC heap before
{Heap before GC invocations=45 (full 0):
 garbage-first heap   total 473088K, used 276128K [0x0000000743a00000, 0x0000000800000000)
  region size 2048K, 77 young (157696K), 13 survivors (26624K)
 Metaspace       used 77267K, committed 77888K, reserved 1179648K
  class space    used 10691K, committed 11008K, reserved 1048576K
}
Event: 27.476 GC heap after
{Heap after GC invocations=46 (full 0):
 garbage-first heap   total 473088K, used 153391K [0x0000000743a00000, 0x0000000800000000)
  region size 2048K, 3 young (6144K), 3 survivors (6144K)
 Metaspace       used 77267K, committed 77888K, reserved 1179648K
  class space    used 10691K, committed 11008K, reserved 1048576K
}
Event: 29.534 GC heap before
{Heap before GC invocations=46 (full 0):
 garbage-first heap   total 473088K, used 302895K [0x0000000743a00000, 0x0000000800000000)
  region size 2048K, 76 young (155648K), 3 survivors (6144K)
 Metaspace       used 81194K, committed 81856K, reserved 1179648K
  class space    used 11256K, committed 11584K, reserved 1048576K
}
Event: 29.544 GC heap after
{Heap after GC invocations=47 (full 0):
 garbage-first heap   total 473088K, used 155068K [0x0000000743a00000, 0x0000000800000000)
  region size 2048K, 4 young (8192K), 4 survivors (8192K)
 Metaspace       used 81194K, committed 81856K, reserved 1179648K
  class space    used 11256K, committed 11584K, reserved 1048576K
}

Deoptimization events (20 events):
Event: 110.785 Thread 0x000002a9f66e15b0 DEOPT PACKING pc=0x000002a9d6fb4ecc sp=0x000000f7223fb820
Event: 110.785 Thread 0x000002a9f66e15b0 DEOPT UNPACKING pc=0x000002a9ddef66e3 sp=0x000000f7223fadc0 mode 1
Event: 110.785 Thread 0x000002a9f66e15b0 DEOPT PACKING pc=0x000002a9d6f483ac sp=0x000000f7223fb980
Event: 110.786 Thread 0x000002a9f66e15b0 DEOPT UNPACKING pc=0x000002a9ddef66e3 sp=0x000000f7223faf40 mode 1
Event: 110.786 Thread 0x000002a9f66e15b0 DEOPT PACKING pc=0x000002a9d6f4b021 sp=0x000000f7223fbf00
Event: 110.786 Thread 0x000002a9f66e15b0 DEOPT UNPACKING pc=0x000002a9ddef66e3 sp=0x000000f7223fb3e8 mode 1
Event: 110.786 Thread 0x000002a9f66e15b0 DEOPT PACKING pc=0x000002a9d6fb4ecc sp=0x000000f7223fbfa0
Event: 110.786 Thread 0x000002a9f66e15b0 DEOPT UNPACKING pc=0x000002a9ddef66e3 sp=0x000000f7223fb540 mode 1
Event: 110.786 Thread 0x000002a9f66e15b0 DEOPT PACKING pc=0x000002a9d6f483ac sp=0x000000f7223fc100
Event: 110.786 Thread 0x000002a9f66e15b0 DEOPT UNPACKING pc=0x000002a9ddef66e3 sp=0x000000f7223fb6c0 mode 1
Event: 110.788 Thread 0x000002a9f66e15b0 DEOPT PACKING pc=0x000002a9d6f4b021 sp=0x000000f7223fbef0
Event: 110.788 Thread 0x000002a9f66e15b0 DEOPT UNPACKING pc=0x000002a9ddef66e3 sp=0x000000f7223fb3d8 mode 1
Event: 110.788 Thread 0x000002a9f66e15b0 DEOPT PACKING pc=0x000002a9d6fb4ecc sp=0x000000f7223fbf90
Event: 110.788 Thread 0x000002a9f66e15b0 DEOPT UNPACKING pc=0x000002a9ddef66e3 sp=0x000000f7223fb530 mode 1
Event: 110.788 Thread 0x000002a9f66e15b0 DEOPT PACKING pc=0x000002a9d6f483ac sp=0x000000f7223fc0f0
Event: 110.788 Thread 0x000002a9f66e15b0 DEOPT UNPACKING pc=0x000002a9ddef66e3 sp=0x000000f7223fb6b0 mode 1
Event: 110.829 Thread 0x000002a9f66e15b0 Uncommon trap: trap_request=0xffffffde fr.pc=0x000002a9de913c34 relative=0x0000000000001bf4
Event: 110.829 Thread 0x000002a9f66e15b0 Uncommon trap: reason=class_check action=maybe_recompile pc=0x000002a9de913c34 method=org.springframework.core.MethodParameter.getGenericParameterType()Ljava/lang/reflect/Type; @ 17 c2
Event: 110.829 Thread 0x000002a9f66e15b0 DEOPT PACKING pc=0x000002a9de913c34 sp=0x000000f7223faa30
Event: 110.829 Thread 0x000002a9f66e15b0 DEOPT UNPACKING pc=0x000002a9ddef5ba3 sp=0x000000f7223faa48 mode 2

Classes unloaded (0 events):
No events

Classes redefined (0 events):
No events

Internal exceptions (20 events):
Event: 32.432 Thread 0x000002a9f4a089f0 Exception <a 'java/lang/ClassNotFoundException'{0x000000075b114a48}: org/springframework/context/support/LiveBeansView> (0x000000075b114a48) 
thrown [s\open\src\hotspot\share\classfile\systemDictionary.cpp, line 256]
Event: 32.436 Thread 0x000002a9f4a089f0 Exception <a 'java/lang/ClassNotFoundException'{0x000000075b1620e8}: org/springframework/boot/actuate/endpoint/jmx/EndpointMBean> (0x000000075b1620e8) 
thrown [s\open\src\hotspot\share\classfile\systemDictionary.cpp, line 256]
Event: 32.441 Thread 0x000002a9f4a089f0 Exception <a 'java/lang/ClassNotFoundException'{0x000000075b1ac590}: org/springframework/boot/actuate/endpoint/jmx/DataEndpointMBean> (0x000000075b1ac590) 
thrown [s\open\src\hotspot\share\classfile\systemDictionary.cpp, line 256]
Event: 32.445 Thread 0x000002a9f4a089f0 Exception <a 'java/lang/ClassNotFoundException'{0x000000075b1f68d8}: org/springframework/context/support/LiveBeansView> (0x000000075b1f68d8) 
thrown [s\open\src\hotspot\share\classfile\systemDictionary.cpp, line 256]
Event: 32.446 Thread 0x000002a9f4a089f0 Exception <a 'java/lang/ClassNotFoundException'{0x000000075b1fa218}: org/springframework/boot/actuate/endpoint/jmx/EndpointMBean> (0x000000075b1fa218) 
thrown [s\open\src\hotspot\share\classfile\systemDictionary.cpp, line 256]
Event: 32.446 Thread 0x000002a9f4a089f0 Exception <a 'java/lang/ClassNotFoundException'{0x000000075b1fa5e8}: org/springframework/boot/actuate/endpoint/jmx/DataEndpointMBean> (0x000000075b1fa5e8) 
thrown [s\open\src\hotspot\share\classfile\systemDictionary.cpp, line 256]
Event: 32.446 Thread 0x000002a9f4a089f0 Exception <a 'java/lang/ClassNotFoundException'{0x000000075b1fa9b0}: org/springframework/context/support/LiveBeansView> (0x000000075b1fa9b0) 
thrown [s\open\src\hotspot\share\classfile\systemDictionary.cpp, line 256]
Event: 32.446 Thread 0x000002a9f4a089f0 Exception <a 'java/lang/ClassNotFoundException'{0x000000075b1fad68}: org/springframework/boot/actuate/endpoint/jmx/EndpointMBean> (0x000000075b1fad68) 
thrown [s\open\src\hotspot\share\classfile\systemDictionary.cpp, line 256]
Event: 32.447 Thread 0x000002a9f4a089f0 Exception <a 'java/lang/ClassNotFoundException'{0x000000075b1fb120}: org/springframework/boot/actuate/endpoint/jmx/DataEndpointMBean> (0x000000075b1fb120) 
thrown [s\open\src\hotspot\share\classfile\systemDictionary.cpp, line 256]
Event: 32.447 Thread 0x000002a9f4a089f0 Exception <a 'java/lang/ClassNotFoundException'{0x000000075b1fb4d0}: org/springframework/context/support/LiveBeansView> (0x000000075b1fb4d0) 
thrown [s\open\src\hotspot\share\classfile\systemDictionary.cpp, line 256]
Event: 32.447 Thread 0x000002a9f4a089f0 Exception <a 'java/lang/ClassNotFoundException'{0x000000075b1fb888}: org/springframework/boot/actuate/endpoint/jmx/EndpointMBean> (0x000000075b1fb888) 
thrown [s\open\src\hotspot\share\classfile\systemDictionary.cpp, line 256]
Event: 32.447 Thread 0x000002a9f4a089f0 Exception <a 'java/lang/ClassNotFoundException'{0x000000075b1fbc40}: org/springframework/boot/actuate/endpoint/jmx/DataEndpointMBean> (0x000000075b1fbc40) 
thrown [s\open\src\hotspot\share\classfile\systemDictionary.cpp, line 256]
Event: 32.447 Thread 0x000002a9f4a089f0 Exception <a 'java/lang/ClassNotFoundException'{0x000000075b1fbff0}: org/springframework/context/support/LiveBeansView> (0x000000075b1fbff0) 
thrown [s\open\src\hotspot\share\classfile\systemDictionary.cpp, line 256]
Event: 32.464 Thread 0x000002a9f4a089f0 Exception <a 'java/lang/NoSuchMethodError'{0x000000075ae21af0}: 'double java.lang.invoke.DirectMethodHandle$Holder.invokeInterface(java.lang.Object, java.lang.Object)'> (0x000000075ae21af0) 
thrown [s\open\src\hotspot\share\interpreter\linkResolver.cpp, line 759]
Event: 58.293 Thread 0x000002a9f66e61a0 Exception <a 'java/lang/NoSuchMethodError'{0x000000075a84d800}: 'java.lang.Object java.lang.invoke.DirectMethodHandle$Holder.invokeSpecial(java.lang.Object, java.lang.Object, java.lang.Object, java.lang.Object, java.lang.Object, long)'> (0x000000075a84d800) 
thrown [s\open\src\hotspot\share\interpreter\linkResolver.cpp, line 759]
Event: 58.293 Thread 0x000002a9f66e61a0 Exception <a 'java/lang/NoSuchMethodError'{0x000000075a851240}: 'java.lang.Object java.lang.invoke.Invokers$Holder.linkToTargetMethod(java.lang.Object, java.lang.Object, java.lang.Object, long, java.lang.Object)'> (0x000000075a851240) 
thrown [s\open\src\hotspot\share\interpreter\linkResolver.cpp, line 759]
Event: 58.649 Thread 0x000002a9f66e61a0 Exception <a 'java/lang/IncompatibleClassChangeError'{0x000000075a0012f0}: Found class java.lang.Object, but interface was expected> (0x000000075a0012f0) 
thrown [s\open\src\hotspot\share\interpreter\linkResolver.cpp, line 826]
Event: 59.036 Thread 0x000002a9f66e61a0 Exception <a 'sun/nio/fs/WindowsException'{0x0000000759ff88c8}> (0x0000000759ff88c8) 
thrown [s\open\src\hotspot\share\prims\jni.cpp, line 516]
Event: 91.246 Thread 0x000002a9fa013010 Exception <a 'java/lang/NoSuchMethodError'{0x0000000759b40d60}: 'java.lang.Object java.lang.invoke.DirectMethodHandle$Holder.invokeSpecial(java.lang.Object, java.lang.Object, long, int, int, int, int, int, int, int, int, int)'> (0x0000000759b40d60) 
thrown [s\open\src\hotspot\share\interpreter\linkResolver.cpp, line 759]
Event: 91.247 Thread 0x000002a9fa013010 Exception <a 'java/lang/NoSuchMethodError'{0x0000000759b449f8}: 'java.lang.Object java.lang.invoke.DelegatingMethodHandle$Holder.reinvoke_L(java.lang.Object, long, int, int, int, int, int, int, int, int, int)'> (0x0000000759b449f8) 
thrown [s\open\src\hotspot\share\interpreter\linkResolver.cpp, line 759]

VM Operations (20 events):
Event: 59.062 Executing VM operation: HandshakeAllThreads
Event: 59.062 Executing VM operation: HandshakeAllThreads done
Event: 60.068 Executing VM operation: Cleanup
Event: 60.068 Executing VM operation: Cleanup done
Event: 60.255 Executing VM operation: HandshakeAllThreads
Event: 60.255 Executing VM operation: HandshakeAllThreads done
Event: 64.308 Executing VM operation: Cleanup
Event: 64.308 Executing VM operation: Cleanup done
Event: 73.351 Executing VM operation: Cleanup
Event: 73.351 Executing VM operation: Cleanup done
Event: 82.409 Executing VM operation: Cleanup
Event: 82.409 Executing VM operation: Cleanup done
Event: 84.426 Executing VM operation: Cleanup
Event: 84.427 Executing VM operation: Cleanup done
Event: 94.500 Executing VM operation: Cleanup
Event: 94.500 Executing VM operation: Cleanup done
Event: 97.523 Executing VM operation: Cleanup
Event: 97.523 Executing VM operation: Cleanup done
Event: 107.598 Executing VM operation: Cleanup
Event: 107.598 Executing VM operation: Cleanup done

Events (20 events):
Event: 59.056 loading class javax/crypto/JceSecurity$2 done
Event: 59.056 loading class javax/crypto/ProviderVerifier
Event: 59.057 loading class javax/crypto/ProviderVerifier done
Event: 59.057 loading class javax/crypto/ProviderVerifier$1
Event: 59.057 loading class javax/crypto/ProviderVerifier$1 done
Event: 59.058 loading class com/sun/crypto/provider/HmacCore$HmacSHA256
Event: 59.058 loading class com/sun/crypto/provider/HmacCore
Event: 59.059 loading class javax/crypto/MacSpi
Event: 59.059 loading class javax/crypto/MacSpi done
Event: 59.059 loading class com/sun/crypto/provider/HmacCore done
Event: 59.059 loading class com/sun/crypto/provider/HmacCore$HmacSHA256 done
Event: 91.271 Thread 0x000002a9fa010280 Thread added: 0x000002a9fa010280
Event: 94.193 Thread 0x000002a9f4a08f00 Thread exited: 0x000002a9f4a08f00
Event: 109.223 Thread 0x000002a9f4a089f0 Thread exited: 0x000002a9f4a089f0
Event: 110.685 loading class java/util/zip/DeflaterOutputStream
Event: 110.686 loading class java/util/zip/DeflaterOutputStream done
Event: 110.686 loading class java/util/zip/GZIPInputStream
Event: 110.687 loading class java/util/zip/GZIPInputStream done
Event: 110.688 loading class java/util/zip/GZIPOutputStream
Event: 110.688 loading class java/util/zip/GZIPOutputStream done


Dynamic libraries:
0x00007ff6e8520000 - 0x00007ff6e8530000 	C:\Program Files\Java\jdk-17.0.12\bin\java.exe
0x00007ffaad5b0000 - 0x00007ffaad7c7000 	C:\WINDOWS\SYSTEM32\ntdll.dll
0x00007ffaab9f0000 - 0x00007ffaabab4000 	C:\WINDOWS\System32\KERNEL32.DLL
0x00007ffaaaa70000 - 0x00007ffaaae43000 	C:\WINDOWS\System32\KERNELBASE.dll
0x00007ffaaa770000 - 0x00007ffaaa881000 	C:\WINDOWS\System32\ucrtbase.dll
0x00007ffa71450000 - 0x00007ffa71469000 	C:\Program Files\Java\jdk-17.0.12\bin\jli.dll
0x00007ffaab250000 - 0x00007ffaab301000 	C:\WINDOWS\System32\ADVAPI32.dll
0x00007ffaac790000 - 0x00007ffaac837000 	C:\WINDOWS\System32\msvcrt.dll
0x00007ffaac650000 - 0x00007ffaac6f8000 	C:\WINDOWS\System32\sechost.dll
0x00007ffaaa740000 - 0x00007ffaaa768000 	C:\WINDOWS\System32\bcrypt.dll
0x00007ffaad450000 - 0x00007ffaad564000 	C:\WINDOWS\System32\RPCRT4.dll
0x00007ffa909a0000 - 0x00007ffa90c38000 	C:\WINDOWS\WinSxS\amd64_microsoft.windows.common-controls_6595b64144ccf1df_6.0.22621.5124_none_270e8f4f7386d69d\COMCTL32.dll
0x00007ffaab7b0000 - 0x00007ffaab961000 	C:\WINDOWS\System32\USER32.dll
0x00007ffaabac0000 - 0x00007ffaabae9000 	C:\WINDOWS\System32\GDI32.dll
0x00007ffaab040000 - 0x00007ffaab066000 	C:\WINDOWS\System32\win32u.dll
0x00007ffaab130000 - 0x00007ffaab24b000 	C:\WINDOWS\System32\gdi32full.dll
0x00007ffaaa9d0000 - 0x00007ffaaaa6a000 	C:\WINDOWS\System32\msvcp_win.dll
0x00007ffaa6210000 - 0x00007ffaa621a000 	C:\WINDOWS\SYSTEM32\VERSION.dll
0x00007ffa71430000 - 0x00007ffa7144b000 	C:\Program Files\Java\jdk-17.0.12\bin\VCRUNTIME140.dll
0x00007ffaac890000 - 0x00007ffaac8c1000 	C:\WINDOWS\System32\IMM32.DLL
0x00007ffa970e0000 - 0x00007ffa970ec000 	C:\Program Files\Java\jdk-17.0.12\bin\vcruntime140_1.dll
0x00007ffa6d1c0000 - 0x00007ffa6d24e000 	C:\Program Files\Java\jdk-17.0.12\bin\msvcp140.dll
0x00007ff9ea290000 - 0x00007ff9eae70000 	C:\Program Files\Java\jdk-17.0.12\bin\server\jvm.dll
0x00007ffaabaf0000 - 0x00007ffaabaf8000 	C:\WINDOWS\System32\PSAPI.DLL
0x00007ffa97300000 - 0x00007ffa97309000 	C:\WINDOWS\SYSTEM32\WSOCK32.dll
0x00007ffaab730000 - 0x00007ffaab7a1000 	C:\WINDOWS\System32\WS2_32.dll
0x00007ffaa6390000 - 0x00007ffaa63c4000 	C:\WINDOWS\SYSTEM32\WINMM.dll
0x00007ffaa96b0000 - 0x00007ffaa96c8000 	C:\WINDOWS\SYSTEM32\kernel.appcore.dll
0x00007ffa93730000 - 0x00007ffa9373a000 	C:\Program Files\Java\jdk-17.0.12\bin\jimage.dll
0x00007ffaa7ff0000 - 0x00007ffaa8222000 	C:\WINDOWS\SYSTEM32\DBGHELP.DLL
0x00007ffaabb80000 - 0x00007ffaabf12000 	C:\WINDOWS\System32\combase.dll
0x00007ffaad370000 - 0x00007ffaad447000 	C:\WINDOWS\System32\OLEAUT32.dll
0x00007ffa8e6e0000 - 0x00007ffa8e712000 	C:\WINDOWS\SYSTEM32\dbgcore.DLL
0x00007ffaaafc0000 - 0x00007ffaab03b000 	C:\WINDOWS\System32\bcryptPrimitives.dll
0x00007ffa6d180000 - 0x00007ffa6d1bb000 	C:\Program Files\Java\jdk-17.0.12\bin\jdwp.dll
0x00007ffa6d150000 - 0x00007ffa6d175000 	C:\Program Files\Java\jdk-17.0.12\bin\java.dll
0x00007ffa64770000 - 0x00007ffa64847000 	C:\Program Files\Java\jdk-17.0.12\bin\jsvml.dll
0x00007ffaacad0000 - 0x00007ffaad366000 	C:\WINDOWS\System32\SHELL32.dll
0x00007ffaaa890000 - 0x00007ffaaa9cf000 	C:\WINDOWS\System32\wintypes.dll
0x00007ffaa8590000 - 0x00007ffaa8eaa000 	C:\WINDOWS\SYSTEM32\windows.storage.dll
0x00007ffaab4c0000 - 0x00007ffaab5ca000 	C:\WINDOWS\System32\SHCORE.dll
0x00007ffaac040000 - 0x00007ffaac0a3000 	C:\WINDOWS\System32\shlwapi.dll
0x00007ffaaa5f0000 - 0x00007ffaaa61b000 	C:\WINDOWS\SYSTEM32\profapi.dll
0x00007ffa90130000 - 0x00007ffa9013c000 	C:\Program Files\Java\jdk-17.0.12\bin\dt_socket.dll
0x00007ffaa9110000 - 0x00007ffaa913d000 	C:\WINDOWS\SYSTEM32\IPHLPAPI.DLL
0x00007ffaa9ba0000 - 0x00007ffaa9c0a000 	C:\WINDOWS\system32\mswsock.dll
0x00007ffaa9180000 - 0x00007ffaa9282000 	C:\WINDOWS\SYSTEM32\DNSAPI.dll
0x00007ffaac030000 - 0x00007ffaac039000 	C:\WINDOWS\System32\NSI.dll
0x00007ffa95e10000 - 0x00007ffa95e1a000 	C:\Windows\System32\rasadhlp.dll
0x00007ffaa39b0000 - 0x00007ffaa3a33000 	C:\WINDOWS\System32\fwpuclnt.dll
0x00007ffa6d130000 - 0x00007ffa6d149000 	C:\Program Files\Java\jdk-17.0.12\bin\net.dll
0x00007ffaa5cc0000 - 0x00007ffaa5dec000 	C:\WINDOWS\SYSTEM32\WINHTTP.dll
0x00007ffa6d110000 - 0x00007ffa6d126000 	C:\Program Files\Java\jdk-17.0.12\bin\nio.dll
0x00007ffa6d0f0000 - 0x00007ffa6d108000 	C:\Program Files\Java\jdk-17.0.12\bin\zip.dll
0x00007ffa84af0000 - 0x00007ffa84afa000 	C:\Program Files\Java\jdk-17.0.12\bin\management.dll
0x00007ffa80b30000 - 0x00007ffa80b3b000 	C:\Program Files\Java\jdk-17.0.12\bin\management_ext.dll
0x00007ffa8e0f0000 - 0x00007ffa8e107000 	C:\WINDOWS\system32\napinsp.dll
0x00007ffa8e0d0000 - 0x00007ffa8e0eb000 	C:\WINDOWS\system32\pnrpnsp.dll
0x00007ffa8e0b0000 - 0x00007ffa8e0c1000 	C:\WINDOWS\System32\winrnr.dll
0x00007ffa8d600000 - 0x00007ffa8d615000 	C:\WINDOWS\system32\wshbth.dll
0x00007ffa8d5b0000 - 0x00007ffa8d5d7000 	C:\WINDOWS\system32\nlansp_c.dll
0x00007ffaa9e20000 - 0x00007ffaa9e3b000 	C:\WINDOWS\SYSTEM32\CRYPTSP.dll
0x00007ffaa9610000 - 0x00007ffaa9647000 	C:\WINDOWS\system32\rsaenh.dll
0x00007ffaa9cc0000 - 0x00007ffaa9ce8000 	C:\WINDOWS\SYSTEM32\USERENV.dll
0x00007ffaa9e40000 - 0x00007ffaa9e4c000 	C:\WINDOWS\SYSTEM32\CRYPTBASE.dll
0x00007ffaa6220000 - 0x00007ffaa6239000 	C:\WINDOWS\SYSTEM32\dhcpcsvc6.DLL
0x00007ffaa6100000 - 0x00007ffaa611f000 	C:\WINDOWS\SYSTEM32\dhcpcsvc.DLL
0x00007ffa79af0000 - 0x00007ffa79afe000 	C:\Program Files\Java\jdk-17.0.12\bin\sunmscapi.dll
0x00007ffaaae50000 - 0x00007ffaaafb7000 	C:\WINDOWS\System32\CRYPT32.dll
0x00007ffaaa050000 - 0x00007ffaaa07d000 	C:\WINDOWS\SYSTEM32\ncrypt.dll
0x00007ffaaa010000 - 0x00007ffaaa047000 	C:\WINDOWS\SYSTEM32\NTASN1.dll
0x00007ffa7f040000 - 0x00007ffa7f050000 	C:\Program Files\Java\jdk-17.0.12\bin\verify.dll
0x00007ffa21b60000 - 0x00007ffa21b68000 	C:\WINDOWS\system32\wshunix.dll

dbghelp: loaded successfully - version: 4.0.5 - missing functions: none
symbol engine: initialized successfully - sym options: 0x614 - pdb path: .;C:\Program Files\Java\jdk-17.0.12\bin;C:\WINDOWS\SYSTEM32;C:\WINDOWS\WinSxS\amd64_microsoft.windows.common-controls_6595b64144ccf1df_6.0.22621.5124_none_270e8f4f7386d69d;C:\Program Files\Java\jdk-17.0.12\bin\server

VM Arguments:
jvm_args: -agentlib:jdwp=transport=dt_socket,server=n,suspend=y,address=localhost:53761 -XX:+ShowCodeDetailsInExceptionMessages -Dspring.jmx.enabled=true -Dmanagement.endpoints.jmx.exposure.include=* -Dspring.application.admin.enabled=true -Dspring.boot.project.name=thuexe -Djava.rmi.server.hostname=localhost -Dcom.sun.management.jmxremote.port=45556 -Dcom.sun.management.jmxremote.authenticate=false -Dcom.sun.management.jmxremote.ssl=false 
java_command: com.hcmute.thuexe.ThueXeApplication
java_class_path (initial): F:\22110372_DoPhuLuan\nam3\hkII\LapTrinhDiDong\ThueXeAPI\thuexe\target\classes;C:\Users\ADMIN\.m2\repository\org\springframework\boot\spring-boot-starter-actuator\3.4.4\spring-boot-starter-actuator-3.4.4.jar;C:\Users\ADMIN\.m2\repository\org\springframework\boot\spring-boot-starter\3.4.4\spring-boot-starter-3.4.4.jar;C:\Users\ADMIN\.m2\repository\org\springframework\boot\spring-boot-starter-logging\3.4.4\spring-boot-starter-logging-3.4.4.jar;C:\Users\ADMIN\.m2\repository\ch\qos\logback\logback-classic\1.5.18\logback-classic-1.5.18.jar;C:\Users\ADMIN\.m2\repository\ch\qos\logback\logback-core\1.5.18\logback-core-1.5.18.jar;C:\Users\ADMIN\.m2\repository\org\apache\logging\log4j\log4j-to-slf4j\2.24.3\log4j-to-slf4j-2.24.3.jar;C:\Users\ADMIN\.m2\repository\org\apache\logging\log4j\log4j-api\2.24.3\log4j-api-2.24.3.jar;C:\Users\ADMIN\.m2\repository\org\slf4j\jul-to-slf4j\2.0.17\jul-to-slf4j-2.0.17.jar;C:\Users\ADMIN\.m2\repository\jakarta\annotation\jakarta.annotation-api\2.1.1\jakarta.annotation-api-2.1.1.jar;C:\Users\ADMIN\.m2\repository\org\yaml\snakeyaml\2.3\snakeyaml-2.3.jar;C:\Users\ADMIN\.m2\repository\org\springframework\boot\spring-boot-actuator-autoconfigure\3.4.4\spring-boot-actuator-autoconfigure-3.4.4.jar;C:\Users\ADMIN\.m2\repository\org\springframework\boot\spring-boot-actuator\3.4.4\spring-boot-actuator-3.4.4.jar;C:\Users\ADMIN\.m2\repository\com\fasterxml\jackson\datatype\jackson-datatype-jsr310\2.18.3\jackson-datatype-jsr310-2.18.3.jar;C:\Users\ADMIN\.m2\repository\io\micrometer\micrometer-observation\1.14.5\micrometer-observation-1.14.5.jar;C:\Users\ADMIN\.m2\repository\io\micrometer\micrometer-commons\1.14.5\micrometer-commons-1.14.5.jar;C:\Users\ADMIN\.m2\repository\io\micrometer\micrometer-jakarta9\1.14.5\micrometer-jakarta9-1.14.5.jar;C:\Users\ADMIN\.m2\repository\io\micrometer\micrometer-core\1.14.5\micrometer-core-1.14.5.jar;C:\Users\ADMIN\.m2\repository\org\hdrhistogram\HdrHistogram\2.2.2\HdrHistogram-2.2.2.jar;C:\Us
Launcher Type: SUN_STANDARD

[Global flags]
     intx CICompilerCount                          = 4                                         {product} {ergonomic}
     uint ConcGCThreads                            = 2                                         {product} {ergonomic}
     uint G1ConcRefinementThreads                  = 8                                         {product} {ergonomic}
   size_t G1HeapRegionSize                         = 2097152                                   {product} {ergonomic}
    uintx GCDrainStackTargetSize                   = 64                                        {product} {ergonomic}
   size_t InitialHeapSize                          = 199229440                                 {product} {ergonomic}
     bool ManagementServer                         = true                                      {product} {command line}
   size_t MarkStackSize                            = 4194304                                   {product} {ergonomic}
   size_t MaxHeapSize                              = 3160408064                                {product} {ergonomic}
   size_t MaxNewSize                               = 1895825408                                {product} {ergonomic}
   size_t MinHeapDeltaBytes                        = 2097152                                   {product} {ergonomic}
   size_t MinHeapSize                              = 8388608                                   {product} {ergonomic}
    uintx NonNMethodCodeHeapSize                   = 5839372                                {pd product} {ergonomic}
    uintx NonProfiledCodeHeapSize                  = 122909434                              {pd product} {ergonomic}
    uintx ProfiledCodeHeapSize                     = 122909434                              {pd product} {ergonomic}
    uintx ReservedCodeCacheSize                    = 251658240                              {pd product} {ergonomic}
     bool SegmentedCodeCache                       = true                                      {product} {ergonomic}
     bool ShowCodeDetailsInExceptionMessages       = true                                   {manageable} {command line}
   size_t SoftMaxHeapSize                          = 3160408064                             {manageable} {ergonomic}
     bool UseCompressedClassPointers               = true                           {product lp64_product} {ergonomic}
     bool UseCompressedOops                        = true                           {product lp64_product} {ergonomic}
     bool UseG1GC                                  = true                                      {product} {ergonomic}
     bool UseLargePagesIndividualAllocation        = false                                  {pd product} {ergonomic}

Logging:
Log output configuration:
 #0: stdout all=warning uptime,level,tags
 #1: stderr all=off uptime,level,tags

Environment Variables:
JAVA_HOME=C:\Program Files\Java\jdk-23.0.2
PATH=C:\Program Files\Java\jdk-23.0.2\bin;C:\Program Files\Java\jdk-17.0.12\bin;C:\Program Files\Common Files\Oracle\Java\javapath;C:\Program Files (x86)\Common Files\Oracle\Java\javapath;C:\WINDOWS\system32;C:\WINDOWS;C:\WINDOWS\System32\Wbem;C:\WINDOWS\System32\WindowsPowerShell\v1.0\;C:\WINDOWS\System32\OpenSSH\;C:\Program Files\Microsoft SQL Server\150\Tools\Binn\;C:\Program Files\Microsoft SQL Server\Client SDK\ODBC\170\Tools\Binn\;C:\Program Files\dotnet\;C:\Program Files (x86)\Microsoft SQL Server\150\Tools\Binn\;C:\Program Files\Microsoft SQL Server\150\DTS\Binn\;C:\Program Files (x86)\Microsoft SQL Server\160\DTS\Binn\;C:\Program Files\Git\cmd;C:\Program Files\TortoiseGit\bin;C:\maven\apache-maven-3.9.9\bin;C:\Users\ADMIN\AppData\Local\Programs\Python\Python310\Scripts;C:\Users\ADMIN\AppData\Local\Programs\Python\Python310\;C:\Users\ADMIN\AppData\Local\Programs\Python\Python310\Scripts\;C:\Users\ADMIN\AppData\Local\Programs\Python\Python310\;C:\Program Files\Java\jdk-23.0.2\bin;C:\Program Files\Java\jdk-17.0.12\bin;C:\Program Files\Common Files\Oracle\Java\javapath;C:\Program Files (x86)\Common Files\Oracle\Java\javapath;C:\WINDOWS\system32;C:\WINDOWS;C:\WINDOWS\System32\Wbem;C:\WINDOWS\System32\WindowsPowerShell\v1.0\;C:\WINDOWS\System32\OpenSSH\;C:\Program Files\Microsoft SQL Server\150\Tools\Binn\;C:\Program Files\Microsoft SQL Server\Client SDK\ODBC\170\Tools\Binn\;C:\Program Files\dotnet\;C:\Program Files (x86)\Microsoft SQL Server\150\Tools\Binn\;C:\Program Files\Microsoft SQL Server\150\DTS\Binn\;C:\Program Files (x86)\Microsoft SQL Server\160\DTS\Binn\;C:\Program Files\Git\cmd;C:\Program Files\TortoiseGit\bin;C:\maven\apache-maven-3.9.9\bin;C:\Users\ADMIN\AppData\Local\Programs\Python\Python310\Scripts;C:\Users\ADMIN\AppData\Local\Programs\Python\Python310\;;C:\Program Files\Graphviz\bin;C:\Users\ADMIN\AppData\Local\Programs\Microsoft VS Code\bin;C:\Program Files\Mozilla Firefox;C:\Users\ADMIN\AppData\Roaming\Python\Python313\Scripts;
USERNAME=ADMIN
LANG=en_US.UTF-8
OS=Windows_NT
PROCESSOR_IDENTIFIER=Intel64 Family 6 Model 126 Stepping 5, GenuineIntel



---------------  S Y S T E M  ---------------

OS:
 Windows 11 , 64 bit Build 22621 (10.0.22621.5124)
OS uptime: 0 days 1:16 hours
Hyper-V role detected

CPU: total 8 (initial active 8) (4 cores per cpu, 2 threads per core) family 6 model 126 stepping 5 microcode 0xbc, cx8, cmov, fxsr, ht, mmx, 3dnowpref, sse, sse2, sse3, ssse3, sse4.1, sse4.2, popcnt, lzcnt, tsc, tscinvbit, avx, avx2, aes, erms, clmul, bmi1, bmi2, adx, avx512f, avx512dq, avx512cd, avx512bw, avx512vl, sha, fma, vzeroupper, avx512_vpopcntdq, avx512_vpclmulqdq, avx512_vaes, avx512_vnni, clflush, clflushopt, avx512_vbmi2, avx512_vbmi, hv

Memory: 4k page, system-wide physical 12055M (250M free)
TotalPageFile size 20057M (AvailPageFile size 3M)
current process WorkingSet (physical memory assigned to process): 645M, peak: 701M
current process commit charge ("private bytes"): 754M, peak: 814M

vm_info: Java HotSpot(TM) 64-Bit Server VM (17.0.12+8-LTS-286) for windows-amd64 JRE (17.0.12+8-LTS-286), built on Jun  5 2024 06:46:59 by "mach5one" with MS VC++ 17.6 (VS2022)

END.
