#
# There is insufficient memory for the Java Runtime Environment to continue.
# Native memory allocation (mmap) failed to map 291504128 bytes for G1 virtual space
# Possible reasons:
#   The system is out of physical RAM or swap space
#   The process is running with CompressedOops enabled, and the Java Heap may be blocking the growth of the native heap
# Possible solutions:
#   Reduce memory load on the system
#   Increase physical memory or swap space
#   Check if swap backing store is full
#   Decrease Java heap size (-Xmx/-Xms)
#   Decrease number of Java threads
#   Decrease Java thread stack sizes (-Xss)
#   Set larger code cache with -XX:ReservedCodeCacheSize=
#   JVM is running with Zero Based Compressed Oops mode in which the Java heap is
#     placed in the first 32GB address space. The Java Heap base address is the
#     maximum limit for the native heap growth. Please use -XX:HeapBaseMinAddress
#     to set the Java Heap base and to place the Java Heap above 32GB virtual address.
# This output file may be truncated or incomplete.
#
#  Out of Memory Error (os_windows.cpp:3548), pid=1656, tid=16424
#
# JRE version: Java(TM) SE Runtime Environment (17.0.12+8) (build 17.0.12+8-LTS-286)
# Java VM: Java HotSpot(TM) 64-Bit Server VM (17.0.12+8-LTS-286, mixed mode, sharing, tiered, compressed oops, compressed class ptrs, g1 gc, windows-amd64)
# No core dump will be written. Minidumps are not enabled by default on client versions of Windows
#

---------------  S U M M A R Y ------------

Command Line: -agentlib:jdwp=transport=dt_socket,server=n,suspend=y,address=localhost:56590 -XX:+ShowCodeDetailsInExceptionMessages -Dspring.jmx.enabled=true -Dmanagement.endpoints.jmx.exposure.include=* -Dspring.application.admin.enabled=true -Dspring.boot.project.name=thuexe -Djava.rmi.server.hostname=localhost -Dcom.sun.management.jmxremote.port=45556 -Dcom.sun.management.jmxremote.authenticate=false -Dcom.sun.management.jmxremote.ssl=false com.hcmute.thuexe.ThueXeApplication

Host: Intel(R) Core(TM) i5-1035G1 CPU @ 1.00GHz, 8 cores, 11G,  Windows 11 , 64 bit Build 22621 (10.0.22621.5124)
Time: Sat May 10 16:57:20 2025 SE Asia Standard Time elapsed time: 21.669246 seconds (0d 0h 0m 21s)

---------------  T H R E A D  ---------------

Current thread (0x0000023effcba820):  VMThread "VM Thread" [stack: 0x000000bf62800000,0x000000bf62900000] [id=16424]

Stack: [0x000000bf62800000,0x000000bf62900000]
Native frames: (J=compiled Java code, j=interpreted, Vv=VM code, C=native code)
V  [jvm.dll+0x67a04a]
V  [jvm.dll+0x7da4ed]
V  [jvm.dll+0x7dbe33]
V  [jvm.dll+0x7dc4a3]
V  [jvm.dll+0x24508f]
V  [jvm.dll+0x677089]
V  [jvm.dll+0x66bd32]
V  [jvm.dll+0x301fa6]
V  [jvm.dll+0x309546]
V  [jvm.dll+0x359d2e]
V  [jvm.dll+0x359f5f]
V  [jvm.dll+0x2d9078]
V  [jvm.dll+0x2d74ad]
V  [jvm.dll+0x2d6afc]
V  [jvm.dll+0x31a65b]
V  [jvm.dll+0x7e0d9b]
V  [jvm.dll+0x7e1ad4]
V  [jvm.dll+0x7e1fed]
V  [jvm.dll+0x7e23c4]
V  [jvm.dll+0x7e2490]
V  [jvm.dll+0x78abea]
V  [jvm.dll+0x678f35]
C  [ucrtbase.dll+0x29333]
C  [KERNEL32.DLL+0x1259d]
C  [ntdll.dll+0x5af38]

VM_Operation (0x000000bf645f88f0): G1CollectForAllocation, mode: safepoint, requested by thread 0x0000023ed8133b20


---------------  P R O C E S S  ---------------

Threads class SMR info:
_java_thread_list=0x0000023edf9dd5c0, length=31, elements={
0x0000023ef15dde40, 0x0000023effcbe1d0, 0x0000023effcbeca0, 0x0000023effcd44d0,
0x0000023effcd6eb0, 0x0000023effcd7780, 0x0000023effcd8860, 0x0000023effce1470,
0x0000023effcecbc0, 0x0000023effcef4e0, 0x0000023effca77e0, 0x0000023ed7292de0,
0x0000023ed7295970, 0x0000023ed7295e80, 0x0000023ed736c5f0, 0x0000023ed7babbb0,
0x0000023ed7bb7de0, 0x0000023ed7bb8fc0, 0x0000023ed7ef7530, 0x0000023ed81980c0,
0x0000023ed8133b20, 0x0000023ed8ae9d60, 0x0000023ed7296db0, 0x0000023ed7294a40,
0x0000023ed7293600, 0x0000023ed7293b10, 0x0000023edad974e0, 0x0000023edad914b0,
0x0000023edad923e0, 0x0000023edad94240, 0x0000023edad928f0
}

Java Threads: ( => current thread )
  0x0000023ef15dde40 JavaThread "main" [_thread_blocked, id=3344, stack(0x000000bf62200000,0x000000bf62300000)]
  0x0000023effcbe1d0 JavaThread "Reference Handler" daemon [_thread_blocked, id=15532, stack(0x000000bf62900000,0x000000bf62a00000)]
  0x0000023effcbeca0 JavaThread "Finalizer" daemon [_thread_blocked, id=17136, stack(0x000000bf62a00000,0x000000bf62b00000)]
  0x0000023effcd44d0 JavaThread "Signal Dispatcher" daemon [_thread_blocked, id=11516, stack(0x000000bf62b00000,0x000000bf62c00000)]
  0x0000023effcd6eb0 JavaThread "Attach Listener" daemon [_thread_blocked, id=14964, stack(0x000000bf62c00000,0x000000bf62d00000)]
  0x0000023effcd7780 JavaThread "Service Thread" daemon [_thread_blocked, id=8800, stack(0x000000bf62d00000,0x000000bf62e00000)]
  0x0000023effcd8860 JavaThread "Monitor Deflation Thread" daemon [_thread_blocked, id=13716, stack(0x000000bf62e00000,0x000000bf62f00000)]
  0x0000023effce1470 JavaThread "C2 CompilerThread0" daemon [_thread_blocked, id=4216, stack(0x000000bf62f00000,0x000000bf63000000)]
  0x0000023effcecbc0 JavaThread "C1 CompilerThread0" daemon [_thread_blocked, id=2260, stack(0x000000bf63000000,0x000000bf63100000)]
  0x0000023effcef4e0 JavaThread "Sweeper thread" daemon [_thread_blocked, id=17168, stack(0x000000bf63100000,0x000000bf63200000)]
  0x0000023effca77e0 JavaThread "Common-Cleaner" daemon [_thread_blocked, id=11424, stack(0x000000bf63200000,0x000000bf63300000)]
  0x0000023ed7292de0 JavaThread "JDWP Transport Listener: dt_socket" daemon [_thread_blocked, id=6684, stack(0x000000bf63400000,0x000000bf63500000)]
  0x0000023ed7295970 JavaThread "JDWP Event Helper Thread" daemon [_thread_blocked, id=3380, stack(0x000000bf63500000,0x000000bf63600000)]
  0x0000023ed7295e80 JavaThread "JDWP Command Reader" daemon [_thread_in_native, id=4652, stack(0x000000bf63600000,0x000000bf63700000)]
  0x0000023ed736c5f0 JavaThread "Notification Thread" daemon [_thread_blocked, id=14308, stack(0x000000bf63700000,0x000000bf63800000)]
  0x0000023ed7babbb0 JavaThread "RMI TCP Accept-0" daemon [_thread_in_native, id=16532, stack(0x000000bf63300000,0x000000bf63400000)]
  0x0000023ed7bb7de0 JavaThread "RMI TCP Accept-45556" daemon [_thread_in_native, id=4616, stack(0x000000bf63800000,0x000000bf63900000)]
  0x0000023ed7bb8fc0 JavaThread "RMI TCP Accept-0" daemon [_thread_in_native, id=14216, stack(0x000000bf63900000,0x000000bf63a00000)]
  0x0000023ed7ef7530 JavaThread "C2 CompilerThread1" daemon [_thread_blocked, id=8772, stack(0x000000bf63b00000,0x000000bf63c00000)]
  0x0000023ed81980c0 JavaThread "Thread-0" [_thread_blocked, id=11356, stack(0x000000bf64400000,0x000000bf64500000)]
  0x0000023ed8133b20 JavaThread "restartedMain" [_thread_blocked, id=7828, stack(0x000000bf64500000,0x000000bf64600000)]
  0x0000023ed8ae9d60 JavaThread "C2 CompilerThread2" daemon [_thread_in_native, id=7384, stack(0x000000bf64700000,0x000000bf64800000)]
  0x0000023ed7296db0 JavaThread "RMI TCP Connection(1)-127.0.0.1" daemon [_thread_in_native, id=11040, stack(0x000000bf64600000,0x000000bf64700000)]
  0x0000023ed7294a40 JavaThread "RMI Scheduler(0)" daemon [_thread_blocked, id=15300, stack(0x000000bf64800000,0x000000bf64900000)]
  0x0000023ed7293600 JavaThread "RMI TCP Connection(2)-127.0.0.1" daemon [_thread_in_native, id=15220, stack(0x000000bf64a00000,0x000000bf64b00000)]
  0x0000023ed7293b10 JavaThread "JMX server connection timeout 31" daemon [_thread_blocked, id=2440, stack(0x000000bf64b00000,0x000000bf64c00000)]
  0x0000023edad974e0 JavaThread "mysql-cj-abandoned-connection-cleanup" daemon [_thread_blocked, id=3296, stack(0x000000bf64c00000,0x000000bf64d00000)]
  0x0000023edad914b0 JavaThread "HikariPool-1 housekeeper" daemon [_thread_blocked, id=10324, stack(0x000000bf64e00000,0x000000bf64f00000)]
  0x0000023edad923e0 JavaThread "Catalina-utility-1" [_thread_blocked, id=15764, stack(0x000000bf65000000,0x000000bf65100000)]
  0x0000023edad94240 JavaThread "Catalina-utility-2" [_thread_blocked, id=7368, stack(0x000000bf65100000,0x000000bf65200000)]
  0x0000023edad928f0 JavaThread "container-0" [_thread_blocked, id=13760, stack(0x000000bf65200000,0x000000bf65300000)]

Other Threads:
=>0x0000023effcba820 VMThread "VM Thread" [stack: 0x000000bf62800000,0x000000bf62900000] [id=16424]
  0x0000023ef165a320 WatcherThread [stack: 0x000000bf63a00000,0x000000bf63b00000] [id=15960]
  0x0000023ef163e720 GCTaskThread "GC Thread#0" [stack: 0x000000bf62300000,0x000000bf62400000] [id=11296]
  0x0000023ed7eb7020 GCTaskThread "GC Thread#1" [stack: 0x000000bf63c00000,0x000000bf63d00000] [id=13296]
  0x0000023ed8012c90 GCTaskThread "GC Thread#2" [stack: 0x000000bf63d00000,0x000000bf63e00000] [id=11576]
  0x0000023ed8012f50 GCTaskThread "GC Thread#3" [stack: 0x000000bf63e00000,0x000000bf63f00000] [id=13452]
  0x0000023ed7ef7150 GCTaskThread "GC Thread#4" [stack: 0x000000bf63f00000,0x000000bf64000000] [id=15528]
  0x0000023ed8121e60 GCTaskThread "GC Thread#5" [stack: 0x000000bf64000000,0x000000bf64100000] [id=11000]
  0x0000023ed8122530 GCTaskThread "GC Thread#6" [stack: 0x000000bf64100000,0x000000bf64200000] [id=11168]
  0x0000023ed81227f0 GCTaskThread "GC Thread#7" [stack: 0x000000bf64200000,0x000000bf64300000] [id=8568]
  0x0000023ef164b1d0 ConcurrentGCThread "G1 Main Marker" [stack: 0x000000bf62400000,0x000000bf62500000] [id=7440]
  0x0000023ef164baf0 ConcurrentGCThread "G1 Conc#0" [stack: 0x000000bf62500000,0x000000bf62600000] [id=284]
  0x0000023ed8139b40 ConcurrentGCThread "G1 Conc#1" [stack: 0x000000bf64900000,0x000000bf64a00000] [id=9660]
  0x0000023effb820c0 ConcurrentGCThread "G1 Refine#0" [stack: 0x000000bf62600000,0x000000bf62700000] [id=2436]
  0x0000023ed7eefd40 ConcurrentGCThread "G1 Refine#1" [stack: 0x000000bf64300000,0x000000bf64400000] [id=15376]
  0x0000023edc789f40 ConcurrentGCThread "G1 Refine#2" [stack: 0x000000bf64f00000,0x000000bf65000000] [id=9668]
  0x0000023ed8e24ad0 ConcurrentGCThread "G1 Refine#3" [stack: 0x000000bf65300000,0x000000bf65400000] [id=6552]
  0x0000023ed7b32150 ConcurrentGCThread "G1 Refine#4" [stack: 0x000000bf65400000,0x000000bf65500000] [id=4200]
  0x0000023effb82a00 ConcurrentGCThread "G1 Service" [stack: 0x000000bf62700000,0x000000bf62800000] [id=12116]

Threads with active compile tasks:
C2 CompilerThread0    21710 7884       4       org.springframework.boot.context.properties.source.SystemEnvironmentPropertyMapper$$Lambda$187/0x0000023e9313a5c8::test (16 bytes)
C2 CompilerThread1    21710 7885       4       org.springframework.boot.context.properties.source.SystemEnvironmentPropertyMapper::isLegacyAncestorOf (34 bytes)
C2 CompilerThread2    21710 7883       4       java.util.function.BiPredicate$$Lambda$188/0x0000023e930a5468::test (16 bytes)

VM state: at safepoint (normal execution)

VM Mutex/Monitor currently owned by a thread:  ([mutex/lock_event])
[0x0000023ef15da860] Threads_lock - owner thread: 0x0000023effcba820
[0x0000023ef15d9b70] Heap_lock - owner thread: 0x0000023ed8133b20

Heap address: 0x0000000743a00000, size: 3014 MB, Compressed Oops mode: Zero based, Oop shift amount: 3

CDS archive(s) mapped at: [0x0000023e92000000-0x0000023e92bd0000-0x0000023e92bd0000), size 12386304, SharedBaseAddress: 0x0000023e92000000, ArchiveRelocationMode: 1.
Compressed class space mapped at: 0x0000023e93000000-0x0000023ed3000000, reserved size: 1073741824
Narrow klass base: 0x0000023e92000000, Narrow klass shift: 0, Narrow klass range: 0x100000000

GC Precious Log:
 CPUs: 8 total, 8 available
 Memory: 12055M
 Large Page Support: Disabled
 NUMA Support: Disabled
 Compressed Oops: Enabled (Zero based)
 Heap Region Size: 2M
 Heap Min Capacity: 8M
 Heap Initial Capacity: 190M
 Heap Max Capacity: 3014M
 Pre-touch: Disabled
 Parallel Workers: 8
 Concurrent Workers: 2
 Concurrent Refinement Workers: 8
 Periodic GC: Disabled

Heap:
 garbage-first heap   total 321536K, used 130984K [0x0000000743a00000, 0x0000000800000000)
  region size 2048K, 3 young (6144K), 3 survivors (6144K)
 Metaspace       used 77316K, committed 77952K, reserved 1179648K
  class space    used 10715K, committed 11008K, reserved 1048576K

Heap Regions: E=young(eden), S=young(survivor), O=old, HS=humongous(starts), HC=humongous(continues), CS=collection set, F=free, OA=open archive, CA=closed archive, TAMS=top-at-mark-start (previous, next)
|   0|0x0000000743a00000, 0x0000000743c00000, 0x0000000743c00000|100%| O|  |TAMS 0x0000000743c00000, 0x0000000743a00000| Untracked 
|   1|0x0000000743c00000, 0x0000000743e00000, 0x0000000743e00000|100%| O|  |TAMS 0x0000000743e00000, 0x0000000743c00000| Untracked 
|   2|0x0000000743e00000, 0x0000000744000000, 0x0000000744000000|100%| O|  |TAMS 0x0000000744000000, 0x0000000743e00000| Untracked 
|   3|0x0000000744000000, 0x0000000744200000, 0x0000000744200000|100%| O|  |TAMS 0x0000000744200000, 0x0000000744000000| Untracked 
|   4|0x0000000744200000, 0x0000000744400000, 0x0000000744400000|100%| O|  |TAMS 0x0000000744400000, 0x0000000744200000| Untracked 
|   5|0x0000000744400000, 0x0000000744600000, 0x0000000744600000|100%| O|  |TAMS 0x0000000744600000, 0x0000000744400000| Untracked 
|   6|0x0000000744600000, 0x0000000744800000, 0x0000000744800000|100%| O|  |TAMS 0x0000000744800000, 0x0000000744600000| Untracked 
|   7|0x0000000744800000, 0x0000000744a00000, 0x0000000744a00000|100%| O|  |TAMS 0x0000000744a00000, 0x0000000744800000| Untracked 
|   8|0x0000000744a00000, 0x0000000744c00000, 0x0000000744c00000|100%| O|  |TAMS 0x0000000744c00000, 0x0000000744a00000| Untracked 
|   9|0x0000000744c00000, 0x0000000744e00000, 0x0000000744e00000|100%| O|  |TAMS 0x0000000744e00000, 0x0000000744c00000| Untracked 
|  10|0x0000000744e00000, 0x0000000745000000, 0x0000000745000000|100%| O|  |TAMS 0x0000000745000000, 0x0000000744e00000| Untracked 
|  11|0x0000000745000000, 0x0000000745200000, 0x0000000745200000|100%| O|  |TAMS 0x0000000745200000, 0x0000000745000000| Untracked 
|  12|0x0000000745200000, 0x0000000745400000, 0x0000000745400000|100%| O|  |TAMS 0x0000000745400000, 0x0000000745200000| Untracked 
|  13|0x0000000745400000, 0x0000000745600000, 0x0000000745600000|100%| O|  |TAMS 0x0000000745600000, 0x0000000745400000| Untracked 
|  14|0x0000000745600000, 0x0000000745800000, 0x0000000745800000|100%| O|  |TAMS 0x0000000745800000, 0x0000000745600000| Untracked 
|  15|0x0000000745800000, 0x0000000745a00000, 0x0000000745a00000|100%| O|  |TAMS 0x0000000745a00000, 0x0000000745800000| Untracked 
|  16|0x0000000745a00000, 0x0000000745c00000, 0x0000000745c00000|100%| O|  |TAMS 0x0000000745c00000, 0x0000000745a00000| Untracked 
|  17|0x0000000745c00000, 0x0000000745c00000, 0x0000000745e00000|  0%| F|  |TAMS 0x0000000745c00000, 0x0000000745c00000| Untracked 
|  18|0x0000000745e00000, 0x0000000746000000, 0x0000000746000000|100%| O|  |TAMS 0x0000000746000000, 0x0000000745e00000| Untracked 
|  19|0x0000000746000000, 0x0000000746200000, 0x0000000746200000|100%| O|  |TAMS 0x0000000746200000, 0x0000000746000000| Untracked 
|  20|0x0000000746200000, 0x0000000746400000, 0x0000000746400000|100%| O|  |TAMS 0x0000000746400000, 0x0000000746200000| Untracked 
|  21|0x0000000746400000, 0x0000000746400000, 0x0000000746600000|  0%| F|  |TAMS 0x0000000746400000, 0x0000000746400000| Untracked 
|  22|0x0000000746600000, 0x0000000746600000, 0x0000000746800000|  0%| F|  |TAMS 0x0000000746600000, 0x0000000746600000| Untracked 
|  23|0x0000000746800000, 0x0000000746800000, 0x0000000746a00000|  0%| F|  |TAMS 0x0000000746800000, 0x0000000746800000| Untracked 
|  24|0x0000000746a00000, 0x0000000746a00000, 0x0000000746c00000|  0%| F|  |TAMS 0x0000000746a00000, 0x0000000746a00000| Untracked 
|  25|0x0000000746c00000, 0x0000000746c00000, 0x0000000746e00000|  0%| F|  |TAMS 0x0000000746c00000, 0x0000000746c00000| Untracked 
|  26|0x0000000746e00000, 0x0000000746e00000, 0x0000000747000000|  0%| F|  |TAMS 0x0000000746e00000, 0x0000000746e00000| Untracked 
|  27|0x0000000747000000, 0x0000000747000000, 0x0000000747200000|  0%| F|  |TAMS 0x0000000747000000, 0x0000000747000000| Untracked 
|  28|0x0000000747200000, 0x0000000747400000, 0x0000000747400000|100%| O|  |TAMS 0x0000000747400000, 0x0000000747200000| Untracked 
|  29|0x0000000747400000, 0x0000000747400000, 0x0000000747600000|  0%| F|  |TAMS 0x0000000747400000, 0x0000000747400000| Untracked 
|  30|0x0000000747600000, 0x0000000747600000, 0x0000000747800000|  0%| F|  |TAMS 0x0000000747600000, 0x0000000747600000| Untracked 
|  31|0x0000000747800000, 0x0000000747a00000, 0x0000000747a00000|100%| O|  |TAMS 0x0000000747a00000, 0x0000000747800000| Untracked 
|  32|0x0000000747a00000, 0x0000000747a00000, 0x0000000747c00000|  0%| F|  |TAMS 0x0000000747a00000, 0x0000000747a00000| Untracked 
|  33|0x0000000747c00000, 0x0000000747c00000, 0x0000000747e00000|  0%| F|  |TAMS 0x0000000747c00000, 0x0000000747c00000| Untracked 
|  34|0x0000000747e00000, 0x0000000748000000, 0x0000000748000000|100%| O|  |TAMS 0x0000000747e00000, 0x0000000747e00000| Untracked 
|  35|0x0000000748000000, 0x0000000748200000, 0x0000000748200000|100%| O|  |TAMS 0x0000000748200000, 0x0000000748000000| Untracked 
|  36|0x0000000748200000, 0x0000000748400000, 0x0000000748400000|100%| O|  |TAMS 0x0000000748400000, 0x0000000748200000| Untracked 
|  37|0x0000000748400000, 0x0000000748600000, 0x0000000748600000|100%| O|  |TAMS 0x0000000748600000, 0x0000000748400000| Untracked 
|  38|0x0000000748600000, 0x0000000748800000, 0x0000000748800000|100%| O|  |TAMS 0x0000000748800000, 0x0000000748600000| Untracked 
|  39|0x0000000748800000, 0x0000000748a00000, 0x0000000748a00000|100%| O|  |TAMS 0x0000000748a00000, 0x0000000748800000| Untracked 
|  40|0x0000000748a00000, 0x0000000748c00000, 0x0000000748c00000|100%| O|  |TAMS 0x0000000748c00000, 0x0000000748a00000| Untracked 
|  41|0x0000000748c00000, 0x0000000748e00000, 0x0000000748e00000|100%| O|  |TAMS 0x0000000748e00000, 0x0000000748c00000| Untracked 
|  42|0x0000000748e00000, 0x0000000749000000, 0x0000000749000000|100%| O|  |TAMS 0x0000000749000000, 0x0000000748e00000| Untracked 
|  43|0x0000000749000000, 0x0000000749200000, 0x0000000749200000|100%| O|  |TAMS 0x0000000749200000, 0x0000000749000000| Untracked 
|  44|0x0000000749200000, 0x0000000749400000, 0x0000000749400000|100%| O|  |TAMS 0x0000000749400000, 0x0000000749200000| Untracked 
|  45|0x0000000749400000, 0x0000000749600000, 0x0000000749600000|100%| O|  |TAMS 0x0000000749600000, 0x0000000749400000| Untracked 
|  46|0x0000000749600000, 0x0000000749800000, 0x0000000749800000|100%| O|  |TAMS 0x0000000749800000, 0x0000000749600000| Untracked 
|  47|0x0000000749800000, 0x0000000749a00000, 0x0000000749a00000|100%| O|  |TAMS 0x0000000749a00000, 0x0000000749800000| Untracked 
|  48|0x0000000749a00000, 0x0000000749c00000, 0x0000000749c00000|100%| O|  |TAMS 0x0000000749c00000, 0x0000000749a00000| Untracked 
|  49|0x0000000749c00000, 0x0000000749e00000, 0x0000000749e00000|100%| O|  |TAMS 0x0000000749e00000, 0x0000000749c00000| Untracked 
|  50|0x0000000749e00000, 0x000000074a000000, 0x000000074a000000|100%| O|  |TAMS 0x000000074a000000, 0x0000000749e00000| Untracked 
|  51|0x000000074a000000, 0x000000074a200000, 0x000000074a200000|100%| O|  |TAMS 0x000000074a200000, 0x000000074a000000| Untracked 
|  52|0x000000074a200000, 0x000000074a400000, 0x000000074a400000|100%| O|  |TAMS 0x000000074a400000, 0x000000074a200000| Untracked 
|  53|0x000000074a400000, 0x000000074a600000, 0x000000074a600000|100%| O|  |TAMS 0x000000074a600000, 0x000000074a400000| Untracked 
|  54|0x000000074a600000, 0x000000074a800000, 0x000000074a800000|100%| O|  |TAMS 0x000000074a800000, 0x000000074a600000| Untracked 
|  55|0x000000074a800000, 0x000000074aa00000, 0x000000074aa00000|100%| O|  |TAMS 0x000000074aa00000, 0x000000074a800000| Untracked 
|  56|0x000000074aa00000, 0x000000074aae8400, 0x000000074ac00000| 45%| O|  |TAMS 0x000000074aa00000, 0x000000074aa00000| Untracked 
|  57|0x000000074ac00000, 0x000000074ac00000, 0x000000074ae00000|  0%| F|  |TAMS 0x000000074ac00000, 0x000000074ac00000| Untracked 
|  58|0x000000074ae00000, 0x000000074b000000, 0x000000074b000000|100%| O|  |TAMS 0x000000074b000000, 0x000000074ae00000| Untracked 
|  59|0x000000074b000000, 0x000000074b200000, 0x000000074b200000|100%| O|  |TAMS 0x000000074b200000, 0x000000074b000000| Untracked 
|  60|0x000000074b200000, 0x000000074b400000, 0x000000074b400000|100%| O|  |TAMS 0x000000074b400000, 0x000000074b200000| Untracked 
|  61|0x000000074b400000, 0x000000074b600000, 0x000000074b600000|100%| O|  |TAMS 0x000000074b600000, 0x000000074b400000| Untracked 
|  62|0x000000074b600000, 0x000000074b800000, 0x000000074b800000|100%| O|  |TAMS 0x000000074b800000, 0x000000074b600000| Untracked 
|  63|0x000000074b800000, 0x000000074ba00000, 0x000000074ba00000|100%| O|  |TAMS 0x000000074b800000, 0x000000074b800000| Untracked 
|  64|0x000000074ba00000, 0x000000074bc00000, 0x000000074bc00000|100%| O|  |TAMS 0x000000074ba00000, 0x000000074ba00000| Untracked 
|  65|0x000000074bc00000, 0x000000074be00000, 0x000000074be00000|100%| O|  |TAMS 0x000000074bc00000, 0x000000074bc00000| Untracked 
|  66|0x000000074be00000, 0x000000074c000000, 0x000000074c000000|100%| O|  |TAMS 0x000000074be00000, 0x000000074be00000| Untracked 
|  67|0x000000074c000000, 0x000000074c200000, 0x000000074c200000|100%| O|  |TAMS 0x000000074c000000, 0x000000074c000000| Untracked 
|  68|0x000000074c200000, 0x000000074c400000, 0x000000074c400000|100%| O|  |TAMS 0x000000074c200000, 0x000000074c200000| Untracked 
|  69|0x000000074c400000, 0x000000074c400000, 0x000000074c600000|  0%| F|  |TAMS 0x000000074c400000, 0x000000074c400000| Untracked 
|  70|0x000000074c600000, 0x000000074c600000, 0x000000074c800000|  0%| F|  |TAMS 0x000000074c600000, 0x000000074c600000| Untracked 
|  71|0x000000074c800000, 0x000000074c800000, 0x000000074ca00000|  0%| F|  |TAMS 0x000000074c800000, 0x000000074c800000| Untracked 
|  72|0x000000074ca00000, 0x000000074ca00000, 0x000000074cc00000|  0%| F|  |TAMS 0x000000074ca00000, 0x000000074ca00000| Untracked 
|  73|0x000000074cc00000, 0x000000074ce00000, 0x000000074ce00000|100%| O|  |TAMS 0x000000074ce00000, 0x000000074cc00000| Untracked 
|  74|0x000000074ce00000, 0x000000074d000000, 0x000000074d000000|100%| O|  |TAMS 0x000000074d000000, 0x000000074ce00000| Untracked 
|  75|0x000000074d000000, 0x000000074d200000, 0x000000074d200000|100%| O|  |TAMS 0x000000074d200000, 0x000000074d000000| Untracked 
|  76|0x000000074d200000, 0x000000074d400000, 0x000000074d400000|100%| O|  |TAMS 0x000000074d400000, 0x000000074d200000| Untracked 
|  77|0x000000074d400000, 0x000000074d600000, 0x000000074d600000|100%| O|  |TAMS 0x000000074d600000, 0x000000074d400000| Untracked 
|  78|0x000000074d600000, 0x000000074d800000, 0x000000074d800000|100%| O|  |TAMS 0x000000074d800000, 0x000000074d600000| Untracked 
|  79|0x000000074d800000, 0x000000074d800000, 0x000000074da00000|  0%| F|  |TAMS 0x000000074d800000, 0x000000074d800000| Untracked 
|  80|0x000000074da00000, 0x000000074da00000, 0x000000074dc00000|  0%| F|  |TAMS 0x000000074da00000, 0x000000074da00000| Untracked 
|  81|0x000000074dc00000, 0x000000074dc00000, 0x000000074de00000|  0%| F|  |TAMS 0x000000074dc00000, 0x000000074dc00000| Untracked 
|  82|0x000000074de00000, 0x000000074de00000, 0x000000074e000000|  0%| F|  |TAMS 0x000000074de00000, 0x000000074de00000| Untracked 
|  83|0x000000074e000000, 0x000000074e000000, 0x000000074e200000|  0%| F|  |TAMS 0x000000074e000000, 0x000000074e000000| Untracked 
|  84|0x000000074e200000, 0x000000074e200000, 0x000000074e400000|  0%| F|  |TAMS 0x000000074e200000, 0x000000074e200000| Untracked 
|  85|0x000000074e400000, 0x000000074e400000, 0x000000074e600000|  0%| F|  |TAMS 0x000000074e400000, 0x000000074e400000| Untracked 
|  86|0x000000074e600000, 0x000000074e600000, 0x000000074e800000|  0%| F|  |TAMS 0x000000074e600000, 0x000000074e600000| Untracked 
|  87|0x000000074e800000, 0x000000074e800000, 0x000000074ea00000|  0%| F|  |TAMS 0x000000074e800000, 0x000000074e800000| Untracked 
|  88|0x000000074ea00000, 0x000000074ea00000, 0x000000074ec00000|  0%| F|  |TAMS 0x000000074ea00000, 0x000000074ea00000| Untracked 
|  89|0x000000074ec00000, 0x000000074ec00000, 0x000000074ee00000|  0%| F|  |TAMS 0x000000074ec00000, 0x000000074ec00000| Untracked 
|  90|0x000000074ee00000, 0x000000074ee00000, 0x000000074f000000|  0%| F|  |TAMS 0x000000074ee00000, 0x000000074ee00000| Untracked 
|  91|0x000000074f000000, 0x000000074f000000, 0x000000074f200000|  0%| F|  |TAMS 0x000000074f000000, 0x000000074f000000| Untracked 
|  92|0x000000074f200000, 0x000000074f200000, 0x000000074f400000|  0%| F|  |TAMS 0x000000074f200000, 0x000000074f200000| Untracked 
|  93|0x000000074f400000, 0x000000074f400000, 0x000000074f600000|  0%| F|  |TAMS 0x000000074f400000, 0x000000074f400000| Untracked 
|  94|0x000000074f600000, 0x000000074f600000, 0x000000074f800000|  0%| F|  |TAMS 0x000000074f600000, 0x000000074f600000| Untracked 
|  95|0x000000074f800000, 0x000000074f800000, 0x000000074fa00000|  0%| F|  |TAMS 0x000000074f800000, 0x000000074f800000| Untracked 
|  96|0x000000074fa00000, 0x000000074fa00000, 0x000000074fc00000|  0%| F|  |TAMS 0x000000074fa00000, 0x000000074fa00000| Untracked 
|  97|0x000000074fc00000, 0x000000074fd01d60, 0x000000074fe00000| 50%| S|CS|TAMS 0x000000074fc00000, 0x000000074fc00000| Complete 
|  98|0x000000074fe00000, 0x0000000750000000, 0x0000000750000000|100%| S|CS|TAMS 0x000000074fe00000, 0x000000074fe00000| Complete 
|  99|0x0000000750000000, 0x0000000750200000, 0x0000000750200000|100%| S|CS|TAMS 0x0000000750000000, 0x0000000750000000| Complete 
| 100|0x0000000750200000, 0x0000000750200000, 0x0000000750400000|  0%| F|  |TAMS 0x0000000750200000, 0x0000000750200000| Untracked 
| 101|0x0000000750400000, 0x0000000750400000, 0x0000000750600000|  0%| F|  |TAMS 0x0000000750400000, 0x0000000750400000| Untracked 
| 102|0x0000000750600000, 0x0000000750600000, 0x0000000750800000|  0%| F|  |TAMS 0x0000000750600000, 0x0000000750600000| Untracked 
| 103|0x0000000750800000, 0x0000000750800000, 0x0000000750a00000|  0%| F|  |TAMS 0x0000000750800000, 0x0000000750800000| Untracked 
| 104|0x0000000750a00000, 0x0000000750a00000, 0x0000000750c00000|  0%| F|  |TAMS 0x0000000750a00000, 0x0000000750a00000| Untracked 
| 105|0x0000000750c00000, 0x0000000750c00000, 0x0000000750e00000|  0%| F|  |TAMS 0x0000000750c00000, 0x0000000750c00000| Untracked 
| 106|0x0000000750e00000, 0x0000000750e00000, 0x0000000751000000|  0%| F|  |TAMS 0x0000000750e00000, 0x0000000750e00000| Untracked 
| 107|0x0000000751000000, 0x0000000751000000, 0x0000000751200000|  0%| F|  |TAMS 0x0000000751000000, 0x0000000751000000| Untracked 
| 108|0x0000000751200000, 0x0000000751200000, 0x0000000751400000|  0%| F|  |TAMS 0x0000000751200000, 0x0000000751200000| Untracked 
| 109|0x0000000751400000, 0x0000000751400000, 0x0000000751600000|  0%| F|  |TAMS 0x0000000751400000, 0x0000000751400000| Untracked 
| 110|0x0000000751600000, 0x0000000751600000, 0x0000000751800000|  0%| F|  |TAMS 0x0000000751600000, 0x0000000751600000| Untracked 
| 111|0x0000000751800000, 0x0000000751800000, 0x0000000751a00000|  0%| F|  |TAMS 0x0000000751800000, 0x0000000751800000| Untracked 
| 112|0x0000000751a00000, 0x0000000751a00000, 0x0000000751c00000|  0%| F|  |TAMS 0x0000000751a00000, 0x0000000751a00000| Untracked 
| 113|0x0000000751c00000, 0x0000000751c00000, 0x0000000751e00000|  0%| F|  |TAMS 0x0000000751c00000, 0x0000000751c00000| Untracked 
| 114|0x0000000751e00000, 0x0000000751e00000, 0x0000000752000000|  0%| F|  |TAMS 0x0000000751e00000, 0x0000000751e00000| Untracked 
| 115|0x0000000752000000, 0x0000000752000000, 0x0000000752200000|  0%| F|  |TAMS 0x0000000752000000, 0x0000000752000000| Untracked 
| 116|0x0000000752200000, 0x0000000752200000, 0x0000000752400000|  0%| F|  |TAMS 0x0000000752200000, 0x0000000752200000| Untracked 
| 117|0x0000000752400000, 0x0000000752400000, 0x0000000752600000|  0%| F|  |TAMS 0x0000000752400000, 0x0000000752400000| Untracked 
| 118|0x0000000752600000, 0x0000000752600000, 0x0000000752800000|  0%| F|  |TAMS 0x0000000752600000, 0x0000000752600000| Untracked 
| 119|0x0000000752800000, 0x0000000752800000, 0x0000000752a00000|  0%| F|  |TAMS 0x0000000752800000, 0x0000000752800000| Untracked 
| 120|0x0000000752a00000, 0x0000000752a00000, 0x0000000752c00000|  0%| F|  |TAMS 0x0000000752a00000, 0x0000000752a00000| Untracked 
| 121|0x0000000752c00000, 0x0000000752c00000, 0x0000000752e00000|  0%| F|  |TAMS 0x0000000752c00000, 0x0000000752c00000| Untracked 
| 122|0x0000000752e00000, 0x0000000752e00000, 0x0000000753000000|  0%| F|  |TAMS 0x0000000752e00000, 0x0000000752e00000| Untracked 
| 123|0x0000000753000000, 0x0000000753000000, 0x0000000753200000|  0%| F|  |TAMS 0x0000000753000000, 0x0000000753000000| Untracked 
| 124|0x0000000753200000, 0x0000000753200000, 0x0000000753400000|  0%| F|  |TAMS 0x0000000753200000, 0x0000000753200000| Untracked 
| 125|0x0000000753400000, 0x0000000753400000, 0x0000000753600000|  0%| F|  |TAMS 0x0000000753400000, 0x0000000753400000| Untracked 
| 126|0x0000000753600000, 0x0000000753600000, 0x0000000753800000|  0%| F|  |TAMS 0x0000000753600000, 0x0000000753600000| Untracked 
| 127|0x0000000753800000, 0x0000000753800000, 0x0000000753a00000|  0%| F|  |TAMS 0x0000000753800000, 0x0000000753800000| Untracked 
| 128|0x0000000753a00000, 0x0000000753a00000, 0x0000000753c00000|  0%| F|  |TAMS 0x0000000753a00000, 0x0000000753a00000| Untracked 
| 129|0x0000000753c00000, 0x0000000753c00000, 0x0000000753e00000|  0%| F|  |TAMS 0x0000000753c00000, 0x0000000753c00000| Untracked 
| 130|0x0000000753e00000, 0x0000000753e00000, 0x0000000754000000|  0%| F|  |TAMS 0x0000000753e00000, 0x0000000753e00000| Untracked 
| 131|0x0000000754000000, 0x0000000754000000, 0x0000000754200000|  0%| F|  |TAMS 0x0000000754000000, 0x0000000754000000| Untracked 
| 132|0x0000000754200000, 0x0000000754200000, 0x0000000754400000|  0%| F|  |TAMS 0x0000000754200000, 0x0000000754200000| Untracked 
| 133|0x0000000754400000, 0x0000000754400000, 0x0000000754600000|  0%| F|  |TAMS 0x0000000754400000, 0x0000000754400000| Untracked 
| 134|0x0000000754600000, 0x0000000754600000, 0x0000000754800000|  0%| F|  |TAMS 0x0000000754600000, 0x0000000754600000| Untracked 
| 135|0x0000000754800000, 0x0000000754800000, 0x0000000754a00000|  0%| F|  |TAMS 0x0000000754800000, 0x0000000754800000| Untracked 
| 136|0x0000000754a00000, 0x0000000754a00000, 0x0000000754c00000|  0%| F|  |TAMS 0x0000000754a00000, 0x0000000754a00000| Untracked 
| 137|0x0000000754c00000, 0x0000000754c00000, 0x0000000754e00000|  0%| F|  |TAMS 0x0000000754c00000, 0x0000000754c00000| Untracked 
| 138|0x0000000754e00000, 0x0000000754e00000, 0x0000000755000000|  0%| F|  |TAMS 0x0000000754e00000, 0x0000000754e00000| Untracked 
| 139|0x0000000755000000, 0x0000000755000000, 0x0000000755200000|  0%| F|  |TAMS 0x0000000755000000, 0x0000000755000000| Untracked 
| 140|0x0000000755200000, 0x0000000755200000, 0x0000000755400000|  0%| F|  |TAMS 0x0000000755200000, 0x0000000755200000| Untracked 
| 141|0x0000000755400000, 0x0000000755400000, 0x0000000755600000|  0%| F|  |TAMS 0x0000000755400000, 0x0000000755400000| Untracked 
| 142|0x0000000755600000, 0x0000000755600000, 0x0000000755800000|  0%| F|  |TAMS 0x0000000755600000, 0x0000000755600000| Untracked 
| 143|0x0000000755800000, 0x0000000755800000, 0x0000000755a00000|  0%| F|  |TAMS 0x0000000755800000, 0x0000000755800000| Untracked 
| 144|0x0000000755a00000, 0x0000000755a00000, 0x0000000755c00000|  0%| F|  |TAMS 0x0000000755a00000, 0x0000000755a00000| Untracked 
| 145|0x0000000755c00000, 0x0000000755c00000, 0x0000000755e00000|  0%| F|  |TAMS 0x0000000755c00000, 0x0000000755c00000| Untracked 
| 146|0x0000000755e00000, 0x0000000755e00000, 0x0000000756000000|  0%| F|  |TAMS 0x0000000755e00000, 0x0000000755e00000| Untracked 
| 147|0x0000000756000000, 0x0000000756000000, 0x0000000756200000|  0%| F|  |TAMS 0x0000000756000000, 0x0000000756000000| Untracked 
| 148|0x0000000756200000, 0x0000000756200000, 0x0000000756400000|  0%| F|  |TAMS 0x0000000756200000, 0x0000000756200000| Untracked 
| 149|0x0000000756400000, 0x0000000756400000, 0x0000000756600000|  0%| F|  |TAMS 0x0000000756400000, 0x0000000756400000| Untracked 
| 150|0x0000000756600000, 0x0000000756600000, 0x0000000756800000|  0%| F|  |TAMS 0x0000000756600000, 0x0000000756600000| Untracked 
| 151|0x0000000756800000, 0x0000000756800000, 0x0000000756a00000|  0%| F|  |TAMS 0x0000000756800000, 0x0000000756800000| Untracked 
| 152|0x0000000756a00000, 0x0000000756a00000, 0x0000000756c00000|  0%| F|  |TAMS 0x0000000756a00000, 0x0000000756a00000| Untracked 
| 153|0x0000000756c00000, 0x0000000756c00000, 0x0000000756e00000|  0%| F|  |TAMS 0x0000000756c00000, 0x0000000756c00000| Untracked 
| 154|0x0000000756e00000, 0x0000000756e00000, 0x0000000757000000|  0%| F|  |TAMS 0x0000000756e00000, 0x0000000756e00000| Untracked 
| 155|0x0000000757000000, 0x0000000757000000, 0x0000000757200000|  0%| F|  |TAMS 0x0000000757000000, 0x0000000757000000| Untracked 
| 156|0x0000000757200000, 0x0000000757200000, 0x0000000757400000|  0%| F|  |TAMS 0x0000000757200000, 0x0000000757200000| Untracked 

Card table byte_map: [0x0000023ef97a0000,0x0000023ef9d90000] _byte_map_base: 0x0000023ef5d83000

Marking Bits (Prev, Next): (CMBitMap*) 0x0000023ef163ec50, (CMBitMap*) 0x0000023ef163ec90
 Prev Bits: [0x0000023efa380000, 0x0000023efd298000)
 Next Bits: [0x0000023e8f000000, 0x0000023e91f18000)

Polling page: 0x0000023eef5b0000

Metaspace:

Usage:
  Non-class:     65.04 MB used.
      Class:     10.46 MB used.
       Both:     75.50 MB used.

Virtual space:
  Non-class space:      128.00 MB reserved,      65.38 MB ( 51%) committed,  2 nodes.
      Class space:        1.00 GB reserved,      10.75 MB (  1%) committed,  1 nodes.
             Both:        1.12 GB reserved,      76.12 MB (  7%) committed. 

Chunk freelists:
   Non-Class:  14.12 MB
       Class:  5.25 MB
        Both:  19.38 MB

MaxMetaspaceSize: unlimited
CompressedClassSpaceSize: 1.00 GB
Initial GC threshold: 21.00 MB
Current GC threshold: 125.62 MB
CDS: on
MetaspaceReclaimPolicy: balanced
 - commit_granule_bytes: 65536.
 - commit_granule_words: 8192.
 - virtual_space_node_default_size: 8388608.
 - enlarge_chunks_in_place: 1.
 - new_chunks_are_fully_committed: 0.
 - uncommit_free_chunks: 1.
 - use_allocation_guard: 0.
 - handle_deallocations: 1.


Internal statistics:

num_allocs_failed_limit: 11.
num_arena_births: 928.
num_arena_deaths: 0.
num_vsnodes_births: 3.
num_vsnodes_deaths: 0.
num_space_committed: 1218.
num_space_uncommitted: 0.
num_chunks_returned_to_freelist: 11.
num_chunks_taken_from_freelist: 3846.
num_chunk_merges: 11.
num_chunk_splits: 2739.
num_chunks_enlarged: 2098.
num_inconsistent_stats: 0.

CodeHeap 'non-profiled nmethods': size=120000Kb used=5682Kb max_used=6235Kb free=114317Kb
 bounds [0x0000023e87ad0000, 0x0000023e880f0000, 0x0000023e8f000000]
CodeHeap 'profiled nmethods': size=120000Kb used=13364Kb max_used=13890Kb free=106635Kb
 bounds [0x0000023e80000000, 0x0000023e80da0000, 0x0000023e87530000]
CodeHeap 'non-nmethods': size=5760Kb used=1495Kb max_used=1520Kb free=4264Kb
 bounds [0x0000023e87530000, 0x0000023e877a0000, 0x0000023e87ad0000]
 total_blobs=7563 nmethods=6867 adapters=605
 compilation: enabled
              stopped_count=0, restarted_count=0
 full_count=0

Compilation events (20 events):
Event: 21.546 Thread 0x0000023effcecbc0 8142       1       org.hibernate.metamodel.internal.RuntimeMetamodelsImpl::getJpaMetamodel (5 bytes)
Event: 21.546 Thread 0x0000023effcecbc0 nmethod 8142 0x0000023e88060310 code [0x0000023e880604a0, 0x0000023e88060578]
Event: 21.546 Thread 0x0000023effcecbc0 8143       2       org.hibernate.query.sqm.tree.domain.AbstractSqmPath::getReferencedPathSource (11 bytes)
Event: 21.546 Thread 0x0000023effcecbc0 nmethod 8143 0x0000023e801f7d90 code [0x0000023e801f7f20, 0x0000023e801f8078]
Event: 21.547 Thread 0x0000023effcecbc0 8144       1       org.hibernate.internal.JdbcSessionContextImpl::getObserver (5 bytes)
Event: 21.548 Thread 0x0000023effcecbc0 nmethod 8144 0x0000023e88060010 code [0x0000023e880601a0, 0x0000023e88060278]
Event: 21.548 Thread 0x0000023effcecbc0 8145       1       org.hibernate.metamodel.model.domain.AbstractIdentifiableType::hasIdClass (5 bytes)
Event: 21.548 Thread 0x0000023effcecbc0 nmethod 8145 0x0000023e8805fd10 code [0x0000023e8805fea0, 0x0000023e8805ff78]
Event: 21.550 Thread 0x0000023effcecbc0 8146       1       org.springframework.data.mapping.PropertyPath::getSegment (5 bytes)
Event: 21.550 Thread 0x0000023effcecbc0 nmethod 8146 0x0000023e8805f810 code [0x0000023e8805f9a0, 0x0000023e8805fa78]
Event: 21.550 Thread 0x0000023effcecbc0 8147       2       org.springframework.core.MethodParameter::getParameterAnnotations (104 bytes)
Event: 21.551 Thread 0x0000023effcecbc0 nmethod 8147 0x0000023e801f7510 code [0x0000023e801f7700, 0x0000023e801f7b38]
Event: 21.551 Thread 0x0000023effcecbc0 8148       2       org.springframework.util.ConcurrentLruCache$ReadOperations::recordRead (71 bytes)
Event: 21.553 Thread 0x0000023effcecbc0 nmethod 8148 0x0000023e80cdcf10 code [0x0000023e80cdd1c0, 0x0000023e80cddb68]
Event: 21.553 Thread 0x0000023effcecbc0 8149       3       java.lang.Character::valueOf (21 bytes)
Event: 21.553 Thread 0x0000023effcecbc0 nmethod 8149 0x0000023e801f6d10 code [0x0000023e801f6ec0, 0x0000023e801f7158]
Event: 21.615 Thread 0x0000023effcecbc0 8150       3       java.util.IdentityHashMap::put (137 bytes)
Event: 21.617 Thread 0x0000023effcecbc0 nmethod 8150 0x0000023e80cdbe10 code [0x0000023e80cdc040, 0x0000023e80cdcb78]
Event: 21.618 Thread 0x0000023effcecbc0 8151       2       org.springframework.data.jpa.repository.query.QueryRenderer$TokenRenderer::isEmpty (10 bytes)
Event: 21.618 Thread 0x0000023effcecbc0 nmethod 8151 0x0000023e80cdba90 code [0x0000023e80cdbc20, 0x0000023e80cdbd48]

GC Heap History (20 events):
Event: 17.269 GC heap after
{Heap after GC invocations=34 (full 0):
 garbage-first heap   total 92160K, used 56488K [0x0000000743a00000, 0x0000000800000000)
  region size 2048K, 2 young (4096K), 2 survivors (4096K)
 Metaspace       used 72811K, committed 73408K, reserved 1114112K
  class space    used 10003K, committed 10304K, reserved 1048576K
}
Event: 17.384 GC heap before
{Heap before GC invocations=34 (full 0):
 garbage-first heap   total 112640K, used 68776K [0x0000000743a00000, 0x0000000800000000)
  region size 2048K, 8 young (16384K), 2 survivors (4096K)
 Metaspace       used 72812K, committed 73408K, reserved 1114112K
  class space    used 10003K, committed 10304K, reserved 1048576K
}
Event: 17.393 GC heap after
{Heap after GC invocations=35 (full 0):
 garbage-first heap   total 112640K, used 60374K [0x0000000743a00000, 0x0000000800000000)
  region size 2048K, 1 young (2048K), 1 survivors (2048K)
 Metaspace       used 72812K, committed 73408K, reserved 1114112K
  class space    used 10003K, committed 10304K, reserved 1048576K
}
Event: 17.594 GC heap before
{Heap before GC invocations=36 (full 0):
 garbage-first heap   total 112640K, used 80854K [0x0000000743a00000, 0x0000000800000000)
  region size 2048K, 11 young (22528K), 1 survivors (2048K)
 Metaspace       used 72812K, committed 73408K, reserved 1114112K
  class space    used 10003K, committed 10304K, reserved 1048576K
}
Event: 17.605 GC heap after
{Heap after GC invocations=37 (full 0):
 garbage-first heap   total 112640K, used 68601K [0x0000000743a00000, 0x0000000800000000)
  region size 2048K, 2 young (4096K), 2 survivors (4096K)
 Metaspace       used 72812K, committed 73408K, reserved 1114112K
  class space    used 10003K, committed 10304K, reserved 1048576K
}
Event: 17.797 GC heap before
{Heap before GC invocations=37 (full 0):
 garbage-first heap   total 112640K, used 82937K [0x0000000743a00000, 0x0000000800000000)
  region size 2048K, 9 young (18432K), 2 survivors (4096K)
 Metaspace       used 72814K, committed 73408K, reserved 1114112K
  class space    used 10003K, committed 10304K, reserved 1048576K
}
Event: 17.808 GC heap after
{Heap after GC invocations=38 (full 0):
 garbage-first heap   total 321536K, used 72926K [0x0000000743a00000, 0x0000000800000000)
  region size 2048K, 2 young (4096K), 2 survivors (4096K)
 Metaspace       used 72814K, committed 73408K, reserved 1114112K
  class space    used 10003K, committed 10304K, reserved 1048576K
}
Event: 18.674 GC heap before
{Heap before GC invocations=39 (full 0):
 garbage-first heap   total 307200K, used 183518K [0x0000000743a00000, 0x0000000800000000)
  region size 2048K, 56 young (114688K), 2 survivors (4096K)
 Metaspace       used 74629K, committed 75264K, reserved 1114112K
  class space    used 10384K, committed 10688K, reserved 1048576K
}
Event: 18.687 GC heap after
{Heap after GC invocations=40 (full 0):
 garbage-first heap   total 307200K, used 80043K [0x0000000743a00000, 0x0000000800000000)
  region size 2048K, 6 young (12288K), 6 survivors (12288K)
 Metaspace       used 74629K, committed 75264K, reserved 1114112K
  class space    used 10384K, committed 10688K, reserved 1048576K
}
Event: 19.217 GC heap before
{Heap before GC invocations=40 (full 0):
 garbage-first heap   total 307200K, used 227499K [0x0000000743a00000, 0x0000000800000000)
  region size 2048K, 77 young (157696K), 6 survivors (12288K)
 Metaspace       used 74650K, committed 75264K, reserved 1114112K
  class space    used 10384K, committed 10688K, reserved 1048576K
}
Event: 19.269 GC heap after
{Heap after GC invocations=41 (full 0):
 garbage-first heap   total 307200K, used 133861K [0x0000000743a00000, 0x0000000800000000)
  region size 2048K, 10 young (20480K), 10 survivors (20480K)
 Metaspace       used 74650K, committed 75264K, reserved 1114112K
  class space    used 10384K, committed 10688K, reserved 1048576K
}
Event: 19.750 GC heap before
{Heap before GC invocations=41 (full 0):
 garbage-first heap   total 307200K, used 219877K [0x0000000743a00000, 0x0000000800000000)
  region size 2048K, 50 young (102400K), 10 survivors (20480K)
 Metaspace       used 74672K, committed 75264K, reserved 1114112K
  class space    used 10385K, committed 10688K, reserved 1048576K
}
Event: 19.774 GC heap after
{Heap after GC invocations=42 (full 0):
 garbage-first heap   total 307200K, used 154694K [0x0000000743a00000, 0x0000000800000000)
  region size 2048K, 7 young (14336K), 7 survivors (14336K)
 Metaspace       used 74672K, committed 75264K, reserved 1114112K
  class space    used 10385K, committed 10688K, reserved 1048576K
}
Event: 20.331 GC heap before
{Heap before GC invocations=42 (full 0):
 garbage-first heap   total 307200K, used 226374K [0x0000000743a00000, 0x0000000800000000)
  region size 2048K, 42 young (86016K), 7 survivors (14336K)
 Metaspace       used 76476K, committed 77184K, reserved 1179648K
  class space    used 10617K, committed 10944K, reserved 1048576K
}
Event: 20.350 GC heap after
{Heap after GC invocations=43 (full 0):
 garbage-first heap   total 307200K, used 155477K [0x0000000743a00000, 0x0000000800000000)
  region size 2048K, 2 young (4096K), 2 survivors (4096K)
 Metaspace       used 76476K, committed 77184K, reserved 1179648K
  class space    used 10617K, committed 10944K, reserved 1048576K
}
Event: 21.267 GC heap before
{Heap before GC invocations=44 (full 0):
 garbage-first heap   total 307200K, used 225109K [0x0000000743a00000, 0x0000000800000000)
  region size 2048K, 39 young (79872K), 2 survivors (4096K)
 Metaspace       used 77155K, committed 77760K, reserved 1179648K
  class space    used 10695K, committed 11008K, reserved 1048576K
}
Event: 21.276 GC heap after
{Heap after GC invocations=45 (full 0):
 garbage-first heap   total 307200K, used 155237K [0x0000000743a00000, 0x0000000800000000)
  region size 2048K, 5 young (10240K), 5 survivors (10240K)
 Metaspace       used 77155K, committed 77760K, reserved 1179648K
  class space    used 10695K, committed 11008K, reserved 1048576K
}
Event: 21.291 GC heap before
{Heap before GC invocations=45 (full 0):
 garbage-first heap   total 307200K, used 159333K [0x0000000743a00000, 0x0000000800000000)
  region size 2048K, 7 young (14336K), 5 survivors (10240K)
 Metaspace       used 77160K, committed 77760K, reserved 1179648K
  class space    used 10695K, committed 11008K, reserved 1048576K
}
Event: 21.294 GC heap after
{Heap after GC invocations=46 (full 0):
 garbage-first heap   total 307200K, used 127430K [0x0000000743a00000, 0x0000000800000000)
  region size 2048K, 1 young (2048K), 1 survivors (2048K)
 Metaspace       used 77160K, committed 77760K, reserved 1179648K
  class space    used 10695K, committed 11008K, reserved 1048576K
}
Event: 21.658 GC heap before
{Heap before GC invocations=46 (full 0):
 garbage-first heap   total 307200K, used 227782K [0x0000000743a00000, 0x0000000800000000)
  region size 2048K, 50 young (102400K), 1 survivors (2048K)
 Metaspace       used 77316K, committed 77952K, reserved 1179648K
  class space    used 10715K, committed 11008K, reserved 1048576K
}

Deoptimization events (20 events):
Event: 21.507 Thread 0x0000023ed8133b20 DEOPT PACKING pc=0x0000023e805552da sp=0x000000bf645fa7a0
Event: 21.507 Thread 0x0000023ed8133b20 DEOPT UNPACKING pc=0x0000023e875866e3 sp=0x000000bf645f9d88 mode 0
Event: 21.544 Thread 0x0000023ed8133b20 DEOPT PACKING pc=0x0000023e87ee9254 sp=0x000000bf645fb7c0
Event: 21.544 Thread 0x0000023ed8133b20 DEOPT UNPACKING pc=0x0000023e875866e3 sp=0x000000bf645fac40 mode 1
Event: 21.544 Thread 0x0000023ed8133b20 DEOPT PACKING pc=0x0000023e80a2666c sp=0x000000bf645fb7f0
Event: 21.544 Thread 0x0000023ed8133b20 DEOPT UNPACKING pc=0x0000023e875866e3 sp=0x000000bf645face0 mode 1
Event: 21.548 Thread 0x0000023ed8133b20 DEOPT PACKING pc=0x0000023e87ee9254 sp=0x000000bf645fb7f0
Event: 21.548 Thread 0x0000023ed8133b20 DEOPT UNPACKING pc=0x0000023e875866e3 sp=0x000000bf645fac70 mode 1
Event: 21.548 Thread 0x0000023ed8133b20 DEOPT PACKING pc=0x0000023e80a2666c sp=0x000000bf645fb820
Event: 21.548 Thread 0x0000023ed8133b20 DEOPT UNPACKING pc=0x0000023e875866e3 sp=0x000000bf645fad10 mode 1
Event: 21.551 Thread 0x0000023ed8133b20 DEOPT PACKING pc=0x0000023e87ee9254 sp=0x000000bf645fb7c0
Event: 21.551 Thread 0x0000023ed8133b20 DEOPT UNPACKING pc=0x0000023e875866e3 sp=0x000000bf645fac40 mode 1
Event: 21.551 Thread 0x0000023ed8133b20 DEOPT PACKING pc=0x0000023e80a2666c sp=0x000000bf645fb7f0
Event: 21.551 Thread 0x0000023ed8133b20 DEOPT UNPACKING pc=0x0000023e875866e3 sp=0x000000bf645face0 mode 1
Event: 21.581 Thread 0x0000023ed8133b20 DEOPT PACKING pc=0x0000023e805552da sp=0x000000bf645fa5b0
Event: 21.581 Thread 0x0000023ed8133b20 DEOPT UNPACKING pc=0x0000023e875866e3 sp=0x000000bf645f9b98 mode 0
Event: 21.615 Thread 0x0000023ed8133b20 Uncommon trap: trap_request=0xffffff45 fr.pc=0x0000023e88053a24 relative=0x0000000000000504
Event: 21.615 Thread 0x0000023ed8133b20 Uncommon trap: reason=unstable_if action=reinterpret pc=0x0000023e88053a24 method=java.util.IdentityHashMap.put(Ljava/lang/Object;Ljava/lang/Object;)Ljava/lang/Object; @ 90 c2
Event: 21.615 Thread 0x0000023ed8133b20 DEOPT PACKING pc=0x0000023e88053a24 sp=0x000000bf645fa060
Event: 21.615 Thread 0x0000023ed8133b20 DEOPT UNPACKING pc=0x0000023e87585ba3 sp=0x000000bf645fa000 mode 2

Classes unloaded (0 events):
No events

Classes redefined (0 events):
No events

Internal exceptions (20 events):
Event: 19.310 Thread 0x0000023ed7293600 Exception <a 'java/lang/ClassNotFoundException'{0x0000000756c07390}: org/springframework/context/support/LiveBeansView> (0x0000000756c07390) 
thrown [s\open\src\hotspot\share\classfile\systemDictionary.cpp, line 256]
Event: 19.319 Thread 0x0000023ed7293600 Exception <a 'java/lang/ClassNotFoundException'{0x0000000756c52768}: org/springframework/context/support/LiveBeansView> (0x0000000756c52768) 
thrown [s\open\src\hotspot\share\classfile\systemDictionary.cpp, line 256]
Event: 19.319 Thread 0x0000023ed7293600 Exception <a 'java/lang/ClassNotFoundException'{0x0000000756c52b30}: org/springframework/context/support/LiveBeansView> (0x0000000756c52b30) 
thrown [s\open\src\hotspot\share\classfile\systemDictionary.cpp, line 256]
Event: 19.319 Thread 0x0000023ed7293600 Exception <a 'java/lang/ClassNotFoundException'{0x0000000756c52ee0}: org/springframework/context/support/LiveBeansView> (0x0000000756c52ee0) 
thrown [s\open\src\hotspot\share\classfile\systemDictionary.cpp, line 256]
Event: 19.319 Thread 0x0000023ed7293600 Exception <a 'java/lang/ClassNotFoundException'{0x0000000756c53290}: org/springframework/context/support/LiveBeansView> (0x0000000756c53290) 
thrown [s\open\src\hotspot\share\classfile\systemDictionary.cpp, line 256]
Event: 19.321 Thread 0x0000023ed7293600 Exception <a 'java/lang/reflect/InvocationTargetException'{0x0000000756c56c88}> (0x0000000756c56c88) 
thrown [s\open\src\hotspot\share\runtime\reflection.cpp, line 1121]
Event: 19.955 Thread 0x0000023ed8133b20 Exception <a 'java/lang/reflect/InvocationTargetException'{0x0000000756271b28}> (0x0000000756271b28) 
thrown [s\open\src\hotspot\share\runtime\reflection.cpp, line 1121]
Event: 20.012 Thread 0x0000023ed8133b20 Exception <a 'java/lang/reflect/InvocationTargetException'{0x000000075534c948}> (0x000000075534c948) 
thrown [s\open\src\hotspot\share\runtime\reflection.cpp, line 1121]
Event: 20.024 Thread 0x0000023ed8133b20 Exception <a 'java/lang/reflect/InvocationTargetException'{0x000000075537a690}> (0x000000075537a690) 
thrown [s\open\src\hotspot\share\runtime\reflection.cpp, line 1121]
Event: 20.027 Thread 0x0000023ed8133b20 Exception <a 'java/lang/reflect/InvocationTargetException'{0x000000075538c700}> (0x000000075538c700) 
thrown [s\open\src\hotspot\share\runtime\reflection.cpp, line 1121]
Event: 20.074 Thread 0x0000023ed8133b20 Exception <a 'java/io/FileNotFoundException'{0x00000007551adcb8}> (0x00000007551adcb8) 
thrown [s\open\src\hotspot\share\prims\jni.cpp, line 516]
Event: 20.075 Thread 0x0000023ed8133b20 Exception <a 'java/io/FileNotFoundException'{0x00000007551b8fb0}> (0x00000007551b8fb0) 
thrown [s\open\src\hotspot\share\prims\jni.cpp, line 516]
Event: 20.149 Thread 0x0000023ed8133b20 Exception <a 'java/lang/reflect/InvocationTargetException'{0x0000000754c03070}> (0x0000000754c03070) 
thrown [s\open\src\hotspot\share\runtime\reflection.cpp, line 1121]
Event: 20.367 Thread 0x0000023ed8133b20 Exception <a 'java/lang/reflect/InvocationTargetException'{0x00000007572f2f98}> (0x00000007572f2f98) 
thrown [s\open\src\hotspot\share\runtime\reflection.cpp, line 1121]
Event: 20.585 Thread 0x0000023ed8133b20 Exception <a 'java/lang/reflect/InvocationTargetException'{0x0000000756b13ad8}> (0x0000000756b13ad8) 
thrown [s\open\src\hotspot\share\runtime\reflection.cpp, line 1121]
Event: 20.593 Thread 0x0000023ed8133b20 Exception <a 'java/lang/reflect/InvocationTargetException'{0x0000000756b20eb8}> (0x0000000756b20eb8) 
thrown [s\open\src\hotspot\share\runtime\reflection.cpp, line 1121]
Event: 20.733 Thread 0x0000023ed8133b20 Exception <a 'sun/nio/fs/WindowsException'{0x0000000756677f68}> (0x0000000756677f68) 
thrown [s\open\src\hotspot\share\prims\jni.cpp, line 516]
Event: 21.086 Thread 0x0000023ed8133b20 Exception <a 'java/lang/reflect/InvocationTargetException'{0x0000000754a6c450}> (0x0000000754a6c450) 
thrown [s\open\src\hotspot\share\runtime\reflection.cpp, line 1121]
Event: 21.412 Thread 0x0000023ed8133b20 Exception <a 'java/lang/reflect/InvocationTargetException'{0x0000000754545468}> (0x0000000754545468) 
thrown [s\open\src\hotspot\share\runtime\reflection.cpp, line 1121]
Event: 21.449 Thread 0x0000023ed8133b20 Exception <a 'java/lang/reflect/InvocationTargetException'{0x0000000753f93da8}> (0x0000000753f93da8) 
thrown [s\open\src\hotspot\share\runtime\reflection.cpp, line 1121]

VM Operations (20 events):
Event: 19.272 Executing VM operation: G1CollectForAllocation done
Event: 19.645 Executing VM operation: HandshakeAllThreads
Event: 19.645 Executing VM operation: HandshakeAllThreads done
Event: 19.720 Executing VM operation: HandshakeAllThreads
Event: 19.720 Executing VM operation: HandshakeAllThreads done
Event: 19.737 Executing VM operation: HandshakeAllThreads
Event: 19.737 Executing VM operation: HandshakeAllThreads done
Event: 19.750 Executing VM operation: G1CollectForAllocation
Event: 19.774 Executing VM operation: G1CollectForAllocation done
Event: 20.331 Executing VM operation: G1CollectForAllocation
Event: 20.350 Executing VM operation: G1CollectForAllocation done
Event: 20.528 Executing VM operation: G1Concurrent
Event: 20.536 Executing VM operation: G1Concurrent done
Event: 20.619 Executing VM operation: G1Concurrent
Event: 20.634 Executing VM operation: G1Concurrent done
Event: 21.267 Executing VM operation: G1CollectForAllocation
Event: 21.276 Executing VM operation: G1CollectForAllocation done
Event: 21.291 Executing VM operation: G1CollectForAllocation
Event: 21.294 Executing VM operation: G1CollectForAllocation done
Event: 21.658 Executing VM operation: G1CollectForAllocation

Events (20 events):
Event: 19.775 Thread 0x0000023effcef4e0 flushing nmethod 0x0000023e80d3cc90
Event: 19.775 Thread 0x0000023effcef4e0 flushing nmethod 0x0000023e80d3e990
Event: 19.775 Thread 0x0000023effcef4e0 flushing nmethod 0x0000023e80d3f090
Event: 19.775 Thread 0x0000023effcef4e0 flushing nmethod 0x0000023e80d43a90
Event: 19.775 Thread 0x0000023effcef4e0 flushing nmethod 0x0000023e80d44c10
Event: 19.775 Thread 0x0000023effcef4e0 flushing nmethod 0x0000023e80d45010
Event: 19.775 Thread 0x0000023effcef4e0 flushing nmethod 0x0000023e80d49810
Event: 19.775 Thread 0x0000023effcef4e0 flushing nmethod 0x0000023e80d4c010
Event: 19.775 Thread 0x0000023effcef4e0 flushing nmethod 0x0000023e80d4fa90
Event: 19.775 Thread 0x0000023effcef4e0 flushing nmethod 0x0000023e80d52d90
Event: 19.775 Thread 0x0000023effcef4e0 flushing nmethod 0x0000023e80d53b90
Event: 19.775 Thread 0x0000023effcef4e0 flushing nmethod 0x0000023e80d59910
Event: 19.775 Thread 0x0000023effcef4e0 flushing nmethod 0x0000023e80d5c290
Event: 19.775 Thread 0x0000023effcef4e0 flushing nmethod 0x0000023e80d77510
Event: 20.805 loading class java/util/EnumMap$EntrySet
Event: 20.805 loading class java/util/EnumMap$EntrySet done
Event: 20.805 loading class java/util/EnumMap$EntryIterator
Event: 20.805 loading class java/util/EnumMap$EnumMapIterator
Event: 20.805 loading class java/util/EnumMap$EnumMapIterator done
Event: 20.805 loading class java/util/EnumMap$EntryIterator done


Dynamic libraries:
0x00007ff7fbdd0000 - 0x00007ff7fbde0000 	C:\Program Files\Java\jdk-17.0.12\bin\java.exe
0x00007fff541f0000 - 0x00007fff54407000 	C:\WINDOWS\SYSTEM32\ntdll.dll
0x00007fff52b90000 - 0x00007fff52c54000 	C:\WINDOWS\System32\KERNEL32.DLL
0x00007fff51300000 - 0x00007fff516d3000 	C:\WINDOWS\System32\KERNELBASE.dll
0x00007fff51cf0000 - 0x00007fff51e01000 	C:\WINDOWS\System32\ucrtbase.dll
0x00007fff2a600000 - 0x00007fff2a619000 	C:\Program Files\Java\jdk-17.0.12\bin\jli.dll
0x00007fff25380000 - 0x00007fff2539b000 	C:\Program Files\Java\jdk-17.0.12\bin\VCRUNTIME140.dll
0x00007fff52490000 - 0x00007fff52541000 	C:\WINDOWS\System32\ADVAPI32.dll
0x00007fff53150000 - 0x00007fff531f7000 	C:\WINDOWS\System32\msvcrt.dll
0x00007fff52d10000 - 0x00007fff52db8000 	C:\WINDOWS\System32\sechost.dll
0x00007fff51970000 - 0x00007fff51998000 	C:\WINDOWS\System32\bcrypt.dll
0x00007fff52dd0000 - 0x00007fff52ee4000 	C:\WINDOWS\System32\RPCRT4.dll
0x00007fff52f90000 - 0x00007fff53141000 	C:\WINDOWS\System32\USER32.dll
0x00007fff38030000 - 0x00007fff382c8000 	C:\WINDOWS\WinSxS\amd64_microsoft.windows.common-controls_6595b64144ccf1df_6.0.22621.5124_none_270e8f4f7386d69d\COMCTL32.dll
0x00007fff518c0000 - 0x00007fff518e6000 	C:\WINDOWS\System32\win32u.dll
0x00007fff52930000 - 0x00007fff52959000 	C:\WINDOWS\System32\GDI32.dll
0x00007fff519a0000 - 0x00007fff51abb000 	C:\WINDOWS\System32\gdi32full.dll
0x00007fff516e0000 - 0x00007fff5177a000 	C:\WINDOWS\System32\msvcp_win.dll
0x00007fff4cdd0000 - 0x00007fff4cdda000 	C:\WINDOWS\SYSTEM32\VERSION.dll
0x00007fff52c60000 - 0x00007fff52c91000 	C:\WINDOWS\System32\IMM32.DLL
0x00007fff25370000 - 0x00007fff2537c000 	C:\Program Files\Java\jdk-17.0.12\bin\vcruntime140_1.dll
0x00007fff06fc0000 - 0x00007fff0704e000 	C:\Program Files\Java\jdk-17.0.12\bin\msvcp140.dll
0x00007ffebf230000 - 0x00007ffebfe10000 	C:\Program Files\Java\jdk-17.0.12\bin\server\jvm.dll
0x00007fff52600000 - 0x00007fff52608000 	C:\WINDOWS\System32\PSAPI.DLL
0x00007fff4cfd0000 - 0x00007fff4d004000 	C:\WINDOWS\SYSTEM32\WINMM.dll
0x00007fff25360000 - 0x00007fff25369000 	C:\WINDOWS\SYSTEM32\WSOCK32.dll
0x00007fff52410000 - 0x00007fff52481000 	C:\WINDOWS\System32\WS2_32.dll
0x00007fff502f0000 - 0x00007fff50308000 	C:\WINDOWS\SYSTEM32\kernel.appcore.dll
0x00007fff25320000 - 0x00007fff2532a000 	C:\Program Files\Java\jdk-17.0.12\bin\jimage.dll
0x00007fff4ec30000 - 0x00007fff4ee62000 	C:\WINDOWS\SYSTEM32\DBGHELP.DLL
0x00007fff533c0000 - 0x00007fff53752000 	C:\WINDOWS\System32\combase.dll
0x00007fff52330000 - 0x00007fff52407000 	C:\WINDOWS\System32\OLEAUT32.dll
0x00007fff36770000 - 0x00007fff367a2000 	C:\WINDOWS\SYSTEM32\dbgcore.DLL
0x00007fff518f0000 - 0x00007fff5196b000 	C:\WINDOWS\System32\bcryptPrimitives.dll
0x00007fff06f80000 - 0x00007fff06fbb000 	C:\Program Files\Java\jdk-17.0.12\bin\jdwp.dll
0x00007fff13e80000 - 0x00007fff13ea5000 	C:\Program Files\Java\jdk-17.0.12\bin\java.dll
0x00007ffefbd00000 - 0x00007ffefbdd7000 	C:\Program Files\Java\jdk-17.0.12\bin\jsvml.dll
0x00007fff53760000 - 0x00007fff53ff6000 	C:\WINDOWS\System32\SHELL32.dll
0x00007fff51780000 - 0x00007fff518bf000 	C:\WINDOWS\System32\wintypes.dll
0x00007fff4f1d0000 - 0x00007fff4faea000 	C:\WINDOWS\SYSTEM32\windows.storage.dll
0x00007fff52820000 - 0x00007fff5292a000 	C:\WINDOWS\System32\SHCORE.dll
0x00007fff52ca0000 - 0x00007fff52d03000 	C:\WINDOWS\System32\shlwapi.dll
0x00007fff51230000 - 0x00007fff5125b000 	C:\WINDOWS\SYSTEM32\profapi.dll
0x00007fff25310000 - 0x00007fff2531c000 	C:\Program Files\Java\jdk-17.0.12\bin\dt_socket.dll
0x00007fff4fd50000 - 0x00007fff4fd7d000 	C:\WINDOWS\SYSTEM32\IPHLPAPI.DLL
0x00007fff50850000 - 0x00007fff508ba000 	C:\WINDOWS\system32\mswsock.dll
0x00007fff4fdc0000 - 0x00007fff4fec2000 	C:\WINDOWS\SYSTEM32\DNSAPI.dll
0x00007fff52700000 - 0x00007fff52709000 	C:\WINDOWS\System32\NSI.dll
0x00007fff3f0c0000 - 0x00007fff3f0ca000 	C:\Windows\System32\rasadhlp.dll
0x00007fff4a2b0000 - 0x00007fff4a333000 	C:\WINDOWS\System32\fwpuclnt.dll
0x00007fff12900000 - 0x00007fff12919000 	C:\Program Files\Java\jdk-17.0.12\bin\net.dll
0x00007fff4cb30000 - 0x00007fff4cc5c000 	C:\WINDOWS\SYSTEM32\WINHTTP.dll
0x00007fff0de80000 - 0x00007fff0de96000 	C:\Program Files\Java\jdk-17.0.12\bin\nio.dll
0x00007fff07530000 - 0x00007fff07548000 	C:\Program Files\Java\jdk-17.0.12\bin\zip.dll
0x00007fff188d0000 - 0x00007fff188da000 	C:\Program Files\Java\jdk-17.0.12\bin\management.dll
0x00007fff14070000 - 0x00007fff1407b000 	C:\Program Files\Java\jdk-17.0.12\bin\management_ext.dll
0x00007fff2e2b0000 - 0x00007fff2e2c7000 	C:\WINDOWS\system32\napinsp.dll
0x00007fff2e290000 - 0x00007fff2e2ab000 	C:\WINDOWS\system32\pnrpnsp.dll
0x00007fff2e260000 - 0x00007fff2e271000 	C:\WINDOWS\System32\winrnr.dll
0x00007fff2e240000 - 0x00007fff2e255000 	C:\WINDOWS\system32\wshbth.dll
0x00007fff2e210000 - 0x00007fff2e237000 	C:\WINDOWS\system32\nlansp_c.dll
0x00007fff50a80000 - 0x00007fff50a9b000 	C:\WINDOWS\SYSTEM32\CRYPTSP.dll
0x00007fff50250000 - 0x00007fff50287000 	C:\WINDOWS\system32\rsaenh.dll
0x00007fff50900000 - 0x00007fff50928000 	C:\WINDOWS\SYSTEM32\USERENV.dll
0x00007fff50aa0000 - 0x00007fff50aac000 	C:\WINDOWS\SYSTEM32\CRYPTBASE.dll
0x00007fff4cde0000 - 0x00007fff4cdf9000 	C:\WINDOWS\SYSTEM32\dhcpcsvc6.DLL
0x00007fff4cb10000 - 0x00007fff4cb2f000 	C:\WINDOWS\SYSTEM32\dhcpcsvc.DLL
0x00007fff128e0000 - 0x00007fff128ee000 	C:\Program Files\Java\jdk-17.0.12\bin\sunmscapi.dll
0x00007fff51b80000 - 0x00007fff51ce7000 	C:\WINDOWS\System32\CRYPT32.dll
0x00007fff50c90000 - 0x00007fff50cbd000 	C:\WINDOWS\SYSTEM32\ncrypt.dll
0x00007fff50c50000 - 0x00007fff50c87000 	C:\WINDOWS\SYSTEM32\NTASN1.dll
0x00007fff106f0000 - 0x00007fff10700000 	C:\Program Files\Java\jdk-17.0.12\bin\verify.dll

dbghelp: loaded successfully - version: 4.0.5 - missing functions: none
symbol engine: initialized successfully - sym options: 0x614 - pdb path: .;C:\Program Files\Java\jdk-17.0.12\bin;C:\WINDOWS\SYSTEM32;C:\WINDOWS\WinSxS\amd64_microsoft.windows.common-controls_6595b64144ccf1df_6.0.22621.5124_none_270e8f4f7386d69d;C:\Program Files\Java\jdk-17.0.12\bin\server

VM Arguments:
jvm_args: -agentlib:jdwp=transport=dt_socket,server=n,suspend=y,address=localhost:56590 -XX:+ShowCodeDetailsInExceptionMessages -Dspring.jmx.enabled=true -Dmanagement.endpoints.jmx.exposure.include=* -Dspring.application.admin.enabled=true -Dspring.boot.project.name=thuexe -Djava.rmi.server.hostname=localhost -Dcom.sun.management.jmxremote.port=45556 -Dcom.sun.management.jmxremote.authenticate=false -Dcom.sun.management.jmxremote.ssl=false 
java_command: com.hcmute.thuexe.ThueXeApplication
java_class_path (initial): F:\22110372_DoPhuLuan\nam3\hkII\LapTrinhDiDong\ThueXeAPI\thuexe\target\classes;C:\Users\ADMIN\.m2\repository\org\springframework\boot\spring-boot-starter-actuator\3.4.4\spring-boot-starter-actuator-3.4.4.jar;C:\Users\ADMIN\.m2\repository\org\springframework\boot\spring-boot-starter\3.4.4\spring-boot-starter-3.4.4.jar;C:\Users\ADMIN\.m2\repository\org\springframework\boot\spring-boot-starter-logging\3.4.4\spring-boot-starter-logging-3.4.4.jar;C:\Users\ADMIN\.m2\repository\ch\qos\logback\logback-classic\1.5.18\logback-classic-1.5.18.jar;C:\Users\ADMIN\.m2\repository\ch\qos\logback\logback-core\1.5.18\logback-core-1.5.18.jar;C:\Users\ADMIN\.m2\repository\org\apache\logging\log4j\log4j-to-slf4j\2.24.3\log4j-to-slf4j-2.24.3.jar;C:\Users\ADMIN\.m2\repository\org\apache\logging\log4j\log4j-api\2.24.3\log4j-api-2.24.3.jar;C:\Users\ADMIN\.m2\repository\org\slf4j\jul-to-slf4j\2.0.17\jul-to-slf4j-2.0.17.jar;C:\Users\ADMIN\.m2\repository\jakarta\annotation\jakarta.annotation-api\2.1.1\jakarta.annotation-api-2.1.1.jar;C:\Users\ADMIN\.m2\repository\org\yaml\snakeyaml\2.3\snakeyaml-2.3.jar;C:\Users\ADMIN\.m2\repository\org\springframework\boot\spring-boot-actuator-autoconfigure\3.4.4\spring-boot-actuator-autoconfigure-3.4.4.jar;C:\Users\ADMIN\.m2\repository\org\springframework\boot\spring-boot-actuator\3.4.4\spring-boot-actuator-3.4.4.jar;C:\Users\ADMIN\.m2\repository\com\fasterxml\jackson\datatype\jackson-datatype-jsr310\2.18.3\jackson-datatype-jsr310-2.18.3.jar;C:\Users\ADMIN\.m2\repository\io\micrometer\micrometer-observation\1.14.5\micrometer-observation-1.14.5.jar;C:\Users\ADMIN\.m2\repository\io\micrometer\micrometer-commons\1.14.5\micrometer-commons-1.14.5.jar;C:\Users\ADMIN\.m2\repository\io\micrometer\micrometer-jakarta9\1.14.5\micrometer-jakarta9-1.14.5.jar;C:\Users\ADMIN\.m2\repository\io\micrometer\micrometer-core\1.14.5\micrometer-core-1.14.5.jar;C:\Users\ADMIN\.m2\repository\org\hdrhistogram\HdrHistogram\2.2.2\HdrHistogram-2.2.2.jar;C:\Us
Launcher Type: SUN_STANDARD

[Global flags]
     intx CICompilerCount                          = 4                                         {product} {ergonomic}
     uint ConcGCThreads                            = 2                                         {product} {ergonomic}
     uint G1ConcRefinementThreads                  = 8                                         {product} {ergonomic}
   size_t G1HeapRegionSize                         = 2097152                                   {product} {ergonomic}
    uintx GCDrainStackTargetSize                   = 64                                        {product} {ergonomic}
   size_t InitialHeapSize                          = 199229440                                 {product} {ergonomic}
     bool ManagementServer                         = true                                      {product} {command line}
   size_t MarkStackSize                            = 4194304                                   {product} {ergonomic}
   size_t MaxHeapSize                              = 3160408064                                {product} {ergonomic}
   size_t MaxNewSize                               = 1895825408                                {product} {ergonomic}
   size_t MinHeapDeltaBytes                        = 2097152                                   {product} {ergonomic}
   size_t MinHeapSize                              = 8388608                                   {product} {ergonomic}
    uintx NonNMethodCodeHeapSize                   = 5839372                                {pd product} {ergonomic}
    uintx NonProfiledCodeHeapSize                  = 122909434                              {pd product} {ergonomic}
    uintx ProfiledCodeHeapSize                     = 122909434                              {pd product} {ergonomic}
    uintx ReservedCodeCacheSize                    = 251658240                              {pd product} {ergonomic}
     bool SegmentedCodeCache                       = true                                      {product} {ergonomic}
     bool ShowCodeDetailsInExceptionMessages       = true                                   {manageable} {command line}
   size_t SoftMaxHeapSize                          = 3160408064                             {manageable} {ergonomic}
     bool UseCompressedClassPointers               = true                           {product lp64_product} {ergonomic}
     bool UseCompressedOops                        = true                           {product lp64_product} {ergonomic}
     bool UseG1GC                                  = true                                      {product} {ergonomic}
     bool UseLargePagesIndividualAllocation        = false                                  {pd product} {ergonomic}

Logging:
Log output configuration:
 #0: stdout all=warning uptime,level,tags
 #1: stderr all=off uptime,level,tags

Environment Variables:
JAVA_HOME=C:\Program Files\Java\jdk-23.0.2
PATH=C:\Program Files\Java\jdk-23.0.2\bin;C:\Program Files\Java\jdk-17.0.12\bin;C:\Program Files\Common Files\Oracle\Java\javapath;C:\Program Files (x86)\Common Files\Oracle\Java\javapath;C:\WINDOWS\system32;C:\WINDOWS;C:\WINDOWS\System32\Wbem;C:\WINDOWS\System32\WindowsPowerShell\v1.0\;C:\WINDOWS\System32\OpenSSH\;C:\Program Files\Microsoft SQL Server\150\Tools\Binn\;C:\Program Files\Microsoft SQL Server\Client SDK\ODBC\170\Tools\Binn\;C:\Program Files\dotnet\;C:\Program Files (x86)\Microsoft SQL Server\150\Tools\Binn\;C:\Program Files\Microsoft SQL Server\150\DTS\Binn\;C:\Program Files (x86)\Microsoft SQL Server\160\DTS\Binn\;C:\Program Files\Git\cmd;C:\Program Files\TortoiseGit\bin;C:\maven\apache-maven-3.9.9\bin;C:\Users\ADMIN\AppData\Local\Programs\Python\Python310\Scripts;C:\Users\ADMIN\AppData\Local\Programs\Python\Python310\;C:\Users\ADMIN\AppData\Local\Programs\Python\Python310\Scripts\;C:\Users\ADMIN\AppData\Local\Programs\Python\Python310\;C:\Program Files\Java\jdk-23.0.2\bin;C:\Program Files\Java\jdk-17.0.12\bin;C:\Program Files\Common Files\Oracle\Java\javapath;C:\Program Files (x86)\Common Files\Oracle\Java\javapath;C:\WINDOWS\system32;C:\WINDOWS;C:\WINDOWS\System32\Wbem;C:\WINDOWS\System32\WindowsPowerShell\v1.0\;C:\WINDOWS\System32\OpenSSH\;C:\Program Files\Microsoft SQL Server\150\Tools\Binn\;C:\Program Files\Microsoft SQL Server\Client SDK\ODBC\170\Tools\Binn\;C:\Program Files\dotnet\;C:\Program Files (x86)\Microsoft SQL Server\150\Tools\Binn\;C:\Program Files\Microsoft SQL Server\150\DTS\Binn\;C:\Program Files (x86)\Microsoft SQL Server\160\DTS\Binn\;C:\Program Files\Git\cmd;C:\Program Files\TortoiseGit\bin;C:\maven\apache-maven-3.9.9\bin;C:\Users\ADMIN\AppData\Local\Programs\Python\Python310\Scripts;C:\Users\ADMIN\AppData\Local\Programs\Python\Python310\;;C:\Program Files\Graphviz\bin;C:\Users\ADMIN\AppData\Local\Programs\Microsoft VS Code\bin;C:\Program Files\Mozilla Firefox;C:\Users\ADMIN\AppData\Roaming\Python\Python313\Scripts;
USERNAME=ADMIN
LANG=en_US.UTF-8
OS=Windows_NT
PROCESSOR_IDENTIFIER=Intel64 Family 6 Model 126 Stepping 5, GenuineIntel



---------------  S Y S T E M  ---------------

OS:
 Windows 11 , 64 bit Build 22621 (10.0.22621.5124)
OS uptime: 0 days 4:46 hours
Hyper-V role detected

CPU: total 8 (initial active 8) (4 cores per cpu, 2 threads per core) family 6 model 126 stepping 5 microcode 0xbc, cx8, cmov, fxsr, ht, mmx, 3dnowpref, sse, sse2, sse3, ssse3, sse4.1, sse4.2, popcnt, lzcnt, tsc, tscinvbit, avx, avx2, aes, erms, clmul, bmi1, bmi2, adx, avx512f, avx512dq, avx512cd, avx512bw, avx512vl, sha, fma, vzeroupper, avx512_vpopcntdq, avx512_vpclmulqdq, avx512_vaes, avx512_vnni, clflush, clflushopt, avx512_vbmi2, avx512_vbmi, hv

Memory: 4k page, system-wide physical 12055M (422M free)
TotalPageFile size 20057M (AvailPageFile size 201M)
current process WorkingSet (physical memory assigned to process): 581M, peak: 588M
current process commit charge ("private bytes"): 637M, peak: 918M

vm_info: Java HotSpot(TM) 64-Bit Server VM (17.0.12+8-LTS-286) for windows-amd64 JRE (17.0.12+8-LTS-286), built on Jun  5 2024 06:46:59 by "mach5one" with MS VC++ 17.6 (VS2022)

END.
