#
# There is insufficient memory for the Java Runtime Environment to continue.
# Native memory allocation (mmap) failed to map 109051904 bytes for G1 virtual space
# Possible reasons:
#   The system is out of physical RAM or swap space
#   The process is running with CompressedOops enabled, and the Java Heap may be blocking the growth of the native heap
# Possible solutions:
#   Reduce memory load on the system
#   Increase physical memory or swap space
#   Check if swap backing store is full
#   Decrease Java heap size (-Xmx/-Xms)
#   Decrease number of Java threads
#   Decrease Java thread stack sizes (-Xss)
#   Set larger code cache with -XX:ReservedCodeCacheSize=
#   JVM is running with Zero Based Compressed Oops mode in which the Java heap is
#     placed in the first 32GB address space. The Java Heap base address is the
#     maximum limit for the native heap growth. Please use -XX:HeapBaseMinAddress
#     to set the Java Heap base and to place the Java Heap above 32GB virtual address.
# This output file may be truncated or incomplete.
#
#  Out of Memory Error (os_windows.cpp:3548), pid=14304, tid=15232
#
# JRE version: Java(TM) SE Runtime Environment (17.0.12+8) (build 17.0.12+8-LTS-286)
# Java VM: Java HotSpot(TM) 64-Bit Server VM (17.0.12+8-LTS-286, mixed mode, sharing, tiered, compressed oops, compressed class ptrs, g1 gc, windows-amd64)
# No core dump will be written. Minidumps are not enabled by default on client versions of Windows
#

---------------  S U M M A R Y ------------

Command Line: -agentlib:jdwp=transport=dt_socket,server=n,suspend=y,address=localhost:56495 -XX:+ShowCodeDetailsInExceptionMessages -Dspring.jmx.enabled=true -Dmanagement.endpoints.jmx.exposure.include=* -Dspring.application.admin.enabled=true -Dspring.boot.project.name=thuexe -Djava.rmi.server.hostname=localhost -Dcom.sun.management.jmxremote.port=45556 -Dcom.sun.management.jmxremote.authenticate=false -Dcom.sun.management.jmxremote.ssl=false com.hcmute.thuexe.ThueXeApplication

Host: Intel(R) Core(TM) i5-1035G1 CPU @ 1.00GHz, 8 cores, 11G,  Windows 11 , 64 bit Build 22621 (10.0.22621.5124)
Time: Sat May 10 16:54:47 2025 SE Asia Standard Time elapsed time: 27.498560 seconds (0d 0h 0m 27s)

---------------  T H R E A D  ---------------

Current thread (0x00000276ab60ecb0):  VMThread "VM Thread" [stack: 0x000000cee5100000,0x000000cee5200000] [id=15232]

Stack: [0x000000cee5100000,0x000000cee5200000]
Native frames: (J=compiled Java code, j=interpreted, Vv=VM code, C=native code)
V  [jvm.dll+0x67a04a]
V  [jvm.dll+0x7da4ed]
V  [jvm.dll+0x7dbe33]
V  [jvm.dll+0x7dc4a3]
V  [jvm.dll+0x24508f]
V  [jvm.dll+0x677089]
V  [jvm.dll+0x66bd32]
V  [jvm.dll+0x301fa6]
V  [jvm.dll+0x309546]
V  [jvm.dll+0x359d2e]
V  [jvm.dll+0x359f5f]
V  [jvm.dll+0x2d9078]
V  [jvm.dll+0x2d74ad]
V  [jvm.dll+0x2d6afc]
V  [jvm.dll+0x31a65b]
V  [jvm.dll+0x7e0d9b]
V  [jvm.dll+0x7e1ad4]
V  [jvm.dll+0x7e1fed]
V  [jvm.dll+0x7e23c4]
V  [jvm.dll+0x7e2490]
V  [jvm.dll+0x78abea]
V  [jvm.dll+0x678f35]
C  [ucrtbase.dll+0x29333]
C  [KERNEL32.DLL+0x1259d]
C  [ntdll.dll+0x5af38]

VM_Operation (0x000000cee6ef7af0): G1CollectForAllocation, mode: safepoint, requested by thread 0x00000276f1bd22a0


---------------  P R O C E S S  ---------------

Threads class SMR info:
_java_thread_list=0x00000276fba443c0, length=30, elements={
0x000002768b1fb5d0, 0x00000276ab612750, 0x00000276ab613310, 0x00000276ab624450,
0x00000276ab625010, 0x00000276ab629af0, 0x00000276ab62a4b0, 0x00000276ab62e750,
0x00000276ab63b150, 0x00000276ab63da90, 0x00000276ab5fe270, 0x00000276abafd2c0,
0x00000276abb5c550, 0x00000276abb68d50, 0x00000276abbba2f0, 0x00000276abcb4a70,
0x00000276f1687b90, 0x00000276f189de90, 0x00000276f1963240, 0x00000276f1bd22a0,
0x00000276f233b740, 0x00000276f233ad20, 0x00000276f233a810, 0x00000276f233c670,
0x00000276f233b230, 0x00000276f6a85f20, 0x00000276f502a3a0, 0x00000276f6a86e50,
0x00000276f6a84ae0, 0x00000276f6a84ff0
}

Java Threads: ( => current thread )
  0x000002768b1fb5d0 JavaThread "main" [_thread_blocked, id=16044, stack(0x000000cee4b00000,0x000000cee4c00000)]
  0x00000276ab612750 JavaThread "Reference Handler" daemon [_thread_blocked, id=15764, stack(0x000000cee5200000,0x000000cee5300000)]
  0x00000276ab613310 JavaThread "Finalizer" daemon [_thread_blocked, id=4204, stack(0x000000cee5300000,0x000000cee5400000)]
  0x00000276ab624450 JavaThread "Signal Dispatcher" daemon [_thread_blocked, id=12472, stack(0x000000cee5400000,0x000000cee5500000)]
  0x00000276ab625010 JavaThread "Attach Listener" daemon [_thread_blocked, id=16032, stack(0x000000cee5500000,0x000000cee5600000)]
  0x00000276ab629af0 JavaThread "Service Thread" daemon [_thread_blocked, id=5504, stack(0x000000cee5600000,0x000000cee5700000)]
  0x00000276ab62a4b0 JavaThread "Monitor Deflation Thread" daemon [_thread_blocked, id=3312, stack(0x000000cee5700000,0x000000cee5800000)]
  0x00000276ab62e750 JavaThread "C2 CompilerThread0" daemon [_thread_blocked, id=17388, stack(0x000000cee5800000,0x000000cee5900000)]
  0x00000276ab63b150 JavaThread "C1 CompilerThread0" daemon [_thread_blocked, id=8684, stack(0x000000cee5900000,0x000000cee5a00000)]
  0x00000276ab63da90 JavaThread "Sweeper thread" daemon [_thread_blocked, id=15248, stack(0x000000cee5a00000,0x000000cee5b00000)]
  0x00000276ab5fe270 JavaThread "Common-Cleaner" daemon [_thread_blocked, id=5972, stack(0x000000cee5b00000,0x000000cee5c00000)]
  0x00000276abafd2c0 JavaThread "JDWP Transport Listener: dt_socket" daemon [_thread_blocked, id=4776, stack(0x000000cee5d00000,0x000000cee5e00000)]
  0x00000276abb5c550 JavaThread "JDWP Event Helper Thread" daemon [_thread_blocked, id=17212, stack(0x000000cee5e00000,0x000000cee5f00000)]
  0x00000276abb68d50 JavaThread "JDWP Command Reader" daemon [_thread_in_native, id=15276, stack(0x000000cee5f00000,0x000000cee6000000)]
  0x00000276abbba2f0 JavaThread "Notification Thread" daemon [_thread_blocked, id=11280, stack(0x000000cee6000000,0x000000cee6100000)]
  0x00000276abcb4a70 JavaThread "RMI TCP Accept-0" daemon [_thread_in_native, id=16088, stack(0x000000cee6100000,0x000000cee6200000)]
  0x00000276f1687b90 JavaThread "RMI TCP Accept-45556" daemon [_thread_in_native, id=10992, stack(0x000000cee6200000,0x000000cee6300000)]
  0x00000276f189de90 JavaThread "RMI TCP Accept-0" daemon [_thread_in_native, id=13732, stack(0x000000cee6300000,0x000000cee6400000)]
  0x00000276f1963240 JavaThread "Thread-0" [_thread_blocked, id=14736, stack(0x000000cee6d00000,0x000000cee6e00000)]
  0x00000276f1bd22a0 JavaThread "restartedMain" [_thread_blocked, id=17328, stack(0x000000cee6e00000,0x000000cee6f00000)]
  0x00000276f233b740 JavaThread "RMI TCP Connection(1)-127.0.0.1" daemon [_thread_in_native, id=12976, stack(0x000000cee7100000,0x000000cee7200000)]
  0x00000276f233ad20 JavaThread "RMI Scheduler(0)" daemon [_thread_blocked, id=1436, stack(0x000000cee7300000,0x000000cee7400000)]
  0x00000276f233a810 JavaThread "RMI TCP Connection(2)-127.0.0.1" daemon [_thread_in_native, id=12900, stack(0x000000cee7400000,0x000000cee7500000)]
  0x00000276f233c670 JavaThread "JMX server connection timeout 31" daemon [_thread_blocked, id=6204, stack(0x000000cee7500000,0x000000cee7600000)]
  0x00000276f233b230 JavaThread "mysql-cj-abandoned-connection-cleanup" daemon [_thread_blocked, id=8912, stack(0x000000cee7000000,0x000000cee7100000)]
  0x00000276f6a85f20 JavaThread "HikariPool-1 housekeeper" daemon [_thread_blocked, id=9940, stack(0x000000cee7600000,0x000000cee7700000)]
  0x00000276f502a3a0 JavaThread "C2 CompilerThread1" daemon [_thread_blocked, id=2400, stack(0x000000cee5c00000,0x000000cee5d00000)]
  0x00000276f6a86e50 JavaThread "Catalina-utility-1" [_thread_blocked, id=12256, stack(0x000000cee7700000,0x000000cee7800000)]
  0x00000276f6a84ae0 JavaThread "Catalina-utility-2" [_thread_blocked, id=11732, stack(0x000000cee7800000,0x000000cee7900000)]
  0x00000276f6a84ff0 JavaThread "container-0" [_thread_blocked, id=15288, stack(0x000000cee7900000,0x000000cee7a00000)]

Other Threads:
=>0x00000276ab60ecb0 VMThread "VM Thread" [stack: 0x000000cee5100000,0x000000cee5200000] [id=15232]
  0x00000276f189e370 WatcherThread [stack: 0x000000cee6400000,0x000000cee6500000] [id=11596]
  0x000002768b25c4b0 GCTaskThread "GC Thread#0" [stack: 0x000000cee4c00000,0x000000cee4d00000] [id=8668]
  0x00000276f1597e90 GCTaskThread "GC Thread#1" [stack: 0x000000cee6500000,0x000000cee6600000] [id=1856]
  0x00000276f1598c50 GCTaskThread "GC Thread#2" [stack: 0x000000cee6600000,0x000000cee6700000] [id=5920]
  0x00000276f15970d0 GCTaskThread "GC Thread#3" [stack: 0x000000cee6700000,0x000000cee6800000] [id=7452]
  0x00000276f1597bd0 GCTaskThread "GC Thread#4" [stack: 0x000000cee6800000,0x000000cee6900000] [id=11376]
  0x00000276f1598150 GCTaskThread "GC Thread#5" [stack: 0x000000cee6900000,0x000000cee6a00000] [id=11856]
  0x00000276f1598410 GCTaskThread "GC Thread#6" [stack: 0x000000cee6a00000,0x000000cee6b00000] [id=9148]
  0x00000276f1598990 GCTaskThread "GC Thread#7" [stack: 0x000000cee6b00000,0x000000cee6c00000] [id=8232]
  0x000002768b269050 ConcurrentGCThread "G1 Main Marker" [stack: 0x000000cee4d00000,0x000000cee4e00000] [id=11500]
  0x000002768b26a200 ConcurrentGCThread "G1 Conc#0" [stack: 0x000000cee4e00000,0x000000cee4f00000] [id=14988]
  0x00000276f1bce180 ConcurrentGCThread "G1 Conc#1" [stack: 0x000000cee7200000,0x000000cee7300000] [id=12244]
  0x000002768b2ad960 ConcurrentGCThread "G1 Refine#0" [stack: 0x000000cee4f00000,0x000000cee5000000] [id=6016]
  0x00000276f1ef2b60 ConcurrentGCThread "G1 Refine#1" [stack: 0x000000cee6c00000,0x000000cee6d00000] [id=16064]
  0x000002768b2ae390 ConcurrentGCThread "G1 Service" [stack: 0x000000cee5000000,0x000000cee5100000] [id=3760]

Threads with active compile tasks:
C2 CompilerThread0    27563 7501       4       org.antlr.v4.runtime.atn.ATNConfigSet::add (142 bytes)
C2 CompilerThread1    27563 7458       4       org.antlr.v4.runtime.atn.SingletonPredictionContext::<init> (49 bytes)

VM state: at safepoint (normal execution)

VM Mutex/Monitor currently owned by a thread:  ([mutex/lock_event])
[0x000002768b1f89a0] Threads_lock - owner thread: 0x00000276ab60ecb0
[0x000002768b1f8400] Heap_lock - owner thread: 0x00000276f1bd22a0

Heap address: 0x0000000743a00000, size: 3014 MB, Compressed Oops mode: Zero based, Oop shift amount: 3

CDS archive(s) mapped at: [0x00000276ac000000-0x00000276acbd0000-0x00000276acbd0000), size 12386304, SharedBaseAddress: 0x00000276ac000000, ArchiveRelocationMode: 1.
Compressed class space mapped at: 0x00000276ad000000-0x00000276ed000000, reserved size: 1073741824
Narrow klass base: 0x00000276ac000000, Narrow klass shift: 0, Narrow klass range: 0x100000000

GC Precious Log:
 CPUs: 8 total, 8 available
 Memory: 12055M
 Large Page Support: Disabled
 NUMA Support: Disabled
 Compressed Oops: Enabled (Zero based)
 Heap Region Size: 2M
 Heap Min Capacity: 8M
 Heap Initial Capacity: 190M
 Heap Max Capacity: 3014M
 Pre-touch: Disabled
 Parallel Workers: 8
 Concurrent Workers: 2
 Concurrent Refinement Workers: 8
 Periodic GC: Disabled

Heap:
 garbage-first heap   total 194560K, used 72987K [0x0000000743a00000, 0x0000000800000000)
  region size 2048K, 2 young (4096K), 2 survivors (4096K)
 Metaspace       used 72868K, committed 73472K, reserved 1114112K
  class space    used 10005K, committed 10304K, reserved 1048576K

Heap Regions: E=young(eden), S=young(survivor), O=old, HS=humongous(starts), HC=humongous(continues), CS=collection set, F=free, OA=open archive, CA=closed archive, TAMS=top-at-mark-start (previous, next)
|   0|0x0000000743a00000, 0x0000000743c00000, 0x0000000743c00000|100%| O|  |TAMS 0x0000000743c00000, 0x0000000743c00000| Untracked 
|   1|0x0000000743c00000, 0x0000000743e00000, 0x0000000743e00000|100%| O|  |TAMS 0x0000000743e00000, 0x0000000743e00000| Untracked 
|   2|0x0000000743e00000, 0x0000000744000000, 0x0000000744000000|100%| O|  |TAMS 0x0000000744000000, 0x0000000744000000| Untracked 
|   3|0x0000000744000000, 0x0000000744200000, 0x0000000744200000|100%| O|  |TAMS 0x0000000744200000, 0x0000000744200000| Untracked 
|   4|0x0000000744200000, 0x0000000744400000, 0x0000000744400000|100%| O|  |TAMS 0x0000000744400000, 0x0000000744400000| Untracked 
|   5|0x0000000744400000, 0x0000000744600000, 0x0000000744600000|100%| O|  |TAMS 0x0000000744600000, 0x0000000744600000| Untracked 
|   6|0x0000000744600000, 0x0000000744800000, 0x0000000744800000|100%| O|  |TAMS 0x0000000744800000, 0x0000000744800000| Untracked 
|   7|0x0000000744800000, 0x0000000744a00000, 0x0000000744a00000|100%| O|  |TAMS 0x0000000744a00000, 0x0000000744a00000| Untracked 
|   8|0x0000000744a00000, 0x0000000744c00000, 0x0000000744c00000|100%| O|  |TAMS 0x0000000744c00000, 0x0000000744c00000| Untracked 
|   9|0x0000000744c00000, 0x0000000744e00000, 0x0000000744e00000|100%| O|  |TAMS 0x0000000744e00000, 0x0000000744e00000| Untracked 
|  10|0x0000000744e00000, 0x0000000745000000, 0x0000000745000000|100%| O|  |TAMS 0x0000000745000000, 0x0000000745000000| Untracked 
|  11|0x0000000745000000, 0x0000000745200000, 0x0000000745200000|100%| O|  |TAMS 0x0000000745200000, 0x0000000745200000| Untracked 
|  12|0x0000000745200000, 0x0000000745400000, 0x0000000745400000|100%| O|  |TAMS 0x0000000745400000, 0x0000000745400000| Untracked 
|  13|0x0000000745400000, 0x0000000745600000, 0x0000000745600000|100%| O|  |TAMS 0x0000000745600000, 0x0000000745600000| Untracked 
|  14|0x0000000745600000, 0x0000000745800000, 0x0000000745800000|100%| O|  |TAMS 0x0000000745800000, 0x0000000745800000| Untracked 
|  15|0x0000000745800000, 0x0000000745a00000, 0x0000000745a00000|100%| O|  |TAMS 0x0000000745a00000, 0x0000000745a00000| Untracked 
|  16|0x0000000745a00000, 0x0000000745c00000, 0x0000000745c00000|100%| O|  |TAMS 0x0000000745c00000, 0x0000000745c00000| Untracked 
|  17|0x0000000745c00000, 0x0000000745e00000, 0x0000000745e00000|100%| O|  |TAMS 0x0000000745e00000, 0x0000000745e00000| Untracked 
|  18|0x0000000745e00000, 0x0000000746000000, 0x0000000746000000|100%| O|  |TAMS 0x0000000746000000, 0x0000000746000000| Untracked 
|  19|0x0000000746000000, 0x0000000746200000, 0x0000000746200000|100%| O|  |TAMS 0x0000000746200000, 0x0000000746200000| Untracked 
|  20|0x0000000746200000, 0x0000000746400000, 0x0000000746400000|100%| O|  |TAMS 0x0000000746400000, 0x0000000746400000| Untracked 
|  21|0x0000000746400000, 0x0000000746600000, 0x0000000746600000|100%| O|  |TAMS 0x0000000746600000, 0x0000000746600000| Untracked 
|  22|0x0000000746600000, 0x0000000746800000, 0x0000000746800000|100%| O|  |TAMS 0x0000000746800000, 0x0000000746800000| Untracked 
|  23|0x0000000746800000, 0x0000000746a00000, 0x0000000746a00000|100%| O|  |TAMS 0x0000000746a00000, 0x0000000746a00000| Untracked 
|  24|0x0000000746a00000, 0x0000000746c00000, 0x0000000746c00000|100%| O|  |TAMS 0x0000000746c00000, 0x0000000746c00000| Untracked 
|  25|0x0000000746c00000, 0x0000000746e00000, 0x0000000746e00000|100%| O|  |TAMS 0x0000000746e00000, 0x0000000746e00000| Untracked 
|  26|0x0000000746e00000, 0x0000000747000000, 0x0000000747000000|100%| O|  |TAMS 0x0000000747000000, 0x0000000747000000| Untracked 
|  27|0x0000000747000000, 0x0000000747200000, 0x0000000747200000|100%| O|  |TAMS 0x00000007470f9c00, 0x0000000747200000| Untracked 
|  28|0x0000000747200000, 0x0000000747400000, 0x0000000747400000|100%| O|  |TAMS 0x0000000747200000, 0x0000000747400000| Untracked 
|  29|0x0000000747400000, 0x0000000747600000, 0x0000000747600000|100%| O|  |TAMS 0x0000000747400000, 0x0000000747600000| Untracked 
|  30|0x0000000747600000, 0x0000000747800000, 0x0000000747800000|100%| O|  |TAMS 0x0000000747600000, 0x0000000747800000| Untracked 
|  31|0x0000000747800000, 0x0000000747a00000, 0x0000000747a00000|100%| O|  |TAMS 0x0000000747800000, 0x0000000747a00000| Untracked 
|  32|0x0000000747a00000, 0x0000000747c00000, 0x0000000747c00000|100%| O|  |TAMS 0x0000000747a00000, 0x0000000747c00000| Untracked 
|  33|0x0000000747c00000, 0x0000000747d46e00, 0x0000000747e00000| 63%| O|  |TAMS 0x0000000747c00000, 0x0000000747cd3600| Untracked 
|  34|0x0000000747e00000, 0x0000000747e00000, 0x0000000748000000|  0%| F|  |TAMS 0x0000000747e00000, 0x0000000747e00000| Untracked 
|  35|0x0000000748000000, 0x0000000748000000, 0x0000000748200000|  0%| F|  |TAMS 0x0000000748000000, 0x0000000748000000| Untracked 
|  36|0x0000000748200000, 0x0000000748200000, 0x0000000748400000|  0%| F|  |TAMS 0x0000000748200000, 0x0000000748200000| Untracked 
|  37|0x0000000748400000, 0x0000000748400000, 0x0000000748600000|  0%| F|  |TAMS 0x0000000748400000, 0x0000000748400000| Untracked 
|  38|0x0000000748600000, 0x0000000748600000, 0x0000000748800000|  0%| F|  |TAMS 0x0000000748600000, 0x0000000748600000| Untracked 
|  39|0x0000000748800000, 0x0000000748800000, 0x0000000748a00000|  0%| F|  |TAMS 0x0000000748800000, 0x0000000748800000| Untracked 
|  40|0x0000000748a00000, 0x0000000748a00000, 0x0000000748c00000|  0%| F|  |TAMS 0x0000000748a00000, 0x0000000748a00000| Untracked 
|  41|0x0000000748c00000, 0x0000000748c00000, 0x0000000748e00000|  0%| F|  |TAMS 0x0000000748c00000, 0x0000000748c00000| Untracked 
|  42|0x0000000748e00000, 0x0000000748e00000, 0x0000000749000000|  0%| F|  |TAMS 0x0000000748e00000, 0x0000000748e00000| Untracked 
|  43|0x0000000749000000, 0x0000000749000000, 0x0000000749200000|  0%| F|  |TAMS 0x0000000749000000, 0x0000000749000000| Untracked 
|  44|0x0000000749200000, 0x0000000749200000, 0x0000000749400000|  0%| F|  |TAMS 0x0000000749200000, 0x0000000749200000| Untracked 
|  45|0x0000000749400000, 0x0000000749400000, 0x0000000749600000|  0%| F|  |TAMS 0x0000000749400000, 0x0000000749400000| Untracked 
|  46|0x0000000749600000, 0x0000000749600000, 0x0000000749800000|  0%| F|  |TAMS 0x0000000749600000, 0x0000000749600000| Untracked 
|  47|0x0000000749800000, 0x0000000749a00000, 0x0000000749a00000|100%| S|CS|TAMS 0x0000000749800000, 0x0000000749800000| Complete 
|  48|0x0000000749a00000, 0x0000000749c00000, 0x0000000749c00000|100%| S|CS|TAMS 0x0000000749a00000, 0x0000000749a00000| Complete 
|  49|0x0000000749c00000, 0x0000000749c00000, 0x0000000749e00000|  0%| F|  |TAMS 0x0000000749c00000, 0x0000000749c00000| Untracked 
|  50|0x0000000749e00000, 0x0000000749e00000, 0x000000074a000000|  0%| F|  |TAMS 0x0000000749e00000, 0x0000000749e00000| Untracked 
|  51|0x000000074a000000, 0x000000074a000000, 0x000000074a200000|  0%| F|  |TAMS 0x000000074a000000, 0x000000074a000000| Untracked 
|  52|0x000000074a200000, 0x000000074a200000, 0x000000074a400000|  0%| F|  |TAMS 0x000000074a200000, 0x000000074a200000| Untracked 
|  53|0x000000074a400000, 0x000000074a400000, 0x000000074a600000|  0%| F|  |TAMS 0x000000074a400000, 0x000000074a400000| Untracked 
|  54|0x000000074a600000, 0x000000074a600000, 0x000000074a800000|  0%| F|  |TAMS 0x000000074a600000, 0x000000074a600000| Untracked 
|  55|0x000000074a800000, 0x000000074a800000, 0x000000074aa00000|  0%| F|  |TAMS 0x000000074a800000, 0x000000074a800000| Untracked 
|  56|0x000000074aa00000, 0x000000074aa00000, 0x000000074ac00000|  0%| F|  |TAMS 0x000000074aa00000, 0x000000074aa00000| Untracked 
|  57|0x000000074ac00000, 0x000000074ac00000, 0x000000074ae00000|  0%| F|  |TAMS 0x000000074ac00000, 0x000000074ac00000| Untracked 
|  58|0x000000074ae00000, 0x000000074ae00000, 0x000000074b000000|  0%| F|  |TAMS 0x000000074ae00000, 0x000000074ae00000| Untracked 
|  59|0x000000074b000000, 0x000000074b000000, 0x000000074b200000|  0%| F|  |TAMS 0x000000074b000000, 0x000000074b000000| Untracked 
|  60|0x000000074b200000, 0x000000074b200000, 0x000000074b400000|  0%| F|  |TAMS 0x000000074b200000, 0x000000074b200000| Untracked 
|  61|0x000000074b400000, 0x000000074b400000, 0x000000074b600000|  0%| F|  |TAMS 0x000000074b400000, 0x000000074b400000| Untracked 
|  62|0x000000074b600000, 0x000000074b600000, 0x000000074b800000|  0%| F|  |TAMS 0x000000074b600000, 0x000000074b600000| Untracked 
|  63|0x000000074b800000, 0x000000074b800000, 0x000000074ba00000|  0%| F|  |TAMS 0x000000074b800000, 0x000000074b800000| Untracked 
|  64|0x000000074ba00000, 0x000000074ba00000, 0x000000074bc00000|  0%| F|  |TAMS 0x000000074ba00000, 0x000000074ba00000| Untracked 
|  65|0x000000074bc00000, 0x000000074bc00000, 0x000000074be00000|  0%| F|  |TAMS 0x000000074bc00000, 0x000000074bc00000| Untracked 
|  66|0x000000074be00000, 0x000000074be00000, 0x000000074c000000|  0%| F|  |TAMS 0x000000074be00000, 0x000000074be00000| Untracked 
|  67|0x000000074c000000, 0x000000074c000000, 0x000000074c200000|  0%| F|  |TAMS 0x000000074c000000, 0x000000074c000000| Untracked 
|  68|0x000000074c200000, 0x000000074c200000, 0x000000074c400000|  0%| F|  |TAMS 0x000000074c200000, 0x000000074c200000| Untracked 
|  69|0x000000074c400000, 0x000000074c400000, 0x000000074c600000|  0%| F|  |TAMS 0x000000074c400000, 0x000000074c400000| Untracked 
|  70|0x000000074c600000, 0x000000074c600000, 0x000000074c800000|  0%| F|  |TAMS 0x000000074c600000, 0x000000074c600000| Untracked 
|  71|0x000000074c800000, 0x000000074c800000, 0x000000074ca00000|  0%| F|  |TAMS 0x000000074c800000, 0x000000074c800000| Untracked 
|  72|0x000000074ca00000, 0x000000074ca00000, 0x000000074cc00000|  0%| F|  |TAMS 0x000000074ca00000, 0x000000074ca00000| Untracked 
|  73|0x000000074cc00000, 0x000000074cc00000, 0x000000074ce00000|  0%| F|  |TAMS 0x000000074cc00000, 0x000000074cc00000| Untracked 
|  74|0x000000074ce00000, 0x000000074ce00000, 0x000000074d000000|  0%| F|  |TAMS 0x000000074ce00000, 0x000000074ce00000| Untracked 
|  75|0x000000074d000000, 0x000000074d000000, 0x000000074d200000|  0%| F|  |TAMS 0x000000074d000000, 0x000000074d000000| Untracked 
|  76|0x000000074d200000, 0x000000074d200000, 0x000000074d400000|  0%| F|  |TAMS 0x000000074d200000, 0x000000074d200000| Untracked 
|  77|0x000000074d400000, 0x000000074d400000, 0x000000074d600000|  0%| F|  |TAMS 0x000000074d400000, 0x000000074d400000| Untracked 
|  78|0x000000074d600000, 0x000000074d600000, 0x000000074d800000|  0%| F|  |TAMS 0x000000074d600000, 0x000000074d600000| Untracked 
|  79|0x000000074d800000, 0x000000074d800000, 0x000000074da00000|  0%| F|  |TAMS 0x000000074d800000, 0x000000074d800000| Untracked 
|  80|0x000000074da00000, 0x000000074da00000, 0x000000074dc00000|  0%| F|  |TAMS 0x000000074da00000, 0x000000074da00000| Untracked 
|  81|0x000000074dc00000, 0x000000074dc00000, 0x000000074de00000|  0%| F|  |TAMS 0x000000074dc00000, 0x000000074dc00000| Untracked 
|  82|0x000000074de00000, 0x000000074de00000, 0x000000074e000000|  0%| F|  |TAMS 0x000000074de00000, 0x000000074de00000| Untracked 
|  83|0x000000074e000000, 0x000000074e000000, 0x000000074e200000|  0%| F|  |TAMS 0x000000074e000000, 0x000000074e000000| Untracked 
|  84|0x000000074e200000, 0x000000074e200000, 0x000000074e400000|  0%| F|  |TAMS 0x000000074e200000, 0x000000074e200000| Untracked 
|  85|0x000000074e400000, 0x000000074e400000, 0x000000074e600000|  0%| F|  |TAMS 0x000000074e400000, 0x000000074e400000| Untracked 
|  86|0x000000074e600000, 0x000000074e600000, 0x000000074e800000|  0%| F|  |TAMS 0x000000074e600000, 0x000000074e600000| Untracked 
|  87|0x000000074e800000, 0x000000074e800000, 0x000000074ea00000|  0%| F|  |TAMS 0x000000074e800000, 0x000000074e800000| Untracked 
|  88|0x000000074ea00000, 0x000000074ea00000, 0x000000074ec00000|  0%| F|  |TAMS 0x000000074ea00000, 0x000000074ea00000| Untracked 
|  89|0x000000074ec00000, 0x000000074ec00000, 0x000000074ee00000|  0%| F|  |TAMS 0x000000074ec00000, 0x000000074ec00000| Untracked 
|  90|0x000000074ee00000, 0x000000074ee00000, 0x000000074f000000|  0%| F|  |TAMS 0x000000074ee00000, 0x000000074ee00000| Untracked 
|  91|0x000000074f000000, 0x000000074f000000, 0x000000074f200000|  0%| F|  |TAMS 0x000000074f000000, 0x000000074f000000| Untracked 
|  92|0x000000074f200000, 0x000000074f200000, 0x000000074f400000|  0%| F|  |TAMS 0x000000074f200000, 0x000000074f200000| Untracked 
|  93|0x000000074f400000, 0x000000074f400000, 0x000000074f600000|  0%| F|  |TAMS 0x000000074f400000, 0x000000074f400000| Untracked 
|  94|0x000000074f600000, 0x000000074f600000, 0x000000074f800000|  0%| F|  |TAMS 0x000000074f600000, 0x000000074f600000| Untracked 

Card table byte_map: [0x00000276a23c0000,0x00000276a29b0000] _byte_map_base: 0x000002769e9a3000

Marking Bits (Prev, Next): (CMBitMap*) 0x000002768b25cb10, (CMBitMap*) 0x000002768b25cad0
 Prev Bits: [0x00000276a5ec0000, 0x00000276a8dd8000)
 Next Bits: [0x00000276a2fa0000, 0x00000276a5eb8000)

Polling page: 0x0000027689180000

Metaspace:

Usage:
  Non-class:     61.39 MB used.
      Class:      9.77 MB used.
       Both:     71.16 MB used.

Virtual space:
  Non-class space:       64.00 MB reserved,      61.69 MB ( 96%) committed,  1 nodes.
      Class space:        1.00 GB reserved,      10.06 MB ( <1%) committed,  1 nodes.
             Both:        1.06 GB reserved,      71.75 MB (  7%) committed. 

Chunk freelists:
   Non-Class:  2.06 MB
       Class:  5.81 MB
        Both:  7.88 MB

MaxMetaspaceSize: unlimited
CompressedClassSpaceSize: 1.00 GB
Initial GC threshold: 21.00 MB
Current GC threshold: 119.62 MB
CDS: on
MetaspaceReclaimPolicy: balanced
 - commit_granule_bytes: 65536.
 - commit_granule_words: 8192.
 - virtual_space_node_default_size: 8388608.
 - enlarge_chunks_in_place: 1.
 - new_chunks_are_fully_committed: 0.
 - uncommit_free_chunks: 1.
 - use_allocation_guard: 0.
 - handle_deallocations: 1.


Internal statistics:

num_allocs_failed_limit: 6.
num_arena_births: 904.
num_arena_deaths: 0.
num_vsnodes_births: 2.
num_vsnodes_deaths: 0.
num_space_committed: 1148.
num_space_uncommitted: 0.
num_chunks_returned_to_freelist: 6.
num_chunks_taken_from_freelist: 3583.
num_chunk_merges: 6.
num_chunk_splits: 2583.
num_chunks_enlarged: 2020.
num_inconsistent_stats: 0.

CodeHeap 'non-profiled nmethods': size=120000Kb used=5646Kb max_used=5646Kb free=114353Kb
 bounds [0x000002769a570000, 0x000002769ab00000, 0x00000276a1aa0000]
CodeHeap 'profiled nmethods': size=120000Kb used=14071Kb max_used=14071Kb free=105928Kb
 bounds [0x0000027692aa0000, 0x0000027693860000, 0x0000027699fd0000]
CodeHeap 'non-nmethods': size=5760Kb used=1436Kb max_used=1495Kb free=4323Kb
 bounds [0x0000027699fd0000, 0x000002769a240000, 0x000002769a570000]
 total_blobs=7519 nmethods=6826 adapters=604
 compilation: enabled
              stopped_count=0, restarted_count=0
 full_count=0

Compilation events (20 events):
Event: 27.342 Thread 0x00000276ab62e750 nmethod 7476 0x000002769aae0810 code [0x000002769aae0980, 0x000002769aae0cb8]
Event: 27.343 Thread 0x00000276ab62e750 7417       4       org.antlr.v4.runtime.misc.MurmurHash::update (17 bytes)
Event: 27.345 Thread 0x00000276ab62e750 nmethod 7417 0x000002769aae0d90 code [0x000002769aae0f00, 0x000002769aae1018]
Event: 27.345 Thread 0x00000276ab62e750 7504       4       org.antlr.v4.runtime.misc.DoubleKeyMap::get (28 bytes)
Event: 27.370 Thread 0x00000276ab62e750 nmethod 7504 0x000002769aae1110 code [0x000002769aae12e0, 0x000002769aae1cb8]
Event: 27.370 Thread 0x00000276ab62e750 7449       4       org.antlr.v4.runtime.atn.PredictionContext::merge (139 bytes)
Event: 27.417 Thread 0x00000276ab62e750 nmethod 7449 0x000002769aae2390 code [0x000002769aae25e0, 0x000002769aae37c8]
Event: 27.417 Thread 0x00000276ab62e750 7461       4       org.antlr.v4.runtime.atn.PredictionContext::mergeSingletons (392 bytes)
Event: 27.458 Thread 0x00000276ab63b150 7586       1       org.antlr.v4.runtime.atn.PlusBlockStartState::getStateType (2 bytes)
Event: 27.458 Thread 0x00000276ab63b150 nmethod 7586 0x000002769aae4210 code [0x000002769aae43a0, 0x000002769aae4478]
Event: 27.464 Thread 0x00000276ab63b150 7587       2       org.antlr.v4.runtime.atn.ParserATNSimulator::getUniqueAlt (53 bytes)
Event: 27.466 Thread 0x00000276ab63b150 nmethod 7587 0x000002769385d610 code [0x000002769385d7c0, 0x000002769385dae8]
Event: 27.473 Thread 0x00000276ab62e750 nmethod 7461 0x000002769aae4510 code [0x000002769aae4780, 0x000002769aae5da0]
Event: 27.474 Thread 0x00000276ab62e750 7486       4       org.antlr.v4.runtime.atn.ATNConfigSet$ConfigEqualityComparator::hashCode (41 bytes)
Event: 27.477 Thread 0x00000276ab62e750 nmethod 7486 0x000002769aae6910 code [0x000002769aae6aa0, 0x000002769aae6c28]
Event: 27.477 Thread 0x00000276ab62e750 7498       4       org.antlr.v4.runtime.atn.ATNConfigSet$ConfigEqualityComparator::hashCode (9 bytes)
Event: 27.480 Thread 0x00000276ab62e750 nmethod 7498 0x000002769aae6d90 code [0x000002769aae6f20, 0x000002769aae70c8]
Event: 27.480 Thread 0x00000276ab62e750 7501       4       org.antlr.v4.runtime.atn.ATNConfigSet::add (142 bytes)
Event: 27.483 Thread 0x00000276f502a3a0 nmethod 7574 0x000002769aae7290 code [0x000002769aae77c0, 0x000002769aaefc80]
Event: 27.484 Thread 0x00000276f502a3a0 7458       4       org.antlr.v4.runtime.atn.SingletonPredictionContext::<init> (49 bytes)

GC Heap History (20 events):
Event: 23.827 GC heap after
{Heap after GC invocations=24 (full 0):
 garbage-first heap   total 61440K, used 34856K [0x0000000743a00000, 0x0000000800000000)
  region size 2048K, 2 young (4096K), 2 survivors (4096K)
 Metaspace       used 69451K, committed 70016K, reserved 1114112K
  class space    used 9378K, committed 9600K, reserved 1048576K
}
Event: 24.882 GC heap before
{Heap before GC invocations=25 (full 0):
 garbage-first heap   total 65536K, used 47144K [0x0000000743a00000, 0x0000000800000000)
  region size 2048K, 8 young (16384K), 2 survivors (4096K)
 Metaspace       used 70888K, committed 71552K, reserved 1114112K
  class space    used 9604K, committed 9920K, reserved 1048576K
}
Event: 24.886 GC heap after
{Heap after GC invocations=26 (full 0):
 garbage-first heap   total 65536K, used 35727K [0x0000000743a00000, 0x0000000800000000)
  region size 2048K, 1 young (2048K), 1 survivors (2048K)
 Metaspace       used 70888K, committed 71552K, reserved 1114112K
  class space    used 9604K, committed 9920K, reserved 1048576K
}
Event: 25.605 GC heap before
{Heap before GC invocations=26 (full 0):
 garbage-first heap   total 65536K, used 52111K [0x0000000743a00000, 0x0000000800000000)
  region size 2048K, 9 young (18432K), 1 survivors (2048K)
 Metaspace       used 72852K, committed 73472K, reserved 1114112K
  class space    used 10005K, committed 10304K, reserved 1048576K
}
Event: 25.609 GC heap after
{Heap after GC invocations=27 (full 0):
 garbage-first heap   total 65536K, used 36796K [0x0000000743a00000, 0x0000000800000000)
  region size 2048K, 2 young (4096K), 2 survivors (4096K)
 Metaspace       used 72852K, committed 73472K, reserved 1114112K
  class space    used 10005K, committed 10304K, reserved 1048576K
}
Event: 25.814 GC heap before
{Heap before GC invocations=28 (full 0):
 garbage-first heap   total 71680K, used 51132K [0x0000000743a00000, 0x0000000800000000)
  region size 2048K, 9 young (18432K), 2 survivors (4096K)
 Metaspace       used 72861K, committed 73472K, reserved 1114112K
  class space    used 10005K, committed 10304K, reserved 1048576K
}
Event: 25.823 GC heap after
{Heap after GC invocations=29 (full 0):
 garbage-first heap   total 71680K, used 40288K [0x0000000743a00000, 0x0000000800000000)
  region size 2048K, 2 young (4096K), 2 survivors (4096K)
 Metaspace       used 72861K, committed 73472K, reserved 1114112K
  class space    used 10005K, committed 10304K, reserved 1048576K
}
Event: 25.962 GC heap before
{Heap before GC invocations=29 (full 0):
 garbage-first heap   total 71680K, used 56672K [0x0000000743a00000, 0x0000000800000000)
  region size 2048K, 10 young (20480K), 2 survivors (4096K)
 Metaspace       used 72862K, committed 73472K, reserved 1114112K
  class space    used 10005K, committed 10304K, reserved 1048576K
}
Event: 25.971 GC heap after
{Heap after GC invocations=30 (full 0):
 garbage-first heap   total 71680K, used 46133K [0x0000000743a00000, 0x0000000800000000)
  region size 2048K, 2 young (4096K), 2 survivors (4096K)
 Metaspace       used 72862K, committed 73472K, reserved 1114112K
  class space    used 10005K, committed 10304K, reserved 1048576K
}
Event: 26.069 GC heap before
{Heap before GC invocations=31 (full 0):
 garbage-first heap   total 92160K, used 54325K [0x0000000743a00000, 0x0000000800000000)
  region size 2048K, 6 young (12288K), 2 survivors (4096K)
 Metaspace       used 72862K, committed 73472K, reserved 1114112K
  class space    used 10005K, committed 10304K, reserved 1048576K
}
Event: 26.075 GC heap after
{Heap after GC invocations=32 (full 0):
 garbage-first heap   total 92160K, used 49492K [0x0000000743a00000, 0x0000000800000000)
  region size 2048K, 1 young (2048K), 1 survivors (2048K)
 Metaspace       used 72862K, committed 73472K, reserved 1114112K
  class space    used 10005K, committed 10304K, reserved 1048576K
}
Event: 26.330 GC heap before
{Heap before GC invocations=32 (full 0):
 garbage-first heap   total 92160K, used 65876K [0x0000000743a00000, 0x0000000800000000)
  region size 2048K, 9 young (18432K), 1 survivors (2048K)
 Metaspace       used 72864K, committed 73472K, reserved 1114112K
  class space    used 10005K, committed 10304K, reserved 1048576K
}
Event: 26.339 GC heap after
{Heap after GC invocations=33 (full 0):
 garbage-first heap   total 92160K, used 54481K [0x0000000743a00000, 0x0000000800000000)
  region size 2048K, 2 young (4096K), 2 survivors (4096K)
 Metaspace       used 72864K, committed 73472K, reserved 1114112K
  class space    used 10005K, committed 10304K, reserved 1048576K
}
Event: 26.599 GC heap before
{Heap before GC invocations=34 (full 0):
 garbage-first heap   total 102400K, used 68817K [0x0000000743a00000, 0x0000000800000000)
  region size 2048K, 9 young (18432K), 2 survivors (4096K)
 Metaspace       used 72865K, committed 73472K, reserved 1114112K
  class space    used 10005K, committed 10304K, reserved 1048576K
}
Event: 26.608 GC heap after
{Heap after GC invocations=35 (full 0):
 garbage-first heap   total 102400K, used 60391K [0x0000000743a00000, 0x0000000800000000)
  region size 2048K, 2 young (4096K), 2 survivors (4096K)
 Metaspace       used 72865K, committed 73472K, reserved 1114112K
  class space    used 10005K, committed 10304K, reserved 1048576K
}
Event: 26.793 GC heap before
{Heap before GC invocations=35 (full 0):
 garbage-first heap   total 102400K, used 74727K [0x0000000743a00000, 0x0000000800000000)
  region size 2048K, 9 young (18432K), 2 survivors (4096K)
 Metaspace       used 72866K, committed 73472K, reserved 1114112K
  class space    used 10005K, committed 10304K, reserved 1048576K
}
Event: 26.801 GC heap after
{Heap after GC invocations=36 (full 0):
 garbage-first heap   total 102400K, used 65384K [0x0000000743a00000, 0x0000000800000000)
  region size 2048K, 2 young (4096K), 2 survivors (4096K)
 Metaspace       used 72866K, committed 73472K, reserved 1114112K
  class space    used 10005K, committed 10304K, reserved 1048576K
}
Event: 27.057 GC heap before
{Heap before GC invocations=37 (full 0):
 garbage-first heap   total 120832K, used 77672K [0x0000000743a00000, 0x0000000800000000)
  region size 2048K, 8 young (16384K), 2 survivors (4096K)
 Metaspace       used 72866K, committed 73472K, reserved 1114112K
  class space    used 10005K, committed 10304K, reserved 1048576K
}
Event: 27.068 GC heap after
{Heap after GC invocations=38 (full 0):
 garbage-first heap   total 120832K, used 70477K [0x0000000743a00000, 0x0000000800000000)
  region size 2048K, 1 young (2048K), 1 survivors (2048K)
 Metaspace       used 72866K, committed 73472K, reserved 1114112K
  class space    used 10005K, committed 10304K, reserved 1048576K
}
Event: 27.485 GC heap before
{Heap before GC invocations=38 (full 0):
 garbage-first heap   total 120832K, used 88909K [0x0000000743a00000, 0x0000000800000000)
  region size 2048K, 10 young (20480K), 1 survivors (2048K)
 Metaspace       used 72868K, committed 73472K, reserved 1114112K
  class space    used 10005K, committed 10304K, reserved 1048576K
}

Deoptimization events (20 events):
Event: 26.371 Thread 0x00000276f1bd22a0 DEOPT PACKING pc=0x000002769aaae390 sp=0x000000cee6efa470
Event: 26.371 Thread 0x00000276f1bd22a0 DEOPT UNPACKING pc=0x000002769a025ba3 sp=0x000000cee6efa440 mode 2
Event: 26.372 Thread 0x00000276f1bd22a0 Uncommon trap: trap_request=0xffffffd6 fr.pc=0x000002769aaae1fc relative=0x0000000000000dfc
Event: 26.372 Thread 0x00000276f1bd22a0 Uncommon trap: reason=array_check action=maybe_recompile pc=0x000002769aaae1fc method=org.antlr.v4.runtime.misc.Array2DHashSet.getOrAddImpl(Ljava/lang/Object;)Ljava/lang/Object; @ 36 c2
Event: 26.372 Thread 0x00000276f1bd22a0 DEOPT PACKING pc=0x000002769aaae1fc sp=0x000000cee6efa270
Event: 26.372 Thread 0x00000276f1bd22a0 DEOPT UNPACKING pc=0x000002769a025ba3 sp=0x000000cee6efa240 mode 2
Event: 26.458 Thread 0x00000276f1bd22a0 Uncommon trap: trap_request=0xffffffd6 fr.pc=0x000002769aab2288 relative=0x0000000000001108
Event: 26.458 Thread 0x00000276f1bd22a0 Uncommon trap: reason=array_check action=maybe_recompile pc=0x000002769aab2288 method=org.antlr.v4.runtime.misc.Array2DHashSet.getOrAddImpl(Ljava/lang/Object;)Ljava/lang/Object; @ 133 c2
Event: 26.458 Thread 0x00000276f1bd22a0 DEOPT PACKING pc=0x000002769aab2288 sp=0x000000cee6ef9e60
Event: 26.458 Thread 0x00000276f1bd22a0 DEOPT UNPACKING pc=0x000002769a025ba3 sp=0x000000cee6ef9e40 mode 2
Event: 26.458 Thread 0x00000276f1bd22a0 Uncommon trap: trap_request=0xffffffd6 fr.pc=0x000002769aab2288 relative=0x0000000000001108
Event: 26.458 Thread 0x00000276f1bd22a0 Uncommon trap: reason=array_check action=maybe_recompile pc=0x000002769aab2288 method=org.antlr.v4.runtime.misc.Array2DHashSet.getOrAddImpl(Ljava/lang/Object;)Ljava/lang/Object; @ 133 c2
Event: 26.458 Thread 0x00000276f1bd22a0 DEOPT PACKING pc=0x000002769aab2288 sp=0x000000cee6ef7e60
Event: 26.458 Thread 0x00000276f1bd22a0 DEOPT UNPACKING pc=0x000002769a025ba3 sp=0x000000cee6ef7e40 mode 2
Event: 26.498 Thread 0x00000276f1bd22a0 DEOPT PACKING pc=0x000002769384c6c0 sp=0x000000cee6efaa70
Event: 26.498 Thread 0x00000276f1bd22a0 DEOPT UNPACKING pc=0x000002769a0266e3 sp=0x000000cee6ef9fa0 mode 0
Event: 26.944 Thread 0x00000276f1bd22a0 Uncommon trap: trap_request=0xffffffd6 fr.pc=0x000002769aac4350 relative=0x00000000000077b0
Event: 26.944 Thread 0x00000276f1bd22a0 Uncommon trap: reason=array_check action=maybe_recompile pc=0x000002769aac4350 method=org.antlr.v4.runtime.misc.Array2DHashSet.getOrAddImpl(Ljava/lang/Object;)Ljava/lang/Object; @ 128 c2
Event: 26.944 Thread 0x00000276f1bd22a0 DEOPT PACKING pc=0x000002769aac4350 sp=0x000000cee6ef9850
Event: 26.944 Thread 0x00000276f1bd22a0 DEOPT UNPACKING pc=0x000002769a025ba3 sp=0x000000cee6ef9720 mode 2

Classes unloaded (0 events):
No events

Classes redefined (0 events):
No events

Internal exceptions (20 events):
Event: 25.567 Thread 0x00000276f233a810 Exception <a 'java/lang/ClassNotFoundException'{0x0000000746acb510}: org/springframework/context/support/LiveBeansView> (0x0000000746acb510) 
thrown [s\open\src\hotspot\share\classfile\systemDictionary.cpp, line 256]
Event: 25.567 Thread 0x00000276f233a810 Exception <a 'java/lang/ClassNotFoundException'{0x0000000746acbb08}: org/springframework/context/support/LiveBeansView> (0x0000000746acbb08) 
thrown [s\open\src\hotspot\share\classfile\systemDictionary.cpp, line 256]
Event: 25.568 Thread 0x00000276f233a810 Exception <a 'java/lang/ClassNotFoundException'{0x0000000746acbeb0}: org/springframework/context/support/LiveBeansView> (0x0000000746acbeb0) 
thrown [s\open\src\hotspot\share\classfile\systemDictionary.cpp, line 256]
Event: 25.568 Thread 0x00000276f233a810 Exception <a 'java/lang/ClassNotFoundException'{0x0000000746acc270}: org/springframework/context/support/LiveBeansView> (0x0000000746acc270) 
thrown [s\open\src\hotspot\share\classfile\systemDictionary.cpp, line 256]
Event: 25.568 Thread 0x00000276f233a810 Exception <a 'java/lang/ClassNotFoundException'{0x0000000746acc618}: org/springframework/context/support/LiveBeansView> (0x0000000746acc618) 
thrown [s\open\src\hotspot\share\classfile\systemDictionary.cpp, line 256]
Event: 25.568 Thread 0x00000276f233a810 Exception <a 'java/lang/ClassNotFoundException'{0x0000000746acc9d8}: org/springframework/context/support/LiveBeansView> (0x0000000746acc9d8) 
thrown [s\open\src\hotspot\share\classfile\systemDictionary.cpp, line 256]
Event: 25.568 Thread 0x00000276f233a810 Exception <a 'java/lang/ClassNotFoundException'{0x0000000746accd90}: org/springframework/context/support/LiveBeansView> (0x0000000746accd90) 
thrown [s\open\src\hotspot\share\classfile\systemDictionary.cpp, line 256]
Event: 25.569 Thread 0x00000276f233a810 Exception <a 'java/lang/ClassNotFoundException'{0x0000000746acd3f8}: org/springframework/context/support/LiveBeansView> (0x0000000746acd3f8) 
thrown [s\open\src\hotspot\share\classfile\systemDictionary.cpp, line 256]
Event: 25.569 Thread 0x00000276f233a810 Exception <a 'java/lang/ClassNotFoundException'{0x0000000746acd7c0}: org/springframework/context/support/LiveBeansView> (0x0000000746acd7c0) 
thrown [s\open\src\hotspot\share\classfile\systemDictionary.cpp, line 256]
Event: 25.569 Thread 0x00000276f233a810 Exception <a 'java/lang/ClassNotFoundException'{0x0000000746acdb80}: org/springframework/context/support/LiveBeansView> (0x0000000746acdb80) 
thrown [s\open\src\hotspot\share\classfile\systemDictionary.cpp, line 256]
Event: 25.569 Thread 0x00000276f233a810 Exception <a 'java/lang/ClassNotFoundException'{0x0000000746acdf40}: org/springframework/context/support/LiveBeansView> (0x0000000746acdf40) 
thrown [s\open\src\hotspot\share\classfile\systemDictionary.cpp, line 256]
Event: 25.569 Thread 0x00000276f233a810 Exception <a 'java/lang/ClassNotFoundException'{0x0000000746ace300}: org/springframework/context/support/LiveBeansView> (0x0000000746ace300) 
thrown [s\open\src\hotspot\share\classfile\systemDictionary.cpp, line 256]
Event: 25.570 Thread 0x00000276f233a810 Exception <a 'java/lang/ClassNotFoundException'{0x0000000746ace6a0}: org/springframework/context/support/LiveBeansView> (0x0000000746ace6a0) 
thrown [s\open\src\hotspot\share\classfile\systemDictionary.cpp, line 256]
Event: 25.570 Thread 0x00000276f233a810 Exception <a 'java/lang/ClassNotFoundException'{0x0000000746aceca0}: org/springframework/context/support/LiveBeansView> (0x0000000746aceca0) 
thrown [s\open\src\hotspot\share\classfile\systemDictionary.cpp, line 256]
Event: 25.570 Thread 0x00000276f233a810 Exception <a 'java/lang/ClassNotFoundException'{0x0000000746acf048}: org/springframework/context/support/LiveBeansView> (0x0000000746acf048) 
thrown [s\open\src\hotspot\share\classfile\systemDictionary.cpp, line 256]
Event: 25.575 Thread 0x00000276f233a810 Exception <a 'java/lang/ClassNotFoundException'{0x0000000746b1e040}: org/springframework/context/support/LiveBeansView> (0x0000000746b1e040) 
thrown [s\open\src\hotspot\share\classfile\systemDictionary.cpp, line 256]
Event: 25.575 Thread 0x00000276f233a810 Exception <a 'java/lang/ClassNotFoundException'{0x0000000746b1e408}: org/springframework/context/support/LiveBeansView> (0x0000000746b1e408) 
thrown [s\open\src\hotspot\share\classfile\systemDictionary.cpp, line 256]
Event: 25.575 Thread 0x00000276f233a810 Exception <a 'java/lang/ClassNotFoundException'{0x0000000746b1ea08}: org/springframework/context/support/LiveBeansView> (0x0000000746b1ea08) 
thrown [s\open\src\hotspot\share\classfile\systemDictionary.cpp, line 256]
Event: 25.575 Thread 0x00000276f233a810 Exception <a 'java/lang/ClassNotFoundException'{0x0000000746b1edb8}: org/springframework/context/support/LiveBeansView> (0x0000000746b1edb8) 
thrown [s\open\src\hotspot\share\classfile\systemDictionary.cpp, line 256]
Event: 25.578 Thread 0x00000276f233a810 Exception <a 'java/lang/reflect/InvocationTargetException'{0x0000000746b71a08}> (0x0000000746b71a08) 
thrown [s\open\src\hotspot\share\runtime\reflection.cpp, line 1121]

VM Operations (20 events):
Event: 26.064 Executing VM operation: G1Concurrent done
Event: 26.069 Executing VM operation: G1CollectForAllocation
Event: 26.075 Executing VM operation: G1CollectForAllocation done
Event: 26.329 Executing VM operation: G1CollectForAllocation
Event: 26.339 Executing VM operation: G1CollectForAllocation done
Event: 26.437 Executing VM operation: G1Concurrent
Event: 26.446 Executing VM operation: G1Concurrent done
Event: 26.489 Executing VM operation: G1Concurrent
Event: 26.489 Executing VM operation: G1Concurrent done
Event: 26.599 Executing VM operation: G1CollectForAllocation
Event: 26.608 Executing VM operation: G1CollectForAllocation done
Event: 26.793 Executing VM operation: G1CollectForAllocation
Event: 26.802 Executing VM operation: G1CollectForAllocation done
Event: 26.915 Executing VM operation: G1Concurrent
Event: 26.922 Executing VM operation: G1Concurrent done
Event: 26.973 Executing VM operation: G1Concurrent
Event: 26.993 Executing VM operation: G1Concurrent done
Event: 27.057 Executing VM operation: G1CollectForAllocation
Event: 27.068 Executing VM operation: G1CollectForAllocation done
Event: 27.485 Executing VM operation: G1CollectForAllocation

Events (20 events):
Event: 24.135 loading class java/util/regex/Pattern$LookBehindEndNode done
Event: 24.135 loading class java/util/regex/Pattern$NotBehind
Event: 24.135 loading class java/util/regex/Pattern$NotBehind done
Event: 24.135 loading class java/util/regex/Pattern$Behind
Event: 24.136 loading class java/util/regex/Pattern$Behind done
Event: 24.356 loading class java/util/stream/SortedOps$SizedRefSortingSink
Event: 24.357 loading class java/util/stream/SortedOps$SizedRefSortingSink done
Event: 24.391 loading class javax/net/ssl/SSLException
Event: 24.391 loading class javax/net/ssl/SSLException done
Event: 24.420 loading class java/nio/channels/CompletionHandler
Event: 24.421 loading class java/nio/channels/CompletionHandler done
Event: 24.483 Thread 0x00000276f6a86e50 Thread added: 0x00000276f6a86e50
Event: 24.488 Thread 0x00000276f6a84ae0 Thread added: 0x00000276f6a84ae0
Event: 24.501 Thread 0x00000276f6a84ff0 Thread added: 0x00000276f6a84ff0
Event: 24.898 loading class java/util/EmptyStackException
Event: 24.898 loading class java/util/EmptyStackException done
Event: 25.340 loading class java/io/InvalidClassException
Event: 25.341 loading class java/io/InvalidClassException done
Event: 25.380 loading class java/util/ArrayList$ListItr
Event: 25.380 loading class java/util/ArrayList$ListItr done


Dynamic libraries:
0x00007ff7fbdd0000 - 0x00007ff7fbde0000 	C:\Program Files\Java\jdk-17.0.12\bin\java.exe
0x00007fff541f0000 - 0x00007fff54407000 	C:\WINDOWS\SYSTEM32\ntdll.dll
0x00007fff52b90000 - 0x00007fff52c54000 	C:\WINDOWS\System32\KERNEL32.DLL
0x00007fff51300000 - 0x00007fff516d3000 	C:\WINDOWS\System32\KERNELBASE.dll
0x00007fff51cf0000 - 0x00007fff51e01000 	C:\WINDOWS\System32\ucrtbase.dll
0x00007fff2a600000 - 0x00007fff2a61b000 	C:\Program Files\Java\jdk-17.0.12\bin\VCRUNTIME140.dll
0x00007fff25310000 - 0x00007fff25329000 	C:\Program Files\Java\jdk-17.0.12\bin\jli.dll
0x00007fff52490000 - 0x00007fff52541000 	C:\WINDOWS\System32\ADVAPI32.dll
0x00007fff53150000 - 0x00007fff531f7000 	C:\WINDOWS\System32\msvcrt.dll
0x00007fff52d10000 - 0x00007fff52db8000 	C:\WINDOWS\System32\sechost.dll
0x00007fff51970000 - 0x00007fff51998000 	C:\WINDOWS\System32\bcrypt.dll
0x00007fff52dd0000 - 0x00007fff52ee4000 	C:\WINDOWS\System32\RPCRT4.dll
0x00007fff52f90000 - 0x00007fff53141000 	C:\WINDOWS\System32\USER32.dll
0x00007fff518c0000 - 0x00007fff518e6000 	C:\WINDOWS\System32\win32u.dll
0x00007fff38030000 - 0x00007fff382c8000 	C:\WINDOWS\WinSxS\amd64_microsoft.windows.common-controls_6595b64144ccf1df_6.0.22621.5124_none_270e8f4f7386d69d\COMCTL32.dll
0x00007fff52930000 - 0x00007fff52959000 	C:\WINDOWS\System32\GDI32.dll
0x00007fff519a0000 - 0x00007fff51abb000 	C:\WINDOWS\System32\gdi32full.dll
0x00007fff516e0000 - 0x00007fff5177a000 	C:\WINDOWS\System32\msvcp_win.dll
0x00007fff4cdd0000 - 0x00007fff4cdda000 	C:\WINDOWS\SYSTEM32\VERSION.dll
0x00007fff52c60000 - 0x00007fff52c91000 	C:\WINDOWS\System32\IMM32.DLL
0x00007fff188d0000 - 0x00007fff188dc000 	C:\Program Files\Java\jdk-17.0.12\bin\vcruntime140_1.dll
0x00007fff06fc0000 - 0x00007fff0704e000 	C:\Program Files\Java\jdk-17.0.12\bin\msvcp140.dll
0x00007ffebf230000 - 0x00007ffebfe10000 	C:\Program Files\Java\jdk-17.0.12\bin\server\jvm.dll
0x00007fff52600000 - 0x00007fff52608000 	C:\WINDOWS\System32\PSAPI.DLL
0x00007fff14070000 - 0x00007fff14079000 	C:\WINDOWS\SYSTEM32\WSOCK32.dll
0x00007fff4cfd0000 - 0x00007fff4d004000 	C:\WINDOWS\SYSTEM32\WINMM.dll
0x00007fff52410000 - 0x00007fff52481000 	C:\WINDOWS\System32\WS2_32.dll
0x00007fff502f0000 - 0x00007fff50308000 	C:\WINDOWS\SYSTEM32\kernel.appcore.dll
0x00007fff13ea0000 - 0x00007fff13eaa000 	C:\Program Files\Java\jdk-17.0.12\bin\jimage.dll
0x00007fff4ec30000 - 0x00007fff4ee62000 	C:\WINDOWS\SYSTEM32\DBGHELP.DLL
0x00007fff533c0000 - 0x00007fff53752000 	C:\WINDOWS\System32\combase.dll
0x00007fff52330000 - 0x00007fff52407000 	C:\WINDOWS\System32\OLEAUT32.dll
0x00007fff36770000 - 0x00007fff367a2000 	C:\WINDOWS\SYSTEM32\dbgcore.DLL
0x00007fff518f0000 - 0x00007fff5196b000 	C:\WINDOWS\System32\bcryptPrimitives.dll
0x00007fff06f80000 - 0x00007fff06fbb000 	C:\Program Files\Java\jdk-17.0.12\bin\jdwp.dll
0x00007fff06f50000 - 0x00007fff06f75000 	C:\Program Files\Java\jdk-17.0.12\bin\java.dll
0x00007ffefbd00000 - 0x00007ffefbdd7000 	C:\Program Files\Java\jdk-17.0.12\bin\jsvml.dll
0x00007fff53760000 - 0x00007fff53ff6000 	C:\WINDOWS\System32\SHELL32.dll
0x00007fff51780000 - 0x00007fff518bf000 	C:\WINDOWS\System32\wintypes.dll
0x00007fff4f1d0000 - 0x00007fff4faea000 	C:\WINDOWS\SYSTEM32\windows.storage.dll
0x00007fff52820000 - 0x00007fff5292a000 	C:\WINDOWS\System32\SHCORE.dll
0x00007fff52ca0000 - 0x00007fff52d03000 	C:\WINDOWS\System32\shlwapi.dll
0x00007fff51230000 - 0x00007fff5125b000 	C:\WINDOWS\SYSTEM32\profapi.dll
0x00007fff13e90000 - 0x00007fff13e9c000 	C:\Program Files\Java\jdk-17.0.12\bin\dt_socket.dll
0x00007fff4fd50000 - 0x00007fff4fd7d000 	C:\WINDOWS\SYSTEM32\IPHLPAPI.DLL
0x00007fff50850000 - 0x00007fff508ba000 	C:\WINDOWS\system32\mswsock.dll
0x00007fff4fdc0000 - 0x00007fff4fec2000 	C:\WINDOWS\SYSTEM32\DNSAPI.dll
0x00007fff52700000 - 0x00007fff52709000 	C:\WINDOWS\System32\NSI.dll
0x00007fff3f0c0000 - 0x00007fff3f0ca000 	C:\Windows\System32\rasadhlp.dll
0x00007fff4a2b0000 - 0x00007fff4a333000 	C:\WINDOWS\System32\fwpuclnt.dll
0x00007fff12900000 - 0x00007fff12919000 	C:\Program Files\Java\jdk-17.0.12\bin\net.dll
0x00007fff4cb30000 - 0x00007fff4cc5c000 	C:\WINDOWS\SYSTEM32\WINHTTP.dll
0x00007fff0de80000 - 0x00007fff0de96000 	C:\Program Files\Java\jdk-17.0.12\bin\nio.dll
0x00007fff07530000 - 0x00007fff07548000 	C:\Program Files\Java\jdk-17.0.12\bin\zip.dll
0x00007fff13e80000 - 0x00007fff13e8a000 	C:\Program Files\Java\jdk-17.0.12\bin\management.dll
0x00007fff128e0000 - 0x00007fff128eb000 	C:\Program Files\Java\jdk-17.0.12\bin\management_ext.dll
0x00007fff2e2b0000 - 0x00007fff2e2c7000 	C:\WINDOWS\system32\napinsp.dll
0x00007fff2e290000 - 0x00007fff2e2ab000 	C:\WINDOWS\system32\pnrpnsp.dll
0x00007fff2e260000 - 0x00007fff2e271000 	C:\WINDOWS\System32\winrnr.dll
0x00007fff2e240000 - 0x00007fff2e255000 	C:\WINDOWS\system32\wshbth.dll
0x00007fff2e210000 - 0x00007fff2e237000 	C:\WINDOWS\system32\nlansp_c.dll
0x00007fff50a80000 - 0x00007fff50a9b000 	C:\WINDOWS\SYSTEM32\CRYPTSP.dll
0x00007fff50250000 - 0x00007fff50287000 	C:\WINDOWS\system32\rsaenh.dll
0x00007fff50900000 - 0x00007fff50928000 	C:\WINDOWS\SYSTEM32\USERENV.dll
0x00007fff50aa0000 - 0x00007fff50aac000 	C:\WINDOWS\SYSTEM32\CRYPTBASE.dll
0x00007fff4cde0000 - 0x00007fff4cdf9000 	C:\WINDOWS\SYSTEM32\dhcpcsvc6.DLL
0x00007fff4cb10000 - 0x00007fff4cb2f000 	C:\WINDOWS\SYSTEM32\dhcpcsvc.DLL
0x00007fff106f0000 - 0x00007fff106fe000 	C:\Program Files\Java\jdk-17.0.12\bin\sunmscapi.dll
0x00007fff51b80000 - 0x00007fff51ce7000 	C:\WINDOWS\System32\CRYPT32.dll
0x00007fff50c90000 - 0x00007fff50cbd000 	C:\WINDOWS\SYSTEM32\ncrypt.dll
0x00007fff50c50000 - 0x00007fff50c87000 	C:\WINDOWS\SYSTEM32\NTASN1.dll
0x00007fff0ec20000 - 0x00007fff0ec30000 	C:\Program Files\Java\jdk-17.0.12\bin\verify.dll

dbghelp: loaded successfully - version: 4.0.5 - missing functions: none
symbol engine: initialized successfully - sym options: 0x614 - pdb path: .;C:\Program Files\Java\jdk-17.0.12\bin;C:\WINDOWS\SYSTEM32;C:\WINDOWS\WinSxS\amd64_microsoft.windows.common-controls_6595b64144ccf1df_6.0.22621.5124_none_270e8f4f7386d69d;C:\Program Files\Java\jdk-17.0.12\bin\server

VM Arguments:
jvm_args: -agentlib:jdwp=transport=dt_socket,server=n,suspend=y,address=localhost:56495 -XX:+ShowCodeDetailsInExceptionMessages -Dspring.jmx.enabled=true -Dmanagement.endpoints.jmx.exposure.include=* -Dspring.application.admin.enabled=true -Dspring.boot.project.name=thuexe -Djava.rmi.server.hostname=localhost -Dcom.sun.management.jmxremote.port=45556 -Dcom.sun.management.jmxremote.authenticate=false -Dcom.sun.management.jmxremote.ssl=false 
java_command: com.hcmute.thuexe.ThueXeApplication
java_class_path (initial): F:\22110372_DoPhuLuan\nam3\hkII\LapTrinhDiDong\ThueXeAPI\thuexe\target\classes;C:\Users\ADMIN\.m2\repository\org\springframework\boot\spring-boot-starter-actuator\3.4.4\spring-boot-starter-actuator-3.4.4.jar;C:\Users\ADMIN\.m2\repository\org\springframework\boot\spring-boot-starter\3.4.4\spring-boot-starter-3.4.4.jar;C:\Users\ADMIN\.m2\repository\org\springframework\boot\spring-boot-starter-logging\3.4.4\spring-boot-starter-logging-3.4.4.jar;C:\Users\ADMIN\.m2\repository\ch\qos\logback\logback-classic\1.5.18\logback-classic-1.5.18.jar;C:\Users\ADMIN\.m2\repository\ch\qos\logback\logback-core\1.5.18\logback-core-1.5.18.jar;C:\Users\ADMIN\.m2\repository\org\apache\logging\log4j\log4j-to-slf4j\2.24.3\log4j-to-slf4j-2.24.3.jar;C:\Users\ADMIN\.m2\repository\org\apache\logging\log4j\log4j-api\2.24.3\log4j-api-2.24.3.jar;C:\Users\ADMIN\.m2\repository\org\slf4j\jul-to-slf4j\2.0.17\jul-to-slf4j-2.0.17.jar;C:\Users\ADMIN\.m2\repository\jakarta\annotation\jakarta.annotation-api\2.1.1\jakarta.annotation-api-2.1.1.jar;C:\Users\ADMIN\.m2\repository\org\yaml\snakeyaml\2.3\snakeyaml-2.3.jar;C:\Users\ADMIN\.m2\repository\org\springframework\boot\spring-boot-actuator-autoconfigure\3.4.4\spring-boot-actuator-autoconfigure-3.4.4.jar;C:\Users\ADMIN\.m2\repository\org\springframework\boot\spring-boot-actuator\3.4.4\spring-boot-actuator-3.4.4.jar;C:\Users\ADMIN\.m2\repository\com\fasterxml\jackson\datatype\jackson-datatype-jsr310\2.18.3\jackson-datatype-jsr310-2.18.3.jar;C:\Users\ADMIN\.m2\repository\io\micrometer\micrometer-observation\1.14.5\micrometer-observation-1.14.5.jar;C:\Users\ADMIN\.m2\repository\io\micrometer\micrometer-commons\1.14.5\micrometer-commons-1.14.5.jar;C:\Users\ADMIN\.m2\repository\io\micrometer\micrometer-jakarta9\1.14.5\micrometer-jakarta9-1.14.5.jar;C:\Users\ADMIN\.m2\repository\io\micrometer\micrometer-core\1.14.5\micrometer-core-1.14.5.jar;C:\Users\ADMIN\.m2\repository\org\hdrhistogram\HdrHistogram\2.2.2\HdrHistogram-2.2.2.jar;C:\Us
Launcher Type: SUN_STANDARD

[Global flags]
     intx CICompilerCount                          = 4                                         {product} {ergonomic}
     uint ConcGCThreads                            = 2                                         {product} {ergonomic}
     uint G1ConcRefinementThreads                  = 8                                         {product} {ergonomic}
   size_t G1HeapRegionSize                         = 2097152                                   {product} {ergonomic}
    uintx GCDrainStackTargetSize                   = 64                                        {product} {ergonomic}
   size_t InitialHeapSize                          = 199229440                                 {product} {ergonomic}
     bool ManagementServer                         = true                                      {product} {command line}
   size_t MarkStackSize                            = 4194304                                   {product} {ergonomic}
   size_t MaxHeapSize                              = 3160408064                                {product} {ergonomic}
   size_t MaxNewSize                               = 1895825408                                {product} {ergonomic}
   size_t MinHeapDeltaBytes                        = 2097152                                   {product} {ergonomic}
   size_t MinHeapSize                              = 8388608                                   {product} {ergonomic}
    uintx NonNMethodCodeHeapSize                   = 5839372                                {pd product} {ergonomic}
    uintx NonProfiledCodeHeapSize                  = 122909434                              {pd product} {ergonomic}
    uintx ProfiledCodeHeapSize                     = 122909434                              {pd product} {ergonomic}
    uintx ReservedCodeCacheSize                    = 251658240                              {pd product} {ergonomic}
     bool SegmentedCodeCache                       = true                                      {product} {ergonomic}
     bool ShowCodeDetailsInExceptionMessages       = true                                   {manageable} {command line}
   size_t SoftMaxHeapSize                          = 3160408064                             {manageable} {ergonomic}
     bool UseCompressedClassPointers               = true                           {product lp64_product} {ergonomic}
     bool UseCompressedOops                        = true                           {product lp64_product} {ergonomic}
     bool UseG1GC                                  = true                                      {product} {ergonomic}
     bool UseLargePagesIndividualAllocation        = false                                  {pd product} {ergonomic}

Logging:
Log output configuration:
 #0: stdout all=warning uptime,level,tags
 #1: stderr all=off uptime,level,tags

Environment Variables:
JAVA_HOME=C:\Program Files\Java\jdk-23.0.2
PATH=C:\Program Files\Java\jdk-23.0.2\bin;C:\Program Files\Java\jdk-17.0.12\bin;C:\Program Files\Common Files\Oracle\Java\javapath;C:\Program Files (x86)\Common Files\Oracle\Java\javapath;C:\WINDOWS\system32;C:\WINDOWS;C:\WINDOWS\System32\Wbem;C:\WINDOWS\System32\WindowsPowerShell\v1.0\;C:\WINDOWS\System32\OpenSSH\;C:\Program Files\Microsoft SQL Server\150\Tools\Binn\;C:\Program Files\Microsoft SQL Server\Client SDK\ODBC\170\Tools\Binn\;C:\Program Files\dotnet\;C:\Program Files (x86)\Microsoft SQL Server\150\Tools\Binn\;C:\Program Files\Microsoft SQL Server\150\DTS\Binn\;C:\Program Files (x86)\Microsoft SQL Server\160\DTS\Binn\;C:\Program Files\Git\cmd;C:\Program Files\TortoiseGit\bin;C:\maven\apache-maven-3.9.9\bin;C:\Users\ADMIN\AppData\Local\Programs\Python\Python310\Scripts;C:\Users\ADMIN\AppData\Local\Programs\Python\Python310\;C:\Users\ADMIN\AppData\Local\Programs\Python\Python310\Scripts\;C:\Users\ADMIN\AppData\Local\Programs\Python\Python310\;C:\Program Files\Java\jdk-23.0.2\bin;C:\Program Files\Java\jdk-17.0.12\bin;C:\Program Files\Common Files\Oracle\Java\javapath;C:\Program Files (x86)\Common Files\Oracle\Java\javapath;C:\WINDOWS\system32;C:\WINDOWS;C:\WINDOWS\System32\Wbem;C:\WINDOWS\System32\WindowsPowerShell\v1.0\;C:\WINDOWS\System32\OpenSSH\;C:\Program Files\Microsoft SQL Server\150\Tools\Binn\;C:\Program Files\Microsoft SQL Server\Client SDK\ODBC\170\Tools\Binn\;C:\Program Files\dotnet\;C:\Program Files (x86)\Microsoft SQL Server\150\Tools\Binn\;C:\Program Files\Microsoft SQL Server\150\DTS\Binn\;C:\Program Files (x86)\Microsoft SQL Server\160\DTS\Binn\;C:\Program Files\Git\cmd;C:\Program Files\TortoiseGit\bin;C:\maven\apache-maven-3.9.9\bin;C:\Users\ADMIN\AppData\Local\Programs\Python\Python310\Scripts;C:\Users\ADMIN\AppData\Local\Programs\Python\Python310\;;C:\Program Files\Graphviz\bin;C:\Users\ADMIN\AppData\Local\Programs\Microsoft VS Code\bin;C:\Program Files\Mozilla Firefox;C:\Users\ADMIN\AppData\Roaming\Python\Python313\Scripts;
USERNAME=ADMIN
LANG=en_US.UTF-8
OS=Windows_NT
PROCESSOR_IDENTIFIER=Intel64 Family 6 Model 126 Stepping 5, GenuineIntel



---------------  S Y S T E M  ---------------

OS:
 Windows 11 , 64 bit Build 22621 (10.0.22621.5124)
OS uptime: 0 days 4:43 hours
Hyper-V role detected

CPU: total 8 (initial active 8) (4 cores per cpu, 2 threads per core) family 6 model 126 stepping 5 microcode 0xbc, cx8, cmov, fxsr, ht, mmx, 3dnowpref, sse, sse2, sse3, ssse3, sse4.1, sse4.2, popcnt, lzcnt, tsc, tscinvbit, avx, avx2, aes, erms, clmul, bmi1, bmi2, adx, avx512f, avx512dq, avx512cd, avx512bw, avx512vl, sha, fma, vzeroupper, avx512_vpopcntdq, avx512_vpclmulqdq, avx512_vaes, avx512_vnni, clflush, clflushopt, avx512_vbmi2, avx512_vbmi, hv

Memory: 4k page, system-wide physical 12055M (401M free)
TotalPageFile size 20057M (AvailPageFile size 84M)
current process WorkingSet (physical memory assigned to process): 370M, peak: 370M
current process commit charge ("private bytes"): 485M, peak: 589M

vm_info: Java HotSpot(TM) 64-Bit Server VM (17.0.12+8-LTS-286) for windows-amd64 JRE (17.0.12+8-LTS-286), built on Jun  5 2024 06:46:59 by "mach5one" with MS VC++ 17.6 (VS2022)

END.
